[2015.11.26-01.26.35:095][  0]Log file open, 11/25/15 19:26:35
[2015.11.26-01.26.35:095][  0]LogInit:Display: Running engine for game: CATS
[2015.11.26-01.26.35:095][  0]LogInit:Display: RandInit(-64120424) SRandInit(-64120421).
[2015.11.26-01.26.35:095][  0]LogTaskGraph: Started task graph with 4 named threads and 5 total threads.
[2015.11.26-01.26.35:095][  0]LogStats: Stats thread started at 0.302395
[2015.11.26-01.26.35:095][  0]LogInit: Version: 4.9.1-2689999+++depot+UE4-Releases+4.9
[2015.11.26-01.26.35:095][  0]LogInit: API Version: 2672455
[2015.11.26-01.26.35:095][  0]LogInit: Compiled (64-bit): Sep 14 2015 04:12:03
[2015.11.26-01.26.35:095][  0]LogInit: Compiled with Visual C++: 18.00.21005.01
[2015.11.26-01.26.35:095][  0]LogInit: Build Configuration: Development
[2015.11.26-01.26.35:095][  0]LogInit: Branch Name: ++depot+UE4-Releases+4.9
[2015.11.26-01.26.35:095][  0]LogInit: Command line:  
[2015.11.26-01.26.35:095][  0]LogInit: Base directory: C:/Program Files/Epic Games/4.9/Engine/Binaries/Win64/
[2015.11.26-01.26.35:095][  0]LogInit: Rocket: 1
[2015.11.26-01.26.35:127][  0]LogInit: Using libcurl 7.41.0
[2015.11.26-01.26.35:127][  0]LogInit:  - built for x86_64-pc-win32
[2015.11.26-01.26.35:127][  0]LogInit:  - supports SSL with WinSSL
[2015.11.26-01.26.35:127][  0]LogInit:  - other features:
[2015.11.26-01.26.35:127][  0]LogInit:      CURL_VERSION_SSL
[2015.11.26-01.26.35:127][  0]LogInit:      CURL_VERSION_IPV6
[2015.11.26-01.26.35:127][  0]LogInit:      CURL_VERSION_ASYNCHDNS
[2015.11.26-01.26.35:127][  0]LogInit:      CURL_VERSION_LARGEFILE
[2015.11.26-01.26.35:127][  0]LogInit:      CURL_VERSION_IDN
[2015.11.26-01.26.35:127][  0]LogInit:  CurlRequestOptions (configurable via config and command line):
[2015.11.26-01.26.35:127][  0]LogInit:  - bVerifyPeer = true  - Libcurl will verify peer certificate
[2015.11.26-01.26.35:127][  0]LogInit:  - bUseHttpProxy = false  - Libcurl will NOT use HTTP proxy
[2015.11.26-01.26.35:127][  0]LogInit:  - bDontReuseConnections = false  - Libcurl will reuse connections
[2015.11.26-01.26.35:127][  0]LogInit:  - CertBundlePath = nullptr  - Libcurl will use whatever was configured at build time.
[2015.11.26-01.26.35:142][  0]LogInit: Presizing for 0 objects not considered by GC, pre-allocating 0 bytes.
[2015.11.26-01.26.35:158][  0]LogInit: Object subsystem initialized
[2015.11.26-01.26.35:158][  0]LogInit: Selected Device Profile: [Windows]
[2015.11.26-01.26.35:158][  0]LogInit: Applying CVar settings loaded from the selected device profile: [Windows]
[2015.11.26-01.26.35:179][  0]LogInit: Computer: AGISE
[2015.11.26-01.26.35:179][  0]LogInit: User: Edosiho
[2015.11.26-01.26.35:179][  0]LogInit: CPU Page size=4096, Cores=2
[2015.11.26-01.26.35:179][  0]LogInit: High frequency timer resolution =2.208009 MHz
[2015.11.26-01.26.35:179][  0]LogMemory: Memory total: Physical=6.0GB (6GB approx)
[2015.11.26-01.26.35:179][  0]LogMemory: Platform Memory Stats for Windows
[2015.11.26-01.26.35:179][  0]LogMemory: Process Physical Memory: 56.14 MB used, 56.14 MB peak
[2015.11.26-01.26.35:179][  0]LogMemory: Process Virtual Memory: 56.94 MB used, 56.94 MB peak
[2015.11.26-01.26.35:179][  0]LogMemory: Physical Memory: 1232.76 MB used, 6131.91 MB total
[2015.11.26-01.26.35:179][  0]LogMemory: Virtual Memory: 354.71 MB used, 134217728.00 MB total
[2015.11.26-01.26.36:649][  0]LogD3D11RHI: Found D3D11 adapter 0: NVIDIA Quadro FX 770M (Feature Level 10_0)
[2015.11.26-01.26.36:649][  0]LogD3D11RHI: Adapter has 483MB of dedicated video memory, 0MB of dedicated system memory, and 3065MB of shared system memory, 1 output[s]
[2015.11.26-01.26.36:654][  0]LogD3D11RHI: Found D3D11 adapter 1: Microsoft Basic Render Driver (Feature Level 11_0)
[2015.11.26-01.26.36:654][  0]LogD3D11RHI: Adapter has 0MB of dedicated video memory, 0MB of dedicated system memory, and 256MB of shared system memory, 0 output[s]
[2015.11.26-01.26.36:654][  0]LogD3D11RHI: Chosen D3D11 Adapter Id = 0
[2015.11.26-01.26.36:661][  0]LogD3D11RHI: !Direct3DDevice
[2015.11.26-01.26.36:661][  0]LogRHI: Texture pool is 338 MB (70% of 483 MB)
[2015.11.26-01.26.36:685][  0]LogD3D11RHI: Async texture creation enabled
[2015.11.26-01.26.36:710][  0]LogShaderCompilers: Guid format shader working directory is 15 characters bigger than the processId version (../../../../../../Users/Edosiho/Documents/GitHub/C.A.T.S/CATS/Intermediate/Shaders/WorkingDirectory/3904/).
[2015.11.26-01.26.36:711][  0]LogShaderCompilers: Cleaned the shader compiler working directory '../../../../../../Users/Edosiho/Documents/GitHub/C.A.T.S/CATS/Intermediate/Shaders/tmp/8517638A488A46C220A941A8ED84B61A/'.
[2015.11.26-01.26.36:711][  0]LogShaderCompilers:Display: Using Local Shader Compiler.
[2015.11.26-01.26.39:475][  0]LogTemp:Display: Loaded TP AllDesktopTargetPlatform
[2015.11.26-01.26.39:489][  0]LogTemp:Display: Loaded TP WindowsClientTargetPlatform
[2015.11.26-01.26.39:506][  0]LogTemp:Display: Loaded TP WindowsNoEditorTargetPlatform
[2015.11.26-01.26.39:520][  0]LogTemp:Display: Loaded TP WindowsServerTargetPlatform
[2015.11.26-01.26.39:534][  0]LogTemp:Display: Loaded TP WindowsTargetPlatform
[2015.11.26-01.26.39:545][  0]LogTemp:Display: Loaded TP AndroidTargetPlatform
[2015.11.26-01.26.39:555][  0]LogTemp:Display: Loaded TP Android_ASTCTargetPlatform
[2015.11.26-01.26.39:565][  0]LogTemp:Display: Loaded TP Android_ATCTargetPlatform
[2015.11.26-01.26.39:575][  0]LogTemp:Display: Loaded TP Android_DXTTargetPlatform
[2015.11.26-01.26.39:585][  0]LogTemp:Display: Loaded TP Android_ETC1TargetPlatform
[2015.11.26-01.26.39:595][  0]LogTemp:Display: Loaded TP Android_ETC2TargetPlatform
[2015.11.26-01.26.39:605][  0]LogTemp:Display: Loaded TP Android_PVRTCTargetPlatform
[2015.11.26-01.26.39:609][  0]LogTemp:Display: Loaded TP HTML5TargetPlatform
[2015.11.26-01.26.39:639][  0]LogTemp:Display: Loaded TP IOSTargetPlatform
[2015.11.26-01.26.39:649][  0]LogTemp:Display: Loaded TP LinuxNoEditorTargetPlatform
[2015.11.26-01.26.39:661][  0]LogTemp:Display: Loaded TP LinuxServerTargetPlatform
[2015.11.26-01.26.39:673][  0]LogTemp:Display: Loaded TP LinuxTargetPlatform
[2015.11.26-01.26.39:673][  0]LogTargetPlatformManager:Display: Building Assets For Windows
[2015.11.26-01.26.39:905][  0]LogDerivedDataCache:Display: Max Cache Size: 512 MB
[2015.11.26-01.26.40:764][  0]LogDerivedDataCache: Loaded boot cache 0.86s 36MB C:/Users/Edosiho/AppData/Local/UnrealEngine/4.9/DerivedDataCache/Boot.ddc.
[2015.11.26-01.26.40:764][  0]LogDerivedDataCache:Display: Loaded Boot cache: C:/Users/Edosiho/AppData/Local/UnrealEngine/4.9/DerivedDataCache/Boot.ddc
[2015.11.26-01.26.40:764][  0]LogDerivedDataCache: FDerivedDataBackendGraph:  Pak pak cache file ../../../../../../Users/Edosiho/Documents/GitHub/C.A.T.S/CATS/DerivedDataCache/DDC.ddp not found, will not use a pak cache.
[2015.11.26-01.26.40:764][  0]LogDerivedDataCache: Unable to find inner node Pak for hierarchical cache Hierarchy.
[2015.11.26-01.26.40:765][  0]LogDerivedDataCache: FDerivedDataBackendGraph:  CompressedPak pak cache file ../../../../../../Users/Edosiho/Documents/GitHub/C.A.T.S/CATS/DerivedDataCache/Compressed.ddp not found, will not use a pak cache.
[2015.11.26-01.26.40:765][  0]LogDerivedDataCache: Unable to find inner node CompressedPak for hierarchical cache Hierarchy.
[2015.11.26-01.26.41:054][  0]LogDerivedDataCache:Display: Pak cache opened for reading ../../../Engine/DerivedDataCache/Compressed.ddp.
[2015.11.26-01.26.41:068][  0]LogDerivedDataCache: Using Local data cache path C:/Users/Edosiho/AppData/Local/UnrealEngine/Common/DerivedDataCache: Writable
[2015.11.26-01.26.41:985][  0]LogInit: Selected Device Profile: [Windows]
[2015.11.26-01.26.41:989][  0]LogContentStreaming: Texture pool size is 0.000000MB
[2015.11.26-01.26.42:222][  0]LogMeshUtilities: No automatic mesh reduction module available
[2015.11.26-01.26.42:222][  0]LogMeshUtilities: No automatic mesh merging module available
[2015.11.26-01.26.43:510][  0]LogInit: WinSock: version 1.1 (2.2), MaxSocks=32767, MaxUdp=65467
[2015.11.26-01.26.55:834][  0]LogAssetRegistry: FAssetRegistry took 0.0106 seconds to start up
[2015.11.26-01.26.55:869][  0]UdpMessaging: Initializing bridge on interface 0.0.0.0:0 to multicast group 230.0.0.1:6666.
[2015.11.26-01.26.56:669][  0]SourceControl: Info Source control is disabled
[2015.11.26-01.26.56:672][  0]SourceControl: Info Source control is disabled
[2015.11.26-01.26.56:701][  0]SourceControl: Info Source control is disabled
[2015.11.26-01.26.56:729][  0]SourceControl: Info Source control is disabled
[2015.11.26-01.26.57:236][  0]LogLinker:Warning: Asset '../../../Engine/Plugins/Runtime/LeapMotionController/Content/LM_PassthroughMaterial.uasset' has been saved with empty engine version. The asset will be loaded but may be incompatible.
[2015.11.26-01.26.57:475][  0]LogObj: 28528 objects as part of root set at end of initial load.
[2015.11.26-01.26.57:475][  0]LogUObjectAllocator: 6068456 out of 0 bytes used by permanent object pool.
[2015.11.26-01.26.57:586][  0]LogEngine: Initializing Engine...
[2015.11.26-01.26.57:591][  0]LogHMD: Can't find Oculus library dev build: is proper Runtime installed? Version: 0.7.0.0
[2015.11.26-01.26.57:595][  0]LogHMD: SteamVR failed to initialize.  Err: 110
[2015.11.26-01.26.57:819][  0]LogAIModule: Creating AISystem for world NewWorld
[2015.11.26-01.26.57:834][  0]LogInit: XAudio2 using 'Speakers (High Definition Audio Device)' : 2 channels at 44.1 kHz using 16 bits per sample (channel mask 0x3)
[2015.11.26-01.26.57:864][  0]LogInit: FAudioDevice initialized.
[2015.11.26-01.26.57:910][  0]LogDerivedDataCache: Saved boot cache 0.05s 36MB C:/Users/Edosiho/AppData/Local/UnrealEngine/4.9/DerivedDataCache/Boot.ddc.
[2015.11.26-01.26.57:928][  0]LogInit: Texture streaming: Enabled
[2015.11.26-01.26.57:945][  0]LogAnalytics: Creating configured Analytics provider AnalyticsET
[2015.11.26-01.26.57:945][  0]LogAnalytics: [UEEditor.Rocket.Release] APIServer = http://et2.epicgames.com/ET2/. AppVersion = 4.9.1-2689999+++depot+UE4-Releases+4.9
[2015.11.26-01.26.57:945][  0]LogAnalytics: [UEEditor.Rocket.Release] SetUserId a3ecda3c4d50cd275ecf7497f12b4d14|e806c5a3e75b4a14b122359eb3b7e1a6|4fbddb0b-eeea-41a9-880e-03c25a996dc0
[2015.11.26-01.26.57:945][  0]LogAnalytics: [UEEditor.Rocket.Release] AnalyticsET::StartSession
[2015.11.26-01.26.58:319][  0]LogInit: Transaction tracking system initialized
[2015.11.26-01.26.58:422][  0]BlueprintLog: New page: Editor Load
[2015.11.26-01.26.58:804][  0]LocalizationService: Info Localization service is disabled
[2015.11.26-01.27.00:570][  0]LogConsoleResponse:Display: 
[2015.11.26-01.27.01:831][  0]LogCook:Display: Done creating registry. It took  0.00s.
[2015.11.26-01.27.02:145][  0]LogFileCache: Scanning file cache for directory 'C:/Users/Edosiho/Documents/GitHub/C.A.T.S/CATS/Content/' took 0.04s
[2015.11.26-01.27.02:145][  0]SourceControl: Info Source control is disabled
[2015.11.26-01.27.02:176][  0]Cmd: MAP LOAD FILE="../../../../../../Users/Edosiho/Documents/GitHub/C.A.T.S/CATS/Content/ThirdPersonBP/Maps/ThirdPersonExampleMap.umap" TEMPLATE=0 SHOWPROGRESS=1 FEATURELEVEL=2
[2015.11.26-01.27.02:305][  0]LightingResults: New page: Lighting Build
[2015.11.26-01.27.02:464][  0]MapCheck: New page: Map Check
[2015.11.26-01.27.02:464][  0]LightingResults: New page: Lighting Build
[2015.11.26-01.27.02:539][  0]LogParticles: Destroying 0 GPU particle simulations for FXSystem 0x000000957F16A160
[2015.11.26-01.27.09:889][  0]LogAIModule: Creating AISystem for world ThirdPersonExampleMap
[2015.11.26-01.27.09:917][  0]LogEditorServer: Finished looking for orphan Actors (0.000 secs)
[2015.11.26-01.27.09:919][  0]Cmd: MAP CHECKDEP NOCLEARLOG
[2015.11.26-01.27.10:102][  0]MapCheck: Info Map check complete: 0 Error(s), 0 Warning(s), took 182.971ms to complete.
[2015.11.26-01.27.10:102][  0]LogFileHelpers: Loading map 'ThirdPersonExampleMap' took 7.926
[2015.11.26-01.27.10:415][  0]LogCollectionManager: Loaded 0 collections in 0.004338 seconds
[2015.11.26-01.27.10:466][  0]LogFileCache: Scanning file cache for directory 'C:/Users/Edosiho/Documents/GitHub/C.A.T.S/CATS/Saved/Collections/' took 0.01s
[2015.11.26-01.27.10:466][  0]LogFileCache: Scanning file cache for directory 'C:/Users/Edosiho/Documents/GitHub/C.A.T.S/CATS/Content/Developers/Edosiho/Collections/' took 0.01s
[2015.11.26-01.27.10:466][  0]LogFileCache: Scanning file cache for directory 'C:/Users/Edosiho/Documents/GitHub/C.A.T.S/CATS/Content/Collections/' took 0.01s
[2015.11.26-01.27.10:466][  0]LogContentBrowser: Native class hierarchy populated in 0.0140 seconds. Added 1882 classes and 339 folders.
[2015.11.26-01.27.10:474][  0]LogCollectionManager: Rebuilt the GUID cache for 0 collections in 0.000005 seconds
[2015.11.26-01.27.10:486][  0]LogContentBrowser: Native class hierarchy updated for 'WidgetCarousel' in 0.0007 seconds. Added 0 classes and 0 folders.
[2015.11.26-01.27.12:668][  0]LogContentBrowser: Native class hierarchy updated for 'AddContentDialog' in 0.0017 seconds. Added 0 classes and 0 folders.
[2015.11.26-01.27.12:695][  0]LogContentBrowser: Native class hierarchy updated for 'SceneOutliner' in 0.0017 seconds. Added 1 classes and 2 folders.
[2015.11.26-01.27.12:914][  0]LogCrashTracker: Crashtracker disabled due to settings.
[2015.11.26-01.27.12:922][  0]LogUObjectGlobals:Warning: Failed to find object 'Class None.'
[2015.11.26-01.27.12:945][  0]LogLoad: Full Startup: 39.17 seconds (BP compile: 0.99 seconds)
[2015.11.26-01.27.13:040][  0]LogContentStreaming: Texture pool size now 700 MB
[2015.11.26-01.27.13:283][  0]LogRenderer: Reallocating scene render targets to support 828x368 (Frame:2).
[2015.11.26-01.27.16:000][ 13]LogAssetRegistry: Asset discovery search completed in 20.1759 seconds
[2015.11.26-01.27.16:000][ 13]LogCollectionManager: Rebuilt the object cache for 0 collections in 0.000003 seconds (found 0 objects)
[2015.11.26-01.27.16:000][ 13]LogCollectionManager: Fixed up redirectors for 0 collections in 0.000046 seconds (updated 0 objects)
[2015.11.26-01.27.19:839][213]LogLinker:Warning: Asset '../../../Engine/Content/ArtTools/RenderToTexture/Macros/RenderToTextureMacros.uasset' has been saved with empty engine version. The asset will be loaded but may be incompatible.
[2015.11.26-01.27.22:204][213]LogContentBrowser: Native class hierarchy updated for 'BlueprintGraph' in 0.0265 seconds. Added 107 classes and 0 folders.
[2015.11.26-01.27.24:625][213]LogPhysics:Warning: Initialising Body : Scale3D is (nearly) zero: Component: Gateeto_C_0.CharacterMesh0 SK_Mannequin Bone: spine_01 
[2015.11.26-01.27.24:625][213]LogPhysics:Warning: Initialising Body : Scale3D is (nearly) zero: Component: Gateeto_C_0.CharacterMesh0 SK_Mannequin Bone: spine_02 
[2015.11.26-01.27.24:625][213]LogPhysics:Warning: Initialising Body : Scale3D is (nearly) zero: Component: Gateeto_C_0.CharacterMesh0 SK_Mannequin Bone: pelvis 
[2015.11.26-01.27.24:625][213]LogPhysics:Warning: Initialising Body : Scale3D is (nearly) zero: Component: Gateeto_C_0.CharacterMesh0 SK_Mannequin Bone: thigh_l 
[2015.11.26-01.27.24:626][213]LogPhysics:Warning: Initialising Body : Scale3D is (nearly) zero: Component: Gateeto_C_0.CharacterMesh0 SK_Mannequin Bone: calf_l 
[2015.11.26-01.27.24:626][213]LogPhysics:Warning: Initialising Body : Scale3D is (nearly) zero: Component: Gateeto_C_0.CharacterMesh0 SK_Mannequin Bone: foot_l 
[2015.11.26-01.27.24:626][213]LogPhysics:Warning: Initialising Body : Scale3D is (nearly) zero: Component: Gateeto_C_0.CharacterMesh0 SK_Mannequin Bone: thigh_r 
[2015.11.26-01.27.24:626][213]LogPhysics:Warning: Initialising Body : Scale3D is (nearly) zero: Component: Gateeto_C_0.CharacterMesh0 SK_Mannequin Bone: calf_r 
[2015.11.26-01.27.24:626][213]LogPhysics:Warning: Initialising Body : Scale3D is (nearly) zero: Component: Gateeto_C_0.CharacterMesh0 SK_Mannequin Bone: foot_r 
[2015.11.26-01.27.24:626][213]LogPhysics:Warning: Initialising Body : Scale3D is (nearly) zero: Component: Gateeto_C_0.CharacterMesh0 SK_Mannequin Bone: upperarm_r 
[2015.11.26-01.27.24:626][213]LogPhysics:Warning: Initialising Body : Scale3D is (nearly) zero: Component: Gateeto_C_0.CharacterMesh0 SK_Mannequin Bone: lowerarm_r 
[2015.11.26-01.27.24:626][213]LogPhysics:Warning: Initialising Body : Scale3D is (nearly) zero: Component: Gateeto_C_0.CharacterMesh0 SK_Mannequin Bone: hand_r 
[2015.11.26-01.27.24:626][213]LogPhysics:Warning: Initialising Body : Scale3D is (nearly) zero: Component: Gateeto_C_0.CharacterMesh0 SK_Mannequin Bone: upperarm_l 
[2015.11.26-01.27.24:626][213]LogPhysics:Warning: Initialising Body : Scale3D is (nearly) zero: Component: Gateeto_C_0.CharacterMesh0 SK_Mannequin Bone: lowerarm_l 
[2015.11.26-01.27.24:626][213]LogPhysics:Warning: Initialising Body : Scale3D is (nearly) zero: Component: Gateeto_C_0.CharacterMesh0 SK_Mannequin Bone: hand_l 
[2015.11.26-01.27.24:626][213]LogPhysics:Warning: Initialising Body : Scale3D is (nearly) zero: Component: Gateeto_C_0.CharacterMesh0 SK_Mannequin Bone: neck_01 
[2015.11.26-01.27.24:626][213]LogPhysics:Warning: Initialising Body : Scale3D is (nearly) zero: Component: Gateeto_C_0.CharacterMesh0 SK_Mannequin Bone: head 
[2015.11.26-01.27.24:626][213]LogPhysics:Warning: Initialising Body : Scale3D is (nearly) zero: Component: Gateeto_C_0.CharacterMesh0 SK_Mannequin Bone: ball_r 
[2015.11.26-01.27.24:626][213]LogPhysics:Warning: Initialising Body : Scale3D is (nearly) zero: Component: Gateeto_C_0.CharacterMesh0 SK_Mannequin Bone: ball_l 
[2015.11.26-01.27.35:368][705]LogBlueprint:Warning: [catsmejorado] CreatePinForVariable: 'BolaAtras' variable not found. Base class was probably changed.
[2015.11.26-01.27.35:372][705]LogBlueprint:Warning: [compiler catsmejorado] Warning Could not find a variable named "BolaAtras" in 'Gateeto_C'.
Make sure 'Gateeto_C' has been compiled for  Get BolaAtras 
[2015.11.26-01.27.35:373][705]LogBlueprint:Warning: [compiler catsmejorado] Warning [0061.60] Compile of catsmejorado successful, but with 1 Warning(s) [in 3 ms]
[2015.11.26-01.27.35:373][705]LogBlueprint:Warning: [compiler catsmejorado] Warning [0061.60] Compile of catsmejorado successful, but with 2 Warning(s) [in 0 ms]
[2015.11.26-01.27.35:373][705]LogBlueprint:Warning: [compiler catsmejorado] Warning [0061.60] Compile of catsmejorado successful, but with 3 Warning(s) [in 0 ms]
[2015.11.26-01.27.35:374][705]LogBlueprint:Warning: [catsmejorado] CreatePinForVariable: 'BolaAtras' variable not found. Base class was probably changed.
[2015.11.26-01.27.35:377][705]LogBlueprint:Warning: [compiler catsmejorado] Warning Could not find a variable named "BolaAtras" in 'Gateeto_C'.
Make sure 'Gateeto_C' has been compiled for  Get BolaAtras 
[2015.11.26-01.27.35:378][705]LogBlueprint:Warning: [compiler catsmejorado] Warning [0061.60] Compile of catsmejorado successful, but with 1 Warning(s) [in 3 ms]
[2015.11.26-01.27.35:378][705]LogBlueprint:Warning: [compiler catsmejorado] Warning [0061.60] Compile of catsmejorado successful, but with 2 Warning(s) [in 0 ms]
[2015.11.26-01.27.35:378][705]LogBlueprint:Warning: [compiler catsmejorado] Warning [0061.60] Compile of catsmejorado successful, but with 3 Warning(s) [in 0 ms]
[2015.11.26-01.27.39:220][705]LogAIModule: Creating AISystem for world catsmejorado
[2015.11.26-01.27.39:369][705]LogActorComponent: UnregisterComponent: (/Engine/Transient.CharMoveComp) Not registered. Aborting.
[2015.11.26-01.27.39:465][705]LogParticles: Destroying 0 GPU particle simulations for FXSystem 0x00000095137EC540
[2015.11.26-01.27.39:467][705]LogParticles: Destroying 0 GPU particle simulations for FXSystem 0x00000095178C3EC0
[2015.11.26-01.27.39:496][705]Cmd: MAP LOAD FILE="../../../../../../Users/Edosiho/Documents/GitHub/C.A.T.S/CATS/Content/Cats/catsmejorado.umap" TEMPLATE=0 SHOWPROGRESS=1 FEATURELEVEL=2
[2015.11.26-01.27.39:496][705]LightingResults: New page: Lighting Build
[2015.11.26-01.27.39:537][705]LoadErrors: New page: Loading map: catsmejorado.umap
[2015.11.26-01.27.39:538][705]MapCheck: New page: Map Check
[2015.11.26-01.27.39:538][705]LightingResults: New page: Lighting Build
[2015.11.26-01.27.39:606][705]LogParticles: Destroying 0 GPU particle simulations for FXSystem 0x000000957BAB8D60
[2015.11.26-01.27.39:624][705]LogPhysics:Warning: AddSphylsToRigidActor: [/Game/Cats/catsmejorado.catsmejorado:PersistentLevel.playground_gatito.CollisionCylinder] SphylElems[0] invalid
[2015.11.26-01.27.39:761][705]LogEditorServer: Finished looking for orphan Actors (0.000 secs)
[2015.11.26-01.27.39:847][705]Cmd: MAP CHECKDEP NOCLEARLOG
[2015.11.26-01.27.40:079][705]MapCheck: Info Map check complete: 0 Error(s), 0 Warning(s), took 231.981ms to complete.
[2015.11.26-01.27.40:081][705]LogFileHelpers: Loading map 'catsmejorado' took 0.587
[2015.11.26-01.27.49:627][831]LogMaterial: Missing cached shader map for material sillon, compiling. 
[2015.11.26-01.27.49:891][831]LogMaterial: Missing cached shader map for material sillon, compiling. 
[2015.11.26-01.27.49:916][831]LogMaterial: 0.000073 seconds spent updating 1 materials, 1 interfaces, 0 instances, 0 with static permutations.
[2015.11.26-01.27.49:944][831]LogMaterial: Missing cached shader map for material FMatExpressionPreview MaterialExpressionTextureSample_0, compiling. 
[2015.11.26-01.27.50:021][831]LogMaterial: Missing cached shader map for material FMatExpressionPreview MaterialExpressionTextureSample_11, compiling. 
[2015.11.26-01.27.57:632][ 74]LogEditorViewport: Clicking on Actor (LMB): StaticMeshActor (preuba_sillon)
[2015.11.26-01.28.59:387][257]LogMaterial: Missing cached shader map for material FMatExpressionPreview MaterialExpressionTextureSample_0, compiling. 
[2015.11.26-01.29.03:533][517]LogMaterialEditor: Saving and Compiling material sillon
[2015.11.26-01.29.05:007][517]LogMaterial: Missing cached shader map for material sillon, compiling. 
[2015.11.26-01.29.05:038][517]LogMaterial: 0.000410 seconds spent updating 1 materials, 1 interfaces, 0 instances, 0 with static permutations.
[2015.11.26-01.29.05:082][517]LogMaterial: Missing cached shader map for material sillon, compiling. 
[2015.11.26-01.29.05:188][517]LogMaterial: Missing cached shader map for material sillon, compiling. 
[2015.11.26-01.29.05:205][517]LogMaterial: 0.002069 seconds spent updating 1 materials, 1 interfaces, 0 instances, 0 with static permutations.
[2015.11.26-01.29.18:029][517]Cmd: OBJ SAVEPACKAGE PACKAGE="/Game/sillon" FILE="../../../../../../Users/Edosiho/Documents/GitHub/C.A.T.S/CATS/Content/sillon.uasset" SILENT=true
[2015.11.26-01.29.18:118][517]LogSavePackage: Save=62.837605ms
[2015.11.26-01.29.18:118][517]LogSavePackage: Moving '../../../../../../Users/Edosiho/Documents/GitHub/C.A.T.S/CATS/Saved/sillon593A3DC5462F592516DB05B353E2ED9C.tmp' to '../../../../../../Users/Edosiho/Documents/GitHub/C.A.T.S/CATS/Content/sillon.uasset'
[2015.11.26-01.29.18:127][517]LogSavePackage: Total save time: 94.236933ms
[2015.11.26-01.29.18:127][517]LogSavePackage:Warning: Finished SavePackage ../../../../../../Users/Edosiho/Documents/GitHub/C.A.T.S/CATS/Content/sillon.uasset
[2015.11.26-01.29.18:173][518]MaterialEditorStats: Info Base pass shader with static lighting: 98 instructions
[2015.11.26-01.29.18:173][518]MaterialEditorStats: Info Base pass shader with only dynamic lighting: 69 instructions
[2015.11.26-01.29.18:173][518]MaterialEditorStats: Info Vertex shader: 33 instructions
[2015.11.26-01.29.18:173][518]MaterialEditorStats: Info Texture samplers: 5/16
[2015.11.26-01.29.25:690][895]LogEditorTransaction: Undo Material Editor: Delete
[2015.11.26-01.29.25:717][895]LogMaterial: Missing cached shader map for material sillon, compiling. 
[2015.11.26-01.29.25:754][895]LogMaterial: Missing cached shader map for material FMatExpressionPreview MaterialExpressionTextureSample_0, compiling. 
[2015.11.26-01.29.55:829][328]LogMaterialEditor: Saving and Compiling material sillon
[2015.11.26-01.29.57:333][328]LogMaterial: Missing cached shader map for material sillon, compiling. 
[2015.11.26-01.29.57:334][328]LogMaterial:Warning: Failed to compile Material /Engine/Transient.sillon for platform PCD3D_SM4, Default Material will be used in game.
[2015.11.26-01.29.57:334][328]LogMaterial:Warning: 	(Node TextureCoordinate) Only 8 texture coordinate sets can be used by this feature level, currently using 9
[2015.11.26-01.29.57:334][328]LogMaterial: 0.000087 seconds spent updating 1 materials, 1 interfaces, 0 instances, 0 with static permutations.
[2015.11.26-01.29.57:387][328]LogMaterial: Missing cached shader map for material sillon, compiling. 
[2015.11.26-01.29.57:388][328]LogMaterial:Warning: Failed to compile Material /Game/sillon.sillon for platform PCD3D_SM4, Default Material will be used in game.
[2015.11.26-01.29.57:388][328]LogMaterial:Warning: 	(Node TextureCoordinate) Only 8 texture coordinate sets can be used by this feature level, currently using 9
[2015.11.26-01.29.57:391][328]LogMaterial: Missing cached shader map for material sillon, compiling. 
[2015.11.26-01.29.57:392][328]LogMaterial:Warning: Failed to compile Material /Game/sillon.sillon for platform PCD3D_SM4, Default Material will be used in game.
[2015.11.26-01.29.57:392][328]LogMaterial:Warning: 	(Node TextureCoordinate) Only 8 texture coordinate sets can be used by this feature level, currently using 9
[2015.11.26-01.29.57:394][328]LogMaterial: 0.001710 seconds spent updating 1 materials, 1 interfaces, 0 instances, 0 with static permutations.
[2015.11.26-01.29.58:137][328]Cmd: OBJ SAVEPACKAGE PACKAGE="/Game/sillon" FILE="../../../../../../Users/Edosiho/Documents/GitHub/C.A.T.S/CATS/Content/sillon.uasset" SILENT=true
[2015.11.26-01.29.58:183][328]LogSavePackage: Save=24.054251ms
[2015.11.26-01.29.58:183][328]LogSavePackage: Moving '../../../../../../Users/Edosiho/Documents/GitHub/C.A.T.S/CATS/Saved/sillon8230BB44404B0F8A84CBF6A302BC3C8D.tmp' to '../../../../../../Users/Edosiho/Documents/GitHub/C.A.T.S/CATS/Content/sillon.uasset'
[2015.11.26-01.29.58:192][328]LogSavePackage: Total save time: 52.148789ms
[2015.11.26-01.29.58:192][328]LogSavePackage:Warning: Finished SavePackage ../../../../../../Users/Edosiho/Documents/GitHub/C.A.T.S/CATS/Content/sillon.uasset
[2015.11.26-01.29.58:214][329]MaterialEditorStats:Error: Error [SM4] (Node TextureCoordinate) Only 8 texture coordinate sets can be used by this feature level, currently using 9
[2015.11.26-01.30.11:356][903]LogMaterialEditor: Saving and Compiling material sillon
[2015.11.26-01.30.13:851][903]Cmd: OBJ SAVEPACKAGE PACKAGE="/Game/sillon" FILE="../../../../../../Users/Edosiho/Documents/GitHub/C.A.T.S/CATS/Content/sillon.uasset" SILENT=true
[2015.11.26-01.30.13:882][903]LogSavePackage: Save=6.854592ms
[2015.11.26-01.30.13:882][903]LogSavePackage: Moving '../../../../../../Users/Edosiho/Documents/GitHub/C.A.T.S/CATS/Saved/sillon4A48B2934BF2CEA83E7ED4ADDA8E8D4A.tmp' to '../../../../../../Users/Edosiho/Documents/GitHub/C.A.T.S/CATS/Content/sillon.uasset'
[2015.11.26-01.30.13:895][903]LogSavePackage: Total save time: 40.615324ms
[2015.11.26-01.30.13:895][903]LogSavePackage:Warning: Finished SavePackage ../../../../../../Users/Edosiho/Documents/GitHub/C.A.T.S/CATS/Content/sillon.uasset
[2015.11.26-01.30.28:280][559]LogMaterialEditor: Saving and Compiling material sillon
[2015.11.26-01.30.31:485][559]Cmd: OBJ SAVEPACKAGE PACKAGE="/Game/sillon" FILE="../../../../../../Users/Edosiho/Documents/GitHub/C.A.T.S/CATS/Content/sillon.uasset" SILENT=true
[2015.11.26-01.30.31:515][559]LogSavePackage: Save=6.275337ms
[2015.11.26-01.30.31:515][559]LogSavePackage: Moving '../../../../../../Users/Edosiho/Documents/GitHub/C.A.T.S/CATS/Saved/sillon6FB3E8C04168E98A3C799EB99A5F5D55.tmp' to '../../../../../../Users/Edosiho/Documents/GitHub/C.A.T.S/CATS/Content/sillon.uasset'
[2015.11.26-01.30.31:525][559]LogSavePackage: Total save time: 36.781553ms
[2015.11.26-01.30.31:525][559]LogSavePackage:Warning: Finished SavePackage ../../../../../../Users/Edosiho/Documents/GitHub/C.A.T.S/CATS/Content/sillon.uasset
[2015.11.26-01.30.50:207][417]LogMaterialEditor: Saving and Compiling material sillon
[2015.11.26-01.30.53:724][417]LogMaterial: Missing cached shader map for material sillon, compiling. 
[2015.11.26-01.30.53:756][417]LogMaterial: 0.000147 seconds spent updating 1 materials, 1 interfaces, 0 instances, 0 with static permutations.
[2015.11.26-01.30.53:773][417]LogMaterial: Missing cached shader map for material sillon, compiling. 
[2015.11.26-01.30.53:829][417]LogMaterial: Missing cached shader map for material sillon, compiling. 
[2015.11.26-01.30.53:845][417]LogMaterial: 0.001767 seconds spent updating 1 materials, 1 interfaces, 0 instances, 0 with static permutations.
[2015.11.26-01.31.06:607][417]Cmd: OBJ SAVEPACKAGE PACKAGE="/Game/sillon" FILE="../../../../../../Users/Edosiho/Documents/GitHub/C.A.T.S/CATS/Content/sillon.uasset" SILENT=true
[2015.11.26-01.31.06:652][417]LogSavePackage: Save=23.186047ms
[2015.11.26-01.31.06:652][417]LogSavePackage: Moving '../../../../../../Users/Edosiho/Documents/GitHub/C.A.T.S/CATS/Saved/sillonC6D0C12041398653DAA3B2A5363F38A8.tmp' to '../../../../../../Users/Edosiho/Documents/GitHub/C.A.T.S/CATS/Content/sillon.uasset'
[2015.11.26-01.31.06:664][417]LogSavePackage: Total save time: 53.629763ms
[2015.11.26-01.31.06:664][417]LogSavePackage:Warning: Finished SavePackage ../../../../../../Users/Edosiho/Documents/GitHub/C.A.T.S/CATS/Content/sillon.uasset
[2015.11.26-01.31.06:687][418]MaterialEditorStats: Info Base pass shader with static lighting: 98 instructions
[2015.11.26-01.31.06:687][418]MaterialEditorStats: Info Base pass shader with only dynamic lighting: 69 instructions
[2015.11.26-01.31.06:687][418]MaterialEditorStats: Info Vertex shader: 33 instructions
[2015.11.26-01.31.06:687][418]MaterialEditorStats: Info Texture samplers: 5/16
[2015.11.26-01.31.26:330][350]LogMaterialEditor: Saving and Compiling material sillon
[2015.11.26-01.31.27:655][350]LogMaterial: Missing cached shader map for material sillon, compiling. 
[2015.11.26-01.31.27:656][350]LogMaterial:Warning: Failed to compile Material /Engine/Transient.sillon for platform PCD3D_SM4, Default Material will be used in game.
[2015.11.26-01.31.27:656][350]LogMaterial:Warning: 	(Node TextureCoordinate) Only 8 texture coordinate sets can be used by this feature level, currently using 0
[2015.11.26-01.31.27:656][350]LogMaterial: 0.000102 seconds spent updating 1 materials, 1 interfaces, 0 instances, 0 with static permutations.
[2015.11.26-01.31.27:700][350]LogMaterial: Missing cached shader map for material sillon, compiling. 
[2015.11.26-01.31.27:701][350]LogMaterial:Warning: Failed to compile Material /Game/sillon.sillon for platform PCD3D_SM4, Default Material will be used in game.
[2015.11.26-01.31.27:701][350]LogMaterial:Warning: 	(Node TextureCoordinate) Only 8 texture coordinate sets can be used by this feature level, currently using 0
[2015.11.26-01.31.27:704][350]LogMaterial: Missing cached shader map for material sillon, compiling. 
[2015.11.26-01.31.27:705][350]LogMaterial:Warning: Failed to compile Material /Game/sillon.sillon for platform PCD3D_SM4, Default Material will be used in game.
[2015.11.26-01.31.27:705][350]LogMaterial:Warning: 	(Node TextureCoordinate) Only 8 texture coordinate sets can be used by this feature level, currently using 0
[2015.11.26-01.31.27:707][350]LogMaterial: 0.001718 seconds spent updating 1 materials, 1 interfaces, 0 instances, 0 with static permutations.
[2015.11.26-01.31.28:293][350]Cmd: OBJ SAVEPACKAGE PACKAGE="/Game/sillon" FILE="../../../../../../Users/Edosiho/Documents/GitHub/C.A.T.S/CATS/Content/sillon.uasset" SILENT=true
[2015.11.26-01.31.28:337][350]LogSavePackage: Save=22.468206ms
[2015.11.26-01.31.28:337][350]LogSavePackage: Moving '../../../../../../Users/Edosiho/Documents/GitHub/C.A.T.S/CATS/Saved/sillonD5028F7742CE55654B5197AA07B2DFB0.tmp' to '../../../../../../Users/Edosiho/Documents/GitHub/C.A.T.S/CATS/Content/sillon.uasset'
[2015.11.26-01.31.28:344][350]LogSavePackage: Total save time: 47.865748ms
[2015.11.26-01.31.28:344][350]LogSavePackage:Warning: Finished SavePackage ../../../../../../Users/Edosiho/Documents/GitHub/C.A.T.S/CATS/Content/sillon.uasset
[2015.11.26-01.31.28:369][351]MaterialEditorStats:Error: Error [SM4] (Node TextureCoordinate) Only 8 texture coordinate sets can be used by this feature level, currently using 0
[2015.11.26-01.31.35:286][662]LogMaterialEditor: Saving and Compiling material sillon
[2015.11.26-01.31.37:433][662]Cmd: OBJ SAVEPACKAGE PACKAGE="/Game/sillon" FILE="../../../../../../Users/Edosiho/Documents/GitHub/C.A.T.S/CATS/Content/sillon.uasset" SILENT=true
[2015.11.26-01.31.37:459][662]LogSavePackage: Save=4.819274ms
[2015.11.26-01.31.37:459][662]LogSavePackage: Moving '../../../../../../Users/Edosiho/Documents/GitHub/C.A.T.S/CATS/Saved/sillonE0BE60CA4CB45A361DF8458064A16E80.tmp' to '../../../../../../Users/Edosiho/Documents/GitHub/C.A.T.S/CATS/Content/sillon.uasset'
[2015.11.26-01.31.37:464][662]LogSavePackage: Total save time: 28.010756ms
[2015.11.26-01.31.37:464][662]LogSavePackage:Warning: Finished SavePackage ../../../../../../Users/Edosiho/Documents/GitHub/C.A.T.S/CATS/Content/sillon.uasset
[2015.11.26-01.31.43:739][947]LogMaterialEditor: Saving and Compiling material sillon
[2015.11.26-01.31.46:370][947]LogMaterial: Missing cached shader map for material sillon, compiling. 
[2015.11.26-01.31.46:398][947]LogMaterial: 0.000091 seconds spent updating 1 materials, 1 interfaces, 0 instances, 0 with static permutations.
[2015.11.26-01.31.46:448][947]LogMaterial: Missing cached shader map for material sillon, compiling. 
[2015.11.26-01.31.46:502][947]LogMaterial: Missing cached shader map for material sillon, compiling. 
[2015.11.26-01.31.46:518][947]LogMaterial: 0.001930 seconds spent updating 1 materials, 1 interfaces, 0 instances, 0 with static permutations.
[2015.11.26-01.31.57:340][947]Cmd: OBJ SAVEPACKAGE PACKAGE="/Game/sillon" FILE="../../../../../../Users/Edosiho/Documents/GitHub/C.A.T.S/CATS/Content/sillon.uasset" SILENT=true
[2015.11.26-01.31.57:385][947]LogSavePackage: Save=23.717295ms
[2015.11.26-01.31.57:385][947]LogSavePackage: Moving '../../../../../../Users/Edosiho/Documents/GitHub/C.A.T.S/CATS/Saved/sillon15E27F294222C4D73BAC2EA4D8D76491.tmp' to '../../../../../../Users/Edosiho/Documents/GitHub/C.A.T.S/CATS/Content/sillon.uasset'
[2015.11.26-01.31.57:393][947]LogSavePackage: Total save time: 50.292369ms
[2015.11.26-01.31.57:393][947]LogSavePackage:Warning: Finished SavePackage ../../../../../../Users/Edosiho/Documents/GitHub/C.A.T.S/CATS/Content/sillon.uasset
[2015.11.26-01.31.57:416][948]MaterialEditorStats: Info Base pass shader with static lighting: 98 instructions
[2015.11.26-01.31.57:417][948]MaterialEditorStats: Info Base pass shader with only dynamic lighting: 69 instructions
[2015.11.26-01.31.57:417][948]MaterialEditorStats: Info Vertex shader: 33 instructions
[2015.11.26-01.31.57:417][948]MaterialEditorStats: Info Texture samplers: 5/16
[2015.11.26-01.32.07:902][440]LogMaterialEditor: Saving and Compiling material sillon
[2015.11.26-01.32.09:226][440]LogMaterial: Missing cached shader map for material sillon, compiling. 
[2015.11.26-01.32.09:254][440]LogMaterial: 0.000107 seconds spent updating 1 materials, 1 interfaces, 0 instances, 0 with static permutations.
[2015.11.26-01.32.09:307][440]LogMaterial: Missing cached shader map for material sillon, compiling. 
[2015.11.26-01.32.09:370][440]LogMaterial: Missing cached shader map for material sillon, compiling. 
[2015.11.26-01.32.09:387][440]LogMaterial: 0.001732 seconds spent updating 1 materials, 1 interfaces, 0 instances, 0 with static permutations.
[2015.11.26-01.32.20:536][440]Cmd: OBJ SAVEPACKAGE PACKAGE="/Game/sillon" FILE="../../../../../../Users/Edosiho/Documents/GitHub/C.A.T.S/CATS/Content/sillon.uasset" SILENT=true
[2015.11.26-01.32.20:581][440]LogSavePackage: Save=23.991297ms
[2015.11.26-01.32.20:581][440]LogSavePackage: Moving '../../../../../../Users/Edosiho/Documents/GitHub/C.A.T.S/CATS/Saved/sillonDC5D001A4128513F784A79881AD7DCE4.tmp' to '../../../../../../Users/Edosiho/Documents/GitHub/C.A.T.S/CATS/Content/sillon.uasset'
[2015.11.26-01.32.20:590][440]LogSavePackage: Total save time: 51.025610ms
[2015.11.26-01.32.20:590][440]LogSavePackage:Warning: Finished SavePackage ../../../../../../Users/Edosiho/Documents/GitHub/C.A.T.S/CATS/Content/sillon.uasset
[2015.11.26-01.32.20:614][441]MaterialEditorStats: Info Base pass shader with static lighting: 98 instructions
[2015.11.26-01.32.20:614][441]MaterialEditorStats: Info Base pass shader with only dynamic lighting: 69 instructions
[2015.11.26-01.32.20:614][441]MaterialEditorStats: Info Vertex shader: 36 instructions
[2015.11.26-01.32.20:614][441]MaterialEditorStats: Info Texture samplers: 5/16
[2015.11.26-01.32.39:290][404]LogMaterialEditor: Saving and Compiling material sillon
[2015.11.26-01.32.40:609][404]LogMaterial: Missing cached shader map for material sillon, compiling. 
[2015.11.26-01.32.40:637][404]LogMaterial: 0.000127 seconds spent updating 1 materials, 1 interfaces, 0 instances, 0 with static permutations.
[2015.11.26-01.32.40:669][404]LogMaterial: Missing cached shader map for material sillon, compiling. 
[2015.11.26-01.32.40:735][404]LogMaterial: Missing cached shader map for material sillon, compiling. 
[2015.11.26-01.32.40:766][404]LogMaterial: 0.015609 seconds spent updating 1 materials, 1 interfaces, 0 instances, 0 with static permutations.
[2015.11.26-01.32.53:620][404]Cmd: OBJ SAVEPACKAGE PACKAGE="/Game/sillon" FILE="../../../../../../Users/Edosiho/Documents/GitHub/C.A.T.S/CATS/Content/sillon.uasset" SILENT=true
[2015.11.26-01.32.53:665][404]LogSavePackage: Save=23.145739ms
[2015.11.26-01.32.53:665][404]LogSavePackage: Moving '../../../../../../Users/Edosiho/Documents/GitHub/C.A.T.S/CATS/Saved/sillonCAD2D9BC4043C93832A17FB7A62A2042.tmp' to '../../../../../../Users/Edosiho/Documents/GitHub/C.A.T.S/CATS/Content/sillon.uasset'
[2015.11.26-01.32.53:673][404]LogSavePackage: Total save time: 51.157851ms
[2015.11.26-01.32.53:674][404]LogSavePackage:Warning: Finished SavePackage ../../../../../../Users/Edosiho/Documents/GitHub/C.A.T.S/CATS/Content/sillon.uasset
[2015.11.26-01.32.53:698][405]MaterialEditorStats: Info Base pass shader with static lighting: 98 instructions
[2015.11.26-01.32.53:698][405]MaterialEditorStats: Info Base pass shader with only dynamic lighting: 69 instructions
[2015.11.26-01.32.53:698][405]MaterialEditorStats: Info Vertex shader: 35 instructions
[2015.11.26-01.32.53:698][405]MaterialEditorStats: Info Texture samplers: 5/16
[2015.11.26-01.33.25:214][325]LogMaterial: Missing cached shader map for material texturasillon_Mat, compiling. 
[2015.11.26-01.33.25:248][325]LogMaterial:Warning: Material /Game/texturasillon_Mat.texturasillon_Mat needed to have new flag set bUsedWithStaticLighting !
[2015.11.26-01.33.25:300][325]LogMaterial: Missing cached shader map for material texturasillon_Mat, compiling. 
[2015.11.26-01.33.25:323][325]LogMaterial: 0.000101 seconds spent updating 1 materials, 1 interfaces, 0 instances, 0 with static permutations.
[2015.11.26-01.33.33:374][508]LogMaterial: Missing cached shader map for material Wall, compiling. 
[2015.11.26-01.33.33:561][508]LogMaterial: Missing cached shader map for material Wall, compiling. 
[2015.11.26-01.33.33:569][508]LogMaterial: 0.000063 seconds spent updating 1 materials, 1 interfaces, 0 instances, 0 with static permutations.
[2015.11.26-01.33.33:598][508]LogMaterial: Missing cached shader map for material FMatExpressionPreview MaterialExpressionTextureSample_9, compiling. 
[2015.11.26-01.33.33:604][508]LogMaterial: Missing cached shader map for material FMatExpressionPreview MaterialExpressionTextureSample_7, compiling. 
[2015.11.26-01.33.58:257][624]LogMaterial: Missing cached shader map for material texturasillon_Mat, compiling. 
[2015.11.26-01.34.00:853][624]LogMaterial: Missing cached shader map for material texturasillon_Mat, compiling. 
[2015.11.26-01.34.00:861][624]LogMaterial: 0.000064 seconds spent updating 1 materials, 1 interfaces, 0 instances, 0 with static permutations.
[2015.11.26-01.34.00:917][624]LogMaterial: Missing cached shader map for material FMatExpressionPreview MaterialExpressionTextureSample_0, compiling. 
[2015.11.26-01.34.24:924][755]LogMaterialEditor: Saving and Compiling material Wall
[2015.11.26-01.34.26:375][755]LogMaterial: Missing cached shader map for material Wall, compiling. 
[2015.11.26-01.34.26:405][755]LogMaterial: 0.000321 seconds spent updating 1 materials, 1 interfaces, 0 instances, 0 with static permutations.
[2015.11.26-01.34.26:433][755]LogMaterial: Missing cached shader map for material Wall, compiling. 
[2015.11.26-01.34.26:515][755]LogMaterial: Missing cached shader map for material Wall, compiling. 
[2015.11.26-01.34.26:532][755]LogMaterial: 0.001886 seconds spent updating 1 materials, 1 interfaces, 0 instances, 0 with static permutations.
[2015.11.26-01.34.48:639][755]Cmd: OBJ SAVEPACKAGE PACKAGE="/Game/Wall" FILE="../../../../../../Users/Edosiho/Documents/GitHub/C.A.T.S/CATS/Content/Wall.uasset" SILENT=true
[2015.11.26-01.34.48:689][755]LogSavePackage: Save=26.892101ms
[2015.11.26-01.34.48:689][755]LogSavePackage: Moving '../../../../../../Users/Edosiho/Documents/GitHub/C.A.T.S/CATS/Saved/WallC192CF874942CCFD18656A94AD77A7E4.tmp' to '../../../../../../Users/Edosiho/Documents/GitHub/C.A.T.S/CATS/Content/Wall.uasset'
[2015.11.26-01.34.48:697][755]LogSavePackage: Total save time: 54.430939ms
[2015.11.26-01.34.48:697][755]LogSavePackage:Warning: Finished SavePackage ../../../../../../Users/Edosiho/Documents/GitHub/C.A.T.S/CATS/Content/Wall.uasset
[2015.11.26-01.34.48:718][756]MaterialEditorStats: Info Base pass shader with static lighting: 96 instructions
[2015.11.26-01.34.48:718][756]MaterialEditorStats: Info Base pass shader with only dynamic lighting: 67 instructions
[2015.11.26-01.34.48:718][756]MaterialEditorStats: Info Vertex shader: 33 instructions
[2015.11.26-01.34.48:718][756]MaterialEditorStats: Info Texture samplers: 5/16
[2015.11.26-01.34.48:720][756]MaterialEditorStats: Info Base pass shader with static lighting: 61 instructions
[2015.11.26-01.34.48:720][756]MaterialEditorStats: Info Base pass shader with only dynamic lighting: 32 instructions
[2015.11.26-01.34.48:720][756]MaterialEditorStats: Info Vertex shader: 33 instructions
[2015.11.26-01.34.48:720][756]MaterialEditorStats: Info Texture samplers: 3/16
[2015.11.26-01.35.03:886][438]LogMaterialEditor: Saving and Compiling material Wall
[2015.11.26-01.35.05:253][438]LogMaterial: Missing cached shader map for material Wall, compiling. 
[2015.11.26-01.35.05:301][438]LogMaterial: 0.000129 seconds spent updating 1 materials, 1 interfaces, 0 instances, 0 with static permutations.
[2015.11.26-01.35.05:325][438]LogMaterial: Missing cached shader map for material Wall, compiling. 
[2015.11.26-01.35.05:394][438]LogMaterial: Missing cached shader map for material Wall, compiling. 
[2015.11.26-01.35.05:416][438]LogMaterial: 0.006899 seconds spent updating 1 materials, 1 interfaces, 0 instances, 0 with static permutations.
[2015.11.26-01.35.14:984][438]Cmd: OBJ SAVEPACKAGE PACKAGE="/Game/Wall" FILE="../../../../../../Users/Edosiho/Documents/GitHub/C.A.T.S/CATS/Content/Wall.uasset" SILENT=true
[2015.11.26-01.35.15:031][438]LogSavePackage: Save=26.195545ms
[2015.11.26-01.35.15:031][438]LogSavePackage: Moving '../../../../../../Users/Edosiho/Documents/GitHub/C.A.T.S/CATS/Saved/Wall95DE7CE04B13FA3FEAFE21B885B8CA48.tmp' to '../../../../../../Users/Edosiho/Documents/GitHub/C.A.T.S/CATS/Content/Wall.uasset'
[2015.11.26-01.35.15:039][438]LogSavePackage: Total save time: 52.589461ms
[2015.11.26-01.35.15:039][438]LogSavePackage:Warning: Finished SavePackage ../../../../../../Users/Edosiho/Documents/GitHub/C.A.T.S/CATS/Content/Wall.uasset
[2015.11.26-01.35.26:885][ 21]LogMaterialEditor: Saving and Compiling material Wall
[2015.11.26-01.35.28:211][ 21]LogMaterial: Missing cached shader map for material Wall, compiling. 
[2015.11.26-01.35.28:240][ 21]LogMaterial: 0.000142 seconds spent updating 1 materials, 1 interfaces, 0 instances, 0 with static permutations.
[2015.11.26-01.35.28:299][ 21]LogMaterial: Missing cached shader map for material Wall, compiling. 
[2015.11.26-01.35.28:353][ 21]LogMaterial: Missing cached shader map for material Wall, compiling. 
[2015.11.26-01.35.28:371][ 21]LogMaterial: 0.001831 seconds spent updating 1 materials, 1 interfaces, 0 instances, 0 with static permutations.
[2015.11.26-01.35.38:246][ 21]Cmd: OBJ SAVEPACKAGE PACKAGE="/Game/Wall" FILE="../../../../../../Users/Edosiho/Documents/GitHub/C.A.T.S/CATS/Content/Wall.uasset" SILENT=true
[2015.11.26-01.35.38:294][ 21]LogSavePackage: Save=25.924713ms
[2015.11.26-01.35.38:294][ 21]LogSavePackage: Moving '../../../../../../Users/Edosiho/Documents/GitHub/C.A.T.S/CATS/Saved/Wall55CEE7204CF82F74842DCEAD7F4E0FF9.tmp' to '../../../../../../Users/Edosiho/Documents/GitHub/C.A.T.S/CATS/Content/Wall.uasset'
[2015.11.26-01.35.38:301][ 21]LogSavePackage: Total save time: 51.722616ms
[2015.11.26-01.35.38:301][ 21]LogSavePackage:Warning: Finished SavePackage ../../../../../../Users/Edosiho/Documents/GitHub/C.A.T.S/CATS/Content/Wall.uasset
[2015.11.26-01.35.52:691][791]LogMaterialEditor: Saving and Compiling material Wall
[2015.11.26-01.35.54:010][791]LogMaterial: Missing cached shader map for material Wall, compiling. 
[2015.11.26-01.35.54:038][791]LogMaterial: 0.000110 seconds spent updating 1 materials, 1 interfaces, 0 instances, 0 with static permutations.
[2015.11.26-01.35.54:069][791]LogMaterial: Missing cached shader map for material Wall, compiling. 
[2015.11.26-01.35.54:137][791]LogMaterial: Missing cached shader map for material Wall, compiling. 
[2015.11.26-01.35.54:153][791]LogMaterial: 0.001792 seconds spent updating 1 materials, 1 interfaces, 0 instances, 0 with static permutations.
[2015.11.26-01.36.12:881][791]Cmd: OBJ SAVEPACKAGE PACKAGE="/Game/Wall" FILE="../../../../../../Users/Edosiho/Documents/GitHub/C.A.T.S/CATS/Content/Wall.uasset" SILENT=true
[2015.11.26-01.36.12:928][791]LogSavePackage: Save=25.633047ms
[2015.11.26-01.36.12:928][791]LogSavePackage: Moving '../../../../../../Users/Edosiho/Documents/GitHub/C.A.T.S/CATS/Saved/Wall015DA7DD4129AB51B7056AB28E396723.tmp' to '../../../../../../Users/Edosiho/Documents/GitHub/C.A.T.S/CATS/Content/Wall.uasset'
[2015.11.26-01.36.12:935][791]LogSavePackage: Total save time: 50.819084ms
[2015.11.26-01.36.12:935][791]LogSavePackage:Warning: Finished SavePackage ../../../../../../Users/Edosiho/Documents/GitHub/C.A.T.S/CATS/Content/Wall.uasset
[2015.11.26-01.36.47:224][362]LogD3D11RHI: Timed out while waiting for GPU to catch up. (0.5 s)
[2015.11.26-01.36.53:450][532]LogActorComponent: UnregisterComponent: (/Engine/Transient.CharMoveComp) Not registered. Aborting.
[2015.11.26-01.36.53:519][532]LogParticles: Destroying 0 GPU particle simulations for FXSystem 0x00000095121BA2A0
[2015.11.26-01.36.53:523][532]LogParticles: Destroying 0 GPU particle simulations for FXSystem 0x0000009519A39440
[2015.11.26-01.36.53:525][532]LogParticles: Destroying 0 GPU particle simulations for FXSystem 0x000000950E252020
[2015.11.26-01.37.06:668][ 32]LogMaterialEditor: Saving and Compiling material sillon
[2015.11.26-01.37.07:979][ 32]LogMaterial: Missing cached shader map for material sillon, compiling. 
[2015.11.26-01.37.08:007][ 32]LogMaterial: 0.000128 seconds spent updating 1 materials, 1 interfaces, 0 instances, 0 with static permutations.
[2015.11.26-01.37.08:034][ 32]LogMaterial: Missing cached shader map for material sillon, compiling. 
[2015.11.26-01.37.08:091][ 32]LogMaterial: Missing cached shader map for material sillon, compiling. 
[2015.11.26-01.37.08:108][ 32]LogMaterial: 0.002168 seconds spent updating 1 materials, 1 interfaces, 0 instances, 0 with static permutations.
[2015.11.26-01.37.19:263][ 32]Cmd: OBJ SAVEPACKAGE PACKAGE="/Game/sillon" FILE="../../../../../../Users/Edosiho/Documents/GitHub/C.A.T.S/CATS/Content/sillon.uasset" SILENT=true
[2015.11.26-01.37.19:311][ 32]LogSavePackage: Save=24.719555ms
[2015.11.26-01.37.19:311][ 32]LogSavePackage: Moving '../../../../../../Users/Edosiho/Documents/GitHub/C.A.T.S/CATS/Saved/sillon2C57778A43E401BEA45AAD8E5813ED47.tmp' to '../../../../../../Users/Edosiho/Documents/GitHub/C.A.T.S/CATS/Content/sillon.uasset'
[2015.11.26-01.37.19:329][ 32]LogSavePackage: Total save time: 63.703995ms
[2015.11.26-01.37.19:329][ 32]LogSavePackage:Warning: Finished SavePackage ../../../../../../Users/Edosiho/Documents/GitHub/C.A.T.S/CATS/Content/sillon.uasset
[2015.11.26-01.37.19:349][ 33]MaterialEditorStats: Info Base pass shader with static lighting: 98 instructions
[2015.11.26-01.37.19:349][ 33]MaterialEditorStats: Info Base pass shader with only dynamic lighting: 69 instructions
[2015.11.26-01.37.19:349][ 33]MaterialEditorStats: Info Vertex shader: 33 instructions
[2015.11.26-01.37.19:349][ 33]MaterialEditorStats: Info Texture samplers: 5/16
[2015.11.26-01.37.48:234][308]LogMaterialEditor: Saving and Compiling material sillon
[2015.11.26-01.37.49:576][308]LogMaterial: Missing cached shader map for material sillon, compiling. 
[2015.11.26-01.37.49:604][308]LogMaterial: 0.000119 seconds spent updating 1 materials, 1 interfaces, 0 instances, 0 with static permutations.
[2015.11.26-01.37.49:653][308]LogMaterial: Missing cached shader map for material sillon, compiling. 
[2015.11.26-01.37.49:726][308]LogMaterial: Missing cached shader map for material sillon, compiling. 
[2015.11.26-01.37.49:745][308]LogMaterial: 0.004060 seconds spent updating 1 materials, 1 interfaces, 0 instances, 0 with static permutations.
[2015.11.26-01.38.02:047][308]Cmd: OBJ SAVEPACKAGE PACKAGE="/Game/sillon" FILE="../../../../../../Users/Edosiho/Documents/GitHub/C.A.T.S/CATS/Content/sillon.uasset" SILENT=true
[2015.11.26-01.38.02:093][308]LogSavePackage: Save=24.722273ms
[2015.11.26-01.38.02:094][308]LogSavePackage: Moving '../../../../../../Users/Edosiho/Documents/GitHub/C.A.T.S/CATS/Saved/sillon3B8E62B9431F88D26C329FA8409FB5D4.tmp' to '../../../../../../Users/Edosiho/Documents/GitHub/C.A.T.S/CATS/Content/sillon.uasset'
[2015.11.26-01.38.02:102][308]LogSavePackage: Total save time: 52.692723ms
[2015.11.26-01.38.02:102][308]LogSavePackage:Warning: Finished SavePackage ../../../../../../Users/Edosiho/Documents/GitHub/C.A.T.S/CATS/Content/sillon.uasset
[2015.11.26-01.38.02:122][309]MaterialEditorStats: Info Base pass shader with static lighting: 98 instructions
[2015.11.26-01.38.02:122][309]MaterialEditorStats: Info Base pass shader with only dynamic lighting: 69 instructions
[2015.11.26-01.38.02:122][309]MaterialEditorStats: Info Vertex shader: 36 instructions
[2015.11.26-01.38.02:122][309]MaterialEditorStats: Info Texture samplers: 5/16
[2015.11.26-01.38.28:896][886]LogMaterialEditor: Saving and Compiling material sillon
[2015.11.26-01.38.30:209][886]LogMaterial: Missing cached shader map for material sillon, compiling. 
[2015.11.26-01.38.30:237][886]LogMaterial: 0.000106 seconds spent updating 1 materials, 1 interfaces, 0 instances, 0 with static permutations.
[2015.11.26-01.38.30:289][886]LogMaterial: Missing cached shader map for material sillon, compiling. 
[2015.11.26-01.38.30:355][886]LogMaterial: Missing cached shader map for material sillon, compiling. 
[2015.11.26-01.38.30:372][886]LogMaterial: 0.001757 seconds spent updating 1 materials, 1 interfaces, 0 instances, 0 with static permutations.
[2015.11.26-01.38.42:628][886]Cmd: OBJ SAVEPACKAGE PACKAGE="/Game/sillon" FILE="../../../../../../Users/Edosiho/Documents/GitHub/C.A.T.S/CATS/Content/sillon.uasset" SILENT=true
[2015.11.26-01.38.42:675][886]LogSavePackage: Save=24.490389ms
[2015.11.26-01.38.42:675][886]LogSavePackage: Moving '../../../../../../Users/Edosiho/Documents/GitHub/C.A.T.S/CATS/Saved/sillon98789B654CB606E6D2310AA523B39554.tmp' to '../../../../../../Users/Edosiho/Documents/GitHub/C.A.T.S/CATS/Content/sillon.uasset'
[2015.11.26-01.38.42:683][886]LogSavePackage: Total save time: 52.329041ms
[2015.11.26-01.38.42:683][886]LogSavePackage:Warning: Finished SavePackage ../../../../../../Users/Edosiho/Documents/GitHub/C.A.T.S/CATS/Content/sillon.uasset
[2015.11.26-01.38.42:702][887]MaterialEditorStats: Info Base pass shader with static lighting: 101 instructions
[2015.11.26-01.38.42:702][887]MaterialEditorStats: Info Base pass shader with only dynamic lighting: 72 instructions
[2015.11.26-01.38.42:702][887]MaterialEditorStats: Info Vertex shader: 36 instructions
[2015.11.26-01.38.42:702][887]MaterialEditorStats: Info Texture samplers: 5/16
[2015.11.26-01.38.54:119][580]LogMaterialEditor: Saving and Compiling material sillon
[2015.11.26-01.38.55:437][580]LogMaterial: Missing cached shader map for material sillon, compiling. 
[2015.11.26-01.38.55:465][580]LogMaterial: 0.000129 seconds spent updating 1 materials, 1 interfaces, 0 instances, 0 with static permutations.
[2015.11.26-01.38.55:502][580]LogMaterial: Missing cached shader map for material sillon, compiling. 
[2015.11.26-01.38.55:558][580]LogMaterial: Missing cached shader map for material sillon, compiling. 
[2015.11.26-01.38.55:583][580]LogMaterial: 0.010190 seconds spent updating 1 materials, 1 interfaces, 0 instances, 0 with static permutations.
[2015.11.26-01.39.06:976][580]Cmd: OBJ SAVEPACKAGE PACKAGE="/Game/sillon" FILE="../../../../../../Users/Edosiho/Documents/GitHub/C.A.T.S/CATS/Content/sillon.uasset" SILENT=true
[2015.11.26-01.39.07:022][580]LogSavePackage: Save=24.046551ms
[2015.11.26-01.39.07:022][580]LogSavePackage: Moving '../../../../../../Users/Edosiho/Documents/GitHub/C.A.T.S/CATS/Saved/sillon7F0AB0424CAE213D9C3211988C76E821.tmp' to '../../../../../../Users/Edosiho/Documents/GitHub/C.A.T.S/CATS/Content/sillon.uasset'
[2015.11.26-01.39.07:030][580]LogSavePackage: Total save time: 50.795082ms
[2015.11.26-01.39.07:030][580]LogSavePackage:Warning: Finished SavePackage ../../../../../../Users/Edosiho/Documents/GitHub/C.A.T.S/CATS/Content/sillon.uasset
[2015.11.26-01.39.25:877][374]LogMaterialEditor: Saving and Compiling material sillon
[2015.11.26-01.39.27:225][374]LogMaterial: Missing cached shader map for material sillon, compiling. 
[2015.11.26-01.39.27:269][374]LogMaterial: 0.000113 seconds spent updating 1 materials, 1 interfaces, 0 instances, 0 with static permutations.
[2015.11.26-01.39.27:297][374]LogMaterial: Missing cached shader map for material sillon, compiling. 
[2015.11.26-01.39.27:353][374]LogMaterial: Missing cached shader map for material sillon, compiling. 
[2015.11.26-01.39.27:385][374]LogMaterial: 0.016252 seconds spent updating 1 materials, 1 interfaces, 0 instances, 0 with static permutations.
[2015.11.26-01.39.39:541][374]Cmd: OBJ SAVEPACKAGE PACKAGE="/Game/sillon" FILE="../../../../../../Users/Edosiho/Documents/GitHub/C.A.T.S/CATS/Content/sillon.uasset" SILENT=true
[2015.11.26-01.39.39:587][374]LogSavePackage: Save=24.679247ms
[2015.11.26-01.39.39:587][374]LogSavePackage: Moving '../../../../../../Users/Edosiho/Documents/GitHub/C.A.T.S/CATS/Saved/sillon6FEADB494D9DE5D48F5A0484FDCA6815.tmp' to '../../../../../../Users/Edosiho/Documents/GitHub/C.A.T.S/CATS/Content/sillon.uasset'
[2015.11.26-01.39.39:596][374]LogSavePackage: Total save time: 52.371163ms
[2015.11.26-01.39.39:596][374]LogSavePackage:Warning: Finished SavePackage ../../../../../../Users/Edosiho/Documents/GitHub/C.A.T.S/CATS/Content/sillon.uasset
[2015.11.26-01.39.39:618][375]MaterialEditorStats: Info Base pass shader with static lighting: 102 instructions
[2015.11.26-01.39.39:618][375]MaterialEditorStats: Info Base pass shader with only dynamic lighting: 73 instructions
[2015.11.26-01.39.39:618][375]MaterialEditorStats: Info Vertex shader: 36 instructions
[2015.11.26-01.39.39:618][375]MaterialEditorStats: Info Texture samplers: 5/16
[2015.11.26-01.39.58:522][240]LogMaterialEditor: Saving and Compiling material sillon
[2015.11.26-01.39.59:840][240]LogMaterial: Missing cached shader map for material sillon, compiling. 
[2015.11.26-01.39.59:869][240]LogMaterial: 0.000104 seconds spent updating 1 materials, 1 interfaces, 0 instances, 0 with static permutations.
[2015.11.26-01.39.59:925][240]LogMaterial: Missing cached shader map for material sillon, compiling. 
[2015.11.26-01.39.59:996][240]LogMaterial: Missing cached shader map for material sillon, compiling. 
[2015.11.26-01.40.00:012][240]LogMaterial: 0.001742 seconds spent updating 1 materials, 1 interfaces, 0 instances, 0 with static permutations.
[2015.11.26-01.40.11:487][240]Cmd: OBJ SAVEPACKAGE PACKAGE="/Game/sillon" FILE="../../../../../../Users/Edosiho/Documents/GitHub/C.A.T.S/CATS/Content/sillon.uasset" SILENT=true
[2015.11.26-01.40.11:533][240]LogSavePackage: Save=24.010771ms
[2015.11.26-01.40.11:533][240]LogSavePackage: Moving '../../../../../../Users/Edosiho/Documents/GitHub/C.A.T.S/CATS/Saved/sillon7DDBFED045AABFCD8A25AA99395BDDA8.tmp' to '../../../../../../Users/Edosiho/Documents/GitHub/C.A.T.S/CATS/Content/sillon.uasset'
[2015.11.26-01.40.11:543][240]LogSavePackage: Total save time: 52.358482ms
[2015.11.26-01.40.11:543][240]LogSavePackage:Warning: Finished SavePackage ../../../../../../Users/Edosiho/Documents/GitHub/C.A.T.S/CATS/Content/sillon.uasset
[2015.11.26-01.40.11:561][241]MaterialEditorStats: Info Base pass shader with static lighting: 101 instructions
[2015.11.26-01.40.11:562][241]MaterialEditorStats: Info Base pass shader with only dynamic lighting: 72 instructions
[2015.11.26-01.40.11:562][241]MaterialEditorStats: Info Vertex shader: 33 instructions
[2015.11.26-01.40.11:562][241]MaterialEditorStats: Info Texture samplers: 5/16
[2015.11.26-01.40.14:870][372]LogActorComponent: UnregisterComponent: (/Engine/Transient.CharMoveComp) Not registered. Aborting.
[2015.11.26-01.40.15:201][372]LogBlueprint:Warning: [compiler catsmejorado] Warning Could not find a variable named "BolaAtras" in 'Gateeto_C'.
Make sure 'Gateeto_C' has been compiled for  Get BolaAtras 
[2015.11.26-01.40.15:202][372]LogBlueprint:Warning: [compiler catsmejorado] Warning [0821.43] Compile of catsmejorado successful, but with 1 Warning(s) [in 70 ms]
[2015.11.26-01.40.15:202][372]LogBlueprint:Warning: [compiler catsmejorado] Warning [0821.43] Compile of catsmejorado successful, but with 2 Warning(s) [in 0 ms]
[2015.11.26-01.40.15:202][372]LogBlueprint:Warning: [compiler catsmejorado] Warning [0821.43] Compile of catsmejorado successful, but with 3 Warning(s) [in 0 ms]
[2015.11.26-01.40.15:269][372]LogBlueprint:Warning: [compiler catsmejorado] Warning [0821.49] Compile of catsmejorado successful, but with 4 Warning(s) [in 66 ms]
[2015.11.26-01.40.15:270][372]LogBlueprint:Warning: [compiler catsmejorado] Warning [0821.49] Compile of catsmejorado successful, but with 5 Warning(s) [in 0 ms]
[2015.11.26-01.40.15:270][372]LogBlueprint:Warning: [compiler catsmejorado] Warning [0821.49] Compile of catsmejorado successful, but with 6 Warning(s) [in 0 ms]
[2015.11.26-01.40.15:759][372]LogSavePackage: Save=632.330750ms
[2015.11.26-01.40.15:759][372]LogSavePackage: Moving '../../../../../../Users/Edosiho/Documents/GitHub/C.A.T.S/CATS/Saved/catsmejorado_Auto163969433477C924CD19FA48FB9E7AE97.tmp' to '../../../../../../Users/Edosiho/Documents/GitHub/C.A.T.S/CATS/Saved/Autosaves/Game/Cats/catsmejorado_Auto1.umap'
[2015.11.26-01.40.15:766][372]LogSavePackage: Total save time: 804.630779ms
[2015.11.26-01.40.15:766][372]LogSavePackage:Warning: Finished SavePackage ../../../../../../Users/Edosiho/Documents/GitHub/C.A.T.S/CATS/Saved/Autosaves/Game/Cats/catsmejorado_Auto1.umap
[2015.11.26-01.40.15:768][372]LogFileHelpers: Editor autosave (incl. sublevels) for '/Game/Cats/catsmejorado' took 0.899
[2015.11.26-01.40.15:768][372]LogFileHelpers: Editor autosave (incl. sublevels) for all levels took 0.899
[2015.11.26-01.40.23:257][707]LogMaterialEditor: Saving and Compiling material sillon
[2015.11.26-01.40.23:292][707]Cmd: OBJ SAVEPACKAGE PACKAGE="/Game/sillon" FILE="../../../../../../Users/Edosiho/Documents/GitHub/C.A.T.S/CATS/Content/sillon.uasset" SILENT=true
[2015.11.26-01.40.23:356][707]LogSavePackage: Save=4.955143ms
[2015.11.26-01.40.23:356][707]LogSavePackage: Moving '../../../../../../Users/Edosiho/Documents/GitHub/C.A.T.S/CATS/Saved/sillon387901E84DE4BD937BFFB5892E944ED1.tmp' to '../../../../../../Users/Edosiho/Documents/GitHub/C.A.T.S/CATS/Content/sillon.uasset'
[2015.11.26-01.40.23:364][707]LogSavePackage: Total save time: 30.864004ms
[2015.11.26-01.40.23:364][707]LogSavePackage:Warning: Finished SavePackage ../../../../../../Users/Edosiho/Documents/GitHub/C.A.T.S/CATS/Content/sillon.uasset
[2015.11.26-01.40.34:223][295]LogMaterialEditor: Saving and Compiling material sillon
[2015.11.26-01.40.35:543][295]LogMaterial: Missing cached shader map for material sillon, compiling. 
[2015.11.26-01.40.35:572][295]LogMaterial: 0.000106 seconds spent updating 1 materials, 1 interfaces, 0 instances, 0 with static permutations.
[2015.11.26-01.40.35:598][295]LogMaterial: Missing cached shader map for material sillon, compiling. 
[2015.11.26-01.40.35:654][295]LogMaterial: Missing cached shader map for material sillon, compiling. 
[2015.11.26-01.40.35:670][295]LogMaterial: 0.001755 seconds spent updating 1 materials, 1 interfaces, 0 instances, 0 with static permutations.
[2015.11.26-01.40.47:879][295]Cmd: OBJ SAVEPACKAGE PACKAGE="/Game/sillon" FILE="../../../../../../Users/Edosiho/Documents/GitHub/C.A.T.S/CATS/Content/sillon.uasset" SILENT=true
[2015.11.26-01.40.47:924][295]LogSavePackage: Save=23.669287ms
[2015.11.26-01.40.47:924][295]LogSavePackage: Moving '../../../../../../Users/Edosiho/Documents/GitHub/C.A.T.S/CATS/Saved/sillon700F61C141DFCA0F294FF0B062654108.tmp' to '../../../../../../Users/Edosiho/Documents/GitHub/C.A.T.S/CATS/Content/sillon.uasset'
[2015.11.26-01.40.47:931][295]LogSavePackage: Total save time: 49.310036ms
[2015.11.26-01.40.47:931][295]LogSavePackage:Warning: Finished SavePackage ../../../../../../Users/Edosiho/Documents/GitHub/C.A.T.S/CATS/Content/sillon.uasset
[2015.11.26-01.40.47:956][296]MaterialEditorStats: Info Base pass shader with static lighting: 101 instructions
[2015.11.26-01.40.47:956][296]MaterialEditorStats: Info Base pass shader with only dynamic lighting: 72 instructions
[2015.11.26-01.40.47:956][296]MaterialEditorStats: Info Vertex shader: 35 instructions
[2015.11.26-01.40.47:956][296]MaterialEditorStats: Info Texture samplers: 5/16
[2015.11.26-01.41.07:823][203]LogMaterialEditor: Saving and Compiling material sillon
[2015.11.26-01.41.09:143][203]LogMaterial: Missing cached shader map for material sillon, compiling. 
[2015.11.26-01.41.09:172][203]LogMaterial: 0.000106 seconds spent updating 1 materials, 1 interfaces, 0 instances, 0 with static permutations.
[2015.11.26-01.41.09:199][203]LogMaterial: Missing cached shader map for material sillon, compiling. 
[2015.11.26-01.41.09:254][203]LogMaterial: Missing cached shader map for material sillon, compiling. 
[2015.11.26-01.41.09:271][203]LogMaterial: 0.001721 seconds spent updating 1 materials, 1 interfaces, 0 instances, 0 with static permutations.
[2015.11.26-01.41.21:426][203]Cmd: OBJ SAVEPACKAGE PACKAGE="/Game/sillon" FILE="../../../../../../Users/Edosiho/Documents/GitHub/C.A.T.S/CATS/Content/sillon.uasset" SILENT=true
[2015.11.26-01.41.21:471][203]LogSavePackage: Save=24.029793ms
[2015.11.26-01.41.21:471][203]LogSavePackage: Moving '../../../../../../Users/Edosiho/Documents/GitHub/C.A.T.S/CATS/Saved/sillon061358834A691CA925EE2DB0439086B7.tmp' to '../../../../../../Users/Edosiho/Documents/GitHub/C.A.T.S/CATS/Content/sillon.uasset'
[2015.11.26-01.41.21:479][203]LogSavePackage: Total save time: 50.786026ms
[2015.11.26-01.41.21:479][203]LogSavePackage:Warning: Finished SavePackage ../../../../../../Users/Edosiho/Documents/GitHub/C.A.T.S/CATS/Content/sillon.uasset
[2015.11.26-01.41.21:504][204]MaterialEditorStats: Info Base pass shader with static lighting: 101 instructions
[2015.11.26-01.41.21:504][204]MaterialEditorStats: Info Base pass shader with only dynamic lighting: 72 instructions
[2015.11.26-01.41.21:504][204]MaterialEditorStats: Info Vertex shader: 36 instructions
[2015.11.26-01.41.21:504][204]MaterialEditorStats: Info Texture samplers: 5/16
[2015.11.26-01.41.33:933][775]LogMaterialEditor: Saving and Compiling material sillon
[2015.11.26-01.41.35:253][775]LogMaterial: Missing cached shader map for material sillon, compiling. 
[2015.11.26-01.41.35:282][775]LogMaterial: 0.000134 seconds spent updating 1 materials, 1 interfaces, 0 instances, 0 with static permutations.
[2015.11.26-01.41.35:316][775]LogMaterial: Missing cached shader map for material sillon, compiling. 
[2015.11.26-01.41.35:372][775]LogMaterial: Missing cached shader map for material sillon, compiling. 
[2015.11.26-01.41.35:392][775]LogMaterial: 0.004898 seconds spent updating 1 materials, 1 interfaces, 0 instances, 0 with static permutations.
[2015.11.26-01.41.46:610][775]Cmd: OBJ SAVEPACKAGE PACKAGE="/Game/sillon" FILE="../../../../../../Users/Edosiho/Documents/GitHub/C.A.T.S/CATS/Content/sillon.uasset" SILENT=true
[2015.11.26-01.41.46:656][775]LogSavePackage: Save=24.821457ms
[2015.11.26-01.41.46:656][775]LogSavePackage: Moving '../../../../../../Users/Edosiho/Documents/GitHub/C.A.T.S/CATS/Saved/sillon22E8C81549A203F73D12EEA09ACA524C.tmp' to '../../../../../../Users/Edosiho/Documents/GitHub/C.A.T.S/CATS/Content/sillon.uasset'
[2015.11.26-01.41.46:666][775]LogSavePackage: Total save time: 53.339910ms
[2015.11.26-01.41.46:666][775]LogSavePackage:Warning: Finished SavePackage ../../../../../../Users/Edosiho/Documents/GitHub/C.A.T.S/CATS/Content/sillon.uasset
[2015.11.26-01.41.46:690][776]MaterialEditorStats: Info Base pass shader with static lighting: 98 instructions
[2015.11.26-01.41.46:690][776]MaterialEditorStats: Info Base pass shader with only dynamic lighting: 69 instructions
[2015.11.26-01.41.46:690][776]MaterialEditorStats: Info Vertex shader: 36 instructions
[2015.11.26-01.41.46:690][776]MaterialEditorStats: Info Texture samplers: 5/16
[2015.11.26-01.42.12:827][191]LogMaterialEditor: Saving and Compiling material sillon
[2015.11.26-01.42.14:175][191]LogMaterial: Missing cached shader map for material sillon, compiling. 
[2015.11.26-01.42.14:204][191]LogMaterial: 0.000110 seconds spent updating 1 materials, 1 interfaces, 0 instances, 0 with static permutations.
[2015.11.26-01.42.14:229][191]LogMaterial: Missing cached shader map for material sillon, compiling. 
[2015.11.26-01.42.14:284][191]LogMaterial: Missing cached shader map for material sillon, compiling. 
[2015.11.26-01.42.14:321][191]LogMaterial: 0.018824 seconds spent updating 1 materials, 1 interfaces, 0 instances, 0 with static permutations.
[2015.11.26-01.42.26:758][191]Cmd: OBJ SAVEPACKAGE PACKAGE="/Game/sillon" FILE="../../../../../../Users/Edosiho/Documents/GitHub/C.A.T.S/CATS/Content/sillon.uasset" SILENT=true
[2015.11.26-01.42.26:807][191]LogSavePackage: Save=24.157511ms
[2015.11.26-01.42.26:807][191]LogSavePackage: Moving '../../../../../../Users/Edosiho/Documents/GitHub/C.A.T.S/CATS/Saved/sillonBE894043429CD5C20D57438CA393EFD2.tmp' to '../../../../../../Users/Edosiho/Documents/GitHub/C.A.T.S/CATS/Content/sillon.uasset'
[2015.11.26-01.42.26:814][191]LogSavePackage: Total save time: 52.579042ms
[2015.11.26-01.42.26:814][191]LogSavePackage:Warning: Finished SavePackage ../../../../../../Users/Edosiho/Documents/GitHub/C.A.T.S/CATS/Content/sillon.uasset
[2015.11.26-01.42.26:832][192]MaterialEditorStats: Info Base pass shader with static lighting: 99 instructions
[2015.11.26-01.42.26:832][192]MaterialEditorStats: Info Base pass shader with only dynamic lighting: 70 instructions
[2015.11.26-01.42.26:832][192]MaterialEditorStats: Info Vertex shader: 36 instructions
[2015.11.26-01.42.26:832][192]MaterialEditorStats: Info Texture samplers: 5/16
[2015.11.26-01.43.14:461][462]LogMaterialEditor: Saving and Compiling material sillon
[2015.11.26-01.43.15:788][462]LogMaterial: Missing cached shader map for material sillon, compiling. 
[2015.11.26-01.43.15:817][462]LogMaterial: 0.000137 seconds spent updating 1 materials, 1 interfaces, 0 instances, 0 with static permutations.
[2015.11.26-01.43.15:862][462]LogMaterial: Missing cached shader map for material sillon, compiling. 
[2015.11.26-01.43.15:915][462]LogMaterial: Missing cached shader map for material sillon, compiling. 
[2015.11.26-01.43.15:950][462]LogMaterial: 0.019602 seconds spent updating 1 materials, 1 interfaces, 0 instances, 0 with static permutations.
[2015.11.26-01.43.28:080][462]Cmd: OBJ SAVEPACKAGE PACKAGE="/Game/sillon" FILE="../../../../../../Users/Edosiho/Documents/GitHub/C.A.T.S/CATS/Content/sillon.uasset" SILENT=true
[2015.11.26-01.43.28:125][462]LogSavePackage: Save=24.065573ms
[2015.11.26-01.43.28:125][462]LogSavePackage: Moving '../../../../../../Users/Edosiho/Documents/GitHub/C.A.T.S/CATS/Saved/sillon7C9D84084B8E222DCEDEC18962392F49.tmp' to '../../../../../../Users/Edosiho/Documents/GitHub/C.A.T.S/CATS/Content/sillon.uasset'
[2015.11.26-01.43.28:132][462]LogSavePackage: Total save time: 49.385216ms
[2015.11.26-01.43.28:132][462]LogSavePackage:Warning: Finished SavePackage ../../../../../../Users/Edosiho/Documents/GitHub/C.A.T.S/CATS/Content/sillon.uasset
[2015.11.26-01.43.28:155][463]MaterialEditorStats: Info Base pass shader with static lighting: 99 instructions
[2015.11.26-01.43.28:155][463]MaterialEditorStats: Info Base pass shader with only dynamic lighting: 70 instructions
[2015.11.26-01.43.28:155][463]MaterialEditorStats: Info Vertex shader: 35 instructions
[2015.11.26-01.43.28:155][463]MaterialEditorStats: Info Texture samplers: 5/16
[2015.11.26-01.43.55:406][727]LogMaterialEditor: Saving and Compiling material sillon
[2015.11.26-01.43.56:725][727]LogMaterial: Missing cached shader map for material sillon, compiling. 
[2015.11.26-01.43.56:754][727]LogMaterial: 0.000111 seconds spent updating 1 materials, 1 interfaces, 0 instances, 0 with static permutations.
[2015.11.26-01.43.56:827][727]LogMaterial: Missing cached shader map for material sillon, compiling. 
[2015.11.26-01.43.56:881][727]LogMaterial: Missing cached shader map for material sillon, compiling. 
[2015.11.26-01.43.56:898][727]LogMaterial: 0.001706 seconds spent updating 1 materials, 1 interfaces, 0 instances, 0 with static permutations.
[2015.11.26-01.44.08:724][727]Cmd: OBJ SAVEPACKAGE PACKAGE="/Game/sillon" FILE="../../../../../../Users/Edosiho/Documents/GitHub/C.A.T.S/CATS/Content/sillon.uasset" SILENT=true
[2015.11.26-01.44.08:770][727]LogSavePackage: Save=24.577799ms
[2015.11.26-01.44.08:770][727]LogSavePackage: Moving '../../../../../../Users/Edosiho/Documents/GitHub/C.A.T.S/CATS/Saved/sillonE96248BC4578672BFDCA40A6EE67F84E.tmp' to '../../../../../../Users/Edosiho/Documents/GitHub/C.A.T.S/CATS/Content/sillon.uasset'
[2015.11.26-01.44.08:777][727]LogSavePackage: Total save time: 50.133854ms
[2015.11.26-01.44.08:777][727]LogSavePackage:Warning: Finished SavePackage ../../../../../../Users/Edosiho/Documents/GitHub/C.A.T.S/CATS/Content/sillon.uasset
[2015.11.26-01.44.08:797][728]MaterialEditorStats: Info Base pass shader with static lighting: 99 instructions
[2015.11.26-01.44.08:797][728]MaterialEditorStats: Info Base pass shader with only dynamic lighting: 70 instructions
[2015.11.26-01.44.08:797][728]MaterialEditorStats: Info Vertex shader: 36 instructions
[2015.11.26-01.44.08:797][728]MaterialEditorStats: Info Texture samplers: 5/16
[2015.11.26-01.44.24:641][380]Cmd: OBJ SAVEPACKAGE PACKAGE="/Game/Cats/catsmejorado" FILE="../../../../../../Users/Edosiho/Documents/GitHub/C.A.T.S/CATS/Content/Cats/catsmejorado.umap" SILENT=true AUTOSAVING=false KEEPDIRTY=false
[2015.11.26-01.44.24:755][380]LogBlueprint:Warning: [compiler catsmejorado] Warning Could not find a variable named "BolaAtras" in 'Gateeto_C'.
Make sure 'Gateeto_C' has been compiled for  Get BolaAtras 
[2015.11.26-01.44.24:756][380]LogBlueprint:Warning: [compiler catsmejorado] Warning [1070.98] Compile of catsmejorado successful, but with 1 Warning(s) [in 7 ms]
[2015.11.26-01.44.24:757][380]LogBlueprint:Warning: [compiler catsmejorado] Warning [1070.98] Compile of catsmejorado successful, but with 2 Warning(s) [in 0 ms]
[2015.11.26-01.44.24:757][380]LogBlueprint:Warning: [compiler catsmejorado] Warning [1070.98] Compile of catsmejorado successful, but with 3 Warning(s) [in 0 ms]
[2015.11.26-01.44.24:830][380]LogBlueprint:Warning: [compiler catsmejorado] Warning [1071.05] Compile of catsmejorado successful, but with 4 Warning(s) [in 72 ms]
[2015.11.26-01.44.24:831][380]LogBlueprint:Warning: [compiler catsmejorado] Warning [1071.05] Compile of catsmejorado successful, but with 5 Warning(s) [in 0 ms]
[2015.11.26-01.44.24:831][380]LogBlueprint:Warning: [compiler catsmejorado] Warning [1071.05] Compile of catsmejorado successful, but with 6 Warning(s) [in 0 ms]
[2015.11.26-01.44.25:281][380]LogSavePackage: Save=536.373718ms
[2015.11.26-01.44.25:281][380]LogSavePackage: Moving '../../../../../../Users/Edosiho/Documents/GitHub/C.A.T.S/CATS/Saved/catsmejorado2FE21C0C47B8FC1BD32EBCA6734FE81A.tmp' to '../../../../../../Users/Edosiho/Documents/GitHub/C.A.T.S/CATS/Content/Cats/catsmejorado.umap'
[2015.11.26-01.44.25:291][380]LogSavePackage: Total save time: 565.107301ms
[2015.11.26-01.44.25:291][380]LogSavePackage:Warning: Finished SavePackage ../../../../../../Users/Edosiho/Documents/GitHub/C.A.T.S/CATS/Content/Cats/catsmejorado.umap
[2015.11.26-01.58.29:873][982]LogWindowsTextInputMethodSystem:Display: IME system now deactivated.
[2015.11.26-01.58.30:378][983]Cmd: QUIT_EDITOR
[2015.11.26-01.58.30:998][983]LogExit: Preparing to exit.
[2015.11.26-01.58.31:575][983]LogExit: Editor shut down
[2015.11.26-01.58.31:577][983]LogExit: Transaction tracking system shut down
[2015.11.26-01.58.31:631][983]LogParticles: Destroying 0 GPU particle simulations for FXSystem 0x0000009517224360
[2015.11.26-01.58.31:631][983]LogParticles: Destroying 0 GPU particle simulations for FXSystem 0x0000009517224900
[2015.11.26-01.58.31:632][983]LogParticles: Destroying 0 GPU particle simulations for FXSystem 0x00000095121EE480
[2015.11.26-01.58.31:632][983]LogParticles: Destroying 0 GPU particle simulations for FXSystem 0x0000009507802160
[2015.11.26-01.58.31:632][983]LogParticles: Destroying 0 GPU particle simulations for FXSystem 0x0000009512FEBA60
[2015.11.26-01.58.31:651][983]LogParticles: Destroying 0 GPU particle simulations for FXSystem 0x00000095022451C0
[2015.11.26-01.58.31:680][983]LogParticles: Destroying 0 GPU particle simulations for FXSystem 0x0000009515F596C0
[2015.11.26-01.58.32:085][983]LogExit: Object subsystem successfully closed.
[2015.11.26-01.58.32:098][983]LogD3D11RHI: Shutdown
[2015.11.26-01.58.32:098][983]LogD3D11RHI: CleanupD3DDevice
[2015.11.26-01.58.32:458][983]LogD3D11RHI: ~FD3D11DynamicRHI
[2015.11.26-01.58.32:529][983]LogModuleManager: Shutting down and abandoning module MaterialEditor (202)
[2015.11.26-01.58.32:529][983]LogModuleManager: Shutting down and abandoning module SequencerWidgets (201)
[2015.11.26-01.58.32:529][983]LogModuleManager: Shutting down and abandoning module BlueprintGraph (200)
[2015.11.26-01.58.32:529][983]LogModuleManager: Shutting down and abandoning module CrashTracker (199)
[2015.11.26-01.58.32:529][983]LogModuleManager: Shutting down and abandoning module SceneOutliner (198)
[2015.11.26-01.58.32:529][983]LogModuleManager: Shutting down and abandoning module SuperSearch (197)
[2015.11.26-01.58.32:529][983]LogModuleManager: Shutting down and abandoning module WidgetCarousel (196)
[2015.11.26-01.58.32:529][983]LogModuleManager: Shutting down and abandoning module AddContentDialog (195)
[2015.11.26-01.58.32:533][983]LogModuleManager: Shutting down and abandoning module EditorWidgets (194)
[2015.11.26-01.58.32:533][983]LogModuleManager: Shutting down and abandoning module CollectionManager (193)
[2015.11.26-01.58.32:534][983]LogModuleManager: Shutting down and abandoning module StatsViewer (192)
[2015.11.26-01.58.32:534][983]LogModuleManager: Shutting down and abandoning module FoliageEdit (191)
[2015.11.26-01.58.32:534][983]LogModuleManager: Shutting down and abandoning module LandscapeEditor (190)
[2015.11.26-01.58.32:534][983]LogModuleManager: Shutting down and abandoning module ActorPickerMode (189)
[2015.11.26-01.58.32:534][983]LogModuleManager: Shutting down and abandoning module GeometryMode (188)
[2015.11.26-01.58.32:534][983]LogModuleManager: Shutting down and abandoning module TextureAlignMode (187)
[2015.11.26-01.58.32:534][983]LogModuleManager: Shutting down and abandoning module BspMode (186)
[2015.11.26-01.58.32:534][983]LogModuleManager: Shutting down and abandoning module PlacementMode (185)
[2015.11.26-01.58.32:534][983]LogModuleManager: Shutting down and abandoning module AutomationWorker (184)
[2015.11.26-01.58.32:534][983]LogModuleManager: Shutting down and abandoning module CharacterAI (183)
[2015.11.26-01.58.32:534][983]LogModuleManager: Shutting down and abandoning module SmartSnapping (182)
[2015.11.26-01.58.32:534][983]LogModuleManager: Shutting down and abandoning module ViewportSnapping (181)
[2015.11.26-01.58.32:534][983]LogModuleManager: Shutting down and abandoning module LogVisualizer (180)
[2015.11.26-01.58.32:535][983]LogModuleManager: Shutting down and abandoning module GameProjectGeneration (179)
[2015.11.26-01.58.32:535][983]LogModuleManager: Shutting down and abandoning module IntroTutorials (178)
[2015.11.26-01.58.32:535][983]LogModuleManager: Shutting down and abandoning module EditorLiveStreaming (177)
[2015.11.26-01.58.32:535][983]LogModuleManager: Shutting down and abandoning module IOSPlatformEditor (176)
[2015.11.26-01.58.32:535][983]LogModuleManager: Shutting down and abandoning module HTML5PlatformEditor (175)
[2015.11.26-01.58.32:535][983]LogModuleManager: Shutting down and abandoning module AndroidDeviceDetection (174)
[2015.11.26-01.58.32:617][983]LogModuleManager: Shutting down and abandoning module AndroidPlatformEditor (173)
[2015.11.26-01.58.32:617][983]LogModuleManager: Shutting down and abandoning module IOSRuntimeSettings (172)
[2015.11.26-01.58.32:617][983]LogModuleManager: Shutting down and abandoning module AndroidRuntimeSettings (171)
[2015.11.26-01.58.32:617][983]LogModuleManager: Shutting down and abandoning module MergeActors (170)
[2015.11.26-01.58.32:617][983]LogModuleManager: Shutting down and abandoning module SizeMap (169)
[2015.11.26-01.58.32:617][983]LogModuleManager: Shutting down and abandoning module TreeMap (168)
[2015.11.26-01.58.32:617][983]LogModuleManager: Shutting down and abandoning module ReferenceViewer (167)
[2015.11.26-01.58.32:617][983]LogModuleManager: Shutting down and abandoning module LocalizationService (166)
[2015.11.26-01.58.32:617][983]LogModuleManager: Shutting down and abandoning module LocalizationDashboard (165)
[2015.11.26-01.58.32:617][983]LogModuleManager: Shutting down and abandoning module HardwareTargeting (164)
[2015.11.26-01.58.32:617][983]LogModuleManager: Shutting down and abandoning module DeviceProfileEditor (163)
[2015.11.26-01.58.32:617][983]LogModuleManager: Shutting down and abandoning module UndoHistory (162)
[2015.11.26-01.58.32:617][983]LogModuleManager: Shutting down and abandoning module GameplayTagsEditor (161)
[2015.11.26-01.58.32:617][983]LogModuleManager: Shutting down and abandoning module UserFeedback (160)
[2015.11.26-01.58.32:617][983]LogModuleManager: Shutting down and abandoning module XmlParser (159)
[2015.11.26-01.58.32:617][983]LogModuleManager: Shutting down and abandoning module Blutility (158)
[2015.11.26-01.58.32:617][983]LogModuleManager: Shutting down and abandoning module ProjectTargetPlatformEditor (157)
[2015.11.26-01.58.32:617][983]LogModuleManager: Shutting down and abandoning module ProjectSettingsViewer (156)
[2015.11.26-01.58.32:617][983]LogModuleManager: Shutting down and abandoning module InputBindingEditor (155)
[2015.11.26-01.58.32:618][983]LogModuleManager: Shutting down and abandoning module EditorSettingsViewer (154)
[2015.11.26-01.58.32:618][983]LogModuleManager: Shutting down and abandoning module SettingsEditor (153)
[2015.11.26-01.58.32:618][983]LogModuleManager: Shutting down and abandoning module ProjectLauncher (152)
[2015.11.26-01.58.32:618][983]LogModuleManager: Shutting down and abandoning module SessionFrontend (151)
[2015.11.26-01.58.32:618][983]LogModuleManager: Shutting down and abandoning module ProfilerClient (150)
[2015.11.26-01.58.32:618][983]LogModuleManager: Shutting down and abandoning module TargetDeviceServices (149)
[2015.11.26-01.58.32:618][983]LogModuleManager: Shutting down and abandoning module DeviceManager (148)
[2015.11.26-01.58.32:618][983]LogModuleManager: Shutting down and abandoning module AutomationController (147)
[2015.11.26-01.58.32:618][983]LogModuleManager: Shutting down and abandoning module AutomationWindow (146)
[2015.11.26-01.58.32:618][983]LogModuleManager: Shutting down and abandoning module Layers (145)
[2015.11.26-01.58.32:618][983]LogModuleManager: Shutting down and abandoning module ComponentVisualizers (144)
[2015.11.26-01.58.32:618][983]LogModuleManager: Shutting down and abandoning module DetailCustomizations (143)
[2015.11.26-01.58.32:618][983]LogModuleManager: Shutting down and abandoning module PackagesDialog (142)
[2015.11.26-01.58.32:618][983]LogModuleManager: Shutting down and abandoning module Persona (141)
[2015.11.26-01.58.32:619][983]LogModuleManager: Shutting down and abandoning module Kismet (140)
[2015.11.26-01.58.32:619][983]LogModuleManager: Shutting down and abandoning module GraphEditor (139)
[2015.11.26-01.58.32:619][983]LogModuleManager: Shutting down and abandoning module ClassViewer (138)
[2015.11.26-01.58.32:619][983]LogModuleManager: Shutting down and abandoning module Toolbox (137)
[2015.11.26-01.58.32:619][983]LogModuleManager: Shutting down and abandoning module ModuleUI (136)
[2015.11.26-01.58.32:619][983]LogModuleManager: Shutting down and abandoning module MovieSceneTools (135)
[2015.11.26-01.58.32:619][983]LogModuleManager: Shutting down and abandoning module OutputLog (134)
[2015.11.26-01.58.32:619][983]LogModuleManager: Shutting down and abandoning module GammaUI (133)
[2015.11.26-01.58.32:619][983]LogModuleManager: Shutting down and abandoning module Documentation (132)
[2015.11.26-01.58.32:619][983]LogModuleManager: Shutting down and abandoning module GameLiveStreaming (131)
[2015.11.26-01.58.32:619][983]LogModuleManager: Shutting down and abandoning module StreamingPauseRendering (130)
[2015.11.26-01.58.32:619][983]LogModuleManager: Shutting down and abandoning module AnalyticsET (129)
[2015.11.26-01.58.32:619][983]LogModuleManager: Shutting down and abandoning module Analytics (128)
[2015.11.26-01.58.32:619][983]LogModuleManager: Shutting down and abandoning module AITestSuite (127)
[2015.11.26-01.58.32:619][983]LogModuleManager: Shutting down and abandoning module GameplayDebugger (126)
[2015.11.26-01.58.32:619][983]LogModuleManager: Shutting down and abandoning module AIModule (125)
[2015.11.26-01.58.32:619][983]LogModuleManager: Shutting down and abandoning module ProfilerService (124)
[2015.11.26-01.58.32:690][983]LogModuleManager: Shutting down and abandoning module TaskGraph (123)
[2015.11.26-01.58.32:690][983]LogModuleManager: Shutting down and abandoning module SubstanceEditor (122)
[2015.11.26-01.58.32:690][983]LogModuleManager: Shutting down and abandoning module SlateRemote (121)
[2015.11.26-01.58.32:690][983]LogModuleManager: Shutting down and abandoning module SteamVRController (120)
[2015.11.26-01.58.32:690][983]LogModuleManager: Shutting down and abandoning module SteamVR (119)
[2015.11.26-01.58.32:690][983]LogModuleManager: Shutting down and abandoning module ProceduralMeshComponent (118)
[2015.11.26-01.58.32:690][983]LogModuleManager: Shutting down and abandoning module OculusRift (117)
[2015.11.26-01.58.32:690][983]LogModuleManager: Shutting down and abandoning module OculusLibrary (116)
[2015.11.26-01.58.32:690][983]LogModuleManager: Shutting down and abandoning module LeapMotionController (115)
[2015.11.26-01.58.32:704][983]LogModuleManager: Shutting down and abandoning module CustomMeshComponent (114)
[2015.11.26-01.58.32:705][983]LogModuleManager: Shutting down and abandoning module CableComponent (113)
[2015.11.26-01.58.32:705][983]LogModuleManager: Shutting down and abandoning module ArchVisCharacter (112)
[2015.11.26-01.58.32:705][983]LogModuleManager: Shutting down and abandoning module MessagingDebugger (111)
[2015.11.26-01.58.32:705][983]LogModuleManager: Shutting down and abandoning module MediaPlayerEditor (110)
[2015.11.26-01.58.32:705][983]LogModuleManager: Shutting down and abandoning module HTML5Networking (109)
[2015.11.26-01.58.32:705][983]LogModuleManager: Shutting down and abandoning module SpeedTreeImporter (108)
[2015.11.26-01.58.32:705][983]LogModuleManager: Shutting down and abandoning module PluginBrowser (107)
[2015.11.26-01.58.32:705][983]LogModuleManager: Shutting down and abandoning module EpicSurvey (106)
[2015.11.26-01.58.32:705][983]LogModuleManager: Shutting down and abandoning module DesktopPlatform (105)
[2015.11.26-01.58.32:705][983]LogModuleManager: Shutting down and abandoning module VisualStudioSourceCodeAccess (104)
[2015.11.26-01.58.32:705][983]LogModuleManager: Shutting down and abandoning module UObjectPlugin (103)
[2015.11.26-01.58.32:705][983]LogModuleManager: Shutting down and abandoning module SubversionSourceControl (102)
[2015.11.26-01.58.32:705][983]LogModuleManager: Shutting down and abandoning module PerforceSourceControl (101)
[2015.11.26-01.58.32:705][983]LogModuleManager: Shutting down and abandoning module SourceControl (100)
[2015.11.26-01.58.32:705][983]LogModuleManager: Shutting down and abandoning module GitSourceControl (99)
[2015.11.26-01.58.32:705][983]LogModuleManager: Shutting down and abandoning module LightPropagationVolumeEditor (98)
[2015.11.26-01.58.32:705][983]LogModuleManager: Shutting down and abandoning module PaperTiledImporter (97)
[2015.11.26-01.58.32:705][983]LogModuleManager: Shutting down and abandoning module PaperSpriteSheetImporter (96)
[2015.11.26-01.58.32:705][983]LogModuleManager: Shutting down and abandoning module MeshPaint (95)
[2015.11.26-01.58.32:705][983]LogModuleManager: Shutting down and abandoning module SlateReflector (94)
[2015.11.26-01.58.32:705][983]LogModuleManager: Shutting down and abandoning module HotReload (93)
[2015.11.26-01.58.32:705][983]LogModuleManager: Shutting down and abandoning module MainFrame (92)
[2015.11.26-01.58.32:706][983]LogModuleManager: Shutting down and abandoning module LevelEditor (91)
[2015.11.26-01.58.32:707][983]LogModuleManager: Shutting down and abandoning module ContentBrowser (90)
[2015.11.26-01.58.32:709][983]LogModuleManager: Shutting down and abandoning module Paper2DEditor (89)
[2015.11.26-01.58.32:709][983]LogModuleManager: Shutting down and abandoning module UdpMessaging (88)
[2015.11.26-01.58.32:810][983]LogModuleManager: Shutting down and abandoning module DirectoryWatcher (87)
[2015.11.26-01.58.32:812][983]LogModuleManager: Shutting down and abandoning module AssetRegistry (86)
[2015.11.26-01.58.32:915][983]LogModuleManager: Shutting down and abandoning module SubstanceCore (85)
[2015.11.26-01.58.32:915][983]LogModuleManager: Shutting down and abandoning module LightPropagationVolumeRuntime (84)
[2015.11.26-01.58.32:915][983]LogModuleManager: Shutting down and abandoning module Paper2D (83)
[2015.11.26-01.58.32:915][983]LogModuleManager: Shutting down and abandoning module WindowsMoviePlayer (82)
[2015.11.26-01.58.32:917][983]LogModuleManager: Shutting down and abandoning module Media (81)
[2015.11.26-01.58.32:917][983]LogModuleManager: Shutting down and abandoning module WmfMedia (80)
[2015.11.26-01.58.32:917][983]LogModuleManager: Shutting down and abandoning module OnlineBlueprintSupport (79)
[2015.11.26-01.58.32:917][983]LogModuleManager: Shutting down and abandoning module GameplayTasksEditor (78)
[2015.11.26-01.58.32:917][983]LogModuleManager: Shutting down and abandoning module PropertyEditor (77)
[2015.11.26-01.58.32:917][983]LogModuleManager: Shutting down and abandoning module BehaviorTreeEditor (76)
[2015.11.26-01.58.32:917][983]LogModuleManager: Shutting down and abandoning module FunctionalTesting (75)
[2015.11.26-01.58.32:917][983]LogModuleManager: Shutting down and abandoning module CollisionAnalyzer (74)
[2015.11.26-01.58.32:917][983]LogModuleManager: Shutting down and abandoning module WorkspaceMenuStructure (73)
[2015.11.26-01.58.32:917][983]LogModuleManager: Shutting down and abandoning module MessageLog (72)
[2015.11.26-01.58.32:917][983]LogModuleManager: Shutting down and abandoning module Sequencer (71)
[2015.11.26-01.58.32:917][983]LogModuleManager: Shutting down and abandoning module AssetTools (70)
[2015.11.26-01.58.32:917][983]LogModuleManager: Shutting down and abandoning module UMGEditor (69)
[2015.11.26-01.58.32:918][983]LogModuleManager: Shutting down and abandoning module UMG (68)
[2015.11.26-01.58.32:918][983]LogModuleManager: Shutting down and abandoning module Slate (67)
[2015.11.26-01.58.32:918][983]LogModuleManager: Shutting down and abandoning module EditorStyle (66)
[2015.11.26-01.58.32:921][983]LogModuleManager: Shutting down and abandoning module SessionServices (65)
[2015.11.26-01.58.32:921][983]LogModuleManager: Shutting down and abandoning module SourceCodeAccess (64)
[2015.11.26-01.58.32:922][983]LogModuleManager: Shutting down and abandoning module HeadMountedDisplay (63)
[2015.11.26-01.58.32:922][983]LogModuleManager: Shutting down and abandoning module XAudio2 (62)
[2015.11.26-01.58.32:922][983]LogModuleManager: Shutting down and abandoning module Networking (60)
[2015.11.26-01.58.32:922][983]LogModuleManager: Shutting down and abandoning module Core (59)
[2015.11.26-01.58.32:922][983]LogModuleManager: Shutting down and abandoning module KismetCompiler (58)
[2015.11.26-01.58.32:922][983]LogModuleManager: Shutting down and abandoning module PhysXFormats (57)
[2015.11.26-01.58.32:922][983]LogModuleManager: Shutting down and abandoning module MeshUtilities (56)
[2015.11.26-01.58.32:922][983]LogModuleManager: Shutting down and abandoning module CookingStats (55)
[2015.11.26-01.58.32:925][983]LogModuleManager: Shutting down and abandoning module DerivedDataCache (54)
[2015.11.26-01.58.32:927][983]LogDerivedDataCache: Shutdown
[2015.11.26-01.58.32:927][983]LogModuleManager: Shutting down and abandoning module ShaderFormatOpenGL (53)
[2015.11.26-01.58.32:927][983]LogModuleManager: Shutting down and abandoning module ShaderFormatD3D (52)
[2015.11.26-01.58.32:927][983]LogModuleManager: Shutting down and abandoning module MetalShaderFormat (51)
[2015.11.26-01.58.32:927][983]LogModuleManager: Shutting down and abandoning module TextureFormatUncompressed (50)
[2015.11.26-01.58.32:927][983]LogModuleManager: Shutting down and abandoning module TextureFormatPVR (49)
[2015.11.26-01.58.32:927][983]LogModuleManager: Shutting down and abandoning module TextureFormatIntelISPCTexComp (48)
[2015.11.26-01.58.32:927][983]LogModuleManager: Shutting down and abandoning module TextureFormatDXT (47)
[2015.11.26-01.58.32:927][983]LogModuleManager: Shutting down and abandoning module ImageWrapper (46)
[2015.11.26-01.58.32:927][983]LogModuleManager: Shutting down and abandoning module TextureFormatASTC (45)
[2015.11.26-01.58.32:927][983]LogModuleManager: Shutting down and abandoning module TextureFormatAndroid (44)
[2015.11.26-01.58.32:927][983]LogModuleManager: Shutting down and abandoning module AudioFormatOpus (43)
[2015.11.26-01.58.32:927][983]LogModuleManager: Shutting down and abandoning module AudioFormatOgg (42)
[2015.11.26-01.58.32:927][983]LogModuleManager: Shutting down and abandoning module AudioFormatADPCM (41)
[2015.11.26-01.58.32:927][983]LogModuleManager: Shutting down and abandoning module LinuxTargetPlatform (40)
[2015.11.26-01.58.32:927][983]LogModuleManager: Shutting down and abandoning module LinuxServerTargetPlatform (39)
[2015.11.26-01.58.32:927][983]LogModuleManager: Shutting down and abandoning module LinuxNoEditorTargetPlatform (38)
[2015.11.26-01.58.32:928][983]LogModuleManager: Shutting down and abandoning module Messaging (37)
[2015.11.26-01.58.32:928][983]LogModuleManager: Shutting down and abandoning module IOSTargetPlatform (36)
[2015.11.26-01.58.32:928][983]LogModuleManager: Shutting down and abandoning module HTML5TargetPlatform (35)
[2015.11.26-01.58.32:928][983]LogModuleManager: Shutting down and abandoning module Android_PVRTCTargetPlatform (34)
[2015.11.26-01.58.32:928][983]LogModuleManager: Shutting down and abandoning module Android_ETC2TargetPlatform (33)
[2015.11.26-01.58.32:928][983]LogModuleManager: Shutting down and abandoning module Android_ETC1TargetPlatform (32)
[2015.11.26-01.58.32:928][983]LogModuleManager: Shutting down and abandoning module Android_DXTTargetPlatform (31)
[2015.11.26-01.58.32:928][983]LogModuleManager: Shutting down and abandoning module Android_ATCTargetPlatform (30)
[2015.11.26-01.58.32:928][983]LogModuleManager: Shutting down and abandoning module Android_ASTCTargetPlatform (29)
[2015.11.26-01.58.32:928][983]LogModuleManager: Shutting down and abandoning module AndroidTargetPlatform (28)
[2015.11.26-01.58.32:928][983]LogModuleManager: Shutting down and abandoning module WindowsTargetPlatform (27)
[2015.11.26-01.58.32:928][983]LogModuleManager: Shutting down and abandoning module WindowsServerTargetPlatform (26)
[2015.11.26-01.58.32:928][983]LogModuleManager: Shutting down and abandoning module WindowsNoEditorTargetPlatform (25)
[2015.11.26-01.58.32:928][983]LogModuleManager: Shutting down and abandoning module WindowsClientTargetPlatform (24)
[2015.11.26-01.58.32:928][983]LogModuleManager: Shutting down and abandoning module AllDesktopTargetPlatform (23)
[2015.11.26-01.58.32:928][983]LogModuleManager: Shutting down and abandoning module TargetPlatform (22)
[2015.11.26-01.58.32:928][983]LogModuleManager: Shutting down and abandoning module InputCore (21)
[2015.11.26-01.58.32:928][983]LogModuleManager: Shutting down and abandoning module Settings (20)
[2015.11.26-01.58.32:928][983]LogModuleManager: Shutting down and abandoning module OnlineSubsystem (18)
[2015.11.26-01.58.32:928][983]LogModuleManager: Shutting down and abandoning module HTTP (17)
[2015.11.26-01.59.37:053][983]LogModuleManager: Shutting down and abandoning module XMPP (16)
[2015.11.26-01.59.37:053][983]LogModuleManager: Shutting down and abandoning module ExampleDeviceProfileSelector (15)
[2015.11.26-01.59.37:053][983]LogModuleManager: Shutting down and abandoning module TextureCompressor (14)
[2015.11.26-01.59.37:053][983]LogModuleManager: Shutting down and abandoning module ShaderCore (13)
[2015.11.26-01.59.37:053][983]LogModuleManager: Shutting down and abandoning module Landscape (12)
[2015.11.26-01.59.37:053][983]LogModuleManager: Shutting down and abandoning module SlateRHIRenderer (11)
[2015.11.26-01.59.37:059][983]LogModuleManager: Shutting down and abandoning module OpenGLDrv (10)
[2015.11.26-01.59.37:059][983]LogModuleManager: Shutting down and abandoning module D3D11RHI (9)
[2015.11.26-01.59.37:059][983]LogModuleManager: Shutting down and abandoning module AnimGraphRuntime (8)
[2015.11.26-01.59.37:059][983]LogModuleManager: Shutting down and abandoning module Renderer (7)
[2015.11.26-01.59.37:059][983]LogModuleManager: Shutting down and abandoning module Engine (6)
[2015.11.26-01.59.37:059][983]LogModuleManager: Shutting down and abandoning module CoreUObject (5)
[2015.11.26-01.59.37:059][983]LogModuleManager: Shutting down and abandoning module NetworkFile (4)
[2015.11.26-01.59.37:059][983]LogModuleManager: Shutting down and abandoning module StreamingFile (3)
[2015.11.26-01.59.37:059][983]LogModuleManager: Shutting down and abandoning module SandboxFile (2)
[2015.11.26-01.59.37:059][983]LogModuleManager: Shutting down and abandoning module PakFile (1)
[2015.11.26-01.59.37:061][983]LogExit: Exiting.
[2015.11.26-01.59.37:064][983]Log file closed, 11/25/15 19:59:37
