[2015.11.23-15.50.51:452][  0]Log file open, 11/23/15 09:50:51
[2015.11.23-15.50.51:452][  0]LogInit:Display: Running engine for game: CATS
[2015.11.23-15.50.51:452][  0]LogInit:Display: RandInit(-778582358) SRandInit(-778582355).
[2015.11.23-15.50.51:452][  0]LogTaskGraph: Started task graph with 4 named threads and 5 total threads.
[2015.11.23-15.50.51:452][  0]LogStats: Stats thread started at 0.375040
[2015.11.23-15.50.51:452][  0]LogInit: Version: 4.9.1-2689999+++depot+UE4-Releases+4.9
[2015.11.23-15.50.51:452][  0]LogInit: API Version: 2672455
[2015.11.23-15.50.51:452][  0]LogInit: Compiled (64-bit): Sep 14 2015 04:12:03
[2015.11.23-15.50.51:452][  0]LogInit: Compiled with Visual C++: 18.00.21005.01
[2015.11.23-15.50.51:452][  0]LogInit: Build Configuration: Development
[2015.11.23-15.50.51:452][  0]LogInit: Branch Name: ++depot+UE4-Releases+4.9
[2015.11.23-15.50.51:452][  0]LogInit: Command line:  
[2015.11.23-15.50.51:452][  0]LogInit: Base directory: C:/Program Files/Epic Games/4.9/Engine/Binaries/Win64/
[2015.11.23-15.50.51:452][  0]LogInit: Rocket: 1
[2015.11.23-15.50.51:510][  0]LogInit: Using libcurl 7.41.0
[2015.11.23-15.50.51:510][  0]LogInit:  - built for x86_64-pc-win32
[2015.11.23-15.50.51:510][  0]LogInit:  - supports SSL with WinSSL
[2015.11.23-15.50.51:510][  0]LogInit:  - other features:
[2015.11.23-15.50.51:510][  0]LogInit:      CURL_VERSION_SSL
[2015.11.23-15.50.51:510][  0]LogInit:      CURL_VERSION_IPV6
[2015.11.23-15.50.51:510][  0]LogInit:      CURL_VERSION_ASYNCHDNS
[2015.11.23-15.50.51:510][  0]LogInit:      CURL_VERSION_LARGEFILE
[2015.11.23-15.50.51:510][  0]LogInit:      CURL_VERSION_IDN
[2015.11.23-15.50.51:511][  0]LogInit:  CurlRequestOptions (configurable via config and command line):
[2015.11.23-15.50.51:511][  0]LogInit:  - bVerifyPeer = true  - Libcurl will verify peer certificate
[2015.11.23-15.50.51:511][  0]LogInit:  - bUseHttpProxy = false  - Libcurl will NOT use HTTP proxy
[2015.11.23-15.50.51:511][  0]LogInit:  - bDontReuseConnections = false  - Libcurl will reuse connections
[2015.11.23-15.50.51:511][  0]LogInit:  - CertBundlePath = nullptr  - Libcurl will use whatever was configured at build time.
[2015.11.23-15.50.51:554][  0]LogInit: Presizing for 0 objects not considered by GC, pre-allocating 0 bytes.
[2015.11.23-15.50.51:579][  0]LogInit: Object subsystem initialized
[2015.11.23-15.50.51:581][  0]LogInit: Selected Device Profile: [Windows]
[2015.11.23-15.50.51:581][  0]LogInit: Applying CVar settings loaded from the selected device profile: [Windows]
[2015.11.23-15.50.51:601][  0]LogInit: Computer: AGISE
[2015.11.23-15.50.51:601][  0]LogInit: User: Edosiho
[2015.11.23-15.50.51:601][  0]LogInit: CPU Page size=4096, Cores=2
[2015.11.23-15.50.51:601][  0]LogInit: High frequency timer resolution =2.208008 MHz
[2015.11.23-15.50.51:602][  0]LogMemory: Memory total: Physical=6.0GB (6GB approx)
[2015.11.23-15.50.51:602][  0]LogMemory: Platform Memory Stats for Windows
[2015.11.23-15.50.51:602][  0]LogMemory: Process Physical Memory: 55.90 MB used, 55.90 MB peak
[2015.11.23-15.50.51:602][  0]LogMemory: Process Virtual Memory: 58.92 MB used, 58.92 MB peak
[2015.11.23-15.50.51:602][  0]LogMemory: Physical Memory: 2185.84 MB used, 6131.91 MB total
[2015.11.23-15.50.51:602][  0]LogMemory: Virtual Memory: 351.80 MB used, 134217728.00 MB total
[2015.11.23-15.50.53:850][  0]LogD3D11RHI: Found D3D11 adapter 0: NVIDIA Quadro FX 770M (Feature Level 10_0)
[2015.11.23-15.50.53:850][  0]LogD3D11RHI: Adapter has 483MB of dedicated video memory, 0MB of dedicated system memory, and 3065MB of shared system memory, 1 output[s]
[2015.11.23-15.50.53:855][  0]LogD3D11RHI: Found D3D11 adapter 1: Microsoft Basic Render Driver (Feature Level 11_0)
[2015.11.23-15.50.53:855][  0]LogD3D11RHI: Adapter has 0MB of dedicated video memory, 0MB of dedicated system memory, and 256MB of shared system memory, 0 output[s]
[2015.11.23-15.50.53:855][  0]LogD3D11RHI: Chosen D3D11 Adapter Id = 0
[2015.11.23-15.50.53:863][  0]LogD3D11RHI: !Direct3DDevice
[2015.11.23-15.50.53:863][  0]LogRHI: Texture pool is 338 MB (70% of 483 MB)
[2015.11.23-15.50.53:894][  0]LogD3D11RHI: Async texture creation enabled
[2015.11.23-15.50.53:933][  0]LogShaderCompilers: Guid format shader working directory is 15 characters bigger than the processId version (../../../../../../Users/Edosiho/Documents/GitHub/C.A.T.S/CATS/Intermediate/Shaders/WorkingDirectory/6564/).
[2015.11.23-15.50.53:934][  0]LogShaderCompilers: Cleaned the shader compiler working directory '../../../../../../Users/Edosiho/Documents/GitHub/C.A.T.S/CATS/Intermediate/Shaders/tmp/855AFD4341213C659C1F1AA3FC5ADB11/'.
[2015.11.23-15.50.53:934][  0]LogShaderCompilers:Display: Using Local Shader Compiler.
[2015.11.23-15.51.01:811][  0]LogTemp:Display: Loaded TP AllDesktopTargetPlatform
[2015.11.23-15.51.01:835][  0]LogTemp:Display: Loaded TP WindowsClientTargetPlatform
[2015.11.23-15.51.01:861][  0]LogTemp:Display: Loaded TP WindowsNoEditorTargetPlatform
[2015.11.23-15.51.01:905][  0]LogTemp:Display: Loaded TP WindowsServerTargetPlatform
[2015.11.23-15.51.01:930][  0]LogTemp:Display: Loaded TP WindowsTargetPlatform
[2015.11.23-15.51.01:953][  0]LogTemp:Display: Loaded TP AndroidTargetPlatform
[2015.11.23-15.51.01:972][  0]LogTemp:Display: Loaded TP Android_ASTCTargetPlatform
[2015.11.23-15.51.02:004][  0]LogTemp:Display: Loaded TP Android_ATCTargetPlatform
[2015.11.23-15.51.02:039][  0]LogTemp:Display: Loaded TP Android_DXTTargetPlatform
[2015.11.23-15.51.02:068][  0]LogTemp:Display: Loaded TP Android_ETC1TargetPlatform
[2015.11.23-15.51.02:092][  0]LogTemp:Display: Loaded TP Android_ETC2TargetPlatform
[2015.11.23-15.51.02:114][  0]LogTemp:Display: Loaded TP Android_PVRTCTargetPlatform
[2015.11.23-15.51.02:156][  0]LogTemp:Display: Loaded TP HTML5TargetPlatform
[2015.11.23-15.51.02:244][  0]LogTemp:Display: Loaded TP IOSTargetPlatform
[2015.11.23-15.51.02:268][  0]LogTemp:Display: Loaded TP LinuxNoEditorTargetPlatform
[2015.11.23-15.51.02:302][  0]LogTemp:Display: Loaded TP LinuxServerTargetPlatform
[2015.11.23-15.51.02:327][  0]LogTemp:Display: Loaded TP LinuxTargetPlatform
[2015.11.23-15.51.02:327][  0]LogTargetPlatformManager:Display: Building Assets For Windows
[2015.11.23-15.51.03:575][  0]LogDerivedDataCache:Display: Max Cache Size: 512 MB
[2015.11.23-15.51.04:140][  0]LogDerivedDataCache: Loaded boot cache 0.54s 36MB C:/Users/Edosiho/AppData/Local/UnrealEngine/4.9/DerivedDataCache/Boot.ddc.
[2015.11.23-15.51.04:140][  0]LogDerivedDataCache:Display: Loaded Boot cache: C:/Users/Edosiho/AppData/Local/UnrealEngine/4.9/DerivedDataCache/Boot.ddc
[2015.11.23-15.51.04:140][  0]LogDerivedDataCache: FDerivedDataBackendGraph:  Pak pak cache file ../../../../../../Users/Edosiho/Documents/GitHub/C.A.T.S/CATS/DerivedDataCache/DDC.ddp not found, will not use a pak cache.
[2015.11.23-15.51.04:140][  0]LogDerivedDataCache: Unable to find inner node Pak for hierarchical cache Hierarchy.
[2015.11.23-15.51.04:140][  0]LogDerivedDataCache: FDerivedDataBackendGraph:  CompressedPak pak cache file ../../../../../../Users/Edosiho/Documents/GitHub/C.A.T.S/CATS/DerivedDataCache/Compressed.ddp not found, will not use a pak cache.
[2015.11.23-15.51.04:140][  0]LogDerivedDataCache: Unable to find inner node CompressedPak for hierarchical cache Hierarchy.
[2015.11.23-15.51.04:540][  0]LogDerivedDataCache:Display: Pak cache opened for reading ../../../Engine/DerivedDataCache/Compressed.ddp.
[2015.11.23-15.51.04:580][  0]LogDerivedDataCache: Using Local data cache path C:/Users/Edosiho/AppData/Local/UnrealEngine/Common/DerivedDataCache: Writable
[2015.11.23-15.51.12:145][  0]LogInit: Selected Device Profile: [Windows]
[2015.11.23-15.51.12:154][  0]LogContentStreaming: Texture pool size is 0.000000MB
[2015.11.23-15.51.12:753][  0]LogMeshUtilities: No automatic mesh reduction module available
[2015.11.23-15.51.12:753][  0]LogMeshUtilities: No automatic mesh merging module available
[2015.11.23-15.51.14:844][  0]LogInit: WinSock: version 1.1 (2.2), MaxSocks=32767, MaxUdp=65467
[2015.11.23-15.51.40:539][  0]LogAssetRegistry: FAssetRegistry took 0.0111 seconds to start up
[2015.11.23-15.51.40:632][  0]UdpMessaging: Initializing bridge on interface 0.0.0.0:0 to multicast group 230.0.0.1:6666.
[2015.11.23-15.51.43:541][  0]SourceControl: Info Source control is disabled
[2015.11.23-15.51.44:703][  0]SourceControl: Info Source control is disabled
[2015.11.23-15.51.44:784][  0]SourceControl: Info Source control is disabled
[2015.11.23-15.51.44:854][  0]SourceControl: Info Source control is disabled
[2015.11.23-15.51.46:293][  0]LogLinker:Warning: Asset '../../../Engine/Plugins/Runtime/LeapMotionController/Content/LM_PassthroughMaterial.uasset' has been saved with empty engine version. The asset will be loaded but may be incompatible.
[2015.11.23-15.51.46:833][  0]LogObj: 28528 objects as part of root set at end of initial load.
[2015.11.23-15.51.46:833][  0]LogUObjectAllocator: 6068456 out of 0 bytes used by permanent object pool.
[2015.11.23-15.51.47:105][  0]LogEngine: Initializing Engine...
[2015.11.23-15.51.47:110][  0]LogHMD: Can't find Oculus library dev build: is proper Runtime installed? Version: 0.7.0.0
[2015.11.23-15.51.47:171][  0]LogHMD: SteamVR failed to initialize.  Err: 110
[2015.11.23-15.51.47:825][  0]LogAIModule: Creating AISystem for world NewWorld
[2015.11.23-15.51.47:862][  0]LogInit: XAudio2 using 'Speakers (High Definition Audio Device)' : 2 channels at 44.1 kHz using 16 bits per sample (channel mask 0x3)
[2015.11.23-15.51.47:879][  0]LogInit: FAudioDevice initialized.
[2015.11.23-15.51.47:944][  0]LogDerivedDataCache: Saved boot cache 0.06s 36MB C:/Users/Edosiho/AppData/Local/UnrealEngine/4.9/DerivedDataCache/Boot.ddc.
[2015.11.23-15.51.48:038][  0]LogInit: Texture streaming: Enabled
[2015.11.23-15.51.48:093][  0]LogAnalytics: Creating configured Analytics provider AnalyticsET
[2015.11.23-15.51.48:093][  0]LogAnalytics: [UEEditor.Rocket.Release] APIServer = http://et2.epicgames.com/ET2/. AppVersion = 4.9.1-2689999+++depot+UE4-Releases+4.9
[2015.11.23-15.51.48:093][  0]LogAnalytics: [UEEditor.Rocket.Release] SetUserId a3ecda3c4d50cd275ecf7497f12b4d14|e806c5a3e75b4a14b122359eb3b7e1a6|4fbddb0b-eeea-41a9-880e-03c25a996dc0
[2015.11.23-15.51.48:093][  0]LogAnalytics: [UEEditor.Rocket.Release] AnalyticsET::StartSession
[2015.11.23-15.51.48:891][  0]LogInit: Transaction tracking system initialized
[2015.11.23-15.51.49:251][  0]BlueprintLog: New page: Editor Load
[2015.11.23-15.51.51:166][  0]LocalizationService: Info Localization service is disabled
[2015.11.23-15.51.52:069][  0]LogConsoleResponse:Display: 
[2015.11.23-15.51.57:313][  0]LogCook:Display: Done creating registry. It took  0.00s.
[2015.11.23-15.51.58:000][  0]LogFileCache: Scanning file cache for directory 'C:/Users/Edosiho/Documents/GitHub/C.A.T.S/CATS/Content/' took 0.05s
[2015.11.23-15.51.58:000][  0]SourceControl: Info Source control is disabled
[2015.11.23-15.51.58:000][  0]Cmd: MAP LOAD FILE="../../../../../../Users/Edosiho/Documents/GitHub/C.A.T.S/CATS/Content/ThirdPersonBP/Maps/ThirdPersonExampleMap.umap" TEMPLATE=0 SHOWPROGRESS=1 FEATURELEVEL=2
[2015.11.23-15.51.58:066][  0]LightingResults: New page: Lighting Build
[2015.11.23-15.51.58:080][  0]MapCheck: New page: Map Check
[2015.11.23-15.51.58:080][  0]LightingResults: New page: Lighting Build
[2015.11.23-15.51.58:115][  0]LogParticles: Destroying 0 GPU particle simulations for FXSystem 0x000000A9CF10A160
[2015.11.23-15.52.07:778][  0]LogAIModule: Creating AISystem for world ThirdPersonExampleMap
[2015.11.23-15.52.07:835][  0]LogEditorServer: Finished looking for orphan Actors (0.000 secs)
[2015.11.23-15.52.09:113][  0]Cmd: MAP CHECKDEP NOCLEARLOG
[2015.11.23-15.52.09:300][  0]MapCheck: Info Map check complete: 0 Error(s), 0 Warning(s), took 187.068ms to complete.
[2015.11.23-15.52.09:300][  0]LogFileHelpers: Loading map 'ThirdPersonExampleMap' took 11.300
[2015.11.23-15.52.09:807][  0]LogCollectionManager: Loaded 0 collections in 0.005862 seconds
[2015.11.23-15.52.09:861][  0]LogFileCache: Scanning file cache for directory 'C:/Users/Edosiho/Documents/GitHub/C.A.T.S/CATS/Saved/Collections/' took 0.01s
[2015.11.23-15.52.09:861][  0]LogFileCache: Scanning file cache for directory 'C:/Users/Edosiho/Documents/GitHub/C.A.T.S/CATS/Content/Developers/Edosiho/Collections/' took 0.01s
[2015.11.23-15.52.09:861][  0]LogFileCache: Scanning file cache for directory 'C:/Users/Edosiho/Documents/GitHub/C.A.T.S/CATS/Content/Collections/' took 0.01s
[2015.11.23-15.52.09:861][  0]LogContentBrowser: Native class hierarchy populated in 0.0159 seconds. Added 1882 classes and 339 folders.
[2015.11.23-15.52.09:870][  0]LogCollectionManager: Rebuilt the GUID cache for 0 collections in 0.000006 seconds
[2015.11.23-15.52.09:886][  0]LogContentBrowser: Native class hierarchy updated for 'WidgetCarousel' in 0.0008 seconds. Added 0 classes and 0 folders.
[2015.11.23-15.52.12:405][  0]LogContentBrowser: Native class hierarchy updated for 'AddContentDialog' in 0.0007 seconds. Added 0 classes and 0 folders.
[2015.11.23-15.52.12:429][  0]LogContentBrowser: Native class hierarchy updated for 'SceneOutliner' in 0.0007 seconds. Added 1 classes and 2 folders.
[2015.11.23-15.52.12:784][  0]LogCrashTracker: Crashtracker disabled due to settings.
[2015.11.23-15.52.12:791][  0]LogUObjectGlobals:Warning: Failed to find object 'Class None.'
[2015.11.23-15.52.12:893][  0]LogLoad: Full Startup: 83.53 seconds (BP compile: 0.79 seconds)
[2015.11.23-15.52.13:355][  0]LogContentStreaming: Texture pool size now 700 MB
[2015.11.23-15.52.13:724][  0]LogRenderer: Reallocating scene render targets to support 740x404 (Frame:2).
[2015.11.23-15.52.16:083][  9]LogAssetRegistry: Asset discovery search completed in 35.5547 seconds
[2015.11.23-15.52.16:083][  9]LogCollectionManager: Rebuilt the object cache for 0 collections in 0.000002 seconds (found 0 objects)
[2015.11.23-15.52.16:083][  9]LogCollectionManager: Fixed up redirectors for 0 collections in 0.000051 seconds (updated 0 objects)
[2015.11.23-15.52.20:954][251]LogLinker:Warning: Asset '../../../Engine/Content/ArtTools/RenderToTexture/Macros/RenderToTextureMacros.uasset' has been saved with empty engine version. The asset will be loaded but may be incompatible.
[2015.11.23-15.52.23:006][251]LogContentBrowser: Native class hierarchy updated for 'BlueprintGraph' in 0.0342 seconds. Added 107 classes and 0 folders.
[2015.11.23-15.52.26:491][251]LogPhysics:Warning: Initialising Body : Scale3D is (nearly) zero: Component: Gateeto_C_0.CharacterMesh0 SK_Mannequin Bone: spine_01 
[2015.11.23-15.52.26:491][251]LogPhysics:Warning: Initialising Body : Scale3D is (nearly) zero: Component: Gateeto_C_0.CharacterMesh0 SK_Mannequin Bone: spine_02 
[2015.11.23-15.52.26:491][251]LogPhysics:Warning: Initialising Body : Scale3D is (nearly) zero: Component: Gateeto_C_0.CharacterMesh0 SK_Mannequin Bone: pelvis 
[2015.11.23-15.52.26:491][251]LogPhysics:Warning: Initialising Body : Scale3D is (nearly) zero: Component: Gateeto_C_0.CharacterMesh0 SK_Mannequin Bone: thigh_l 
[2015.11.23-15.52.26:491][251]LogPhysics:Warning: Initialising Body : Scale3D is (nearly) zero: Component: Gateeto_C_0.CharacterMesh0 SK_Mannequin Bone: calf_l 
[2015.11.23-15.52.26:491][251]LogPhysics:Warning: Initialising Body : Scale3D is (nearly) zero: Component: Gateeto_C_0.CharacterMesh0 SK_Mannequin Bone: foot_l 
[2015.11.23-15.52.26:491][251]LogPhysics:Warning: Initialising Body : Scale3D is (nearly) zero: Component: Gateeto_C_0.CharacterMesh0 SK_Mannequin Bone: thigh_r 
[2015.11.23-15.52.26:491][251]LogPhysics:Warning: Initialising Body : Scale3D is (nearly) zero: Component: Gateeto_C_0.CharacterMesh0 SK_Mannequin Bone: calf_r 
[2015.11.23-15.52.26:491][251]LogPhysics:Warning: Initialising Body : Scale3D is (nearly) zero: Component: Gateeto_C_0.CharacterMesh0 SK_Mannequin Bone: foot_r 
[2015.11.23-15.52.26:491][251]LogPhysics:Warning: Initialising Body : Scale3D is (nearly) zero: Component: Gateeto_C_0.CharacterMesh0 SK_Mannequin Bone: upperarm_r 
[2015.11.23-15.52.26:491][251]LogPhysics:Warning: Initialising Body : Scale3D is (nearly) zero: Component: Gateeto_C_0.CharacterMesh0 SK_Mannequin Bone: lowerarm_r 
[2015.11.23-15.52.26:491][251]LogPhysics:Warning: Initialising Body : Scale3D is (nearly) zero: Component: Gateeto_C_0.CharacterMesh0 SK_Mannequin Bone: hand_r 
[2015.11.23-15.52.26:491][251]LogPhysics:Warning: Initialising Body : Scale3D is (nearly) zero: Component: Gateeto_C_0.CharacterMesh0 SK_Mannequin Bone: upperarm_l 
[2015.11.23-15.52.26:491][251]LogPhysics:Warning: Initialising Body : Scale3D is (nearly) zero: Component: Gateeto_C_0.CharacterMesh0 SK_Mannequin Bone: lowerarm_l 
[2015.11.23-15.52.26:492][251]LogPhysics:Warning: Initialising Body : Scale3D is (nearly) zero: Component: Gateeto_C_0.CharacterMesh0 SK_Mannequin Bone: hand_l 
[2015.11.23-15.52.26:492][251]LogPhysics:Warning: Initialising Body : Scale3D is (nearly) zero: Component: Gateeto_C_0.CharacterMesh0 SK_Mannequin Bone: neck_01 
[2015.11.23-15.52.26:492][251]LogPhysics:Warning: Initialising Body : Scale3D is (nearly) zero: Component: Gateeto_C_0.CharacterMesh0 SK_Mannequin Bone: head 
[2015.11.23-15.52.26:492][251]LogPhysics:Warning: Initialising Body : Scale3D is (nearly) zero: Component: Gateeto_C_0.CharacterMesh0 SK_Mannequin Bone: ball_r 
[2015.11.23-15.52.26:492][251]LogPhysics:Warning: Initialising Body : Scale3D is (nearly) zero: Component: Gateeto_C_0.CharacterMesh0 SK_Mannequin Bone: ball_l 
[2015.11.23-15.53.29:825][249]LogStreaming:Warning: Failed to open ANSI TEXT file C:/Users/Edosiho/Documents/GitHub/C.A.T.S/CATS/Saved/HardwareSurvey/dxdiag.txt
[2015.11.23-15.53.29:885][250]LogSynthBenchmark:Display: FSynthBenchmark (V0.95):  requested WorkScale=1.00
[2015.11.23-15.53.29:885][250]LogSynthBenchmark:Display: ===============
[2015.11.23-15.53.29:885][250]LogSynthBenchmark:Display: Main Processor:
[2015.11.23-15.53.29:960][250]LogSynthBenchmark:Display:          ... 0.038172 s/Run 'RayIntersect'
[2015.11.23-15.53.29:960][250]LogSynthBenchmark:Display:          ... 0.036347 s/Run 'Fractal'
[2015.11.23-15.53.29:960][250]LogSynthBenchmark:Display: 
[2015.11.23-15.53.29:960][250]LogSynthBenchmark:Display:   CompiledTarget_x_Bits: 64
[2015.11.23-15.53.29:960][250]LogSynthBenchmark:Display:   UE_BUILD_SHIPPING: 0
[2015.11.23-15.53.29:960][250]LogSynthBenchmark:Display:   UE_BUILD_TEST: 0
[2015.11.23-15.53.29:960][250]LogSynthBenchmark:Display:   UE_BUILD_DEBUG: 0
[2015.11.23-15.53.29:960][250]LogSynthBenchmark:Display:   TotalPhysicalGBRam: 6
[2015.11.23-15.53.29:960][250]LogSynthBenchmark:Display:   NumberOfCores (physical): 2
[2015.11.23-15.53.29:960][250]LogSynthBenchmark:Display:   NumberOfCores (logical): 2
[2015.11.23-15.53.29:960][250]LogSynthBenchmark:Display:   CPU Perf Index 0: 67.1
[2015.11.23-15.53.29:960][250]LogSynthBenchmark:Display:   CPU Perf Index 1: 78.7
[2015.11.23-15.53.29:960][250]LogSynthBenchmark:Display:  
[2015.11.23-15.53.29:960][250]LogSynthBenchmark:Display: Graphics:
[2015.11.23-15.53.29:960][250]LogSynthBenchmark:Display:   Adapter Name: 'NVIDIA Quadro FX 770M'
[2015.11.23-15.53.29:960][250]LogSynthBenchmark:Display:   (On Optimus the name might be wrong, memory should be ok)
[2015.11.23-15.53.29:960][250]LogSynthBenchmark:Display:   Vendor Id: 0x10de
[2015.11.23-15.53.29:960][250]LogSynthBenchmark:Display:   GPU Memory: 484/0/3066 MB
[2015.11.23-15.53.29:960][250]LogSynthBenchmark:Display:   CPUIndex: 67.1
[2015.11.23-15.53.29:960][250]LogSynthBenchmark:Display:   GPUIndex: -1.$
[2015.11.23-15.53.29:960][250]LogSynthBenchmark:Display: 
[2015.11.23-15.53.29:960][250]LogSynthBenchmark:Display:          ... Total Time: 0.074990 sec
[2015.11.23-15.53.42:026][586]LogFactory: FactoryCreateBinary: Texture with ReimportTextureFactory (0 0 C:\Users\Edosiho\Desktop\Spritesheetsbuenos\avientader.png)
[2015.11.23-15.53.42:470][586]LogTexture:Display: Building textures: avientader (BGRA8)
[2015.11.23-15.53.51:350][923]LogContentBrowser: Native class hierarchy updated for 'TextureEditor' in 0.0008 seconds. Added 1 classes and 2 folders.
[2015.11.23-15.54.36:300][  0]LogRenderer: Reallocating scene render targets to support 1016x508 (Frame:11).
[2015.11.23-15.55.55:378][228]LogActorComponent: UnregisterComponent: (/Engine/Transient.CharMoveComp) Not registered. Aborting.
[2015.11.23-15.55.55:659][228]LogParticles: Destroying 0 GPU particle simulations for FXSystem 0x000000A9D395EFC0
[2015.11.23-15.55.58:134][228]Cmd: OBJ SAVEPACKAGE PACKAGE="/Game/Cats/Cat/Avientader/avientadeer" FILE="../../../../../../Users/Edosiho/Documents/GitHub/C.A.T.S/CATS/Content/Cats/Cat/Avientader/avientadeer.uasset" SILENT=true
[2015.11.23-15.55.58:404][228]LogSavePackage: Save=146.482712ms
[2015.11.23-15.55.58:404][228]LogSavePackage: Moving '../../../../../../Users/Edosiho/Documents/GitHub/C.A.T.S/CATS/Saved/avientadeer229FDE604E6780269C34C5A4B13E5F0D.tmp' to '../../../../../../Users/Edosiho/Documents/GitHub/C.A.T.S/CATS/Content/Cats/Cat/Avientader/avientadeer.uasset'
[2015.11.23-15.55.58:437][228]LogSavePackage: Total save time: 196.093943ms
[2015.11.23-15.55.58:437][228]LogSavePackage:Warning: Finished SavePackage ../../../../../../Users/Edosiho/Documents/GitHub/C.A.T.S/CATS/Content/Cats/Cat/Avientader/avientadeer.uasset
[2015.11.23-15.55.58:476][228]Cmd: OBJ SAVEPACKAGE PACKAGE="/Game/Cats/Cat/Avientader/avientader" FILE="../../../../../../Users/Edosiho/Documents/GitHub/C.A.T.S/CATS/Content/Cats/Cat/Avientader/avientader.uasset" SILENT=true
[2015.11.23-15.55.58:744][228]LogSavePackage: Save=251.947464ms
[2015.11.23-15.55.58:744][228]LogSavePackage: Moving '../../../../../../Users/Edosiho/Documents/GitHub/C.A.T.S/CATS/Saved/avientader37A7F2D149D6317F0BE8C48C040E3CB5.tmp' to '../../../../../../Users/Edosiho/Documents/GitHub/C.A.T.S/CATS/Content/Cats/Cat/Avientader/avientader.uasset'
[2015.11.23-15.55.58:751][228]LogSavePackage: Total save time: 259.874966ms
[2015.11.23-15.55.58:752][228]LogSavePackage:Warning: Finished SavePackage ../../../../../../Users/Edosiho/Documents/GitHub/C.A.T.S/CATS/Content/Cats/Cat/Avientader/avientader.uasset
[2015.11.23-15.55.58:817][228]LogSavePackage: Save=14.434731ms
[2015.11.23-15.55.58:817][228]LogSavePackage: Moving '../../../../../../Users/Edosiho/Documents/GitHub/C.A.T.S/CATS/Saved/avientader_Sprite_05F22EC8F4235AF214BD29D95B5229331.tmp' to '../../../../../../Users/Edosiho/Documents/GitHub/C.A.T.S/CATS/Content/Cats/Cat/Avientader/avientader_Sprite_0.uasset'
[2015.11.23-15.55.58:852][228]LogSavePackage: Total save time: 49.858060ms
[2015.11.23-15.55.58:852][228]LogSavePackage:Warning: Finished SavePackage ../../../../../../Users/Edosiho/Documents/GitHub/C.A.T.S/CATS/Content/Cats/Cat/Avientader/avientader_Sprite_0.uasset
[2015.11.23-15.55.58:911][228]LogSavePackage: Save=15.181558ms
[2015.11.23-15.55.58:911][228]LogSavePackage: Moving '../../../../../../Users/Edosiho/Documents/GitHub/C.A.T.S/CATS/Saved/avientader_Sprite_1ED2779234319953B72D4CEB6AC07A818.tmp' to '../../../../../../Users/Edosiho/Documents/GitHub/C.A.T.S/CATS/Content/Cats/Cat/Avientader/avientader_Sprite_1.uasset'
[2015.11.23-15.55.58:916][228]LogSavePackage: Total save time: 20.975012ms
[2015.11.23-15.55.58:916][228]LogSavePackage:Warning: Finished SavePackage ../../../../../../Users/Edosiho/Documents/GitHub/C.A.T.S/CATS/Content/Cats/Cat/Avientader/avientader_Sprite_1.uasset
[2015.11.23-15.55.58:982][228]LogSavePackage: Save=13.749950ms
[2015.11.23-15.55.58:982][228]LogSavePackage: Moving '../../../../../../Users/Edosiho/Documents/GitHub/C.A.T.S/CATS/Saved/avientader_Sprite_1037B3430F4BDDE0050A3B8FADB1CD5EA6.tmp' to '../../../../../../Users/Edosiho/Documents/GitHub/C.A.T.S/CATS/Content/Cats/Cat/Avientader/avientader_Sprite_10.uasset'
[2015.11.23-15.55.58:988][228]LogSavePackage: Total save time: 19.763064ms
[2015.11.23-15.55.58:988][228]LogSavePackage:Warning: Finished SavePackage ../../../../../../Users/Edosiho/Documents/GitHub/C.A.T.S/CATS/Content/Cats/Cat/Avientader/avientader_Sprite_10.uasset
[2015.11.23-15.55.59:072][228]LogSavePackage: Save=12.831475ms
[2015.11.23-15.55.59:072][228]LogSavePackage: Moving '../../../../../../Users/Edosiho/Documents/GitHub/C.A.T.S/CATS/Saved/avientader_Sprite_11259ABB6B417E20E04B41B2B92AFD7996.tmp' to '../../../../../../Users/Edosiho/Documents/GitHub/C.A.T.S/CATS/Content/Cats/Cat/Avientader/avientader_Sprite_11.uasset'
[2015.11.23-15.55.59:078][228]LogSavePackage: Total save time: 19.219134ms
[2015.11.23-15.55.59:078][228]LogSavePackage:Warning: Finished SavePackage ../../../../../../Users/Edosiho/Documents/GitHub/C.A.T.S/CATS/Content/Cats/Cat/Avientader/avientader_Sprite_11.uasset
[2015.11.23-15.55.59:160][228]LogSavePackage: Save=13.616345ms
[2015.11.23-15.55.59:160][228]LogSavePackage: Moving '../../../../../../Users/Edosiho/Documents/GitHub/C.A.T.S/CATS/Saved/avientader_Sprite_28C6B14DE4465A38E08EB00BBACCF9A22.tmp' to '../../../../../../Users/Edosiho/Documents/GitHub/C.A.T.S/CATS/Content/Cats/Cat/Avientader/avientader_Sprite_2.uasset'
[2015.11.23-15.55.59:165][228]LogSavePackage: Total save time: 19.894853ms
[2015.11.23-15.55.59:165][228]LogSavePackage:Warning: Finished SavePackage ../../../../../../Users/Edosiho/Documents/GitHub/C.A.T.S/CATS/Content/Cats/Cat/Avientader/avientader_Sprite_2.uasset
[2015.11.23-15.55.59:266][228]LogSavePackage: Save=13.299770ms
[2015.11.23-15.55.59:266][228]LogSavePackage: Moving '../../../../../../Users/Edosiho/Documents/GitHub/C.A.T.S/CATS/Saved/avientader_Sprite_3CFF4DCD04BFD388514F40498938063CE.tmp' to '../../../../../../Users/Edosiho/Documents/GitHub/C.A.T.S/CATS/Content/Cats/Cat/Avientader/avientader_Sprite_3.uasset'
[2015.11.23-15.55.59:272][228]LogSavePackage: Total save time: 19.586883ms
[2015.11.23-15.55.59:272][228]LogSavePackage:Warning: Finished SavePackage ../../../../../../Users/Edosiho/Documents/GitHub/C.A.T.S/CATS/Content/Cats/Cat/Avientader/avientader_Sprite_3.uasset
[2015.11.23-15.55.59:411][228]LogSavePackage: Save=15.660722ms
[2015.11.23-15.55.59:411][228]LogSavePackage: Moving '../../../../../../Users/Edosiho/Documents/GitHub/C.A.T.S/CATS/Saved/avientader_Sprite_4490ABB2F446BEB7654D241AE479FF926.tmp' to '../../../../../../Users/Edosiho/Documents/GitHub/C.A.T.S/CATS/Content/Cats/Cat/Avientader/avientader_Sprite_4.uasset'
[2015.11.23-15.55.59:417][228]LogSavePackage: Total save time: 23.261692ms
[2015.11.23-15.55.59:417][228]LogSavePackage:Warning: Finished SavePackage ../../../../../../Users/Edosiho/Documents/GitHub/C.A.T.S/CATS/Content/Cats/Cat/Avientader/avientader_Sprite_4.uasset
[2015.11.23-15.55.59:472][228]LogSavePackage: Save=13.113177ms
[2015.11.23-15.55.59:472][228]LogSavePackage: Moving '../../../../../../Users/Edosiho/Documents/GitHub/C.A.T.S/CATS/Saved/avientader_Sprite_5722C03A742AF90FA29A8B1B02B59F046.tmp' to '../../../../../../Users/Edosiho/Documents/GitHub/C.A.T.S/CATS/Content/Cats/Cat/Avientader/avientader_Sprite_5.uasset'
[2015.11.23-15.55.59:484][228]LogSavePackage: Total save time: 25.712769ms
[2015.11.23-15.55.59:484][228]LogSavePackage:Warning: Finished SavePackage ../../../../../../Users/Edosiho/Documents/GitHub/C.A.T.S/CATS/Content/Cats/Cat/Avientader/avientader_Sprite_5.uasset
[2015.11.23-15.55.59:547][228]LogSavePackage: Save=14.971866ms
[2015.11.23-15.55.59:547][228]LogSavePackage: Moving '../../../../../../Users/Edosiho/Documents/GitHub/C.A.T.S/CATS/Saved/avientader_Sprite_6F8C6262343932B087A2C899A71A10203.tmp' to '../../../../../../Users/Edosiho/Documents/GitHub/C.A.T.S/CATS/Content/Cats/Cat/Avientader/avientader_Sprite_6.uasset'
[2015.11.23-15.55.59:554][228]LogSavePackage: Total save time: 21.738146ms
[2015.11.23-15.55.59:554][228]LogSavePackage:Warning: Finished SavePackage ../../../../../../Users/Edosiho/Documents/GitHub/C.A.T.S/CATS/Content/Cats/Cat/Avientader/avientader_Sprite_6.uasset
[2015.11.23-15.55.59:639][228]LogSavePackage: Save=12.806113ms
[2015.11.23-15.55.59:639][228]LogSavePackage: Moving '../../../../../../Users/Edosiho/Documents/GitHub/C.A.T.S/CATS/Saved/avientader_Sprite_72D00F82A4D407AE56F98AD91883259D9.tmp' to '../../../../../../Users/Edosiho/Documents/GitHub/C.A.T.S/CATS/Content/Cats/Cat/Avientader/avientader_Sprite_7.uasset'
[2015.11.23-15.55.59:649][228]LogSavePackage: Total save time: 24.008520ms
[2015.11.23-15.55.59:649][228]LogSavePackage:Warning: Finished SavePackage ../../../../../../Users/Edosiho/Documents/GitHub/C.A.T.S/CATS/Content/Cats/Cat/Avientader/avientader_Sprite_7.uasset
[2015.11.23-15.55.59:705][228]LogSavePackage: Save=13.654389ms
[2015.11.23-15.55.59:705][228]LogSavePackage: Moving '../../../../../../Users/Edosiho/Documents/GitHub/C.A.T.S/CATS/Saved/avientader_Sprite_8746C3F5E4300CF680BC42AA310CF70DC.tmp' to '../../../../../../Users/Edosiho/Documents/GitHub/C.A.T.S/CATS/Content/Cats/Cat/Avientader/avientader_Sprite_8.uasset'
[2015.11.23-15.55.59:715][228]LogSavePackage: Total save time: 23.681980ms
[2015.11.23-15.55.59:715][228]LogSavePackage:Warning: Finished SavePackage ../../../../../../Users/Edosiho/Documents/GitHub/C.A.T.S/CATS/Content/Cats/Cat/Avientader/avientader_Sprite_8.uasset
[2015.11.23-15.55.59:785][228]LogSavePackage: Save=15.242699ms
[2015.11.23-15.55.59:785][228]LogSavePackage: Moving '../../../../../../Users/Edosiho/Documents/GitHub/C.A.T.S/CATS/Saved/avientader_Sprite_9B20EEF2544ACA1544ED2B5808B7967BB.tmp' to '../../../../../../Users/Edosiho/Documents/GitHub/C.A.T.S/CATS/Content/Cats/Cat/Avientader/avientader_Sprite_9.uasset'
[2015.11.23-15.55.59:791][228]LogSavePackage: Total save time: 21.575555ms
[2015.11.23-15.55.59:791][228]LogSavePackage:Warning: Finished SavePackage ../../../../../../Users/Edosiho/Documents/GitHub/C.A.T.S/CATS/Content/Cats/Cat/Avientader/avientader_Sprite_9.uasset
[2015.11.23-15.56.00:990][228]LogWindowsTextInputMethodSystem:Display: IME system now deactivated.
[2015.11.23-15.56.01:938][229]Cmd: QUIT_EDITOR
[2015.11.23-15.56.03:081][229]LogExit: Preparing to exit.
[2015.11.23-15.56.04:991][229]LogExit: Editor shut down
[2015.11.23-15.56.04:992][229]LogExit: Transaction tracking system shut down
[2015.11.23-15.56.05:072][229]LogParticles: Destroying 0 GPU particle simulations for FXSystem 0x000000A9D2BC6340
[2015.11.23-15.56.05:076][229]LogParticles: Destroying 0 GPU particle simulations for FXSystem 0x000000A9EA92D580
[2015.11.23-15.56.05:076][229]LogParticles: Destroying 0 GPU particle simulations for FXSystem 0x000000A9EB1EDD00
[2015.11.23-15.56.05:076][229]LogParticles: Destroying 0 GPU particle simulations for FXSystem 0x000000A9EBCCC4A0
[2015.11.23-15.56.05:076][229]LogParticles: Destroying 0 GPU particle simulations for FXSystem 0x000000A9ECB79C60
[2015.11.23-15.56.05:084][229]LogParticles: Destroying 0 GPU particle simulations for FXSystem 0x000000A9F7E66D40
[2015.11.23-15.56.05:099][229]LogParticles: Destroying 0 GPU particle simulations for FXSystem 0x000000A9F7E66840
[2015.11.23-15.56.05:108][229]LogParticles: Destroying 0 GPU particle simulations for FXSystem 0x000000A9F3EB7880
[2015.11.23-15.56.07:164][229]LogExit: Object subsystem successfully closed.
[2015.11.23-15.56.07:534][229]LogD3D11RHI: Shutdown
[2015.11.23-15.56.07:534][229]LogD3D11RHI: CleanupD3DDevice
[2015.11.23-15.56.08:014][229]LogD3D11RHI: ~FD3D11DynamicRHI
[2015.11.23-15.56.08:725][229]LogModuleManager: Shutting down and abandoning module TextureEditor (203)
[2015.11.23-15.56.08:725][229]LogModuleManager: Shutting down and abandoning module SynthBenchmark (202)
[2015.11.23-15.56.08:725][229]LogModuleManager: Shutting down and abandoning module SequencerWidgets (201)
[2015.11.23-15.56.08:725][229]LogModuleManager: Shutting down and abandoning module BlueprintGraph (200)
[2015.11.23-15.56.08:725][229]LogModuleManager: Shutting down and abandoning module CrashTracker (199)
[2015.11.23-15.56.08:725][229]LogModuleManager: Shutting down and abandoning module SceneOutliner (198)
[2015.11.23-15.56.08:741][229]LogModuleManager: Shutting down and abandoning module SuperSearch (197)
[2015.11.23-15.56.08:741][229]LogModuleManager: Shutting down and abandoning module WidgetCarousel (196)
[2015.11.23-15.56.08:741][229]LogModuleManager: Shutting down and abandoning module AddContentDialog (195)
[2015.11.23-15.56.08:766][229]LogModuleManager: Shutting down and abandoning module EditorWidgets (194)
[2015.11.23-15.56.08:766][229]LogModuleManager: Shutting down and abandoning module CollectionManager (193)
[2015.11.23-15.56.08:766][229]LogModuleManager: Shutting down and abandoning module StatsViewer (192)
[2015.11.23-15.56.08:789][229]LogModuleManager: Shutting down and abandoning module FoliageEdit (191)
[2015.11.23-15.56.08:790][229]LogModuleManager: Shutting down and abandoning module LandscapeEditor (190)
[2015.11.23-15.56.08:826][229]LogModuleManager: Shutting down and abandoning module ActorPickerMode (189)
[2015.11.23-15.56.08:826][229]LogModuleManager: Shutting down and abandoning module GeometryMode (188)
[2015.11.23-15.56.08:826][229]LogModuleManager: Shutting down and abandoning module TextureAlignMode (187)
[2015.11.23-15.56.08:826][229]LogModuleManager: Shutting down and abandoning module BspMode (186)
[2015.11.23-15.56.08:826][229]LogModuleManager: Shutting down and abandoning module PlacementMode (185)
[2015.11.23-15.56.08:826][229]LogModuleManager: Shutting down and abandoning module AutomationWorker (184)
[2015.11.23-15.56.08:826][229]LogModuleManager: Shutting down and abandoning module CharacterAI (183)
[2015.11.23-15.56.08:826][229]LogModuleManager: Shutting down and abandoning module SmartSnapping (182)
[2015.11.23-15.56.08:826][229]LogModuleManager: Shutting down and abandoning module ViewportSnapping (181)
[2015.11.23-15.56.08:826][229]LogModuleManager: Shutting down and abandoning module LogVisualizer (180)
[2015.11.23-15.56.08:835][229]LogModuleManager: Shutting down and abandoning module GameProjectGeneration (179)
[2015.11.23-15.56.08:835][229]LogModuleManager: Shutting down and abandoning module IntroTutorials (178)
[2015.11.23-15.56.08:886][229]LogModuleManager: Shutting down and abandoning module EditorLiveStreaming (177)
[2015.11.23-15.56.08:886][229]LogModuleManager: Shutting down and abandoning module IOSPlatformEditor (176)
[2015.11.23-15.56.08:892][229]LogModuleManager: Shutting down and abandoning module HTML5PlatformEditor (175)
[2015.11.23-15.56.08:893][229]LogModuleManager: Shutting down and abandoning module AndroidDeviceDetection (174)
[2015.11.23-15.56.09:197][229]LogModuleManager: Shutting down and abandoning module AndroidPlatformEditor (173)
[2015.11.23-15.56.09:197][229]LogModuleManager: Shutting down and abandoning module IOSRuntimeSettings (172)
[2015.11.23-15.56.09:197][229]LogModuleManager: Shutting down and abandoning module AndroidRuntimeSettings (171)
[2015.11.23-15.56.09:197][229]LogModuleManager: Shutting down and abandoning module MergeActors (170)
[2015.11.23-15.56.09:210][229]LogModuleManager: Shutting down and abandoning module SizeMap (169)
[2015.11.23-15.56.09:210][229]LogModuleManager: Shutting down and abandoning module TreeMap (168)
[2015.11.23-15.56.09:211][229]LogModuleManager: Shutting down and abandoning module ReferenceViewer (167)
[2015.11.23-15.56.09:211][229]LogModuleManager: Shutting down and abandoning module LocalizationService (166)
[2015.11.23-15.56.09:211][229]LogModuleManager: Shutting down and abandoning module LocalizationDashboard (165)
[2015.11.23-15.56.09:231][229]LogModuleManager: Shutting down and abandoning module HardwareTargeting (164)
[2015.11.23-15.56.09:231][229]LogModuleManager: Shutting down and abandoning module DeviceProfileEditor (163)
[2015.11.23-15.56.09:231][229]LogModuleManager: Shutting down and abandoning module UndoHistory (162)
[2015.11.23-15.56.09:244][229]LogModuleManager: Shutting down and abandoning module GameplayTagsEditor (161)
[2015.11.23-15.56.09:244][229]LogModuleManager: Shutting down and abandoning module UserFeedback (160)
[2015.11.23-15.56.09:244][229]LogModuleManager: Shutting down and abandoning module XmlParser (159)
[2015.11.23-15.56.09:244][229]LogModuleManager: Shutting down and abandoning module Blutility (158)
[2015.11.23-15.56.09:244][229]LogModuleManager: Shutting down and abandoning module ProjectTargetPlatformEditor (157)
[2015.11.23-15.56.09:244][229]LogModuleManager: Shutting down and abandoning module ProjectSettingsViewer (156)
[2015.11.23-15.56.09:244][229]LogModuleManager: Shutting down and abandoning module InputBindingEditor (155)
[2015.11.23-15.56.09:269][229]LogModuleManager: Shutting down and abandoning module EditorSettingsViewer (154)
[2015.11.23-15.56.09:269][229]LogModuleManager: Shutting down and abandoning module SettingsEditor (153)
[2015.11.23-15.56.09:293][229]LogModuleManager: Shutting down and abandoning module ProjectLauncher (152)
[2015.11.23-15.56.09:307][229]LogModuleManager: Shutting down and abandoning module SessionFrontend (151)
[2015.11.23-15.56.09:319][229]LogModuleManager: Shutting down and abandoning module ProfilerClient (150)
[2015.11.23-15.56.09:319][229]LogModuleManager: Shutting down and abandoning module TargetDeviceServices (149)
[2015.11.23-15.56.09:319][229]LogModuleManager: Shutting down and abandoning module DeviceManager (148)
[2015.11.23-15.56.09:339][229]LogModuleManager: Shutting down and abandoning module AutomationController (147)
[2015.11.23-15.56.09:364][229]LogModuleManager: Shutting down and abandoning module AutomationWindow (146)
[2015.11.23-15.56.09:382][229]LogModuleManager: Shutting down and abandoning module Layers (145)
[2015.11.23-15.56.09:396][229]LogModuleManager: Shutting down and abandoning module ComponentVisualizers (144)
[2015.11.23-15.56.09:396][229]LogModuleManager: Shutting down and abandoning module DetailCustomizations (143)
[2015.11.23-15.56.09:413][229]LogModuleManager: Shutting down and abandoning module PackagesDialog (142)
[2015.11.23-15.56.09:414][229]LogModuleManager: Shutting down and abandoning module Persona (141)
[2015.11.23-15.56.09:449][229]LogModuleManager: Shutting down and abandoning module Kismet (140)
[2015.11.23-15.56.09:450][229]LogModuleManager: Shutting down and abandoning module GraphEditor (139)
[2015.11.23-15.56.09:451][229]LogModuleManager: Shutting down and abandoning module ClassViewer (138)
[2015.11.23-15.56.09:464][229]LogModuleManager: Shutting down and abandoning module Toolbox (137)
[2015.11.23-15.56.09:464][229]LogModuleManager: Shutting down and abandoning module ModuleUI (136)
[2015.11.23-15.56.09:464][229]LogModuleManager: Shutting down and abandoning module MovieSceneTools (135)
[2015.11.23-15.56.09:464][229]LogModuleManager: Shutting down and abandoning module OutputLog (134)
[2015.11.23-15.56.09:490][229]LogModuleManager: Shutting down and abandoning module GammaUI (133)
[2015.11.23-15.56.09:490][229]LogModuleManager: Shutting down and abandoning module Documentation (132)
[2015.11.23-15.56.09:491][229]LogModuleManager: Shutting down and abandoning module GameLiveStreaming (131)
[2015.11.23-15.56.09:491][229]LogModuleManager: Shutting down and abandoning module StreamingPauseRendering (130)
[2015.11.23-15.56.09:491][229]LogModuleManager: Shutting down and abandoning module AnalyticsET (129)
[2015.11.23-15.56.09:491][229]LogModuleManager: Shutting down and abandoning module Analytics (128)
[2015.11.23-15.56.09:491][229]LogModuleManager: Shutting down and abandoning module AITestSuite (127)
[2015.11.23-15.56.09:501][229]LogModuleManager: Shutting down and abandoning module GameplayDebugger (126)
[2015.11.23-15.56.09:501][229]LogModuleManager: Shutting down and abandoning module AIModule (125)
[2015.11.23-15.56.09:518][229]LogModuleManager: Shutting down and abandoning module ProfilerService (124)
[2015.11.23-15.56.09:576][229]LogModuleManager: Shutting down and abandoning module TaskGraph (123)
[2015.11.23-15.56.09:590][229]LogModuleManager: Shutting down and abandoning module SubstanceEditor (122)
[2015.11.23-15.56.09:601][229]LogModuleManager: Shutting down and abandoning module SlateRemote (121)
[2015.11.23-15.56.09:601][229]LogModuleManager: Shutting down and abandoning module SteamVRController (120)
[2015.11.23-15.56.09:601][229]LogModuleManager: Shutting down and abandoning module SteamVR (119)
[2015.11.23-15.56.09:601][229]LogModuleManager: Shutting down and abandoning module ProceduralMeshComponent (118)
[2015.11.23-15.56.09:601][229]LogModuleManager: Shutting down and abandoning module OculusRift (117)
[2015.11.23-15.56.09:601][229]LogModuleManager: Shutting down and abandoning module OculusLibrary (116)
[2015.11.23-15.56.09:601][229]LogModuleManager: Shutting down and abandoning module LeapMotionController (115)
[2015.11.23-15.56.09:676][229]LogModuleManager: Shutting down and abandoning module CustomMeshComponent (114)
[2015.11.23-15.56.09:676][229]LogModuleManager: Shutting down and abandoning module CableComponent (113)
[2015.11.23-15.56.09:676][229]LogModuleManager: Shutting down and abandoning module ArchVisCharacter (112)
[2015.11.23-15.56.09:676][229]LogModuleManager: Shutting down and abandoning module MessagingDebugger (111)
[2015.11.23-15.56.09:699][229]LogModuleManager: Shutting down and abandoning module MediaPlayerEditor (110)
[2015.11.23-15.56.09:724][229]LogModuleManager: Shutting down and abandoning module HTML5Networking (109)
[2015.11.23-15.56.09:724][229]LogModuleManager: Shutting down and abandoning module SpeedTreeImporter (108)
[2015.11.23-15.56.09:724][229]LogModuleManager: Shutting down and abandoning module PluginBrowser (107)
[2015.11.23-15.56.09:741][229]LogModuleManager: Shutting down and abandoning module EpicSurvey (106)
[2015.11.23-15.56.09:741][229]LogModuleManager: Shutting down and abandoning module DesktopPlatform (105)
[2015.11.23-15.56.09:755][229]LogModuleManager: Shutting down and abandoning module VisualStudioSourceCodeAccess (104)
[2015.11.23-15.56.09:755][229]LogModuleManager: Shutting down and abandoning module UObjectPlugin (103)
[2015.11.23-15.56.09:755][229]LogModuleManager: Shutting down and abandoning module SubversionSourceControl (102)
[2015.11.23-15.56.09:765][229]LogModuleManager: Shutting down and abandoning module PerforceSourceControl (101)
[2015.11.23-15.56.09:780][229]LogModuleManager: Shutting down and abandoning module SourceControl (100)
[2015.11.23-15.56.09:780][229]LogModuleManager: Shutting down and abandoning module GitSourceControl (99)
[2015.11.23-15.56.09:780][229]LogModuleManager: Shutting down and abandoning module LightPropagationVolumeEditor (98)
[2015.11.23-15.56.09:780][229]LogModuleManager: Shutting down and abandoning module PaperTiledImporter (97)
[2015.11.23-15.56.09:780][229]LogModuleManager: Shutting down and abandoning module PaperSpriteSheetImporter (96)
[2015.11.23-15.56.09:780][229]LogModuleManager: Shutting down and abandoning module MeshPaint (95)
[2015.11.23-15.56.09:780][229]LogModuleManager: Shutting down and abandoning module SlateReflector (94)
[2015.11.23-15.56.09:796][229]LogModuleManager: Shutting down and abandoning module HotReload (93)
[2015.11.23-15.56.09:796][229]LogModuleManager: Shutting down and abandoning module MainFrame (92)
[2015.11.23-15.56.09:796][229]LogModuleManager: Shutting down and abandoning module LevelEditor (91)
[2015.11.23-15.56.09:811][229]LogModuleManager: Shutting down and abandoning module ContentBrowser (90)
[2015.11.23-15.56.09:812][229]LogModuleManager: Shutting down and abandoning module Paper2DEditor (89)
[2015.11.23-15.56.09:812][229]LogModuleManager: Shutting down and abandoning module UdpMessaging (88)
[2015.11.23-15.56.09:913][229]LogModuleManager: Shutting down and abandoning module DirectoryWatcher (87)
[2015.11.23-15.56.09:919][229]LogModuleManager: Shutting down and abandoning module AssetRegistry (86)
[2015.11.23-15.56.10:166][229]LogModuleManager: Shutting down and abandoning module SubstanceCore (85)
[2015.11.23-15.56.10:193][229]LogModuleManager: Shutting down and abandoning module LightPropagationVolumeRuntime (84)
[2015.11.23-15.56.10:193][229]LogModuleManager: Shutting down and abandoning module Paper2D (83)
[2015.11.23-15.56.10:201][229]LogModuleManager: Shutting down and abandoning module WindowsMoviePlayer (82)
[2015.11.23-15.56.10:205][229]LogModuleManager: Shutting down and abandoning module Media (81)
[2015.11.23-15.56.10:205][229]LogModuleManager: Shutting down and abandoning module WmfMedia (80)
[2015.11.23-15.56.10:206][229]LogModuleManager: Shutting down and abandoning module OnlineBlueprintSupport (79)
[2015.11.23-15.56.10:206][229]LogModuleManager: Shutting down and abandoning module GameplayTasksEditor (78)
[2015.11.23-15.56.10:206][229]LogModuleManager: Shutting down and abandoning module PropertyEditor (77)
[2015.11.23-15.56.10:206][229]LogModuleManager: Shutting down and abandoning module BehaviorTreeEditor (76)
[2015.11.23-15.56.10:281][229]LogModuleManager: Shutting down and abandoning module FunctionalTesting (75)
[2015.11.23-15.56.10:281][229]LogModuleManager: Shutting down and abandoning module CollisionAnalyzer (74)
[2015.11.23-15.56.10:298][229]LogModuleManager: Shutting down and abandoning module WorkspaceMenuStructure (73)
[2015.11.23-15.56.10:298][229]LogModuleManager: Shutting down and abandoning module MessageLog (72)
[2015.11.23-15.56.10:298][229]LogModuleManager: Shutting down and abandoning module Sequencer (71)
[2015.11.23-15.56.10:299][229]LogModuleManager: Shutting down and abandoning module AssetTools (70)
[2015.11.23-15.56.10:322][229]LogModuleManager: Shutting down and abandoning module UMGEditor (69)
[2015.11.23-15.56.10:322][229]LogModuleManager: Shutting down and abandoning module UMG (68)
[2015.11.23-15.56.10:322][229]LogModuleManager: Shutting down and abandoning module Slate (67)
[2015.11.23-15.56.10:322][229]LogModuleManager: Shutting down and abandoning module EditorStyle (66)
[2015.11.23-15.56.10:327][229]LogModuleManager: Shutting down and abandoning module SessionServices (65)
[2015.11.23-15.56.10:327][229]LogModuleManager: Shutting down and abandoning module SourceCodeAccess (64)
[2015.11.23-15.56.10:327][229]LogModuleManager: Shutting down and abandoning module HeadMountedDisplay (63)
[2015.11.23-15.56.10:327][229]LogModuleManager: Shutting down and abandoning module XAudio2 (62)
[2015.11.23-15.56.10:327][229]LogModuleManager: Shutting down and abandoning module Networking (60)
[2015.11.23-15.56.10:327][229]LogModuleManager: Shutting down and abandoning module Core (59)
[2015.11.23-15.56.10:327][229]LogModuleManager: Shutting down and abandoning module KismetCompiler (58)
[2015.11.23-15.56.10:327][229]LogModuleManager: Shutting down and abandoning module PhysXFormats (57)
[2015.11.23-15.56.10:327][229]LogModuleManager: Shutting down and abandoning module MeshUtilities (56)
[2015.11.23-15.56.10:338][229]LogModuleManager: Shutting down and abandoning module CookingStats (55)
[2015.11.23-15.56.10:340][229]LogModuleManager: Shutting down and abandoning module DerivedDataCache (54)
[2015.11.23-15.56.10:402][229]LogDerivedDataCache: Shutdown
[2015.11.23-15.56.10:402][229]LogModuleManager: Shutting down and abandoning module ShaderFormatOpenGL (53)
[2015.11.23-15.56.10:402][229]LogModuleManager: Shutting down and abandoning module ShaderFormatD3D (52)
[2015.11.23-15.56.10:402][229]LogModuleManager: Shutting down and abandoning module MetalShaderFormat (51)
[2015.11.23-15.56.10:402][229]LogModuleManager: Shutting down and abandoning module TextureFormatUncompressed (50)
[2015.11.23-15.56.10:402][229]LogModuleManager: Shutting down and abandoning module TextureFormatPVR (49)
[2015.11.23-15.56.10:402][229]LogModuleManager: Shutting down and abandoning module TextureFormatIntelISPCTexComp (48)
[2015.11.23-15.56.10:402][229]LogModuleManager: Shutting down and abandoning module TextureFormatDXT (47)
[2015.11.23-15.56.10:402][229]LogModuleManager: Shutting down and abandoning module ImageWrapper (46)
[2015.11.23-15.56.10:402][229]LogModuleManager: Shutting down and abandoning module TextureFormatASTC (45)
[2015.11.23-15.56.10:402][229]LogModuleManager: Shutting down and abandoning module TextureFormatAndroid (44)
[2015.11.23-15.56.10:402][229]LogModuleManager: Shutting down and abandoning module AudioFormatOpus (43)
[2015.11.23-15.56.10:402][229]LogModuleManager: Shutting down and abandoning module AudioFormatOgg (42)
[2015.11.23-15.56.10:402][229]LogModuleManager: Shutting down and abandoning module AudioFormatADPCM (41)
[2015.11.23-15.56.10:402][229]LogModuleManager: Shutting down and abandoning module LinuxTargetPlatform (40)
[2015.11.23-15.56.10:402][229]LogModuleManager: Shutting down and abandoning module LinuxServerTargetPlatform (39)
[2015.11.23-15.56.10:402][229]LogModuleManager: Shutting down and abandoning module LinuxNoEditorTargetPlatform (38)
[2015.11.23-15.56.10:402][229]LogModuleManager: Shutting down and abandoning module Messaging (37)
[2015.11.23-15.56.10:402][229]LogModuleManager: Shutting down and abandoning module IOSTargetPlatform (36)
[2015.11.23-15.56.10:402][229]LogModuleManager: Shutting down and abandoning module HTML5TargetPlatform (35)
[2015.11.23-15.56.10:402][229]LogModuleManager: Shutting down and abandoning module Android_PVRTCTargetPlatform (34)
[2015.11.23-15.56.10:403][229]LogModuleManager: Shutting down and abandoning module Android_ETC2TargetPlatform (33)
[2015.11.23-15.56.10:403][229]LogModuleManager: Shutting down and abandoning module Android_ETC1TargetPlatform (32)
[2015.11.23-15.56.10:403][229]LogModuleManager: Shutting down and abandoning module Android_DXTTargetPlatform (31)
[2015.11.23-15.56.10:403][229]LogModuleManager: Shutting down and abandoning module Android_ATCTargetPlatform (30)
[2015.11.23-15.56.10:403][229]LogModuleManager: Shutting down and abandoning module Android_ASTCTargetPlatform (29)
[2015.11.23-15.56.10:403][229]LogModuleManager: Shutting down and abandoning module AndroidTargetPlatform (28)
[2015.11.23-15.56.10:403][229]LogModuleManager: Shutting down and abandoning module WindowsTargetPlatform (27)
[2015.11.23-15.56.10:403][229]LogModuleManager: Shutting down and abandoning module WindowsServerTargetPlatform (26)
[2015.11.23-15.56.10:403][229]LogModuleManager: Shutting down and abandoning module WindowsNoEditorTargetPlatform (25)
[2015.11.23-15.56.10:403][229]LogModuleManager: Shutting down and abandoning module WindowsClientTargetPlatform (24)
[2015.11.23-15.56.10:403][229]LogModuleManager: Shutting down and abandoning module AllDesktopTargetPlatform (23)
[2015.11.23-15.56.10:403][229]LogModuleManager: Shutting down and abandoning module TargetPlatform (22)
[2015.11.23-15.56.10:403][229]LogModuleManager: Shutting down and abandoning module InputCore (21)
[2015.11.23-15.56.10:403][229]LogModuleManager: Shutting down and abandoning module Settings (20)
[2015.11.23-15.56.10:403][229]LogModuleManager: Shutting down and abandoning module OnlineSubsystem (18)
[2015.11.23-15.56.10:403][229]LogModuleManager: Shutting down and abandoning module HTTP (17)
[2015.11.23-15.56.17:914][229]LogModuleManager: Shutting down and abandoning module XMPP (16)
[2015.11.23-15.56.17:983][229]LogModuleManager: Shutting down and abandoning module ExampleDeviceProfileSelector (15)
[2015.11.23-15.56.17:983][229]LogModuleManager: Shutting down and abandoning module TextureCompressor (14)
[2015.11.23-15.56.17:983][229]LogModuleManager: Shutting down and abandoning module ShaderCore (13)
[2015.11.23-15.56.17:983][229]LogModuleManager: Shutting down and abandoning module Landscape (12)
[2015.11.23-15.56.17:983][229]LogModuleManager: Shutting down and abandoning module SlateRHIRenderer (11)
[2015.11.23-15.56.18:008][229]LogModuleManager: Shutting down and abandoning module OpenGLDrv (10)
[2015.11.23-15.56.18:023][229]LogModuleManager: Shutting down and abandoning module D3D11RHI (9)
[2015.11.23-15.56.18:025][229]LogModuleManager: Shutting down and abandoning module AnimGraphRuntime (8)
[2015.11.23-15.56.18:025][229]LogModuleManager: Shutting down and abandoning module Renderer (7)
[2015.11.23-15.56.18:025][229]LogModuleManager: Shutting down and abandoning module Engine (6)
[2015.11.23-15.56.18:025][229]LogModuleManager: Shutting down and abandoning module CoreUObject (5)
[2015.11.23-15.56.18:025][229]LogModuleManager: Shutting down and abandoning module NetworkFile (4)
[2015.11.23-15.56.18:026][229]LogModuleManager: Shutting down and abandoning module StreamingFile (3)
[2015.11.23-15.56.18:026][229]LogModuleManager: Shutting down and abandoning module SandboxFile (2)
[2015.11.23-15.56.18:026][229]LogModuleManager: Shutting down and abandoning module PakFile (1)
[2015.11.23-15.56.18:063][229]LogExit: Exiting.
[2015.11.23-15.56.18:185][229]Log file closed, 11/23/15 09:56:18
