[2015.11.23-22.18.53:683][  0]Log file open, 11/23/15 16:18:53
[2015.11.23-22.18.53:683][  0]LogInit:Display: Running engine for game: CATS
[2015.11.23-22.18.53:683][  0]LogInit:Display: RandInit(-909065907) SRandInit(-909065904).
[2015.11.23-22.18.53:683][  0]LogTaskGraph: Started task graph with 4 named threads and 5 total threads.
[2015.11.23-22.18.53:683][  0]LogStats: Stats thread started at 0.264741
[2015.11.23-22.18.53:683][  0]LogInit: Version: 4.9.1-2689999+++depot+UE4-Releases+4.9
[2015.11.23-22.18.53:683][  0]LogInit: API Version: 2672455
[2015.11.23-22.18.53:683][  0]LogInit: Compiled (64-bit): Sep 14 2015 04:12:03
[2015.11.23-22.18.53:683][  0]LogInit: Compiled with Visual C++: 18.00.21005.01
[2015.11.23-22.18.53:683][  0]LogInit: Build Configuration: Development
[2015.11.23-22.18.53:683][  0]LogInit: Branch Name: ++depot+UE4-Releases+4.9
[2015.11.23-22.18.53:683][  0]LogInit: Command line:  
[2015.11.23-22.18.53:683][  0]LogInit: Base directory: C:/Program Files/Epic Games/4.9/Engine/Binaries/Win64/
[2015.11.23-22.18.53:683][  0]LogInit: Rocket: 1
[2015.11.23-22.18.53:698][  0]LogInit: Using libcurl 7.41.0
[2015.11.23-22.18.53:698][  0]LogInit:  - built for x86_64-pc-win32
[2015.11.23-22.18.53:698][  0]LogInit:  - supports SSL with WinSSL
[2015.11.23-22.18.53:698][  0]LogInit:  - other features:
[2015.11.23-22.18.53:698][  0]LogInit:      CURL_VERSION_SSL
[2015.11.23-22.18.53:698][  0]LogInit:      CURL_VERSION_IPV6
[2015.11.23-22.18.53:698][  0]LogInit:      CURL_VERSION_ASYNCHDNS
[2015.11.23-22.18.53:698][  0]LogInit:      CURL_VERSION_LARGEFILE
[2015.11.23-22.18.53:698][  0]LogInit:      CURL_VERSION_IDN
[2015.11.23-22.18.53:698][  0]LogInit:  CurlRequestOptions (configurable via config and command line):
[2015.11.23-22.18.53:698][  0]LogInit:  - bVerifyPeer = true  - Libcurl will verify peer certificate
[2015.11.23-22.18.53:698][  0]LogInit:  - bUseHttpProxy = false  - Libcurl will NOT use HTTP proxy
[2015.11.23-22.18.53:698][  0]LogInit:  - bDontReuseConnections = false  - Libcurl will reuse connections
[2015.11.23-22.18.53:698][  0]LogInit:  - CertBundlePath = nullptr  - Libcurl will use whatever was configured at build time.
[2015.11.23-22.18.53:714][  0]LogInit: Presizing for 0 objects not considered by GC, pre-allocating 0 bytes.
[2015.11.23-22.18.53:730][  0]LogInit: Object subsystem initialized
[2015.11.23-22.18.53:745][  0]LogInit: Selected Device Profile: [Windows]
[2015.11.23-22.18.53:745][  0]LogInit: Applying CVar settings loaded from the selected device profile: [Windows]
[2015.11.23-22.18.53:762][  0]LogInit: Computer: AGISE
[2015.11.23-22.18.53:762][  0]LogInit: User: Edosiho
[2015.11.23-22.18.53:762][  0]LogInit: CPU Page size=4096, Cores=2
[2015.11.23-22.18.53:762][  0]LogInit: High frequency timer resolution =2.208008 MHz
[2015.11.23-22.18.53:762][  0]LogMemory: Memory total: Physical=6.0GB (6GB approx)
[2015.11.23-22.18.53:762][  0]LogMemory: Platform Memory Stats for Windows
[2015.11.23-22.18.53:762][  0]LogMemory: Process Physical Memory: 55.88 MB used, 55.88 MB peak
[2015.11.23-22.18.53:762][  0]LogMemory: Process Virtual Memory: 58.94 MB used, 58.94 MB peak
[2015.11.23-22.18.53:762][  0]LogMemory: Physical Memory: 1893.99 MB used, 6131.91 MB total
[2015.11.23-22.18.53:762][  0]LogMemory: Virtual Memory: 351.80 MB used, 134217728.00 MB total
[2015.11.23-22.18.55:188][  0]LogD3D11RHI: Found D3D11 adapter 0: NVIDIA Quadro FX 770M (Feature Level 10_0)
[2015.11.23-22.18.55:188][  0]LogD3D11RHI: Adapter has 483MB of dedicated video memory, 0MB of dedicated system memory, and 3065MB of shared system memory, 1 output[s]
[2015.11.23-22.18.55:193][  0]LogD3D11RHI: Found D3D11 adapter 1: Microsoft Basic Render Driver (Feature Level 11_0)
[2015.11.23-22.18.55:193][  0]LogD3D11RHI: Adapter has 0MB of dedicated video memory, 0MB of dedicated system memory, and 256MB of shared system memory, 0 output[s]
[2015.11.23-22.18.55:193][  0]LogD3D11RHI: Chosen D3D11 Adapter Id = 0
[2015.11.23-22.18.55:202][  0]LogD3D11RHI: !Direct3DDevice
[2015.11.23-22.18.55:202][  0]LogRHI: Texture pool is 338 MB (70% of 483 MB)
[2015.11.23-22.18.55:228][  0]LogD3D11RHI: Async texture creation enabled
[2015.11.23-22.18.55:254][  0]LogShaderCompilers: Guid format shader working directory is 14 characters bigger than the processId version (../../../../../../Users/Edosiho/Documents/GitHub/C.A.T.S/CATS/Intermediate/Shaders/WorkingDirectory/13140/).
[2015.11.23-22.18.55:254][  0]LogShaderCompilers: Cleaned the shader compiler working directory '../../../../../../Users/Edosiho/Documents/GitHub/C.A.T.S/CATS/Intermediate/Shaders/tmp/A8E268E540A195C83B2ABBB12883BD8D/'.
[2015.11.23-22.18.55:254][  0]LogShaderCompilers:Display: Using Local Shader Compiler.
[2015.11.23-22.18.59:605][  0]LogTemp:Display: Loaded TP AllDesktopTargetPlatform
[2015.11.23-22.18.59:620][  0]LogTemp:Display: Loaded TP WindowsClientTargetPlatform
[2015.11.23-22.18.59:635][  0]LogTemp:Display: Loaded TP WindowsNoEditorTargetPlatform
[2015.11.23-22.18.59:651][  0]LogTemp:Display: Loaded TP WindowsServerTargetPlatform
[2015.11.23-22.18.59:668][  0]LogTemp:Display: Loaded TP WindowsTargetPlatform
[2015.11.23-22.18.59:680][  0]LogTemp:Display: Loaded TP AndroidTargetPlatform
[2015.11.23-22.18.59:691][  0]LogTemp:Display: Loaded TP Android_ASTCTargetPlatform
[2015.11.23-22.18.59:704][  0]LogTemp:Display: Loaded TP Android_ATCTargetPlatform
[2015.11.23-22.18.59:715][  0]LogTemp:Display: Loaded TP Android_DXTTargetPlatform
[2015.11.23-22.18.59:726][  0]LogTemp:Display: Loaded TP Android_ETC1TargetPlatform
[2015.11.23-22.18.59:737][  0]LogTemp:Display: Loaded TP Android_ETC2TargetPlatform
[2015.11.23-22.18.59:751][  0]LogTemp:Display: Loaded TP Android_PVRTCTargetPlatform
[2015.11.23-22.18.59:755][  0]LogTemp:Display: Loaded TP HTML5TargetPlatform
[2015.11.23-22.18.59:787][  0]LogTemp:Display: Loaded TP IOSTargetPlatform
[2015.11.23-22.18.59:798][  0]LogTemp:Display: Loaded TP LinuxNoEditorTargetPlatform
[2015.11.23-22.18.59:808][  0]LogTemp:Display: Loaded TP LinuxServerTargetPlatform
[2015.11.23-22.18.59:819][  0]LogTemp:Display: Loaded TP LinuxTargetPlatform
[2015.11.23-22.18.59:819][  0]LogTargetPlatformManager:Display: Building Assets For Windows
[2015.11.23-22.19.00:065][  0]LogDerivedDataCache:Display: Max Cache Size: 512 MB
[2015.11.23-22.19.01:688][  0]LogDerivedDataCache: Loaded boot cache 1.62s 36MB C:/Users/Edosiho/AppData/Local/UnrealEngine/4.9/DerivedDataCache/Boot.ddc.
[2015.11.23-22.19.01:688][  0]LogDerivedDataCache:Display: Loaded Boot cache: C:/Users/Edosiho/AppData/Local/UnrealEngine/4.9/DerivedDataCache/Boot.ddc
[2015.11.23-22.19.01:689][  0]LogDerivedDataCache: FDerivedDataBackendGraph:  Pak pak cache file ../../../../../../Users/Edosiho/Documents/GitHub/C.A.T.S/CATS/DerivedDataCache/DDC.ddp not found, will not use a pak cache.
[2015.11.23-22.19.01:689][  0]LogDerivedDataCache: Unable to find inner node Pak for hierarchical cache Hierarchy.
[2015.11.23-22.19.01:689][  0]LogDerivedDataCache: FDerivedDataBackendGraph:  CompressedPak pak cache file ../../../../../../Users/Edosiho/Documents/GitHub/C.A.T.S/CATS/DerivedDataCache/Compressed.ddp not found, will not use a pak cache.
[2015.11.23-22.19.01:689][  0]LogDerivedDataCache: Unable to find inner node CompressedPak for hierarchical cache Hierarchy.
[2015.11.23-22.19.01:973][  0]LogDerivedDataCache:Display: Pak cache opened for reading ../../../Engine/DerivedDataCache/Compressed.ddp.
[2015.11.23-22.19.01:989][  0]LogDerivedDataCache: Using Local data cache path C:/Users/Edosiho/AppData/Local/UnrealEngine/Common/DerivedDataCache: Writable
[2015.11.23-22.19.06:048][  0]LogInit: Selected Device Profile: [Windows]
[2015.11.23-22.19.06:074][  0]LogContentStreaming: Texture pool size is 0.000000MB
[2015.11.23-22.19.06:624][  0]LogMeshUtilities: No automatic mesh reduction module available
[2015.11.23-22.19.06:624][  0]LogMeshUtilities: No automatic mesh merging module available
[2015.11.23-22.19.08:163][  0]LogInit: WinSock: version 1.1 (2.2), MaxSocks=32767, MaxUdp=65467
[2015.11.23-22.19.34:128][  0]LogAssetRegistry: FAssetRegistry took 0.0347 seconds to start up
[2015.11.23-22.19.34:200][  0]UdpMessaging: Initializing bridge on interface 0.0.0.0:0 to multicast group 230.0.0.1:6666.
[2015.11.23-22.19.36:571][  0]SourceControl: Info Source control is disabled
[2015.11.23-22.19.37:867][  0]SourceControl: Info Source control is disabled
[2015.11.23-22.19.37:900][  0]SourceControl: Info Source control is disabled
[2015.11.23-22.19.37:955][  0]SourceControl: Info Source control is disabled
[2015.11.23-22.19.41:141][  0]LogLinker:Warning: Asset '../../../Engine/Plugins/Runtime/LeapMotionController/Content/LM_PassthroughMaterial.uasset' has been saved with empty engine version. The asset will be loaded but may be incompatible.
[2015.11.23-22.19.41:944][  0]LogObj: 28528 objects as part of root set at end of initial load.
[2015.11.23-22.19.41:944][  0]LogUObjectAllocator: 6068456 out of 0 bytes used by permanent object pool.
[2015.11.23-22.19.42:409][  0]LogEngine: Initializing Engine...
[2015.11.23-22.19.42:415][  0]LogHMD: Can't find Oculus library dev build: is proper Runtime installed? Version: 0.7.0.0
[2015.11.23-22.19.42:419][  0]LogHMD: SteamVR failed to initialize.  Err: 110
[2015.11.23-22.19.45:270][  0]LogAIModule: Creating AISystem for world NewWorld
[2015.11.23-22.19.45:285][  0]LogInit: XAudio2 using 'Speakers (High Definition Audio Device)' : 2 channels at 44.1 kHz using 16 bits per sample (channel mask 0x3)
[2015.11.23-22.19.45:478][  0]LogInit: FAudioDevice initialized.
[2015.11.23-22.19.45:534][  0]LogDerivedDataCache: Saved boot cache 0.06s 36MB C:/Users/Edosiho/AppData/Local/UnrealEngine/4.9/DerivedDataCache/Boot.ddc.
[2015.11.23-22.19.45:562][  0]LogInit: Texture streaming: Enabled
[2015.11.23-22.19.45:594][  0]LogAnalytics: Creating configured Analytics provider AnalyticsET
[2015.11.23-22.19.45:594][  0]LogAnalytics: [UEEditor.Rocket.Release] APIServer = http://et2.epicgames.com/ET2/. AppVersion = 4.9.1-2689999+++depot+UE4-Releases+4.9
[2015.11.23-22.19.45:594][  0]LogAnalytics: [UEEditor.Rocket.Release] SetUserId a3ecda3c4d50cd275ecf7497f12b4d14|e806c5a3e75b4a14b122359eb3b7e1a6|4fbddb0b-eeea-41a9-880e-03c25a996dc0
[2015.11.23-22.19.45:594][  0]LogAnalytics: [UEEditor.Rocket.Release] AnalyticsET::StartSession
[2015.11.23-22.19.47:557][  0]LogInit: Transaction tracking system initialized
[2015.11.23-22.19.47:663][  0]BlueprintLog: New page: Editor Load
[2015.11.23-22.19.48:309][  0]LocalizationService: Info Localization service is disabled
[2015.11.23-22.19.49:658][  0]LogConsoleResponse:Display: 
[2015.11.23-22.19.53:799][  0]LogCook:Display: Done creating registry. It took  0.00s.
[2015.11.23-22.19.54:991][  0]LogFileCache: Scanning file cache for directory 'C:/Users/Edosiho/Documents/GitHub/C.A.T.S/CATS/Content/' took 0.04s
[2015.11.23-22.19.55:165][  0]SourceControl: Info Source control is disabled
[2015.11.23-22.19.55:166][  0]Cmd: MAP LOAD FILE="../../../../../../Users/Edosiho/Documents/GitHub/C.A.T.S/CATS/Content/ThirdPersonBP/Maps/ThirdPersonExampleMap.umap" TEMPLATE=0 SHOWPROGRESS=1 FEATURELEVEL=2
[2015.11.23-22.19.55:216][  0]LightingResults: New page: Lighting Build
[2015.11.23-22.19.55:235][  0]MapCheck: New page: Map Check
[2015.11.23-22.19.55:235][  0]LightingResults: New page: Lighting Build
[2015.11.23-22.19.55:325][  0]LogParticles: Destroying 0 GPU particle simulations for FXSystem 0x0000008063ECE160
[2015.11.23-22.20.00:609][  0]LogAIModule: Creating AISystem for world ThirdPersonExampleMap
[2015.11.23-22.20.00:703][  0]LogEditorServer: Finished looking for orphan Actors (0.000 secs)
[2015.11.23-22.20.01:785][  0]Cmd: MAP CHECKDEP NOCLEARLOG
[2015.11.23-22.20.01:927][  0]MapCheck: Info Map check complete: 0 Error(s), 0 Warning(s), took 141.25ms to complete.
[2015.11.23-22.20.01:927][  0]LogFileHelpers: Loading map 'ThirdPersonExampleMap' took 6.760
[2015.11.23-22.20.02:194][  0]LogCollectionManager: Loaded 0 collections in 0.006497 seconds
[2015.11.23-22.20.02:257][  0]LogFileCache: Scanning file cache for directory 'C:/Users/Edosiho/Documents/GitHub/C.A.T.S/CATS/Saved/Collec