[2015.11.23-16.20.36:666][  0]Log file open, 11/23/15 10:20:36
[2015.11.23-16.20.36:666][  0]LogInit:Display: Running engine for game: CATS
[2015.11.23-16.20.36:666][  0]LogInit:Display: RandInit(-1131648377) SRandInit(-1131648373).
[2015.11.23-16.20.36:666][  0]LogTaskGraph: Started task graph with 4 named threads and 5 total threads.
[2015.11.23-16.20.36:666][  0]LogStats: Stats thread started at 0.375248
[2015.11.23-16.20.36:666][  0]LogInit: Version: 4.9.1-2689999+++depot+UE4-Releases+4.9
[2015.11.23-16.20.36:666][  0]LogInit: API Version: 2672455
[2015.11.23-16.20.36:666][  0]LogInit: Compiled (64-bit): Sep 14 2015 04:12:03
[2015.11.23-16.20.36:666][  0]LogInit: Compiled with Visual C++: 18.00.21005.01
[2015.11.23-16.20.36:666][  0]LogInit: Build Configuration: Development
[2015.11.23-16.20.36:666][  0]LogInit: Branch Name: ++depot+UE4-Releases+4.9
[2015.11.23-16.20.36:666][  0]LogInit: Command line:  
[2015.11.23-16.20.36:666][  0]LogInit: Base directory: C:/Program Files/Epic Games/4.9/Engine/Binaries/Win64/
[2015.11.23-16.20.36:666][  0]LogInit: Rocket: 1
[2015.11.23-16.20.36:691][  0]LogInit: Using libcurl 7.41.0
[2015.11.23-16.20.36:691][  0]LogInit:  - built for x86_64-pc-win32
[2015.11.23-16.20.36:691][  0]LogInit:  - supports SSL with WinSSL
[2015.11.23-16.20.36:691][  0]LogInit:  - other features:
[2015.11.23-16.20.36:691][  0]LogInit:      CURL_VERSION_SSL
[2015.11.23-16.20.36:691][  0]LogInit:      CURL_VERSION_IPV6
[2015.11.23-16.20.36:691][  0]LogInit:      CURL_VERSION_ASYNCHDNS
[2015.11.23-16.20.36:691][  0]LogInit:      CURL_VERSION_LARGEFILE
[2015.11.23-16.20.36:691][  0]LogInit:      CURL_VERSION_IDN
[2015.11.23-16.20.36:691][  0]LogInit:  CurlRequestOptions (configurable via config and command line):
[2015.11.23-16.20.36:691][  0]LogInit:  - bVerifyPeer = true  - Libcurl will verify peer certificate
[2015.11.23-16.20.36:691][  0]LogInit:  - bUseHttpProxy = false  - Libcurl will NOT use HTTP proxy
[2015.11.23-16.20.36:691][  0]LogInit:  - bDontReuseConnections = false  - Libcurl will reuse connections
[2015.11.23-16.20.36:691][  0]LogInit:  - CertBundlePath = nullptr  - Libcurl will use whatever was configured at build time.
[2015.11.23-16.20.36:710][  0]LogInit: Presizing for 0 objects not considered by GC, pre-allocating 0 bytes.
[2015.11.23-16.20.36:743][  0]LogInit: Object subsystem initialized
[2015.11.23-16.20.36:760][  0]LogInit: Selected Device Profile: [Windows]
[2015.11.23-16.20.36:760][  0]LogInit: Applying CVar settings loaded from the selected device profile: [Windows]
[2015.11.23-16.20.36:777][  0]LogInit: Computer: AGISE
[2015.11.23-16.20.36:777][  0]LogInit: User: Edosiho
[2015.11.23-16.20.36:777][  0]LogInit: CPU Page size=4096, Cores=2
[2015.11.23-16.20.36:777][  0]LogInit: High frequency timer resolution =2.208008 MHz
[2015.11.23-16.20.36:777][  0]LogMemory: Memory total: Physical=6.0GB (6GB approx)
[2015.11.23-16.20.36:777][  0]LogMemory: Platform Memory Stats for Windows
[2015.11.23-16.20.36:777][  0]LogMemory: Process Physical Memory: 55.88 MB used, 55.88 MB peak
[2015.11.23-16.20.36:777][  0]LogMemory: Process Virtual Memory: 58.92 MB used, 58.92 MB peak
[2015.11.23-16.20.36:777][  0]LogMemory: Physical Memory: 2249.14 MB used, 6131.91 MB total
[2015.11.23-16.20.36:777][  0]LogMemory: Virtual Memory: 351.80 MB used, 134217728.00 MB total
[2015.11.23-16.20.39:040][  0]LogD3D11RHI: Found D3D11 adapter 0: NVIDIA Quadro FX 770M (Feature Level 10_0)
[2015.11.23-16.20.39:040][  0]LogD3D11RHI: Adapter has 483MB of dedicated video memory, 0MB of dedicated system memory, and 3065MB of shared system memory, 1 output[s]
[2015.11.23-16.20.39:046][  0]LogD3D11RHI: Found D3D11 adapter 1: Microsoft Basic Render Driver (Feature Level 11_0)
[2015.11.23-16.20.39:046][  0]LogD3D11RHI: Adapter has 0MB of dedicated video memory, 0MB of dedicated system memory, and 256MB of shared system memory, 0 output[s]
[2015.11.23-16.20.39:046][  0]LogD3D11RHI: Chosen D3D11 Adapter Id = 0
[2015.11.23-16.20.39:076][  0]LogD3D11RHI: !Direct3DDevice
[2015.11.23-16.20.39:076][  0]LogRHI: Texture pool is 338 MB (70% of 483 MB)
[2015.11.23-16.20.39:105][  0]LogD3D11RHI: Async texture creation enabled
[2015.11.23-16.20.39:127][  0]LogShaderCompilers: Guid format shader working directory is 15 characters bigger than the processId version (../../../../../../Users/Edosiho/Documents/GitHub/C.A.T.S/CATS/Intermediate/Shaders/WorkingDirectory/5268/).
[2015.11.23-16.20.39:128][  0]LogShaderCompilers: Cleaned the shader compiler working directory '../../../../../../Users/Edosiho/Documents/GitHub/C.A.T.S/CATS/Intermediate/Shaders/tmp/2823B6C54336671EC1CF649DB3940E1E/'.
[2015.11.23-16.20.39:128][  0]LogShaderCompilers:Display: Using Local Shader Compiler.
[2015.11.23-16.20.42:875][  0]LogTemp:Display: Loaded TP AllDesktopTargetPlatform
[2015.11.23-16.20.42:894][  0]LogTemp:Display: Loaded TP WindowsClientTargetPlatform
[2015.11.23-16.20.42:911][  0]LogTemp:Display: Loaded TP WindowsNoEditorTargetPlatform
[2015.11.23-16.20.42:932][  0]LogTemp:Display: Loaded TP WindowsServerTargetPlatform
[2015.11.23-16.20.42:947][  0]LogTemp:Display: Loaded TP WindowsTargetPlatform
[2015.11.23-16.20.42:976][  0]LogTemp:Display: Loaded TP AndroidTargetPlatform
[2015.11.23-16.20.42:991][  0]LogTemp:Display: Loaded TP Android_ASTCTargetPlatform
[2015.11.23-16.20.43:002][  0]LogTemp:Display: Loaded TP Android_ATCTargetPlatform
[2015.11.23-16.20.43:013][  0]LogTemp:Display: Loaded TP Android_DXTTargetPlatform
[2015.11.23-16.20.43:040][  0]LogTemp:Display: Loaded TP Android_ETC1TargetPlatform
[2015.11.23-16.20.43:051][  0]LogTemp:Display: Loaded TP Android_ETC2TargetPlatform
[2015.11.23-16.20.43:064][  0]LogTemp:Display: Loaded TP Android_PVRTCTargetPlatform
[2015.11.23-16.20.43:069][  0]LogTemp:Display: Loaded TP HTML5TargetPlatform
[2015.11.23-16.20.43:102][  0]LogTemp:Display: Loaded TP IOSTargetPlatform
[2015.11.23-16.20.43:111][  0]LogTemp:Display: Loaded TP LinuxNoEditorTargetPlatform
[2015.11.23-16.20.43:146][  0]LogTemp:Display: Loaded TP LinuxServerTargetPlatform
[2015.11.23-16.20.43:160][  0]LogTemp:Display: Loaded TP LinuxTargetPlatform
[2015.11.23-16.20.43:160][  0]LogTargetPlatformManager:Display: Building Assets For Windows
[2015.11.23-16.20.43:462][  0]LogDerivedDataCache:Display: Max Cache Size: 512 MB
[2015.11.23-16.20.43:619][  0]LogDerivedDataCache: Loaded boot cache 0.16s 36MB C:/Users/Edosiho/AppData/Local/UnrealEngine/4.9/DerivedDataCache/Boot.ddc.
[2015.11.23-16.20.43:619][  0]LogDerivedDataCache:Display: Loaded Boot cache: C:/Users/Edosiho/AppData/Local/UnrealEngine/4.9/DerivedDataCache/Boot.ddc
[2015.11.23-16.20.43:620][  0]LogDerivedDataCache: FDerivedDataBackendGraph:  Pak pak cache file ../../../../../../Users/Edosiho/Documents/GitHub/C.A.T.S/CATS/DerivedDataCache/DDC.ddp not found, will not use a pak cache.
[2015.11.23-16.20.43:620][  0]LogDerivedDataCache: Unable to find inner node Pak for hierarchical cache Hierarchy.
[2015.11.23-16.20.43:620][  0]LogDerivedDataCache: FDerivedDataBackendGraph:  CompressedPak pak cache file ../../../../../../Users/Edosiho/Documents/GitHub/C.A.T.S/CATS/DerivedDataCache/Compressed.ddp not found, will not use a pak cache.
[2015.11.23-16.20.43:620][  0]LogDerivedDataCache: Unable to find inner node CompressedPak for hierarchical cache Hierarchy.
[2015.11.23-16.20.43:933][  0]LogDerivedDataCache:Display: Pak cache opened for reading ../../../Engine/DerivedDataCache/Compressed.ddp.
[2015.11.23-16.20.43:947][  0]LogDerivedDataCache: Using Local data cache path C:/Users/Edosiho/AppData/Local/UnrealEngine/Common/DerivedDataCache: Writable
[2015.11.23-16.20.44:479][  0]LogInit: Selected Device Profile: [Windows]
[2015.11.23-16.20.44:485][  0]LogContentStreaming: Texture pool size is 0.000000MB
[2015.11.23-16.20.44:813][  0]LogMeshUtilities: No automatic mesh reduction module available
[2015.11.23-16.20.44:813][  0]LogMeshUtilities: No automatic mesh merging module available
[2015.11.23-16.20.45:680][  0]LogInit: WinSock: version 1.1 (2.2), MaxSocks=32767, MaxUdp=65467
[2015.11.23-16.20.48:027][  0]LogAssetRegistry: FAssetRegistry took 0.0111 seconds to start up
[2015.11.23-16.20.48:089][  0]UdpMessaging: Initializing bridge on interface 0.0.0.0:0 to multicast group 230.0.0.1:6666.
[2015.11.23-16.20.48:712][  0]SourceControl: Info Source control is disabled
[2015.11.23-16.20.49:120][  0]SourceControl: Info Source control is disabled
[2015.11.23-16.20.49:171][  0]SourceControl: Info Source control is disabled
[2015.11.23-16.20.49:208][  0]SourceControl: Info Source control is disabled
[2015.11.23-16.20.49:752][  0]LogLinker:Warning: Asset '../../../Engine/Plugins/Runtime/LeapMotionController/Content/LM_PassthroughMaterial.uasset' has been saved with empty engine version. The asset will be loaded but may be incompatible.
[2015.11.23-16.20.50:085][  0]LogObj: 28528 objects as part of root set at end of initial load.
[2015.11.23-16.20.50:085][  0]LogUObjectAllocator: 6068456 out of 0 bytes used by permanent object pool.
[2015.11.23-16.20.50:219][  0]LogEngine: Initializing Engine...
[2015.11.23-16.20.50:224][  0]LogHMD: Can't find Oculus library dev build: is proper Runtime installed? Version: 0.7.0.0
[2015.11.23-16.20.50:240][  0]LogHMD: SteamVR failed to initialize.  Err: 110
[2015.11.23-16.20.50:540][  0]LogAIModule: Creating AISystem for world NewWorld
[2015.11.23-16.20.50:555][  0]LogInit: XAudio2 using 'Speakers (High Definition Audio Device)' : 2 channels at 44.1 kHz using 16 bits per sample (channel mask 0x3)
[2015.11.23-16.20.50:584][  0]LogInit: FAudioDevice initialized.
[2015.11.23-16.20.50:651][  0]LogDerivedDataCache: Saved boot cache 0.07s 36MB C:/Users/Edosiho/AppData/Local/UnrealEngine/4.9/DerivedDataCache/Boot.ddc.
[2015.11.23-16.20.50:672][  0]LogInit: Texture streaming: Enabled
[2015.11.23-16.20.50:690][  0]LogAnalytics: Creating configured Analytics provider AnalyticsET
[2015.11.23-16.20.50:690][  0]LogAnalytics: [UEEditor.Rocket.Release] APIServer = http://et2.epicgames.com/ET2/. AppVersion = 4.9.1-2689999+++depot+UE4-Releases+4.9
[2015.11.23-16.20.50:690][  0]LogAnalytics: [UEEditor.Rocket.Release] SetUserId a3ecda3c4d50cd275ecf7497f12b4d14|e806c5a3e75b4a14b122359eb3b7e1a6|4fbddb0b-eeea-41a9-880e-03c25a996dc0
[2015.11.23-16.20.50:690][  0]LogAnalytics: [UEEditor.Rocket.Release] AnalyticsET::StartSession
[2015.11.23-16.20.50:753][  0]LogInit: Transaction tracking system initialized
[2015.11.23-16.20.50:892][  0]BlueprintLog: New page: Editor Load
[2015.11.23-16.20.51:350][  0]LocalizationService: Info Localization service is disabled
[2015.11.23-16.20.51:633][  0]LogConsoleResponse:Display: 
[2015.11.23-16.20.52:113][  0]LogCook:Display: Done creating registry. It took  0.00s.
[2015.11.23-16.20.52:453][  0]LogFileCache: Scanning file cache for directory 'C:/Users/Edosiho/Documents/GitHub/C.A.T.S/CATS/Content/' took 0.09s
[2015.11.23-16.20.52:482][  0]SourceControl: Info Source control is disabled
[2015.11.23-16.20.52:482][  0]Cmd: MAP LOAD FILE="../../../../../../Users/Edosiho/Documents/GitHub/C.A.T.S/CATS/Content/ThirdPersonBP/Maps/ThirdPersonExampleMap.umap" TEMPLATE=0 SHOWPROGRESS=1 FEATURELEVEL=2
[2015.11.23-16.20.52:484][  0]LightingResults: New page: Lighting Build
[2015.11.23-16.20.52:490][  0]MapCheck: New page: Map Check
[2015.11.23-16.20.52:490][  0]LightingResults: New page: Lighting Build
[2015.11.23-16.20.52:550][  0]LogParticles: Destroying 0 GPU particle simulations for FXSystem 0x000000BF8DF62160
[2015.11.23-16.20.55:268][  0]LogAIModule: Creating AISystem for world ThirdPersonExampleMap
[2015.11.23-16.20.55:319][  0]LogEditorServer: Finished looking for orphan Actors (0.000 secs)
[2015.11.23-16.20.56:724][  0]Cmd: MAP CHECKDEP NOCLEARLOG
[2015.11.23-16.20.56:965][  0]MapCheck: Info Map check complete: 0 Error(s), 0 Warning(s), took 240.714ms to complete.
[2015.11.23-16.20.56:965][  0]LogFileHelpers: Loading map 'ThirdPersonExampleMap' took 4.482
[2015.11.23-16.20.57:837][  0]LogCollectionManager: Loaded 0 collections in 0.004794 seconds
[2015.11.23-16.20.57:949][  0]LogFileCache: Scanning file cache for directory 'C:/Users/Edosiho/Documents/GitHub/C.A.T.S/CATS/Saved/Collections/' took 0.02s
[2015.11.23-16.20.57:949][  0]LogFileCache: Scanning file cache for directory 'C:/Users/Edosiho/Documents/GitHub/C.A.T.S/CATS/Content/Developers/Edosiho/Collections/' took 0.02s
[2015.11.23-16.20.57:949][  0]LogFileCache: Scanning file cache for directory 'C:/Users/Edosiho/Documents/GitHub/C.A.T.S/CATS/Content/Collections/' took 0.04s
[2015.11.23-16.20.57:949][  0]LogContentBrowser: Native class hierarchy populated in 0.0175 seconds. Added 1882 classes and 339 folders.
[2015.11.23-16.20.57:967][  0]LogCollectionManager: Rebuilt the GUID cache for 0 collections in 0.000006 seconds
[2015.11.23-16.20.58:009][  0]LogContentBrowser: Native class hierarchy updated for 'WidgetCarousel' in 0.0066 seconds. Added 0 classes and 0 folders.
[2015.11.23-16.20.58:228][  0]LogContentBrowser: Native class hierarchy updated for 'AddContentDialog' in 0.0012 seconds. Added 0 classes and 0 folders.
[2015.11.23-16.20.58:243][  0]LogContentBrowser: Native class hierarchy updated for 'SceneOutliner' in 0.0007 seconds. Added 1 classes and 2 folders.
[2015.11.23-16.20.58:493][  0]LogCrashTracker: Crashtracker disabled due to settings.
[2015.11.23-16.20.58:525][  0]LogUObjectGlobals:Warning: Failed to find object 'Class None.'
[2015.11.23-16.20.58:556][  0]LogLoad: Full Startup: 23.92 seconds (BP compile: 0.77 seconds)
[2015.11.23-16.20.59:326][  0]LogContentStreaming: Texture pool size now 700 MB
[2015.11.23-16.20.59:749][  0]LogRenderer: Reallocating scene render targets to support 740x404 (Frame:2).
[2015.11.23-16.21.05:687][ 15]LogAssetRegistry: Asset discovery search completed in 17.6710 seconds
[2015.11.23-16.21.05:687][ 15]LogCollectionManager: Rebuilt the object cache for 0 collections in 0.000002 seconds (found 0 objects)
[2015.11.23-16.21.05:687][ 15]LogCollectionManager: Fixed up redirectors for 0 collections in 0.000050 seconds (updated 0 objects)
[2015.11.23-16.21.11:608][106]LogTexture:Display: Building textures: HQ_Lightmap1_2 (AutoDXT)
[2015.11.23-16.21.12:286][106]LogTexture:Display: Building textures: HQ_Lightmap1_3 (AutoDXT)
[2015.11.23-16.21.12:497][106]LogTexture:Display: Building textures: HQ_Lightmap1_4 (AutoDXT)
[2015.11.23-16.21.12:672][106]LogTexture:Display: Building textures: HQ_Lightmap1_5 (AutoDXT)
[2015.11.23-16.21.12:684][106]LogTexture:Display: Building textures: LQ_Lightmap_1_2 (DXT1)
[2015.11.23-16.21.13:023][106]LogTexture:Display: Building textures: LQ_Lightmap_1_3 (DXT1)
[2015.11.23-16.21.13:172][106]LogTexture:Display: Building textures: LQ_Lightmap_1_4 (DXT1)
[2015.11.23-16.21.13:267][106]LogTexture:Display: Building textures: LQ_Lightmap_1_5 (DXT1)
[2015.11.23-16.21.13:307][106]LogTexture:Display: Building textures: SkyOcclusion1_2 (AutoDXT)
[2015.11.23-16.21.13:563][106]LogTexture:Display: Building textures: SkyOcclusion1_3 (AutoDXT)
[2015.11.23-16.21.13:704][106]LogTexture:Display: Building textures: SkyOcclusion1_4 (AutoDXT)
[2015.11.23-16.21.13:793][106]LogTexture:Display: Building textures: SkyOcclusion1_5 (AutoDXT)
[2015.11.23-16.21.15:610][106]LogAIModule: Creating AISystem for world catsmejorado
[2015.11.23-16.21.15:751][106]LogActorComponent: UnregisterComponent: (/Engine/Transient.CharMoveComp) Not registered. Aborting.
[2015.11.23-16.21.15:849][106]Cmd: MAP LOAD FILE="../../../../../../Users/Edosiho/Documents/GitHub/C.A.T.S/CATS/Content/Cats/catsmejorado.umap" TEMPLATE=0 SHOWPROGRESS=1 FEATURELEVEL=2
[2015.11.23-16.21.15:849][106]LightingResults: New page: Lighting Build
[2015.11.23-16.21.15:927][106]LoadErrors: New page: Loading map: catsmejorado.umap
[2015.11.23-16.21.15:975][106]MapCheck: New page: Map Check
[2015.11.23-16.21.15:975][106]LightingResults: New page: Lighting Build
[2015.11.23-16.21.16:021][106]LogParticles: Destroying 0 GPU particle simulations for FXSystem 0x000000BF9137B420
[2015.11.23-16.21.16:353][106]LogPhysics:Warning: AddSphylsToRigidActor: [/Game/Cats/catsmejorado.catsmejorado:PersistentLevel.playground_gatito.CollisionCylinder] SphylElems[0] invalid
[2015.11.23-16.21.16:540][106]LogEditorServer: Finished looking for orphan Actors (0.000 secs)
[2015.11.23-16.21.16:722][106]Cmd: MAP CHECKDEP NOCLEARLOG
[2015.11.23-16.21.17:002][106]MapCheck: Info Map check complete: 0 Error(s), 0 Warning(s), took 280.199ms to complete.
[2015.11.23-16.21.17:004][106]LogFileHelpers: Loading map 'catsmejorado' took 1.158
[2015.11.23-16.21.23:963][199]LogBlueprintUserMessages: Early PlayInEditor Detection: Level '/Game/Cats/catsmejorado.catsmejorado:PersistentLevel' has LevelScriptBlueprint '/Game/Cats/catsmejorado.catsmejorado:PersistentLevel.catsmejorado' with GeneratedClass '/Game/Cats/catsmejorado.catsmejorado_C' with ClassGeneratedBy '/Game/Cats/catsmejorado.catsmejorado:PersistentLevel.catsmejorado'
[2015.11.23-16.21.23:963][199]LogPlayLevel: PlayLevel: No blueprints needed recompiling
[2015.11.23-16.21.23:982][199]PIE: New page: PIE session: catsmejorado (Nov 23, 2015, 4:21:23 AM)
[2015.11.23-16.21.23:988][199]LogPlayLevel: Creating play world package: /Game/Cats/UEDPIE_0_catsmejorado
[2015.11.23-16.21.24:206][199]LogPlayLevel: PIE: StaticDuplicateObject took: (0.217804s)
[2015.11.23-16.21.24:208][199]LogAIModule: Creating AISystem for world catsmejorado
[2015.11.23-16.21.24:208][199]LogPlayLevel: PIE: World Init took: (0.002032s)
[2015.11.23-16.21.24:209][199]LogPlayLevel: PIE: Created PIE world by copying editor world from /Game/Cats/catsmejorado.catsmejorado to /Game/Cats/UEDPIE_0_catsmejorado.catsmejorado (0.220837s)
[2015.11.23-16.21.24:225][199]LogActorComponent: UnregisterComponent: (/Engine/Transient.CharMoveComp) Not registered. Aborting.
[2015.11.23-16.21.24:301][199]LogInit: XAudio2 using 'Speakers (High Definition Audio Device)' : 2 channels at 44.1 kHz using 16 bits per sample (channel mask 0x3)
[2015.11.23-16.21.24:312][199]LogInit: FAudioDevice initialized.
[2015.11.23-16.21.24:476][199]LogWorld: Game class is 'ThirdPersonGameMode_C'
[2015.11.23-16.21.24:884][199]LogWorld: Bringing World /Game/Cats/UEDPIE_0_catsmejorado.catsmejorado up for play (max tick rate 0) at 2015.11.23-10.21.24
[2015.11.23-16.21.24:884][199]LogActor:Warning: GameSession /Game/Cats/UEDPIE_0_catsmejorado.catsmejorado:PersistentLevel.GameSession_0 has natively added scene component(s), but none of them were set as the actor's RootComponent - picking one arbitrarily
[2015.11.23-16.21.24:902][199]LogActor:Warning: GameNetworkManager /Game/Cats/UEDPIE_0_catsmejorado.catsmejorado:PersistentLevel.GameNetworkManager_0 has natively added scene component(s), but none of them were set as the actor's RootComponent - picking one arbitrarily
[2015.11.23-16.21.24:946][199]LogWorld: Bringing up level for play took: 0.459530
[2015.11.23-16.21.25:170][199]LogPhysics:Warning: Initialising Body : Scale3D is (nearly) zero: Component: Gateeto_C_0.CharacterMesh0 SK_Mannequin Bone: spine_01 
[2015.11.23-16.21.25:170][199]LogPhysics:Warning: Initialising Body : Scale3D is (nearly) zero: Component: Gateeto_C_0.CharacterMesh0 SK_Mannequin Bone: spine_02 
[2015.11.23-16.21.25:170][199]LogPhysics:Warning: Initialising Body : Scale3D is (nearly) zero: Component: Gateeto_C_0.CharacterMesh0 SK_Mannequin Bone: pelvis 
[2015.11.23-16.21.25:170][199]LogPhysics:Warning: Initialising Body : Scale3D is (nearly) zero: Component: Gateeto_C_0.CharacterMesh0 SK_Mannequin Bone: thigh_l 
[2015.11.23-16.21.25:170][199]LogPhysics:Warning: Initialising Body : Scale3D is (nearly) zero: Component: Gateeto_C_0.CharacterMesh0 SK_Mannequin Bone: calf_l 
[2015.11.23-16.21.25:170][199]LogPhysics:Warning: Initialising Body : Scale3D is (nearly) zero: Component: Gateeto_C_0.CharacterMesh0 SK_Mannequin Bone: foot_l 
[2015.11.23-16.21.25:170][199]LogPhysics:Warning: Initialising Body : Scale3D is (nearly) zero: Component: Gateeto_C_0.CharacterMesh0 SK_Mannequin Bone: thigh_r 
[2015.11.23-16.21.25:170][199]LogPhysics:Warning: Initialising Body : Scale3D is (nearly) zero: Component: Gateeto_C_0.CharacterMesh0 SK_Mannequin Bone: calf_r 
[2015.11.23-16.21.25:170][199]LogPhysics:Warning: Initialising Body : Scale3D is (nearly) zero: Component: Gateeto_C_0.CharacterMesh0 SK_Mannequin Bone: foot_r 
[2015.11.23-16.21.25:170][199]LogPhysics:Warning: Initialising Body : Scale3D is (nearly) zero: Component: Gateeto_C_0.CharacterMesh0 SK_Mannequin Bone: upperarm_r 
[2015.11.23-16.21.25:170][199]LogPhysics:Warning: Initialising Body : Scale3D is (nearly) zero: Component: Gateeto_C_0.CharacterMesh0 SK_Mannequin Bone: lowerarm_r 
[2015.11.23-16.21.25:170][199]LogPhysics:Warning: Initialising Body : Scale3D is (nearly) zero: Component: Gateeto_C_0.CharacterMesh0 SK_Mannequin Bone: hand_r 
[2015.11.23-16.21.25:170][199]LogPhysics:Warning: Initialising Body : Scale3D is (nearly) zero: Component: Gateeto_C_0.CharacterMesh0 SK_Mannequin Bone: upperarm_l 
[2015.11.23-16.21.25:171][199]LogPhysics:Warning: Initialising Body : Scale3D is (nearly) zero: Component: Gateeto_C_0.CharacterMesh0 SK_Mannequin Bone: lowerarm_l 
[2015.11.23-16.21.25:171][199]LogPhysics:Warning: Initialising Body : Scale3D is (nearly) zero: Component: Gateeto_C_0.CharacterMesh0 SK_Mannequin Bone: hand_l 
[2015.11.23-16.21.25:171][199]LogPhysics:Warning: Initialising Body : Scale3D is (nearly) zero: Component: Gateeto_C_0.CharacterMesh0 SK_Mannequin Bone: neck_01 
[2015.11.23-16.21.25:171][199]LogPhysics:Warning: Initialising Body : Scale3D is (nearly) zero: Component: Gateeto_C_0.CharacterMesh0 SK_Mannequin Bone: head 
[2015.11.23-16.21.25:171][199]LogPhysics:Warning: Initialising Body : Scale3D is (nearly) zero: Component: Gateeto_C_0.CharacterMesh0 SK_Mannequin Bone: ball_r 
[2015.11.23-16.21.25:171][199]LogPhysics:Warning: Initialising Body : Scale3D is (nearly) zero: Component: Gateeto_C_0.CharacterMesh0 SK_Mannequin Bone: ball_l 
[2015.11.23-16.21.25:316][199]PIE: Info Play in editor start time for /Game/Cats/UEDPIE_0_catsmejorado 1.337
[2015.11.23-16.21.25:316][199]LogBlueprintUserMessages: Late PlayInEditor Detection: Level '/Game/Cats/catsmejorado.catsmejorado:PersistentLevel' has LevelScriptBlueprint '/Game/Cats/catsmejorado.catsmejorado:PersistentLevel.catsmejorado' with GeneratedClass '/Game/Cats/catsmejorado.catsmejorado_C' with ClassGeneratedBy '/Game/Cats/catsmejorado.catsmejorado:PersistentLevel.catsmejorado'
[2015.11.23-16.22.03:554][849]LogBlueprintUserMessages: Early EndPlayMap Detection: Level '/Game/Cats/catsmejorado.catsmejorado:PersistentLevel' has LevelScriptBlueprint '/Game/Cats/catsmejorado.catsmejorado:PersistentLevel.catsmejorado' with GeneratedClass '/Game/Cats/catsmejorado.catsmejorado_C' with ClassGeneratedBy '/Game/Cats/catsmejorado.catsmejorado:PersistentLevel.catsmejorado'
[2015.11.23-16.22.03:680][849]LogBlueprintUserMessages: Late EndPlayMap Detection: Level '/Game/Cats/catsmejorado.catsmejorado:PersistentLevel' has LevelScriptBlueprint '/Game/Cats/catsmejorado.catsmejorado:PersistentLevel.catsmejorado' with GeneratedClass '/Game/Cats/catsmejorado.catsmejorado_C' with ClassGeneratedBy '/Game/Cats/catsmejorado.catsmejorado:PersistentLevel.catsmejorado'
[2015.11.23-16.22.03:752][849]LogParticles: Destroying 0 GPU particle simulations for FXSystem 0x000000BF8CC2C2C0
[2015.11.23-16.22.08:389][ 36]LogWindowsTextInputMethodSystem:Display: IME system now deactivated.
[2015.11.23-16.22.09:385][ 37]Cmd: QUIT_EDITOR
[2015.11.23-16.22.11:290][ 37]LogExit: Preparing to exit.
[2015.11.23-16.22.12:462][ 37]LogExit: Editor shut down
[2015.11.23-16.22.12:462][ 37]LogExit: Transaction tracking system shut down
[2015.11.23-16.22.12:486][ 37]LogParticles: Destroying 0 GPU particle simulations for FXSystem 0x000000BF8CCC5940
[2015.11.23-16.22.12:486][ 37]LogParticles: Destroying 0 GPU particle simulations for FXSystem 0x000000BF8CCC7600
[2015.11.23-16.22.12:486][ 37]LogParticles: Destroying 0 GPU particle simulations for FXSystem 0x000000BFA9174900
[2015.11.23-16.22.12:487][ 37]LogParticles: Destroying 0 GPU particle simulations for FXSystem 0x000000BFA9069260
[2015.11.23-16.22.12:487][ 37]LogParticles: Destroying 0 GPU particle simulations for FXSystem 0x000000BFABFAF9C0
[2015.11.23-16.22.12:493][ 37]LogParticles: Destroying 0 GPU particle simulations for FXSystem 0x000000BF8CD8E840
[2015.11.23-16.22.12:964][ 37]LogExit: Object subsystem successfully closed.
[2015.11.23-16.22.12:989][ 37]LogD3D11RHI: Shutdown
[2015.11.23-16.22.12:989][ 37]LogD3D11RHI: CleanupD3DDevice
[2015.11.23-16.22.13:587][ 37]LogD3D11RHI: ~FD3D11DynamicRHI
[2015.11.23-16.22.13:672][ 37]LogModuleManager: Shutting down and abandoning module CrashTracker (199)
[2015.11.23-16.22.13:672][ 37]LogModuleManager: Shutting down and abandoning module SceneOutliner (198)
[2015.11.23-16.22.13:672][ 37]LogModuleManager: Shutting down and abandoning module SuperSearch (197)
[2015.11.23-16.22.13:672][ 37]LogModuleManager: Shutting down and abandoning module WidgetCarousel (196)
[2015.11.23-16.22.13:672][ 37]LogModuleManager: Shutting down and abandoning module AddContentDialog (195)
[2015.11.23-16.22.13:676][ 37]LogModuleManager: Shutting down and abandoning module EditorWidgets (194)
[2015.11.23-16.22.13:676][ 37]LogModuleManager: Shutting down and abandoning module CollectionManager (193)
[2015.11.23-16.22.13:676][ 37]LogModuleManager: Shutting down and abandoning module StatsViewer (192)
[2015.11.23-16.22.13:676][ 37]LogModuleManager: Shutting down and abandoning module FoliageEdit (191)
[2015.11.23-16.22.13:676][ 37]LogModuleManager: Shutting down and abandoning module LandscapeEditor (190)
[2015.11.23-16.22.13:680][ 37]LogModuleManager: Shutting down and abandoning module ActorPickerMode (189)
[2015.11.23-16.22.13:680][ 37]LogModuleManager: Shutting down and abandoning module GeometryMode (188)
[2015.11.23-16.22.13:680][ 37]LogModuleManager: Shutting down and abandoning module TextureAlignMode (187)
[2015.11.23-16.22.13:680][ 37]LogModuleManager: Shutting down and abandoning module BspMode (186)
[2015.11.23-16.22.13:680][ 37]LogModuleManager: Shutting down and abandoning module PlacementMode (185)
[2015.11.23-16.22.13:680][ 37]LogModuleManager: Shutting down and abandoning module AutomationWorker (184)
[2015.11.23-16.22.13:680][ 37]LogModuleManager: Shutting down and abandoning module CharacterAI (183)
[2015.11.23-16.22.13:680][ 37]LogModuleManager: Shutting down and abandoning module SmartSnapping (182)
[2015.11.23-16.22.13:680][ 37]LogModuleManager: Shutting down and abandoning module ViewportSnapping (181)
[2015.11.23-16.22.13:681][ 37]LogModuleManager: Shutting down and abandoning module LogVisualizer (180)
[2015.11.23-16.22.13:681][ 37]LogModuleManager: Shutting down and abandoning module GameProjectGeneration (179)
[2015.11.23-16.22.13:681][ 37]LogModuleManager: Shutting down and abandoning module IntroTutorials (178)
[2015.11.23-16.22.13:681][ 37]LogModuleManager: Shutting down and abandoning module EditorLiveStreaming (177)
[2015.11.23-16.22.13:681][ 37]LogModuleManager: Shutting down and abandoning module IOSPlatformEditor (176)
[2015.11.23-16.22.13:681][ 37]LogModuleManager: Shutting down and abandoning module HTML5PlatformEditor (175)
[2015.11.23-16.22.13:681][ 37]LogModuleManager: Shutting down and abandoning module AndroidDeviceDetection (174)
[2015.11.23-16.22.13:921][ 37]LogModuleManager: Shutting down and abandoning module AndroidPlatformEditor (173)
[2015.11.23-16.22.13:921][ 37]LogModuleManager: Shutting down and abandoning module IOSRuntimeSettings (172)
[2015.11.23-16.22.13:921][ 37]LogModuleManager: Shutting down and abandoning module AndroidRuntimeSettings (171)
[2015.11.23-16.22.13:921][ 37]LogModuleManager: Shutting down and abandoning module MergeActors (170)
[2015.11.23-16.22.13:921][ 37]LogModuleManager: Shutting down and abandoning module SizeMap (169)
[2015.11.23-16.22.13:921][ 37]LogModuleManager: Shutting down and abandoning module TreeMap (168)
[2015.11.23-16.22.13:921][ 37]LogModuleManager: Shutting down and abandoning module ReferenceViewer (167)
[2015.11.23-16.22.13:921][ 37]LogModuleManager: Shutting down and abandoning module LocalizationService (166)
[2015.11.23-16.22.13:921][ 37]LogModuleManager: Shutting down and abandoning module LocalizationDashboard (165)
[2015.11.23-16.22.13:921][ 37]LogModuleManager: Shutting down and abandoning module HardwareTargeting (164)
[2015.11.23-16.22.13:921][ 37]LogModuleManager: Shutting down and abandoning module DeviceProfileEditor (163)
[2015.11.23-16.22.13:921][ 37]LogModuleManager: Shutting down and abandoning module UndoHistory (162)
[2015.11.23-16.22.13:922][ 37]LogModuleManager: Shutting down and abandoning module GameplayTagsEditor (161)
[2015.11.23-16.22.13:922][ 37]LogModuleManager: Shutting down and abandoning module UserFeedback (160)
[2015.11.23-16.22.13:922][ 37]LogModuleManager: Shutting down and abandoning module XmlParser (159)
[2015.11.23-16.22.13:922][ 37]LogModuleManager: Shutting down and abandoning module Blutility (158)
[2015.11.23-16.22.13:922][ 37]LogModuleManager: Shutting down and abandoning module ProjectTargetPlatformEditor (157)
[2015.11.23-16.22.13:922][ 37]LogModuleManager: Shutting down and abandoning module ProjectSettingsViewer (156)
[2015.11.23-16.22.13:922][ 37]LogModuleManager: Shutting down and abandoning module InputBindingEditor (155)
[2015.11.23-16.22.13:922][ 37]LogModuleManager: Shutting down and abandoning module EditorSettingsViewer (154)
[2015.11.23-16.22.13:922][ 37]LogModuleManager: Shutting down and abandoning module SettingsEditor (153)
[2015.11.23-16.22.13:922][ 37]LogModuleManager: Shutting down and abandoning module ProjectLauncher (152)
[2015.11.23-16.22.13:922][ 37]LogModuleManager: Shutting down and abandoning module SessionFrontend (151)
[2015.11.23-16.22.13:922][ 37]LogModuleManager: Shutting down and abandoning module ProfilerClient (150)
[2015.11.23-16.22.13:922][ 37]LogModuleManager: Shutting down and abandoning module TargetDeviceServices (149)
[2015.11.23-16.22.13:922][ 37]LogModuleManager: Shutting down and abandoning module DeviceManager (148)
[2015.11.23-16.22.13:922][ 37]LogModuleManager: Shutting down and abandoning module AutomationController (147)
[2015.11.23-16.22.13:922][ 37]LogModuleManager: Shutting down and abandoning module AutomationWindow (146)
[2015.11.23-16.22.13:923][ 37]LogModuleManager: Shutting down and abandoning module Layers (145)
[2015.11.23-16.22.13:923][ 37]LogModuleManager: Shutting down and abandoning module ComponentVisualizers (144)
[2015.11.23-16.22.13:923][ 37]LogModuleManager: Shutting down and abandoning module DetailCustomizations (143)
[2015.11.23-16.22.13:923][ 37]LogModuleManager: Shutting down and abandoning module PackagesDialog (142)
[2015.11.23-16.22.13:923][ 37]LogModuleManager: Shutting down and abandoning module Persona (141)
[2015.11.23-16.22.13:923][ 37]LogModuleManager: Shutting down and abandoning module Kismet (140)
[2015.11.23-16.22.13:923][ 37]LogModuleManager: Shutting down and abandoning module GraphEditor (139)
[2015.11.23-16.22.13:923][ 37]LogModuleManager: Shutting down and abandoning module ClassViewer (138)
[2015.11.23-16.22.13:923][ 37]LogModuleManager: Shutting down and abandoning module Toolbox (137)
[2015.11.23-16.22.13:923][ 37]LogModuleManager: Shutting down and abandoning module ModuleUI (136)
[2015.11.23-16.22.13:923][ 37]LogModuleManager: Shutting down and abandoning module MovieSceneTools (135)
[2015.11.23-16.22.13:923][ 37]LogModuleManager: Shutting down and abandoning module OutputLog (134)
[2015.11.23-16.22.13:923][ 37]LogModuleManager: Shutting down and abandoning module GammaUI (133)
[2015.11.23-16.22.13:923][ 37]LogModuleManager: Shutting down and abandoning module Documentation (132)
[2015.11.23-16.22.13:923][ 37]LogModuleManager: Shutting down and abandoning module GameLiveStreaming (131)
[2015.11.23-16.22.13:923][ 37]LogModuleManager: Shutting down and abandoning module StreamingPauseRendering (130)
[2015.11.23-16.22.13:924][ 37]LogModuleManager: Shutting down and abandoning module AnalyticsET (129)
[2015.11.23-16.22.13:924][ 37]LogModuleManager: Shutting down and abandoning module Analytics (128)
[2015.11.23-16.22.13:924][ 37]LogModuleManager: Shutting down and abandoning module AITestSuite (127)
[2015.11.23-16.22.13:924][ 37]LogModuleManager: Shutting down and abandoning module GameplayDebugger (126)
[2015.11.23-16.22.13:924][ 37]LogModuleManager: Shutting down and abandoning module AIModule (125)
[2015.11.23-16.22.13:924][ 37]LogModuleManager: Shutting down and abandoning module ProfilerService (124)
[2015.11.23-16.22.13:968][ 37]LogModuleManager: Shutting down and abandoning module TaskGraph (123)
[2015.11.23-16.22.13:968][ 37]LogModuleManager: Shutting down and abandoning module SubstanceEditor (122)
[2015.11.23-16.22.13:968][ 37]LogModuleManager: Shutting down and abandoning module SlateRemote (121)
[2015.11.23-16.22.13:968][ 37]LogModuleManager: Shutting down and abandoning module SteamVRController (120)
[2015.11.23-16.22.13:968][ 37]LogModuleManager: Shutting down and abandoning module SteamVR (119)
[2015.11.23-16.22.13:968][ 37]LogModuleManager: Shutting down and abandoning module ProceduralMeshComponent (118)
[2015.11.23-16.22.13:968][ 37]LogModuleManager: Shutting down and abandoning module OculusRift (117)
[2015.11.23-16.22.13:968][ 37]LogModuleManager: Shutting down and abandoning module OculusLibrary (116)
[2015.11.23-16.22.13:968][ 37]LogModuleManager: Shutting down and abandoning module LeapMotionController (115)
[2015.11.23-16.22.14:000][ 37]LogModuleManager: Shutting down and abandoning module CustomMeshComponent (114)
[2015.11.23-16.22.14:000][ 37]LogModuleManager: Shutting down and abandoning module CableComponent (113)
[2015.11.23-16.22.14:000][ 37]LogModuleManager: Shutting down and abandoning module ArchVisCharacter (112)
[2015.11.23-16.22.14:001][ 37]LogModuleManager: Shutting down and abandoning module MessagingDebugger (111)
[2015.11.23-16.22.14:001][ 37]LogModuleManager: Shutting down and abandoning module MediaPlayerEditor (110)
[2015.11.23-16.22.14:001][ 37]LogModuleManager: Shutting down and abandoning module HTML5Networking (109)
[2015.11.23-16.22.14:001][ 37]LogModuleManager: Shutting down and abandoning module SpeedTreeImporter (108)
[2015.11.23-16.22.14:001][ 37]LogModuleManager: Shutting down and abandoning module PluginBrowser (107)
[2015.11.23-16.22.14:001][ 37]LogModuleManager: Shutting down and abandoning module EpicSurvey (106)
[2015.11.23-16.22.14:001][ 37]LogModuleManager: Shutting down and abandoning module DesktopPlatform (105)
[2015.11.23-16.22.14:001][ 37]LogModuleManager: Shutting down and abandoning module VisualStudioSourceCodeAccess (104)
[2015.11.23-16.22.14:001][ 37]LogModuleManager: Shutting down and abandoning module UObjectPlugin (103)
[2015.11.23-16.22.14:001][ 37]LogModuleManager: Shutting down and abandoning module SubversionSourceControl (102)
[2015.11.23-16.22.14:001][ 37]LogModuleManager: Shutting down and abandoning module PerforceSourceControl (101)
[2015.11.23-16.22.14:001][ 37]LogModuleManager: Shutting down and abandoning module SourceControl (100)
[2015.11.23-16.22.14:001][ 37]LogModuleManager: Shutting down and abandoning module GitSourceControl (99)
[2015.11.23-16.22.14:001][ 37]LogModuleManager: Shutting down and abandoning module LightPropagationVolumeEditor (98)
[2015.11.23-16.22.14:001][ 37]LogModuleManager: Shutting down and abandoning module PaperTiledImporter (97)
[2015.11.23-16.22.14:001][ 37]LogModuleManager: Shutting down and abandoning module PaperSpriteSheetImporter (96)
[2015.11.23-16.22.14:001][ 37]LogModuleManager: Shutting down and abandoning module MeshPaint (95)
[2015.11.23-16.22.14:001][ 37]LogModuleManager: Shutting down and abandoning module SlateReflector (94)
[2015.11.23-16.22.14:001][ 37]LogModuleManager: Shutting down and abandoning module HotReload (93)
[2015.11.23-16.22.14:001][ 37]LogModuleManager: Shutting down and abandoning module MainFrame (92)
[2015.11.23-16.22.14:001][ 37]LogModuleManager: Shutting down and abandoning module LevelEditor (91)
[2015.11.23-16.22.14:003][ 37]LogModuleManager: Shutting down and abandoning module ContentBrowser (90)
[2015.11.23-16.22.14:005][ 37]LogModuleManager: Shutting down and abandoning module Paper2DEditor (89)
[2015.11.23-16.22.14:005][ 37]LogModuleManager: Shutting down and abandoning module UdpMessaging (88)
[2015.11.23-16.22.14:106][ 37]LogModuleManager: Shutting down and abandoning module DirectoryWatcher (87)
[2015.11.23-16.22.14:107][ 37]LogModuleManager: Shutting down and abandoning module AssetRegistry (86)
[2015.11.23-16.22.14:348][ 37]LogModuleManager: Shutting down and abandoning module SubstanceCore (85)
[2015.11.23-16.22.14:348][ 37]LogModuleManager: Shutting down and abandoning module LightPropagationVolumeRuntime (84)
[2015.11.23-16.22.14:348][ 37]LogModuleManager: Shutting down and abandoning module Paper2D (83)
[2015.11.23-16.22.14:348][ 37]LogModuleManager: Shutting down and abandoning module WindowsMoviePlayer (82)
[2015.11.23-16.22.14:355][ 37]LogModuleManager: Shutting down and abandoning module Media (81)
[2015.11.23-16.22.14:355][ 37]LogModuleManager: Shutting down and abandoning module WmfMedia (80)
[2015.11.23-16.22.14:356][ 37]LogModuleManager: Shutting down and abandoning module OnlineBlueprintSupport (79)
[2015.11.23-16.22.14:356][ 37]LogModuleManager: Shutting down and abandoning module GameplayTasksEditor (78)
[2015.11.23-16.22.14:356][ 37]LogModuleManager: Shutting down and abandoning module PropertyEditor (77)
[2015.11.23-16.22.14:356][ 37]LogModuleManager: Shutting down and abandoning module BehaviorTreeEditor (76)
[2015.11.23-16.22.14:356][ 37]LogModuleManager: Shutting down and abandoning module FunctionalTesting (75)
[2015.11.23-16.22.14:356][ 37]LogModuleManager: Shutting down and abandoning module CollisionAnalyzer (74)
[2015.11.23-16.22.14:356][ 37]LogModuleManager: Shutting down and abandoning module WorkspaceMenuStructure (73)
[2015.11.23-16.22.14:356][ 37]LogModuleManager: Shutting down and abandoning module MessageLog (72)
[2015.11.23-16.22.14:356][ 37]LogModuleManager: Shutting down and abandoning module Sequencer (71)
[2015.11.23-16.22.14:357][ 37]LogModuleManager: Shutting down and abandoning module AssetTools (70)
[2015.11.23-16.22.14:357][ 37]LogModuleManager: Shutting down and abandoning module UMGEditor (69)
[2015.11.23-16.22.14:357][ 37]LogModuleManager: Shutting down and abandoning module UMG (68)
[2015.11.23-16.22.14:357][ 37]LogModuleManager: Shutting down and abandoning module Slate (67)
[2015.11.23-16.22.14:357][ 37]LogModuleManager: Shutting down and abandoning module EditorStyle (66)
[2015.11.23-16.22.14:361][ 37]LogModuleManager: Shutting down and abandoning module SessionServices (65)
[2015.11.23-16.22.14:361][ 37]LogModuleManager: Shutting down and abandoning module SourceCodeAccess (64)
[2015.11.23-16.22.14:361][ 37]LogModuleManager: Shutting down and abandoning module HeadMountedDisplay (63)
[2015.11.23-16.22.14:361][ 37]LogModuleManager: Shutting down and abandoning module XAudio2 (62)
[2015.11.23-16.22.14:361][ 37]LogModuleManager: Shutting down and abandoning module Networking (60)
[2015.11.23-16.22.14:362][ 37]LogModuleManager: Shutting down and abandoning module Core (59)
[2015.11.23-16.22.14:362][ 37]LogModuleManager: Shutting down and abandoning module KismetCompiler (58)
[2015.11.23-16.22.14:362][ 37]LogModuleManager: Shutting down and abandoning module PhysXFormats (57)
[2015.11.23-16.22.14:362][ 37]LogModuleManager: Shutting down and abandoning module MeshUtilities (56)
[2015.11.23-16.22.14:362][ 37]LogModuleManager: Shutting down and abandoning module CookingStats (55)
[2015.11.23-16.22.14:364][ 37]LogModuleManager: Shutting down and abandoning module DerivedDataCache (54)
[2015.11.23-16.22.14:772][ 37]LogDerivedDataCache: Shutdown
[2015.11.23-16.22.14:772][ 37]LogModuleManager: Shutting down and abandoning module ShaderFormatOpenGL (53)
[2015.11.23-16.22.14:772][ 37]LogModuleManager: Shutting down and abandoning module ShaderFormatD3D (52)
[2015.11.23-16.22.14:773][ 37]LogModuleManager: Shutting down and abandoning module MetalShaderFormat (51)
[2015.11.23-16.22.14:773][ 37]LogModuleManager: Shutting down and abandoning module TextureFormatUncompressed (50)
[2015.11.23-16.22.14:773][ 37]LogModuleManager: Shutting down and abandoning module TextureFormatPVR (49)
[2015.11.23-16.22.14:773][ 37]LogModuleManager: Shutting down and abandoning module TextureFormatIntelISPCTexComp (48)
[2015.11.23-16.22.14:773][ 37]LogModuleManager: Shutting down and abandoning module TextureFormatDXT (47)
[2015.11.23-16.22.14:773][ 37]LogModuleManager: Shutting down and abandoning module ImageWrapper (46)
[2015.11.23-16.22.14:773][ 37]LogModuleManager: Shutting down and abandoning module TextureFormatASTC (45)
[2015.11.23-16.22.14:773][ 37]LogModuleManager: Shutting down and abandoning module TextureFormatAndroid (44)
[2015.11.23-16.22.14:773][ 37]LogModuleManager: Shutting down and abandoning module AudioFormatOpus (43)
[2015.11.23-16.22.14:773][ 37]LogModuleManager: Shutting down and abandoning module AudioFormatOgg (42)
[2015.11.23-16.22.14:773][ 37]LogModuleManager: Shutting down and abandoning module AudioFormatADPCM (41)
[2015.11.23-16.22.14:773][ 37]LogModuleManager: Shutting down and abandoning module LinuxTargetPlatform (40)
[2015.11.23-16.22.14:773][ 37]LogModuleManager: Shutting down and abandoning module LinuxServerTargetPlatform (39)
[2015.11.23-16.22.14:773][ 37]LogModuleManager: Shutting down and abandoning module LinuxNoEditorTargetPlatform (38)
[2015.11.23-16.22.14:773][ 37]LogModuleManager: Shutting down and abandoning module Messaging (37)
[2015.11.23-16.22.14:773][ 37]LogModuleManager: Shutting down and abandoning module IOSTargetPlatform (36)
[2015.11.23-16.22.14:773][ 37]LogModuleManager: Shutting down and abandoning module HTML5TargetPlatform (35)
[2015.11.23-16.22.14:773][ 37]LogModuleManager: Shutting down and abandoning module Android_PVRTCTargetPlatform (34)
[2015.11.23-16.22.14:773][ 37]LogModuleManager: Shutting down and abandoning module Android_ETC2TargetPlatform (33)
[2015.11.23-16.22.14:773][ 37]LogModuleManager: Shutting down and abandoning module Android_ETC1TargetPlatform (32)
[2015.11.23-16.22.14:773][ 37]LogModuleManager: Shutting down and abandoning module Android_DXTTargetPlatform (31)
[2015.11.23-16.22.14:773][ 37]LogModuleManager: Shutting down and abandoning module Android_ATCTargetPlatform (30)
[2015.11.23-16.22.14:773][ 37]LogModuleManager: Shutting down and abandoning module Android_ASTCTargetPlatform (29)
[2015.11.23-16.22.14:773][ 37]LogModuleManager: Shutting down and abandoning module AndroidTargetPlatform (28)
[2015.11.23-16.22.14:773][ 37]LogModuleManager: Shutting down and abandoning module WindowsTargetPlatform (27)
[2015.11.23-16.22.14:773][ 37]LogModuleManager: Shutting down and abandoning module WindowsServerTargetPlatform (26)
[2015.11.23-16.22.14:773][ 37]LogModuleManager: Shutting down and abandoning module WindowsNoEditorTargetPlatform (25)
[2015.11.23-16.22.14:773][ 37]LogModuleManager: Shutting down and abandoning module WindowsClientTargetPlatform (24)
[2015.11.23-16.22.14:773][ 37]LogModuleManager: Shutting down and abandoning module AllDesktopTargetPlatform (23)
[2015.11.23-16.22.14:773][ 37]LogModuleManager: Shutting down and abandoning module TargetPlatform (22)
[2015.11.23-16.22.14:773][ 37]LogModuleManager: Shutting down and abandoning module InputCore (21)
[2015.11.23-16.22.14:773][ 37]LogModuleManager: Shutting down and abandoning module Settings (20)
[2015.11.23-16.22.14:773][ 37]LogModuleManager: Shutting down and abandoning module OnlineSubsystem (18)
[2015.11.23-16.22.14:773][ 37]LogModuleManager: Shutting down and abandoning module HTTP (17)
[2015.11.23-16.25.15:182][ 37]LogHttp:Warning: Timeout processing Http request. 000000BF8072BD00
[2015.11.23-16.25.15:682][ 37]LogModuleManager: Shutting down and abandoning module XMPP (16)
[2015.11.23-16.25.15:683][ 37]LogModuleManager: Shutting down and abandoning module ExampleDeviceProfileSelector (15)
[2015.11.23-16.25.15:683][ 37]LogModuleManager: Shutting down and abandoning module TextureCompressor (14)
[2015.11.23-16.25.15:683][ 37]LogModuleManager: Shutting down and abandoning module ShaderCore (13)
[2015.11.23-16.25.15:683][ 37]LogModuleManager: Shutting down and abandoning module Landscape (12)
[2015.11.23-16.25.15:683][ 37]LogModuleManager: Shutting down and abandoning module SlateRHIRenderer (11)
[2015.11.23-16.25.15:686][ 37]LogModuleManager: Shutting down and abandoning module OpenGLDrv (10)
[2015.11.23-16.25.15:686][ 37]LogModuleManager: Shutting down and abandoning module D3D11RHI (9)
[2015.11.23-16.25.15:686][ 37]LogModuleManager: Shutting down and abandoning module AnimGraphRuntime (8)
[2015.11.23-16.25.15:686][ 37]LogModuleManager: Shutting down and abandoning module Renderer (7)
[2015.11.23-16.25.15:686][ 37]LogModuleManager: Shutting down and abandoning module Engine (6)
[2015.11.23-16.25.15:686][ 37]LogModuleManager: Shutting down and abandoning module CoreUObject (5)
[2015.11.23-16.25.15:686][ 37]LogModuleManager: Shutting down and abandoning module NetworkFile (4)
[2015.11.23-16.25.15:686][ 37]LogModuleManager: Shutting down and abandoning module StreamingFile (3)
[2015.11.23-16.25.15:686][ 37]LogModuleManager: Shutting down and abandoning module SandboxFile (2)
[2015.11.23-16.25.15:686][ 37]LogModuleManager: Shutting down and abandoning module PakFile (1)
[2015.11.23-16.25.15:687][ 37]LogExit: Exiting.
[2015.11.23-16.25.15:694][ 37]Log file closed, 11/23/15 10:25:15
