[2015.11.26-02.36.19:479][  0]Log file open, 11/25/15 20:36:19
[2015.11.26-02.36.19:479][  0]LogInit:Display: Running engine for game: CATS
[2015.11.26-02.36.19:479][  0]LogInit:Display: RandInit(582821087) SRandInit(582821090).
[2015.11.26-02.36.19:479][  0]LogTaskGraph: Started task graph with 4 named threads and 5 total threads.
[2015.11.26-02.36.19:479][  0]LogStats: Stats thread started at 0.413784
[2015.11.26-02.36.19:479][  0]LogInit: Version: 4.9.1-2689999+++depot+UE4-Releases+4.9
[2015.11.26-02.36.19:479][  0]LogInit: API Version: 2672455
[2015.11.26-02.36.19:479][  0]LogInit: Compiled (64-bit): Sep 14 2015 04:12:03
[2015.11.26-02.36.19:479][  0]LogInit: Compiled with Visual C++: 18.00.21005.01
[2015.11.26-02.36.19:479][  0]LogInit: Build Configuration: Development
[2015.11.26-02.36.19:479][  0]LogInit: Branch Name: ++depot+UE4-Releases+4.9
[2015.11.26-02.36.19:479][  0]LogInit: Command line:  
[2015.11.26-02.36.19:479][  0]LogInit: Base directory: C:/Program Files/Epic Games/4.9/Engine/Binaries/Win64/
[2015.11.26-02.36.19:479][  0]LogInit: Rocket: 1
[2015.11.26-02.36.19:557][  0]LogInit: Using libcurl 7.41.0
[2015.11.26-02.36.19:557][  0]LogInit:  - built for x86_64-pc-win32
[2015.11.26-02.36.19:557][  0]LogInit:  - supports SSL with WinSSL
[2015.11.26-02.36.19:557][  0]LogInit:  - other features:
[2015.11.26-02.36.19:557][  0]LogInit:      CURL_VERSION_SSL
[2015.11.26-02.36.19:557][  0]LogInit:      CURL_VERSION_IPV6
[2015.11.26-02.36.19:557][  0]LogInit:      CURL_VERSION_ASYNCHDNS
[2015.11.26-02.36.19:557][  0]LogInit:      CURL_VERSION_LARGEFILE
[2015.11.26-02.36.19:557][  0]LogInit:      CURL_VERSION_IDN
[2015.11.26-02.36.19:557][  0]LogInit:  CurlRequestOptions (configurable via config and command line):
[2015.11.26-02.36.19:557][  0]LogInit:  - bVerifyPeer = true  - Libcurl will verify peer certificate
[2015.11.26-02.36.19:557][  0]LogInit:  - bUseHttpProxy = false  - Libcurl will NOT use HTTP proxy
[2015.11.26-02.36.19:557][  0]LogInit:  - bDontReuseConnections = false  - Libcurl will reuse connections
[2015.11.26-02.36.19:557][  0]LogInit:  - CertBundlePath = nullptr  - Libcurl will use whatever was configured at build time.
[2015.11.26-02.36.19:698][  0]LogInit: Presizing for 0 objects not considered by GC, pre-allocating 0 bytes.
[2015.11.26-02.36.19:713][  0]LogInit: Object subsystem initialized
[2015.11.26-02.36.19:713][  0]LogInit: Selected Device Profile: [Windows]
[2015.11.26-02.36.19:713][  0]LogInit: Applying CVar settings loaded from the selected device profile: [Windows]
[2015.11.26-02.36.19:745][  0]LogInit: Computer: AGISE
[2015.11.26-02.36.19:745][  0]LogInit: User: Edosiho
[2015.11.26-02.36.19:745][  0]LogInit: CPU Page size=4096, Cores=2
[2015.11.26-02.36.19:745][  0]LogInit: High frequency timer resolution =2.208009 MHz
[2015.11.26-02.36.19:745][  0]LogMemory: Memory total: Physical=6.0GB (6GB approx)
[2015.11.26-02.36.19:745][  0]LogMemory: Platform Memory Stats for Windows
[2015.11.26-02.36.19:745][  0]LogMemory: Process Physical Memory: 56.24 MB used, 56.24 MB peak
[2015.11.26-02.36.19:745][  0]LogMemory: Process Virtual Memory: 57.10 MB used, 57.10 MB peak
[2015.11.26-02.36.19:745][  0]LogMemory: Physical Memory: 1703.79 MB used, 6131.91 MB total
[2015.11.26-02.36.19:745][  0]LogMemory: Virtual Memory: 354.71 MB used, 134217728.00 MB total
[2015.11.26-02.36.22:509][  0]LogD3D11RHI: Found D3D11 adapter 0: NVIDIA Quadro FX 770M (Feature Level 10_0)
[2015.11.26-02.36.22:509][  0]LogD3D11RHI: Adapter has 483MB of dedicated video memory, 0MB of dedicated system memory, and 3065MB of shared system memory, 1 output[s]
[2015.11.26-02.36.22:514][  0]LogD3D11RHI: Found D3D11 adapter 1: Microsoft Basic Render Driver (Feature Level 11_0)
[2015.11.26-02.36.22:514][  0]LogD3D11RHI: Adapter has 0MB of dedicated video memory, 0MB of dedicated system memory, and 256MB of shared system memory, 0 output[s]
[2015.11.26-02.36.22:514][  0]LogD3D11RHI: Chosen D3D11 Adapter Id = 0
[2015.11.26-02.36.22:524][  0]LogD3D11RHI: !Direct3DDevice
[2015.11.26-02.36.22:524][  0]LogRHI: Texture pool is 338 MB (70% of 483 MB)
[2015.11.26-02.36.22:549][  0]LogD3D11RHI: Async texture creation enabled
[2015.11.26-02.36.22:570][  0]LogShaderCompilers: Guid format shader working directory is 15 characters bigger than the processId version (../../../../../../Users/Edosiho/Desktop/CATS/Intermediate/Shaders/WorkingDirectory/1128/).
[2015.11.26-02.36.22:570][  0]LogShaderCompilers: Cleaned the shader compiler working directory '../../../../../../Users/Edosiho/Desktop/CATS/Intermediate/Shaders/tmp/AC5F9F9E4E39E402670CC9B97A669166/'.
[2015.11.26-02.36.22:570][  0]LogShaderCompilers:Display: Using Local Shader Compiler.
[2015.11.26-02.36.27:320][  0]LogTemp:Display: Loaded TP AllDesktopTargetPlatform
[2015.11.26-02.36.27:343][  0]LogTemp:Display: Loaded TP WindowsClientTargetPlatform
[2015.11.26-02.36.27:366][  0]LogTemp:Display: Loaded TP WindowsNoEditorTargetPlatform
[2015.11.26-02.36.27:389][  0]LogTemp:Display: Loaded TP WindowsServerTargetPlatform
[2015.11.26-02.36.27:412][  0]LogTemp:Display: Loaded TP WindowsTargetPlatform
[2015.11.26-02.36.27:463][  0]LogTemp:Display: Loaded TP AndroidTargetPlatform
[2015.11.26-02.36.27:482][  0]LogTemp:Display: Loaded TP Android_ASTCTargetPlatform
[2015.11.26-02.36.27:500][  0]LogTemp:Display: Loaded TP Android_ATCTargetPlatform
[2015.11.26-02.36.27:520][  0]LogTemp:Display: Loaded TP Android_DXTTargetPlatform
[2015.11.26-02.36.27:539][  0]LogTemp:Display: Loaded TP Android_ETC1TargetPlatform
[2015.11.26-02.36.27:573][  0]LogTemp:Display: Loaded TP Android_ETC2TargetPlatform
[2015.11.26-02.36.27:592][  0]LogTemp:Display: Loaded TP Android_PVRTCTargetPlatform
[2015.11.26-02.36.27:605][  0]LogTemp:Display: Loaded TP HTML5TargetPlatform
[2015.11.26-02.36.27:826][  0]LogTemp:Display: Loaded TP IOSTargetPlatform
[2015.11.26-02.36.27:845][  0]LogTemp:Display: Loaded TP LinuxNoEditorTargetPlatform
[2015.11.26-02.36.27:865][  0]LogTemp:Display: Loaded TP LinuxServerTargetPlatform
[2015.11.26-02.36.27:885][  0]LogTemp:Display: Loaded TP LinuxTargetPlatform
[2015.11.26-02.36.27:885][  0]LogTargetPlatformManager:Display: Building Assets For Windows
[2015.11.26-02.36.29:947][  0]LogDerivedDataCache:Display: Max Cache Size: 512 MB
[2015.11.26-02.36.30:864][  0]LogDerivedDataCache: Loaded boot cache 0.92s 36MB C:/Users/Edosiho/AppData/Local/UnrealEngine/4.9/DerivedDataCache/Boot.ddc.
[2015.11.26-02.36.30:864][  0]LogDerivedDataCache:Display: Loaded Boot cache: C:/Users/Edosiho/AppData/Local/UnrealEngine/4.9/DerivedDataCache/Boot.ddc
[2015.11.26-02.36.30:865][  0]LogDerivedDataCache: FDerivedDataBackendGraph:  Pak pak cache file ../../../../../../Users/Edosiho/Desktop/CATS/DerivedDataCache/DDC.ddp not found, will not use a pak cache.
[2015.11.26-02.36.30:865][  0]LogDerivedDataCache: Unable to find inner node Pak for hierarchical cache Hierarchy.
[2015.11.26-02.36.30:865][  0]LogDerivedDataCache: FDerivedDataBackendGraph:  CompressedPak pak cache file ../../../../../../Users/Edosiho/Desktop/CATS/DerivedDataCache/Compressed.ddp not found, will not use a pak cache.
[2015.11.26-02.36.30:865][  0]LogDerivedDataCache: Unable to find inner node CompressedPak for hierarchical cache Hierarchy.
[2015.11.26-02.36.31:120][  0]LogDerivedDataCache:Display: Pak cache opened for reading ../../../Engine/DerivedDataCache/Compressed.ddp.
[2015.11.26-02.36.31:134][  0]LogDerivedDataCache: Using Local data cache path C:/Users/Edosiho/AppData/Local/UnrealEngine/Common/DerivedDataCache: Writable
[2015.11.26-02.36.43:057][  0]LogInit: Selected Device Profile: [Windows]
[2015.11.26-02.36.43:063][  0]LogContentStreaming: Texture pool size is 0.000000MB
[2015.11.26-02.36.43:306][  0]LogMeshUtilities: No automatic mesh reduction module available
[2015.11.26-02.36.43:306][  0]LogMeshUtilities: No automatic mesh merging module available
[2015.11.26-02.36.43:953][  0]LogInit: WinSock: version 1.1 (2.2), MaxSocks=32767, MaxUdp=65467
[2015.11.26-02.36.46:093][  0]LogAssetRegistry: FAssetRegistry took 0.0111 seconds to start up
[2015.11.26-02.36.46:161][  0]UdpMessaging: Initializing bridge on interface 0.0.0.0:0 to multicast group 230.0.0.1:6666.
[2015.11.26-02.36.46:855][  0]SourceControl: Info Source control is disabled
[2015.11.26-02.36.46:857][  0]SourceControl: Info Source control is disabled
[2015.11.26-02.36.46:905][  0]SourceControl: Info Source control is disabled
[2015.11.26-02.36.46:952][  0]SourceControl: Info Source control is disabled
[2015.11.26-02.36.47:462][  0]LogLinker:Warning: Asset '../../../Engine/Plugins/Runtime/LeapMotionController/Content/LM_PassthroughMaterial.uasset' has been saved with empty engine version. The asset will be loaded but may be incompatible.
[2015.11.26-02.36.47:885][  0]LogObj: 28528 objects as part of root set at end of initial load.
[2015.11.26-02.36.47:885][  0]LogUObjectAllocator: 6068456 out of 0 bytes used by permanent object pool.
[2015.11.26-02.36.48:027][  0]LogEngine: Initializing Engine...
[2015.11.26-02.36.48:033][  0]LogHMD: Can't find Oculus library dev build: is proper Runtime installed? Version: 0.7.0.0
[2015.11.26-02.36.48:157][  0]LogHMD: SteamVR failed to initialize.  Err: 110
[2015.11.26-02.36.48:407][  0]LogAIModule: Creating AISystem for world NewWorld
[2015.11.26-02.36.48:537][  0]LogInit: XAudio2 using 'Speakers (High Definition Audio Device)' : 2 channels at 44.1 kHz using 16 bits per sample (channel mask 0x3)
[2015.11.26-02.36.48:565][  0]LogInit: FAudioDevice initialized.
[2015.11.26-02.36.48:616][  0]LogDerivedDataCache: Saved boot cache 0.05s 36MB C:/Users/Edosiho/AppData/Local/UnrealEngine/4.9/DerivedDataCache/Boot.ddc.
[2015.11.26-02.36.48:639][  0]LogInit: Texture streaming: Enabled
[2015.11.26-02.36.48:674][  0]LogAnalytics: Creating configured Analytics provider AnalyticsET
[2015.11.26-02.36.48:674][  0]LogAnalytics: [UEEditor.Rocket.Release] APIServer = http://et2.epicgames.com/ET2/. AppVersion = 4.9.1-2689999+++depot+UE4-Releases+4.9
[2015.11.26-02.36.48:674][  0]LogAnalytics: [UEEditor.Rocket.Release] SetUserId a3ecda3c4d50cd275ecf7497f12b4d14|e806c5a3e75b4a14b122359eb3b7e1a6|4fbddb0b-eeea-41a9-880e-03c25a996dc0
[2015.11.26-02.36.48:674][  0]LogAnalytics: [UEEditor.Rocket.Release] AnalyticsET::StartSession
[2015.11.26-02.36.48:763][  0]LogInit: Transaction tracking system initialized
[2015.11.26-02.36.48:935][  0]BlueprintLog: New page: Editor Load
[2015.11.26-02.36.49:442][  0]LocalizationService: Info Localization service is disabled
[2015.11.26-02.36.49:783][  0]LogConsoleResponse:Display: 
[2015.11.26-02.36.50:116][  0]LogCook:Display: Done creating registry. It took  0.00s.
[2015.11.26-02.36.50:215][  0]LogFileCache: Scanning file cache for directory 'C:/Users/Edosiho/Desktop/CATS/Content/' took 0.05s
[2015.11.26-02.36.50:530][  0]SourceControl: Info Source control is disabled
[2015.11.26-02.36.50:530][  0]Cmd: MAP LOAD FILE="../../../../../../Users/Edosiho/Desktop/CATS/Content/ThirdPersonBP/Maps/ThirdPersonExampleMap.umap" TEMPLATE=0 SHOWPROGRESS=1 FEATURELEVEL=2
[2015.11.26-02.36.50:685][  0]LightingResults: New page: Lighting Build
[2015.11.26-02.36.50:701][  0]MapCheck: New page: Map Check
[2015.11.26-02.36.50:701][  0]LightingResults: New page: Lighting Build
[2015.11.26-02.36.50:760][  0]LogParticles: Destroying 0 GPU particle simulations for FXSystem 0x00000085D2EA2AC0
[2015.11.26-02.36.59:575][  0]LogAIModule: Creating AISystem for world ThirdPersonExampleMap
[2015.11.26-02.36.59:601][  0]LogEditorServer: Finished looking for orphan Actors (0.000 secs)
[2015.11.26-02.36.59:602][  0]Cmd: MAP CHECKDEP NOCLEARLOG
[2015.11.26-02.36.59:867][  0]MapCheck: Info Map check complete: 0 Error(s), 0 Warning(s), took 264.224ms to complete.
[2015.11.26-02.36.59:867][  0]LogFileHelpers: Loading map 'ThirdPersonExampleMap' took 9.338
[2015.11.26-02.37.00:169][  0]LogCollectionManager: Loaded 0 collections in 0.004716 seconds
[2015.11.26-02.37.00:221][  0]LogFileCache: Scanning file cache for directory 'C:/Users/Edosiho/Desktop/CATS/Saved/Collections/' took 0.01s
[2015.11.26-02.37.00:221][  0]LogFileCache: Scanning file cache for directory 'C:/Users/Edosiho/Desktop/CATS/Content/Developers/Edosiho/Collections/' took 0.01s
[2015.11.26-02.37.00:221][  0]LogFileCache: Scanning file cache for directory 'C:/Users/Edosiho/Desktop/CATS/Content/Collections/' took 0.01s
[2015.11.26-02.37.00:221][  0]LogContentBrowser: Native class hierarchy populated in 0.0149 seconds. Added 1882 classes and 339 folders.
[2015.11.26-02.37.00:231][  0]LogCollectionManager: Rebuilt the GUID cache for 0 collections in 0.000006 seconds
[2015.11.26-02.37.00:247][  0]LogContentBrowser: Native class hierarchy updated for 'WidgetCarousel' in 0.0025 seconds. Added 0 classes and 0 folders.
[2015.11.26-02.37.00:841][  0]LogContentBrowser: Native class hierarchy updated for 'AddContentDialog' in 0.0006 seconds. Added 0 classes and 0 folders.
[2015.11.26-02.37.00:863][  0]LogContentBrowser: Native class hierarchy updated for 'SceneOutliner' in 0.0010 seconds. Added 1 classes and 2 folders.
[2015.11.26-02.37.00:995][  0]LogCrashTracker: Crashtracker disabled due to settings.
[2015.11.26-02.37.01:002][  0]LogUObjectGlobals:Warning: Failed to find object 'Class None.'
[2015.11.26-02.37.01:027][  0]LogLoad: Full Startup: 44.01 seconds (BP compile: 0.73 seconds)
[2015.11.26-02.37.01:160][  0]LogContentStreaming: Texture pool size now 700 MB
[2015.11.26-02.37.01:376][  0]LogRenderer: Reallocating scene render targets to support 828x368 (Frame:2).
[2015.11.26-02.37.03:596][ 10]LogAssetRegistry: Asset discovery search completed in 17.5142 seconds
[2015.11.26-02.37.03:596][ 10]LogCollectionManager: Rebuilt the object cache for 0 collections in 0.000003 seconds (found 0 objects)
[2015.11.26-02.37.03:596][ 10]LogCollectionManager: Fixed up redirectors for 0 collections in 0.000043 seconds (updated 0 objects)
[2015.11.26-02.37.21:696][ 63]LogActorComponent: UnregisterComponent: (/Engine/Transient.CharMoveComp) Not registered. Aborting.
[2015.11.26-02.37.22:013][ 63]LogWindowsTextInputMethodSystem:Display: IME system now deactivated.
[2015.11.26-02.37.22:464][ 64]Cmd: QUIT_EDITOR
[2015.11.26-02.37.23:118][ 64]LogExit: Preparing to exit.
[2015.11.26-02.37.24:337][ 64]LogExit: Editor shut down
[2015.11.26-02.37.24:337][ 64]LogExit: Transaction tracking system shut down
[2015.11.26-02.37.24:384][ 64]LogParticles: Destroying 0 GPU particle simulations for FXSystem 0x00000085D6ABBD80
[2015.11.26-02.37.24:637][ 64]LogParticles: Destroying 0 GPU particle simulations for FXSystem 0x00000085CCD9F880
[2015.11.26-02.37.24:637][ 64]LogParticles: Destroying 0 GPU particle simulations for FXSystem 0x00000085DC767BA0
[2015.11.26-02.37.24:637][ 64]LogParticles: Destroying 0 GPU particle simulations for FXSystem 0x00000085DC3034C0
[2015.11.26-02.37.24:637][ 64]LogExit: Object subsystem successfully closed.
[2015.11.26-02.37.24:648][ 64]LogD3D11RHI: Shutdown
[2015.11.26-02.37.24:648][ 64]LogD3D11RHI: CleanupD3DDevice
[2015.11.26-02.37.24:828][ 64]LogD3D11RHI: ~FD3D11DynamicRHI
[2015.11.26-02.37.24:866][ 64]LogModuleManager: Shutting down and abandoning module CrashTracker (199)
[2015.11.26-02.37.24:866][ 64]LogModuleManager: Shutting down and abandoning module SceneOutliner (198)
[2015.11.26-02.37.24:866][ 64]LogModuleManager: Shutting down and abandoning module SuperSearch (197)
[2015.11.26-02.37.24:866][ 64]LogModuleManager: Shutting down and abandoning module WidgetCarousel (196)
[2015.11.26-02.37.24:866][ 64]LogModuleManager: Shutting down and abandoning module AddContentDialog (195)
[2015.11.26-02.37.24:869][ 64]LogModuleManager: Shutting down and abandoning module EditorWidgets (194)
[2015.11.26-02.37.24:869][ 64]LogModuleManager: Shutting down and abandoning module CollectionManager (193)
[2015.11.26-02.37.24:870][ 64]LogModuleManager: Shutting down and abandoning module StatsViewer (192)
[2015.11.26-02.37.24:870][ 64]LogModuleManager: Shutting down and abandoning module FoliageEdit (191)
[2015.11.26-02.37.24:870][ 64]LogModuleManager: Shutting down and abandoning module LandscapeEditor (190)
[2015.11.26-02.37.24:870][ 64]LogModuleManager: Shutting down and abandoning module ActorPickerMode (189)
[2015.11.26-02.37.24:870][ 64]LogModuleManager: Shutting down and abandoning module GeometryMode (188)
[2015.11.26-02.37.24:870][ 64]LogModuleManager: Shutting down and abandoning module TextureAlignMode (187)
[2015.11.26-02.37.24:870][ 64]LogModuleManager: Shutting down and abandoning module BspMode (186)
[2015.11.26-02.37.24:870][ 64]LogModuleManager: Shutting down and abandoning module PlacementMode (185)
[2015.11.26-02.37.24:870][ 64]LogModuleManager: Shutting down and abandoning module AutomationWorker (184)
[2015.11.26-02.37.24:870][ 64]LogModuleManager: Shutting down and abandoning module CharacterAI (183)
[2015.11.26-02.37.24:870][ 64]LogModuleManager: Shutting down and abandoning module SmartSnapping (182)
[2015.11.26-02.37.24:870][ 64]LogModuleManager: Shutting down and abandoning module ViewportSnapping (181)
[2015.11.26-02.37.24:870][ 64]LogModuleManager: Shutting down and abandoning module LogVisualizer (180)
[2015.11.26-02.37.24:870][ 64]LogModuleManager: Shutting down and abandoning module GameProjectGeneration (179)
[2015.11.26-02.37.24:870][ 64]LogModuleManager: Shutting down and abandoning module IntroTutorials (178)
[2015.11.26-02.37.24:871][ 64]LogModuleManager: Shutting down and abandoning module EditorLiveStreaming (177)
[2015.11.26-02.37.24:871][ 64]LogModuleManager: Shutting down and abandoning module IOSPlatformEditor (176)
[2015.11.26-02.37.24:871][ 64]LogModuleManager: Shutting down and abandoning module HTML5PlatformEditor (175)
[2015.11.26-02.37.24:871][ 64]LogModuleManager: Shutting down and abandoning module AndroidDeviceDetection (174)
[2015.11.26-02.37.25:708][ 64]LogModuleManager: Shutting down and abandoning module AndroidPlatformEditor (173)
[2015.11.26-02.37.25:708][ 64]LogModuleManager: Shutting down and abandoning module IOSRuntimeSettings (172)
[2015.11.26-02.37.25:708][ 64]LogModuleManager: Shutting down and abandoning module AndroidRuntimeSettings (171)
[2015.11.26-02.37.25:708][ 64]LogModuleManager: Shutting down and abandoning module MergeActors (170)
[2015.11.26-02.37.25:708][ 64]LogModuleManager: Shutting down and abandoning module SizeMap (169)
[2015.11.26-02.37.25:708][ 64]LogModuleManager: Shutting down and abandoning module TreeMap (168)
[2015.11.26-02.37.25:708][ 64]LogModuleManager: Shutting down and abandoning module ReferenceViewer (167)
[2015.11.26-02.37.25:708][ 64]LogModuleManager: Shutting down and abandoning module LocalizationService (166)
[2015.11.26-02.37.25:708][ 64]LogModuleManager: Shutting down and abandoning module LocalizationDashboard (165)
[2015.11.26-02.37.25:708][ 64]LogModuleManager: Shutting down and abandoning module HardwareTargeting (164)
[2015.11.26-02.37.25:708][ 64]LogModuleManager: Shutting down and abandoning module DeviceProfileEditor (163)
[2015.11.26-02.37.25:708][ 64]LogModuleManager: Shutting down and abandoning module UndoHistory (162)
[2015.11.26-02.37.25:708][ 64]LogModuleManager: Shutting down and abandoning module GameplayTagsEditor (161)
[2015.11.26-02.37.25:708][ 64]LogModuleManager: Shutting down and abandoning module UserFeedback (160)
[2015.11.26-02.37.25:708][ 64]LogModuleManager: Shutting down and abandoning module XmlParser (159)
[2015.11.26-02.37.25:708][ 64]LogModuleManager: Shutting down and abandoning module Blutility (158)
[2015.11.26-02.37.25:708][ 64]LogModuleManager: Shutting down and abandoning module ProjectTargetPlatformEditor (157)
[2015.11.26-02.37.25:708][ 64]LogModuleManager: Shutting down and abandoning module ProjectSettingsViewer (156)
[2015.11.26-02.37.25:708][ 64]LogModuleManager: Shutting down and abandoning module InputBindingEditor (155)
[2015.11.26-02.37.25:709][ 64]LogModuleManager: Shutting down and abandoning module EditorSettingsViewer (154)
[2015.11.26-02.37.25:709][ 64]LogModuleManager: Shutting down and abandoning module SettingsEditor (153)
[2015.11.26-02.37.25:709][ 64]LogModuleManager: Shutting down and abandoning module ProjectLauncher (152)
[2015.11.26-02.37.25:709][ 64]LogModuleManager: Shutting down and abandoning module SessionFrontend (151)
[2015.11.26-02.37.25:709][ 64]LogModuleManager: Shutting down and abandoning module ProfilerClient (150)
[2015.11.26-02.37.25:709][ 64]LogModuleManager: Shutting down and abandoning module TargetDeviceServices (149)
[2015.11.26-02.37.25:709][ 64]LogModuleManager: Shutting down and abandoning module DeviceManager (148)
[2015.11.26-02.37.25:709][ 64]LogModuleManager: Shutting down and abandoning module AutomationController (147)
[2015.11.26-02.37.25:709][ 64]LogModuleManager: Shutting down and abandoning module AutomationWindow (146)
[2015.11.26-02.37.25:709][ 64]LogModuleManager: Shutting down and abandoning module Layers (145)
[2015.11.26-02.37.25:709][ 64]LogModuleManager: Shutting down and abandoning module ComponentVisualizers (144)
[2015.11.26-02.37.25:709][ 64]LogModuleManager: Shutting down and abandoning module DetailCustomizations (143)
[2015.11.26-02.37.25:709][ 64]LogModuleManager: Shutting down and abandoning module PackagesDialog (142)
[2015.11.26-02.37.25:710][ 64]LogModuleManager: Shutting down and abandoning module Persona (141)
[2015.11.26-02.37.25:710][ 64]LogModuleManager: Shutting down and abandoning module Kismet (140)
[2015.11.26-02.37.25:710][ 64]LogModuleManager: Shutting down and abandoning module GraphEditor (139)
[2015.11.26-02.37.25:710][ 64]LogModuleManager: Shutting down and abandoning module ClassViewer (138)
[2015.11.26-02.37.25:710][ 64]LogModuleManager: Shutting down and abandoning module Toolbox (137)
[2015.11.26-02.37.25:710][ 64]LogModuleManager: Shutting down and abandoning module ModuleUI (136)
[2015.11.26-02.37.25:710][ 64]LogModuleManager: Shutting down and abandoning module MovieSceneTools (135)
[2015.11.26-02.37.25:710][ 64]LogModuleManager: Shutting down and abandoning module OutputLog (134)
[2015.11.26-02.37.25:710][ 64]LogModuleManager: Shutting down and abandoning module GammaUI (133)
[2015.11.26-02.37.25:710][ 64]LogModuleManager: Shutting down and abandoning module Documentation (132)
[2015.11.26-02.37.25:710][ 64]LogModuleManager: Shutting down and abandoning module GameLiveStreaming (131)
[2015.11.26-02.37.25:710][ 64]LogModuleManager: Shutting down and abandoning module StreamingPauseRendering (130)
[2015.11.26-02.37.25:710][ 64]LogModuleManager: Shutting down and abandoning module AnalyticsET (129)
[2015.11.26-02.37.25:710][ 64]LogModuleManager: Shutting down and abandoning module Analytics (128)
[2015.11.26-02.37.25:710][ 64]LogModuleManager: Shutting down and abandoning module AITestSuite (127)
[2015.11.26-02.37.25:710][ 64]LogModuleManager: Shutting down and abandoning module GameplayDebugger (126)
[2015.11.26-02.37.25:710][ 64]LogModuleManager: Shutting down and abandoning module AIModule (125)
[2015.11.26-02.37.25:710][ 64]LogModuleManager: Shutting down and abandoning module ProfilerService (124)
[2015.11.26-02.37.25:749][ 64]LogModuleManager: Shutting down and abandoning module TaskGraph (123)
[2015.11.26-02.37.25:749][ 64]LogModuleManager: Shutting down and abandoning module SubstanceEditor (122)
[2015.11.26-02.37.25:749][ 64]LogModuleManager: Shutting down and abandoning module SlateRemote (121)
[2015.11.26-02.37.25:749][ 64]LogModuleManager: Shutting down and abandoning module SteamVRController (120)
[2015.11.26-02.37.25:749][ 64]LogModuleManager: Shutting down and abandoning module SteamVR (119)
[2015.11.26-02.37.25:749][ 64]LogModuleManager: Shutting down and abandoning module ProceduralMeshComponent (118)
[2015.11.26-02.37.25:749][ 64]LogModuleManager: Shutting down and abandoning module OculusRift (117)
[2015.11.26-02.37.25:749][ 64]LogModuleManager: Shutting down and abandoning module OculusLibrary (116)
[2015.11.26-02.37.25:749][ 64]LogModuleManager: Shutting down and abandoning module LeapMotionController (115)
[2015.11.26-02.37.25:763][ 64]LogModuleManager: Shutting down and abandoning module CustomMeshComponent (114)
[2015.11.26-02.37.25:763][ 64]LogModuleManager: Shutting down and abandoning module CableComponent (113)
[2015.11.26-02.37.25:763][ 64]LogModuleManager: Shutting down and abandoning module ArchVisCharacter (112)
[2015.11.26-02.37.25:763][ 64]LogModuleManager: Shutting down and abandoning module MessagingDebugger (111)
[2015.11.26-02.37.25:763][ 64]LogModuleManager: Shutting down and abandoning module MediaPlayerEditor (110)
[2015.11.26-02.37.25:763][ 64]LogModuleManager: Shutting down and abandoning module HTML5Networking (109)
[2015.11.26-02.37.25:763][ 64]LogModuleManager: Shutting down and abandoning module SpeedTreeImporter (108)
[2015.11.26-02.37.25:763][ 64]LogModuleManager: Shutting down and abandoning module PluginBrowser (107)
[2015.11.26-02.37.25:763][ 64]LogModuleManager: Shutting down and abandoning module EpicSurvey (106)
[2015.11.26-02.37.25:763][ 64]LogModuleManager: Shutting down and abandoning module DesktopPlatform (105)
[2015.11.26-02.37.25:763][ 64]LogModuleManager: Shutting down and abandoning module VisualStudioSourceCodeAccess (104)
[2015.11.26-02.37.25:763][ 64]LogModuleManager: Shutting down and abandoning module UObjectPlugin (103)
[2015.11.26-02.37.25:763][ 64]LogModuleManager: Shutting down and abandoning module SubversionSourceControl (102)
[2015.11.26-02.37.25:763][ 64]LogModuleManager: Shutting down and abandoning module PerforceSourceControl (101)
[2015.11.26-02.37.25:763][ 64]LogModuleManager: Shutting down and abandoning module SourceControl (100)
[2015.11.26-02.37.25:763][ 64]LogModuleManager: Shutting down and abandoning module GitSourceControl (99)
[2015.11.26-02.37.25:763][ 64]LogModuleManager: Shutting down and abandoning module LightPropagationVolumeEditor (98)
[2015.11.26-02.37.25:763][ 64]LogModuleManager: Shutting down and abandoning module PaperTiledImporter (97)
[2015.11.26-02.37.25:764][ 64]LogModuleManager: Shutting down and abandoning module PaperSpriteSheetImporter (96)
[2015.11.26-02.37.25:764][ 64]LogModuleManager: Shutting down and abandoning module MeshPaint (95)
[2015.11.26-02.37.25:764][ 64]LogModuleManager: Shutting down and abandoning module SlateReflector (94)
[2015.11.26-02.37.25:764][ 64]LogModuleManager: Shutting down and abandoning module HotReload (93)
[2015.11.26-02.37.25:764][ 64]LogModuleManager: Shutting down and abandoning module MainFrame (92)
[2015.11.26-02.37.25:764][ 64]LogModuleManager: Shutting down and abandoning module LevelEditor (91)
[2015.11.26-02.37.25:765][ 64]LogModuleManager: Shutting down and abandoning module ContentBrowser (90)
[2015.11.26-02.37.25:767][ 64]LogModuleManager: Shutting down and abandoning module Paper2DEditor (89)
[2015.11.26-02.37.25:767][ 64]LogModuleManager: Shutting down and abandoning module UdpMessaging (88)
[2015.11.26-02.37.25:869][ 64]LogModuleManager: Shutting down and abandoning module DirectoryWatcher (87)
[2015.11.26-02.37.25:871][ 64]LogModuleManager: Shutting down and abandoning module AssetRegistry (86)
[2015.11.26-02.37.26:060][ 64]LogModuleManager: Shutting down and abandoning module SubstanceCore (85)
[2015.11.26-02.37.26:060][ 64]LogModuleManager: Shutting down and abandoning module LightPropagationVolumeRuntime (84)
[2015.11.26-02.37.26:060][ 64]LogModuleManager: Shutting down and abandoning module Paper2D (83)
[2015.11.26-02.37.26:060][ 64]LogModuleManager: Shutting down and abandoning module WindowsMoviePlayer (82)
[2015.11.26-02.37.26:065][ 64]LogModuleManager: Shutting down and abandoning module Media (81)
[2015.11.26-02.37.26:065][ 64]LogModuleManager: Shutting down and abandoning module WmfMedia (80)
[2015.11.26-02.37.26:065][ 64]LogModuleManager: Shutting down and abandoning module OnlineBlueprintSupport (79)
[2015.11.26-02.37.26:065][ 64]LogModuleManager: Shutting down and abandoning module GameplayTasksEditor (78)
[2015.11.26-02.37.26:065][ 64]LogModuleManager: Shutting down and abandoning module PropertyEditor (77)
[2015.11.26-02.37.26:065][ 64]LogModuleManager: Shutting down and abandoning module BehaviorTreeEditor (76)
[2015.11.26-02.37.26:065][ 64]LogModuleManager: Shutting down and abandoning module FunctionalTesting (75)
[2015.11.26-02.37.26:065][ 64]LogModuleManager: Shutting down and abandoning module CollisionAnalyzer (74)
[2015.11.26-02.37.26:065][ 64]LogModuleManager: Shutting down and abandoning module WorkspaceMenuStructure (73)
[2015.11.26-02.37.26:065][ 64]LogModuleManager: Shutting down and abandoning module MessageLog (72)
[2015.11.26-02.37.26:065][ 64]LogModuleManager: Shutting down and abandoning module Sequencer (71)
[2015.11.26-02.37.26:066][ 64]LogModuleManager: Shutting down and abandoning module AssetTools (70)
[2015.11.26-02.37.26:066][ 64]LogModuleManager: Shutting down and abandoning module UMGEditor (69)
[2015.11.26-02.37.26:066][ 64]LogModuleManager: Shutting down and abandoning module UMG (68)
[2015.11.26-02.37.26:066][ 64]LogModuleManager: Shutting down and abandoning module Slate (67)
[2015.11.26-02.37.26:066][ 64]LogModuleManager: Shutting down and abandoning module EditorStyle (66)
[2015.11.26-02.37.26:070][ 64]LogModuleManager: Shutting down and abandoning module SessionServices (65)
[2015.11.26-02.37.26:070][ 64]LogModuleManager: Shutting down and abandoning module SourceCodeAccess (64)
[2015.11.26-02.37.26:070][ 64]LogModuleManager: Shutting down and abandoning module HeadMountedDisplay (63)
[2015.11.26-02.37.26:070][ 64]LogModuleManager: Shutting down and abandoning module XAudio2 (62)
[2015.11.26-02.37.26:070][ 64]LogModuleManager: Shutting down and abandoning module Networking (60)
[2015.11.26-02.37.26:070][ 64]LogModuleManager: Shutting down and abandoning module Core (59)
[2015.11.26-02.37.26:070][ 64]LogModuleManager: Shutting down and abandoning module KismetCompiler (58)
[2015.11.26-02.37.26:070][ 64]LogModuleManager: Shutting down and abandoning module PhysXFormats (57)
[2015.11.26-02.37.26:070][ 64]LogModuleManager: Shutting down and abandoning module MeshUtilities (56)
[2015.11.26-02.37.26:070][ 64]LogModuleManager: Shutting down and abandoning module CookingStats (55)
[2015.11.26-02.37.26:071][ 64]LogModuleManager: Shutting down and abandoning module DerivedDataCache (54)
[2015.11.26-02.37.26:555][ 64]LogDerivedDataCache: Shutdown
[2015.11.26-02.37.26:555][ 64]LogModuleManager: Shutting down and abandoning module ShaderFormatOpenGL (53)
[2015.11.26-02.37.26:555][ 64]LogModuleManager: Shutting down and abandoning module ShaderFormatD3D (52)
[2015.11.26-02.37.26:555][ 64]LogModuleManager: Shutting down and abandoning module MetalShaderFormat (51)
[2015.11.26-02.37.26:555][ 64]LogModuleManager: Shutting down and abandoning module TextureFormatUncompressed (50)
[2015.11.26-02.37.26:555][ 64]LogModuleManager: Shutting down and abandoning module TextureFormatPVR (49)
[2015.11.26-02.37.26:555][ 64]LogModuleManager: Shutting down and abandoning module TextureFormatIntelISPCTexComp (48)
[2015.11.26-02.37.26:555][ 64]LogModuleManager: Shutting down and abandoning module TextureFormatDXT (47)
[2015.11.26-02.37.26:555][ 64]LogModuleManager: Shutting down and abandoning module ImageWrapper (46)
[2015.11.26-02.37.26:555][ 64]LogModuleManager: Shutting down and abandoning module TextureFormatASTC (45)
[2015.11.26-02.37.26:555][ 64]LogModuleManager: Shutting down and abandoning module TextureFormatAndroid (44)
[2015.11.26-02.37.26:555][ 64]LogModuleManager: Shutting down and abandoning module AudioFormatOpus (43)
[2015.11.26-02.37.26:555][ 64]LogModuleManager: Shutting down and abandoning module AudioFormatOgg (42)
[2015.11.26-02.37.26:555][ 64]LogModuleManager: Shutting down and abandoning module AudioFormatADPCM (41)
[2015.11.26-02.37.26:555][ 64]LogModuleManager: Shutting down and abandoning module LinuxTargetPlatform (40)
[2015.11.26-02.37.26:555][ 64]LogModuleManager: Shutting down and abandoning module LinuxServerTargetPlatform (39)
[2015.11.26-02.37.26:556][ 64]LogModuleManager: Shutting down and abandoning module LinuxNoEditorTargetPlatform (38)
[2015.11.26-02.37.26:556][ 64]LogModuleManager: Shutting down and abandoning module Messaging (37)
[2015.11.26-02.37.26:556][ 64]LogModuleManager: Shutting down and abandoning module IOSTargetPlatform (36)
[2015.11.26-02.37.26:556][ 64]LogModuleManager: Shutting down and abandoning module HTML5TargetPlatform (35)
[2015.11.26-02.37.26:556][ 64]LogModuleManager: Shutting down and abandoning module Android_PVRTCTargetPlatform (34)
[2015.11.26-02.37.26:556][ 64]LogModuleManager: Shutting down and abandoning module Android_ETC2TargetPlatform (33)
[2015.11.26-02.37.26:556][ 64]LogModuleManager: Shutting down and abandoning module Android_ETC1TargetPlatform (32)
[2015.11.26-02.37.26:556][ 64]LogModuleManager: Shutting down and abandoning module Android_DXTTargetPlatform (31)
[2015.11.26-02.37.26:556][ 64]LogModuleManager: Shutting down and abandoning module Android_ATCTargetPlatform (30)
[2015.11.26-02.37.26:556][ 64]LogModuleManager: Shutting down and abandoning module Android_ASTCTargetPlatform (29)
[2015.11.26-02.37.26:556][ 64]LogModuleManager: Shutting down and abandoning module AndroidTargetPlatform (28)
[2015.11.26-02.37.26:556][ 64]LogModuleManager: Shutting down and abandoning module WindowsTargetPlatform (27)
[2015.11.26-02.37.26:556][ 64]LogModuleManager: Shutting down and abandoning module WindowsServerTargetPlatform (26)
[2015.11.26-02.37.26:556][ 64]LogModuleManager: Shutting down and abandoning module WindowsNoEditorTargetPlatform (25)
[2015.11.26-02.37.26:556][ 64]LogModuleManager: Shutting down and abandoning module WindowsClientTargetPlatform (24)
[2015.11.26-02.37.26:556][ 64]LogModuleManager: Shutting down and abandoning module AllDesktopTargetPlatform (23)
[2015.11.26-02.37.26:556][ 64]LogModuleManager: Shutting down and abandoning module TargetPlatform (22)
[2015.11.26-02.37.26:557][ 64]LogModuleManager: Shutting down and abandoning module InputCore (21)
[2015.11.26-02.37.26:557][ 64]LogModuleManager: Shutting down and abandoning module Settings (20)
[2015.11.26-02.37.26:557][ 64]LogModuleManager: Shutting down and abandoning module OnlineSubsystem (18)
[2015.11.26-02.37.26:557][ 64]LogModuleManager: Shutting down and abandoning module HTTP (17)
[2015.11.26-02.37.30:563][ 64]LogModuleManager: Shutting down and abandoning module XMPP (16)
[2015.11.26-02.37.30:563][ 64]LogModuleManager: Shutting down and abandoning module ExampleDeviceProfileSelector (15)
[2015.11.26-02.37.30:563][ 64]LogModuleManager: Shutting down and abandoning module TextureCompressor (14)
[2015.11.26-02.37.30:563][ 64]LogModuleManager: Shutting down and abandoning module ShaderCore (13)
[2015.11.26-02.37.30:564][ 64]LogModuleManager: Shutting down and abandoning module Landscape (12)
[2015.11.26-02.37.30:564][ 64]LogModuleManager: Shutting down and abandoning module SlateRHIRenderer (11)
[2015.11.26-02.37.30:573][ 64]LogModuleManager: Shutting down and abandoning module OpenGLDrv (10)
[2015.11.26-02.37.30:574][ 64]LogModuleManager: Shutting down and abandoning module D3D11RHI (9)
[2015.11.26-02.37.30:574][ 64]LogModuleManager: Shutting down and abandoning module AnimGraphRuntime (8)
[2015.11.26-02.37.30:574][ 64]LogModuleManager: Shutting down and abandoning module Renderer (7)
[2015.11.26-02.37.30:574][ 64]LogModuleManager: Shutting down and abandoning module Engine (6)
[2015.11.26-02.37.30:574][ 64]LogModuleManager: Shutting down and abandoning module CoreUObject (5)
[2015.11.26-02.37.30:574][ 64]LogModuleManager: Shutting down and abandoning module NetworkFile (4)
[2015.11.26-02.37.30:574][ 64]LogModuleManager: Shutting down and abandoning module StreamingFile (3)
[2015.11.26-02.37.30:574][ 64]LogModuleManager: Shutting down and abandoning module SandboxFile (2)
[2015.11.26-02.37.30:574][ 64]LogModuleManager: Shutting down and abandoning module PakFile (1)
[2015.11.26-02.37.30:576][ 64]LogExit: Exiting.
[2015.11.26-02.37.30:582][ 64]Log file closed, 11/25/15 20:37:30
