[2015.11.23-22.29.32:529][  0]Log file open, 11/23/15 16:29:32
[2015.11.23-22.29.32:529][  0]LogInit:Display: Running engine for game: CATS
[2015.11.23-22.29.32:529][  0]LogInit:Display: RandInit(659769151) SRandInit(659769154).
[2015.11.23-22.29.32:529][  0]LogTaskGraph: Started task graph with 4 named threads and 5 total threads.
[2015.11.23-22.29.32:529][  0]LogStats: Stats thread started at 0.458994
[2015.11.23-22.29.32:529][  0]LogInit: Version: 4.9.1-2689999+++depot+UE4-Releases+4.9
[2015.11.23-22.29.32:529][  0]LogInit: API Version: 2672455
[2015.11.23-22.29.32:529][  0]LogInit: Compiled (64-bit): Sep 14 2015 04:12:03
[2015.11.23-22.29.32:529][  0]LogInit: Compiled with Visual C++: 18.00.21005.01
[2015.11.23-22.29.32:529][  0]LogInit: Build Configuration: Development
[2015.11.23-22.29.32:529][  0]LogInit: Branch Name: ++depot+UE4-Releases+4.9
[2015.11.23-22.29.32:529][  0]LogInit: Command line:  
[2015.11.23-22.29.32:529][  0]LogInit: Base directory: C:/Program Files/Epic Games/4.9/Engine/Binaries/Win64/
[2015.11.23-22.29.32:529][  0]LogInit: Rocket: 1
[2015.11.23-22.29.32:591][  0]LogInit: Using libcurl 7.41.0
[2015.11.23-22.29.32:591][  0]LogInit:  - built for x86_64-pc-win32
[2015.11.23-22.29.32:591][  0]LogInit:  - supports SSL with WinSSL
[2015.11.23-22.29.32:591][  0]LogInit:  - other features:
[2015.11.23-22.29.32:591][  0]LogInit:      CURL_VERSION_SSL
[2015.11.23-22.29.32:591][  0]LogInit:      CURL_VERSION_IPV6
[2015.11.23-22.29.32:591][  0]LogInit:      CURL_VERSION_ASYNCHDNS
[2015.11.23-22.29.32:591][  0]LogInit:      CURL_VERSION_LARGEFILE
[2015.11.23-22.29.32:591][  0]LogInit:      CURL_VERSION_IDN
[2015.11.23-22.29.32:591][  0]LogInit:  CurlRequestOptions (configurable via config and command line):
[2015.11.23-22.29.32:591][  0]LogInit:  - bVerifyPeer = true  - Libcurl will verify peer certificate
[2015.11.23-22.29.32:591][  0]LogInit:  - bUseHttpProxy = false  - Libcurl will NOT use HTTP proxy
[2015.11.23-22.29.32:591][  0]LogInit:  - bDontReuseConnections = false  - Libcurl will reuse connections
[2015.11.23-22.29.32:591][  0]LogInit:  - CertBundlePath = nullptr  - Libcurl will use whatever was configured at build time.
[2015.11.23-22.29.32:623][  0]LogInit: Presizing for 0 objects not considered by GC, pre-allocating 0 bytes.
[2015.11.23-22.29.32:638][  0]LogInit: Object subsystem initialized
[2015.11.23-22.29.32:638][  0]LogInit: Selected Device Profile: [Windows]
[2015.11.23-22.29.32:638][  0]LogInit: Applying CVar settings loaded from the selected device profile: [Windows]
[2015.11.23-22.29.32:670][  0]LogInit: Computer: AGISE
[2015.11.23-22.29.32:670][  0]LogInit: User: Edosiho
[2015.11.23-22.29.32:670][  0]LogInit: CPU Page size=4096, Cores=2
[2015.11.23-22.29.32:670][  0]LogInit: High frequency timer resolution =2.208007 MHz
[2015.11.23-22.29.32:670][  0]LogMemory: Memory total: Physical=6.0GB (6GB approx)
[2015.11.23-22.29.32:670][  0]LogMemory: Platform Memory Stats for Windows
[2015.11.23-22.29.32:670][  0]LogMemory: Process Physical Memory: 55.93 MB used, 55.93 MB peak
[2015.11.23-22.29.32:670][  0]LogMemory: Process Virtual Memory: 58.99 MB used, 58.99 MB peak
[2015.11.23-22.29.32:670][  0]LogMemory: Physical Memory: 1441.52 MB used, 6131.91 MB total
[2015.11.23-22.29.32:670][  0]LogMemory: Virtual Memory: 351.80 MB used, 134217728.00 MB total
[2015.11.23-22.29.33:979][  0]LogD3D11RHI: Found D3D11 adapter 0: NVIDIA Quadro FX 770M (Feature Level 10_0)
[2015.11.23-22.29.33:979][  0]LogD3D11RHI: Adapter has 483MB of dedicated video memory, 0MB of dedicated system memory, and 3065MB of shared system memory, 1 output[s]
[2015.11.23-22.29.33:983][  0]LogD3D11RHI: Found D3D11 adapter 1: Microsoft Basic Render Driver (Feature Level 11_0)
[2015.11.23-22.29.33:983][  0]LogD3D11RHI: Adapter has 0MB of dedicated video memory, 0MB of dedicated system memory, and 256MB of shared system memory, 0 output[s]
[2015.11.23-22.29.33:983][  0]LogD3D11RHI: Chosen D3D11 Adapter Id = 0
[2015.11.23-22.29.33:991][  0]LogD3D11RHI: !Direct3DDevice
[2015.11.23-22.29.33:991][  0]LogRHI: Texture pool is 338 MB (70% of 483 MB)
[2015.11.23-22.29.34:016][  0]LogD3D11RHI: Async texture creation enabled
[2015.11.23-22.29.34:038][  0]LogShaderCompilers: Guid format shader working directory is 15 characters bigger than the processId version (../../../../../../Users/Edosiho/Documents/GitHub/C.A.T.S/CATS/Intermediate/Shaders/WorkingDirectory/4052/).
[2015.11.23-22.29.34:039][  0]LogShaderCompilers: Cleaned the shader compiler working directory '../../../../../../Users/Edosiho/Documents/GitHub/C.A.T.S/CATS/Intermediate/Shaders/tmp/720DBC4249C88D543B4FF1AF8D9B3192/'.
[2015.11.23-22.29.34:039][  0]LogShaderCompilers:Display: Using Local Shader Compiler.
[2015.11.23-22.29.38:946][  0]LogTemp:Display: Loaded TP AllDesktopTargetPlatform
[2015.11.23-22.29.38:986][  0]LogTemp:Display: Loaded TP WindowsClientTargetPlatform
[2015.11.23-22.29.39:012][  0]LogTemp:Display: Loaded TP WindowsNoEditorTargetPlatform
[2015.11.23-22.29.39:034][  0]LogTemp:Display: Loaded TP WindowsServerTargetPlatform
[2015.11.23-22.29.39:056][  0]LogTemp:Display: Loaded TP WindowsTargetPlatform
[2015.11.23-22.29.39:075][  0]LogTemp:Display: Loaded TP AndroidTargetPlatform
[2015.11.23-22.29.39:094][  0]LogTemp:Display: Loaded TP Android_ASTCTargetPlatform
[2015.11.23-22.29.39:113][  0]LogTemp:Display: Loaded TP Android_ATCTargetPlatform
[2015.11.23-22.29.39:131][  0]LogTemp:Display: Loaded TP Android_DXTTargetPlatform
[2015.11.23-22.29.39:150][  0]LogTemp:Display: Loaded TP Android_ETC1TargetPlatform
[2015.11.23-22.29.39:168][  0]LogTemp:Display: Loaded TP Android_ETC2TargetPlatform
[2015.11.23-22.29.39:187][  0]LogTemp:Display: Loaded TP Android_PVRTCTargetPlatform
[2015.11.23-22.29.39:199][  0]LogTemp:Display: Loaded TP HTML5TargetPlatform
[2015.11.23-22.29.39:327][  0]LogTemp:Display: Loaded TP IOSTargetPlatform
[2015.11.23-22.29.39:365][  0]LogTemp:Display: Loaded TP LinuxNoEditorTargetPlatform
[2015.11.23-22.29.39:388][  0]LogTemp:Display: Loaded TP LinuxServerTargetPlatform
[2015.11.23-22.29.39:409][  0]LogTemp:Display: Loaded TP LinuxTargetPlatform
[2015.11.23-22.29.39:409][  0]LogTargetPlatformManager:Display: Building Assets For Windows
[2015.11.23-22.29.40:721][  0]LogDerivedDataCache:Display: Max Cache Size: 512 MB
[2015.11.23-22.29.41:624][  0]LogDerivedDataCache: Loaded boot cache 0.90s 36MB C:/Users/Edosiho/AppData/Local/UnrealEngine/4.9/DerivedDataCache/Boot.ddc.
[2015.11.23-22.29.41:624][  0]LogDerivedDataCache:Display: Loaded Boot cache: C:/Users/Edosiho/AppData/Local/UnrealEngine/4.9/DerivedDataCache/Boot.ddc
[2015.11.23-22.29.41:624][  0]LogDerivedDataCache: FDerivedDataBackendGraph:  Pak pak cache file ../../../../../../Users/Edosiho/Documents/GitHub/C.A.T.S/CATS/DerivedDataCache/DDC.ddp not found, will not use a pak cache.
[2015.11.23-22.29.41:624][  0]LogDerivedDataCache: Unable to find inner node Pak for hierarchical cache Hierarchy.
[2015.11.23-22.29.41:625][  0]LogDerivedDataCache: FDerivedDataBackendGraph:  CompressedPak pak cache file ../../../../../../Users/Edosiho/Documents/GitHub/C.A.T.S/CATS/DerivedDataCache/Compressed.ddp not found, will not use a pak cache.
[2015.11.23-22.29.41:625][  0]LogDerivedDataCache: Unable to find inner node CompressedPak for hierarchical cache Hierarchy.
[2015.11.23-22.29.41:961][  0]LogDerivedDataCache:Display: Pak cache opened for reading ../../../Engine/DerivedDataCache/Compressed.ddp.
[2015.11.23-22.29.42:016][  0]LogDerivedDataCache: Using Local data cache path C:/Users/Edosiho/AppData/Local/UnrealEngine/Common/DerivedDataCache: Writable
[2015.11.23-22.29.55:323][  0]LogInit: Selected Device Profile: [Windows]
[2015.11.23-22.29.55:461][  0]LogContentStreaming: Texture pool size is 0.000000MB
[2015.11.23-22.29.57:744][  0]LogMeshUtilities: No automatic mesh reduction module available
[2015.11.23-22.29.57:744][  0]LogMeshUtilities: No automatic mesh merging module available
[2015.11.23-22.30.02:956][  0]LogInit: WinSock: version 1.1 (2.2), MaxSocks=32767, MaxUdp=65467
[2015.11.23-22.30.39:857][  0]LogAssetRegistry: FAssetRegistry took 0.0191 seconds to start up
[2015.11.23-22.30.40:610][  0]UdpMessaging: Initializing bridge on interface 0.0.0.0:0 to multicast group 230.0.0.1:6666.
[2015.11.23-22.30.50:438][  0]SourceControl: Info Source control is disabled
[2015.11.23-22.30.53:322][  0]SourceControl: Info Source control is disabled
[2015.11.23-22.30.53:718][  0]SourceControl: Info Source control is disabled
[2015.11.23-22.30.53:835][  0]SourceControl: Info Source control is disabled
[2015.11.23-22.30.56:656][  0]LogLinker:Warning: Asset '../../../Engine/Plugins/Runtime/LeapMotionController/Content/LM_PassthroughMaterial.uasset' has been saved with empty engine version. The asset will be loaded but may be incompatible.
[2015.11.23-22.30.58:277][  0]LogObj: 28528 objects as part of root set at end of initial load.
[2015.11.23-22.30.58:277][  0]LogUObjectAllocator: 6068456 out of 0 bytes used by permanent object pool.
[2015.11.23-22.31.00:212][  0]LogEngine: Initializing Engine...
[2015.11.23-22.31.00:298][  0]LogHMD: Can't find Oculus library dev build: is proper Runtime installed? Version: 0.7.0.0
[2015.11.23-22.31.00:423][  0]LogHMD: SteamVR failed to initialize.  Err: 110
[2015.11.23-22.31.02:817][  0]LogAIModule: Creating AISystem for world NewWorld
[2015.11.23-22.31.03:341][  0]LogInit: XAudio2 using 'Speakers (High Definition Audio Device)' : 2 channels at 44.1 kHz using 16 bits per sample (channel mask 0x3)
[2015.11.23-22.31.04:231][  0]LogInit: FAudioDevice initialized.
[2015.11.23-22.31.04:287][  0]LogDerivedDataCache: Saved boot cache 0.06s 36MB C:/Users/Edosiho/AppData/Local/UnrealEngine/4.9/DerivedDataCache/Boot.ddc.
[2015.11.23-22.31.04:355][  0]LogInit: Texture streaming: Enabled
[2015.11.23-22.31.04:854][  0]LogAnalytics: Creating configured Analytics provider AnalyticsET
[2015.11.23-22.31.04:854][  0]LogAnalytics: [UEEditor.Rocket.Release] APIServer = http://et2.epicgames.com/ET2/. AppVersion = 4.9.1-2689999+++depot+UE4-Releases+4.9
[2015.11.23-22.31.04:855][  0]LogAnalytics: [UEEditor.Rocket.Release] SetUserId a3ecda3c4d50cd275ecf7497f12b4d14|e806c5a3e75b4a14b122359eb3b7e1a6|4fbddb0b-eeea-41a9-880e-03c25a996dc0
[2015.11.23-22.31.04:855][  0]LogAnalytics: [UEEditor.Rocket.Release] AnalyticsET::StartSession
[2015.11.23-22.31.08:291][  0]LogInit: Transaction tracking system initialized
[2015.11.23-22.31.10:555][  0]BlueprintLog: New page: Editor Load
[2015.11.23-22.31.16:617][  0]LocalizationService: Info Localization service is disabled
[2015.11.23-22.31.20:377][  0]LogConsoleResponse:Display: 
[2015.11.23-22.31.26:706][  0]LogFileCache: Scanning file cache for directory 'C:/Users/Edosiho/Documents/GitHub/C.A.T.S/CATS/Content/' took 0.03s
[2015.11.23-22.31.26:706][  0]LogCook:Display: Done creating registry. It took  0.00s.
[2015.11.23-22.31.30:214][  0]SourceControl: Info Source control is disabled
[2015.11.23-22.31.30:457][  0]Cmd: MAP LOAD FILE="../../../../../../Users/Edosiho/Documents/GitHub/C.A.T.S/CATS/Content/ThirdPersonBP/Maps/ThirdPersonExampleMap.umap" TEMPLATE=0 SHOWPROGRESS=1 FEATURELEVEL=2
[2015.11.23-22.31.30:487][  0]LightingResults: New page: Lighting Build
[2015.11.23-22.31.30:777][  0]MapCheck: New page: Map Check
[2015.11.23-22.31.30:777][  0]LightingResults: New page: Lighting Build
[2015.11.23-22.31.33:342][  0]LogParticles: Destroying 0 GPU particle simulations for FXSystem 0x000000EEDD56E160
[2015.11.23-22.31.58:868][  0]LogAIModule: Creating AISystem for world ThirdPersonExampleMap
[2015.11.23-22.32.00:151][  0]LogEditorServer: Finished looking for orphan Actors (0.000 secs)
[2015.11.23-22.32.01:328][  0]Cmd: MAP CHECKDEP NOCLEARLOG
[2015.11.23-22.32.01:496][  0]MapCheck: Info Map check complete: 0 Error(s), 0 Warning(s), took 166.851ms to complete.
[2015.11.23-22.32.01:541][  0]LogFileHelpers: Loading map 'ThirdPersonExampleMap' took 31.111
[2015.11.23-22.32.04:548][  0]LogCollectionManager: Loaded 0 collections in 0.033771 seconds
[2015.11.23-22.32.04:744][  0]LogFileCache: Scanning file cache for directory 'C:/Users/Edosiho/Documents/GitHub/C.A.T.S/CATS/Saved/Collections/' took 0.01s
[2015.11.23-22.32.04:744][  0]LogFileCache: Scanning file cache for directory 'C:/Users/Edosiho/Documents/GitHub/C.A.T.S/CATS/Content/Developers/Edosiho/Collections/' took 0.01s
[2015.11.23-22.32.04:744][  0]LogFileCache: Scanning file cache for directory 'C:/Users/Edosiho/Documents/GitHub/C.A.T.S/CATS/Content/Collections/' took 0.01s
[2015.11.23-22.32.04:744][  0]LogContentBrowser: Native class hierarchy populated in 0.0956 seconds. Added 1882 classes and 339 folders.
[2015.11.23-22.32.05:017][  0]LogCollectionManager: Rebuilt the GUID cache for 0 collections in 0.000008 seconds
[2015.11.23-22.32.05:181][  0]LogContentBrowser: Native class hierarchy updated for 'WidgetCarousel' in 0.0012 seconds. Added 0 classes and 0 folders.
[2015.11.23-22.32.09:606][  0]LogContentBrowser: Native class hierarchy updated for 'AddContentDialog' in 0.0006 seconds. Added 0 classes and 0 folders.
[2015.11.23-22.32.09:858][  0]LogContentBrowser: Native class hierarchy updated for 'SceneOutliner' in 0.0009 seconds. Added 1 classes and 2 folders.
[2015.11.23-22.32.12:273][  0]LogCrashTracker: Crashtracker disabled due to settings.
[2015.11.23-22.32.12:565][  0]LogUObjectGlobals:Warning: Failed to find object 'Class None.'
[2015.11.23-22.32.12:757][  0]LogLoad: Full Startup: 162.39 seconds (BP compile: 2.47 seconds)
[2015.11.23-22.32.14:892][  0]LogContentStreaming: Texture pool size now 700 MB
[2015.11.23-22.32.16:163][  0]LogRenderer: Reallocating scene render targets to support 740x404 (Frame:2).
[2015.11.23-22.32.18:824][  2]LogD3D11RHI: Timed out while waiting for GPU to catch up. (500 ms)
[2015.11.23-22.32.22:022][ 10]LogAssetRegistry: Asset discovery search completed in 102.1761 seconds
[2015.11.23-22.32.22:022][ 10]LogCollectionManager: Rebuilt the object cache for 0 collections in 0.000003 seconds (found 0 objects)
[2015.11.23-22.32.22:022][ 10]LogCollectionManager: Fixed up redirectors for 0 collections in 0.000085 seconds (updated 0 objects)
[2015.11.23-22.35.12:812][518]LogHttp:Warning: Timeout processing Http request. 000000EEF6F0D500
[2015.11.23-22.46.43:744][892]LogRenderer: Reallocating scene render targets to support 1016x508 (Frame:137).
[2015.11.23-22.53.13:777][965]LogTexture:Display: Building textures: moviendobolader (BGRA8)
[2015.11.23-22.53.14:511][965]LogRenderer: Reallocating scene render targets to support 1016x640 (Frame:762).
[2015.11.23-22.59.13:839][313]LogActorComponent: UnregisterComponent: (/Engine/Transient.CharMoveComp) Not registered. Aborting.
[2015.11.23-22.59.13:960][313]LogParticles: Destroying 0 GPU particle simulations for FXSystem 0x000000EEF70C63E0
[2015.11.23-22.59.14:049][313]LogFileHelpers: Editor autosave (incl. sublevels) for '/Game/ThirdPersonBP/Maps/ThirdPersonExampleMap' took 0.211
[2015.11.23-22.59.14:287][313]OBJ SavePackage: Generating thumbnails for [1] asset(s) in package [/Game/Cats/Cat/BolitaDer/moviendobolader_Sprite_0] ([1] browsable assets)...
[2015.11.23-22.59.14:361][313]OBJ SavePackage:     Rendered thumbnail for [PaperSprite /Game/Cats/Cat/BolitaDer/moviendobolader_Sprite_0.moviendobolader_Sprite_0]
[2015.11.23-22.59.14:361][313]OBJ SavePackage: Finished generating thumbnails for package [/Game/Cats/Cat/BolitaDer/moviendobolader_Sprite_0]
[2015.11.23-22.59.14:832][313]LogSavePackage: Save=37.696438ms
[2015.11.23-22.59.14:832][313]LogSavePackage: Moving '../../../../../../Users/Edosiho/Documents/GitHub/C.A.T.S/CATS/Saved/moviendobolader_Sprite_0_Auto19FF44D6149A28EB8542E54A5561996F8.tmp' to '../../../../../../Users/Edosiho/Documents/GitHub/C.A.T.S/CATS/Saved/Autosaves/Game/Cats/Cat/BolitaDer/moviendobolader_Sprite_0_Auto1.uasset'
[2015.11.23-22.59.14:835][313]LogSavePackage: Total save time: 470.821422ms
[2015.11.23-22.59.14:835][313]LogSavePackage:Warning: Finished SavePackage ../../../../../../Users/Edosiho/Documents/GitHub/C.A.T.S/CATS/Saved/Autosaves/Game/Cats/Cat/BolitaDer/moviendobolader_Sprite_0_Auto1.uasset
[2015.11.23-22.59.14:836][313]LogFileHelpers: Auto-saving content packages took 0.783
[2015.11.23-23.01.23:491][760]Cmd: TRANSACTION UNDO
[2015.11.23-23.01.23:492][760]LogEditorTransaction: Undo Edit Socket Name
[2015.11.23-23.01.24:896][864]Cmd: TRANSACTION UNDO
[2015.11.23-23.01.24:896][864]LogEditorTransaction: Undo Edit Socket Name
[2015.11.23-23.03.48:613][ 92]LogParticles: Destroying 0 GPU particle simulations for FXSystem 0x000000EEFAAE05E0
[2015.11.23-23.03.48:772][ 92]LogSavePackage: Save=20.367237ms
[2015.11.23-23.03.48:772][ 92]LogSavePackage: Moving '../../../../../../Users/Edosiho/Documents/GitHub/C.A.T.S/CATS/Saved/avientader_Sprite_0597DD2484A955958484515B780FE14CB.tmp' to '../../../../../../Users/Edosiho/Documents/GitHub/C.A.T.S/CATS/Content/Cats/Cat/Avientader/avientader_Sprite_0.uasset'
[2015.11.23-23.03.48:786][ 92]LogSavePackage: Total save time: 55.933245ms
[2015.11.23-23.03.48:786][ 92]LogSavePackage:Warning: Finished SavePackage ../../../../../../Users/Edosiho/Documents/GitHub/C.A.T.S/CATS/Content/Cats/Cat/Avientader/avientader_Sprite_0.uasset
[2015.11.23-23.03.48:870][ 92]LogSavePackage: Save=15.746326ms
[2015.11.23-23.03.48:870][ 92]LogSavePackage: Moving '../../../../../../Users/Edosiho/Documents/GitHub/C.A.T.S/CATS/Saved/moviendobolader_Sprite_04940827A41476FD0B2802CBB617121C1.tmp' to '../../../../../../Users/Edosiho/Documents/GitHub/C.A.T.S/CATS/Content/Cats/Cat/BolitaDer/moviendobolader_Sprite_0.uasset'
[2015.11.23-23.03.48:886][ 92]LogSavePackage: Total save time: 48.495770ms
[2015.11.23-23.03.48:886][ 92]LogSavePackage:Warning: Finished SavePackage ../../../../../../Users/Edosiho/Documents/GitHub/C.A.T.S/CATS/Content/Cats/Cat/BolitaDer/moviendobolader_Sprite_0.uasset
[2015.11.23-23.08.11:582][527]LogWindows:Error: Windows GetLastError: The operation completed successfully. (0)
[2015.11.23-23.08.15:266][527]LogCrashTracker: 


[2015.11.23-23.08.15:460][527]LogCrashTracker: 


[2015.11.23-23.08.15:460][527]LogWindows: === Critical error: ===
Assertion failed: IsRotationNormalized() [File:d:\buildfarm\buildmachine_++depot+ue4-releases+4.9\engine\source\runtime\core\public\math\TransformVectorized.h] [Line: 1222] 





[2015.11.23-23.08.15:860][527]LogExit: Executing StaticShutdownAfterError
[2015.11.23-23.08.17:240][527]LogPhysics:Warning: PHYSX: ..\..\PhysX\src\NpScene.cpp (2946) 8 : PxScene::unlockWrite() called without matching call to PxScene::lockWrite(), behaviour will be undefined.
[2015.11.23-23.08.17:241][527]LogPhysics:Warning: PHYSX: ..\..\PhysX\src\NpScene.cpp (2946) 8 : PxScene::unlockWrite() called without matching call to PxScene::lockWrite(), behaviour will be undefined.
[2015.11.23-23.08.17:242][527]LogPhysics:Warning: PHYSX: ..\..\PhysX\src\NpScene.cpp (2946) 8 : PxScene::unlockWrite() called without matching call to PxScene::lockWrite(), behaviour will be undefined.
[2015.11.23-23.08.17:243][527]LogPhysics:Warning: PHYSX: ..\..\PhysX\src\NpScene.cpp (2946) 8 : PxScene::unlockWrite() called without matching call to PxScene::lockWrite(), behaviour will be undefined.
[2015.11.23-23.08.17:244][527]LogPhysics:Warning: PHYSX: ..\..\PhysX\src\NpScene.cpp (2946) 8 : PxScene::unlockWrite() called without matching call to PxScene::lockWrite(), behaviour will be undefined.
[2015.11.23-23.08.17:245][527]LogPhysics:Warning: PHYSX: ..\..\PhysX\src\NpScene.cpp (2946) 8 : PxScene::unlockWrite() called without matching call to PxScene::lockWrite(), behaviour will be undefined.
[2015.11.23-23.08.17:246][527]LogPhysics:Warning: PHYSX: ..\..\PhysX\src\NpScene.cpp (2946) 8 : PxScene::unlockWrite() called without matching call to PxScene::lockWrite(), behaviour will be undefined.
[2015.11.23-23.08.17:247][527]LogPhysics:Warning: PHYSX: ..\..\PhysX\src\NpScene.cpp (2946) 8 : PxScene::unlockWrite() called without matching call to PxScene::lockWrite(), behaviour will be undefined.
[2015.11.23-23.08.17:345][527]LogWindows: FPlatformMisc::RequestExit(1)
[2015.11.23-23.08.17:345][527]Log file closed, 11/23/15 17:08:17
