[2015.10.23-00.30.07:874][  0]Log file open, 10/22/15 19:30:07
[2015.10.23-00.30.07:874][  0]LogInit:Display: Running engine for game: CATS
[2015.10.23-00.30.07:874][  0]LogInit:Display: RandInit(-630749853) SRandInit(-630749848).
[2015.10.23-00.30.07:874][  0]LogTaskGraph: Started task graph with 4 named threads and 5 total threads.
[2015.10.23-00.30.07:874][  0]LogStats: Stats thread started at 1.325090
[2015.10.23-00.30.07:874][  0]LogInit: Version: 4.9.1-2689999+++depot+UE4-Releases+4.9
[2015.10.23-00.30.07:874][  0]LogInit: API Version: 2672455
[2015.10.23-00.30.07:874][  0]LogInit: Compiled (64-bit): Sep 14 2015 04:12:03
[2015.10.23-00.30.07:874][  0]LogInit: Compiled with Visual C++: 18.00.21005.01
[2015.10.23-00.30.07:874][  0]LogInit: Build Configuration: Development
[2015.10.23-00.30.07:874][  0]LogInit: Branch Name: ++depot+UE4-Releases+4.9
[2015.10.23-00.30.07:874][  0]LogInit: Command line:  
[2015.10.23-00.30.07:874][  0]LogInit: Base directory: C:/Program Files/Epic Games/4.9/Engine/Binaries/Win64/
[2015.10.23-00.30.07:874][  0]LogInit: Rocket: 1
[2015.10.23-00.30.07:934][  0]LogInit: Using libcurl 7.41.0
[2015.10.23-00.30.07:934][  0]LogInit:  - built for x86_64-pc-win32
[2015.10.23-00.30.07:934][  0]LogInit:  - supports SSL with WinSSL
[2015.10.23-00.30.07:934][  0]LogInit:  - other features:
[2015.10.23-00.30.07:934][  0]LogInit:      CURL_VERSION_SSL
[2015.10.23-00.30.07:934][  0]LogInit:      CURL_VERSION_IPV6
[2015.10.23-00.30.07:934][  0]LogInit:      CURL_VERSION_ASYNCHDNS
[2015.10.23-00.30.07:934][  0]LogInit:      CURL_VERSION_LARGEFILE
[2015.10.23-00.30.07:934][  0]LogInit:      CURL_VERSION_IDN
[2015.10.23-00.30.07:935][  0]LogInit:  CurlRequestOptions (configurable via config and command line):
[2015.10.23-00.30.07:935][  0]LogInit:  - bVerifyPeer = true  - Libcurl will verify peer certificate
[2015.10.23-00.30.07:935][  0]LogInit:  - bUseHttpProxy = false  - Libcurl will NOT use HTTP proxy
[2015.10.23-00.30.07:935][  0]LogInit:  - bDontReuseConnections = false  - Libcurl will reuse connections
[2015.10.23-00.30.07:935][  0]LogInit:  - CertBundlePath = nullptr  - Libcurl will use whatever was configured at build time.
[2015.10.23-00.30.07:997][  0]LogInit: Presizing for 0 objects not considered by GC, pre-allocating 0 bytes.
[2015.10.23-00.30.08:084][  0]LogInit: Object subsystem initialized
[2015.10.23-00.30.08:102][  0]LogInit: Selected Device Profile: [Windows]
[2015.10.23-00.30.08:102][  0]LogInit: Applying CVar settings loaded from the selected device profile: [Windows]
[2015.10.23-00.30.08:163][  0]LogInit: Computer: AGISE
[2015.10.23-00.30.08:163][  0]LogInit: User: Edosiho
[2015.10.23-00.30.08:163][  0]LogInit: CPU Page size=4096, Cores=2
[2015.10.23-00.30.08:163][  0]LogInit: High frequency timer resolution =2.208010 MHz
[2015.10.23-00.30.08:163][  0]LogMemory: Memory total: Physical=6.0GB (6GB approx)
[2015.10.23-00.30.08:163][  0]LogMemory: Platform Memory Stats for Windows
[2015.10.23-00.30.08:163][  0]LogMemory: Process Physical Memory: 55.95 MB used, 55.95 MB peak
[2015.10.23-00.30.08:163][  0]LogMemory: Process Virtual Memory: 57.95 MB used, 57.95 MB peak
[2015.10.23-00.30.08:163][  0]LogMemory: Physical Memory: 3092.61 MB used, 6131.91 MB total
[2015.10.23-00.30.08:163][  0]LogMemory: Virtual Memory: 355.83 MB used, 134217728.00 MB total
[2015.10.23-00.30.12:547][  0]LogD3D11RHI: Found D3D11 adapter 0: NVIDIA Quadro FX 770M (Feature Level 10_0)
[2015.10.23-00.30.12:547][  0]LogD3D11RHI: Adapter has 483MB of dedicated video memory, 0MB of dedicated system memory, and 3065MB of shared system memory, 1 output[s]
[2015.10.23-00.30.12:559][  0]LogD3D11RHI: Found D3D11 adapter 1: Microsoft Basic Render Driver (Feature Level 11_0)
[2015.10.23-00.30.12:559][  0]LogD3D11RHI: Adapter has 0MB of dedicated video memory, 0MB of dedicated system memory, and 256MB of shared system memory, 0 output[s]
[2015.10.23-00.30.12:559][  0]LogD3D11RHI: Chosen D3D11 Adapter Id = 0
[2015.10.23-00.30.12:594][  0]LogD3D11RHI: !Direct3DDevice
[2015.10.23-00.30.12:594][  0]LogRHI: Texture pool is 338 MB (70% of 483 MB)
[2015.10.23-00.30.12:658][  0]LogD3D11RHI: Async texture creation enabled
[2015.10.23-00.30.12:693][  0]LogShaderCompilers: Guid format shader working directory is 14 characters bigger than the processId version (../../../../../../Users/Edosiho/Documents/GitHub/C.A.T.S/CATS/Intermediate/Shaders/WorkingDirectory/39472/).
[2015.10.23-00.30.12:694][  0]LogShaderCompilers: Cleaned the shader compiler working directory '../../../../../../Users/Edosiho/Documents/GitHub/C.A.T.S/CATS/Intermediate/Shaders/tmp/995A4D0E4D90D7DA68A7318502E7DDC2/'.
[2015.10.23-00.30.12:694][  0]LogShaderCompilers:Display: Using Local Shader Compiler.
[2015.10.23-00.30.23:402][  0]LogTemp:Display: Loaded TP AllDesktopTargetPlatform
[2015.10.23-00.30.23:501][  0]LogTemp:Display: Loaded TP WindowsClientTargetPlatform
[2015.10.23-00.30.23:559][  0]LogTemp:Display: Loaded TP WindowsNoEditorTargetPlatform
[2015.10.23-00.30.23:658][  0]LogTemp:Display: Loaded TP WindowsServerTargetPlatform
[2015.10.23-00.30.23:722][  0]LogTemp:Display: Loaded TP WindowsTargetPlatform
[2015.10.23-00.30.23:767][  0]LogTemp:Display: Loaded TP AndroidTargetPlatform
[2015.10.23-00.30.23:816][  0]LogTemp:Display: Loaded TP Android_ASTCTargetPlatform
[2015.10.23-00.30.23:864][  0]LogTemp:Display: Loaded TP Android_ATCTargetPlatform
[2015.10.23-00.30.23:910][  0]LogTemp:Display: Loaded TP Android_DXTTargetPlatform
[2015.10.23-00.30.23:958][  0]LogTemp:Display: Loaded TP Android_ETC1TargetPlatform
[2015.10.23-00.30.24:004][  0]LogTemp:Display: Loaded TP Android_ETC2TargetPlatform
[2015.10.23-00.30.24:050][  0]LogTemp:Display: Loaded TP Android_PVRTCTargetPlatform
[2015.10.23-00.30.24:086][  0]LogTemp:Display: Loaded TP HTML5TargetPlatform
[2015.10.23-00.30.24:242][  0]LogTemp:Display: Loaded TP IOSTargetPlatform
[2015.10.23-00.30.24:300][  0]LogTemp:Display: Loaded TP LinuxNoEditorTargetPlatform
[2015.10.23-00.30.24:335][  0]LogTemp:Display: Loaded TP LinuxServerTargetPlatform
[2015.10.23-00.30.24:396][  0]LogTemp:Display: Loaded TP LinuxTargetPlatform
[2015.10.23-00.30.24:396][  0]LogTargetPlatformManager:Display: Building Assets For Windows
[2015.10.23-00.30.25:690][  0]LogDerivedDataCache:Display: Max Cache Size: 512 MB
[2015.10.23-00.30.25:976][  0]LogDerivedDataCache: Loaded boot cache 0.29s 36MB C:/Users/Edosiho/AppData/Local/UnrealEngine/4.9/DerivedDataCache/Boot.ddc.
[2015.10.23-00.30.25:977][  0]LogDerivedDataCache:Display: Loaded Boot cache: C:/Users/Edosiho/AppData/Local/UnrealEngine/4.9/DerivedDataCache/Boot.ddc
[2015.10.23-00.30.25:977][  0]LogDerivedDataCache: FDerivedDataBackendGraph:  Pak pak cache file ../../../../../../Users/Edosiho/Documents/GitHub/C.A.T.S/CATS/DerivedDataCache/DDC.ddp not found, will not use a pak cache.
[2015.10.23-00.30.25:977][  0]LogDerivedDataCache: Unable to find inner node Pak for hierarchical cache Hierarchy.
[2015.10.23-00.30.25:977][  0]LogDerivedDataCache: FDerivedDataBackendGraph:  CompressedPak pak cache file ../../../../../../Users/Edosiho/Documents/GitHub/C.A.T.S/CATS/DerivedDataCache/Compressed.ddp not found, will not use a pak cache.
[2015.10.23-00.30.25:977][  0]LogDerivedDataCache: Unable to find inner node CompressedPak for hierarchical cache Hierarchy.
[2015.10.23-00.30.26:706][  0]LogDerivedDataCache:Display: Pak cache opened for reading ../../../Engine/DerivedDataCache/Compressed.ddp.
[2015.10.23-00.30.26:724][  0]LogDerivedDataCache: Using Local data cache path C:/Users/Edosiho/AppData/Local/UnrealEngine/Common/DerivedDataCache: Writable
[2015.10.23-00.30.27:798][  0]LogInit: Selected Device Profile: [Windows]
[2015.10.23-00.30.27:817][  0]LogContentStreaming: Texture pool size is 0.000000MB
[2015.10.23-00.30.28:515][  0]LogMeshUtilities: No automatic mesh reduction module available
[2015.10.23-00.30.28:515][  0]LogMeshUtilities: No automatic mesh merging module available
[2015.10.23-00.30.30:066][  0]LogInit: WinSock: version 1.1 (2.2), MaxSocks=32767, MaxUdp=65467
[2015.10.23-00.30.34:743][  0]LogAssetRegistry: FAssetRegistry took 0.0121 seconds to start up
[2015.10.23-00.30.34:849][  0]UdpMessaging: Initializing bridge on interface 0.0.0.0:0 to multicast group 230.0.0.1:6666.
[2015.10.23-00.30.36:356][  0]SourceControl: Info Source control is disabled
[2015.10.23-00.30.38:055][  0]SourceControl: Info Source control is disabled
[2015.10.23-00.30.38:146][  0]SourceControl: Info Source control is disabled
[2015.10.23-00.30.38:240][  0]SourceControl: Info Source control is disabled
[2015.10.23-00.30.39:415][  0]LogLinker:Warning: Asset '../../../Engine/Plugins/Runtime/LeapMotionController/Content/LM_PassthroughMaterial.uasset' has been saved with empty engine version. The asset will be loaded but may be incompatible.
[2015.10.23-00.30.40:211][  0]LogObj: 28528 objects as part of root set at end of initial load.
[2015.10.23-00.30.40:211][  0]LogUObjectAllocator: 6068464 out of 0 bytes used by permanent object pool.
[2015.10.23-00.30.40:504][  0]LogEngine: Initializing Engine...
[2015.10.23-00.30.40:520][  0]LogHMD: Can't find Oculus library dev build: is proper Runtime installed? Version: 0.7.0.0
[2015.10.23-00.30.40:531][  0]LogHMD: SteamVR failed to initialize.  Err: 110
[2015.10.23-00.30.41:245][  0]LogAIModule: Creating AISystem for world NewWorld
[2015.10.23-00.30.41:287][  0]LogInit: XAudio2 using 'Speakers (High Definition Audio Device)' : 2 channels at 44.1 kHz using 16 bits per sample (channel mask 0x3)
[2015.10.23-00.30.41:391][  0]LogInit: FAudioDevice initialized.
[2015.10.23-00.30.41:559][  0]LogDerivedDataCache: Saved boot cache 0.17s 36MB C:/Users/Edosiho/AppData/Local/UnrealEngine/4.9/DerivedDataCache/Boot.ddc.
[2015.10.23-00.30.41:676][  0]LogInit: Texture streaming: Enabled
[2015.10.23-00.30.41:725][  0]LogAnalytics: Creating configured Analytics provider AnalyticsET
[2015.10.23-00.30.41:725][  0]LogAnalytics: [UEEditor.Rocket.Release] APIServer = http://et2.epicgames.com/ET2/. AppVersion = 4.9.1-2689999+++depot+UE4-Releases+4.9
[2015.10.23-00.30.41:726][  0]LogAnalytics: [UEEditor.Rocket.Release] SetUserId a3ecda3c4d50cd275ecf7497f12b4d14|e806c5a3e75b4a14b122359eb3b7e1a6|4fbddb0b-eeea-41a9-880e-03c25a996dc0
[2015.10.23-00.30.41:726][  0]LogAnalytics: [UEEditor.Rocket.Release] AnalyticsET::StartSession
[2015.10.23-00.30.42:334][  0]LogInit: Transaction tracking system initialized
[2015.10.23-00.30.42:671][  0]BlueprintLog: New page: Editor Load
[2015.10.23-00.30.43:878][  0]LocalizationService: Info Localization service is disabled
[2015.10.23-00.30.44:787][  0]LogConsoleResponse:Display: 
[2015.10.23-00.30.51:781][  0]LogCook:Display: Done creating registry. It took  0.00s.
[2015.10.23-00.30.51:807][  0]LogFileCache: Scanning file cache for directory 'C:/Users/Edosiho/Documents/GitHub/C.A.T.S/CATS/Content/' took 6.01s
[2015.10.23-00.30.52:642][  0]SourceControl: Info Source control is disabled
[2015.10.23-00.30.52:643][  0]Cmd: MAP LOAD FILE="../../../../../../Users/Edosiho/Documents/GitHub/C.A.T.S/CATS/Content/ThirdPersonBP/Maps/ThirdPersonExampleMap.umap" TEMPLATE=0 SHOWPROGRESS=1 FEATURELEVEL=2
[2015.10.23-00.30.52:646][  0]LightingResults: New page: Lighting Build
[2015.10.23-00.30.52:680][  0]MapCheck: New page: Map Check
[2015.10.23-00.30.52:680][  0]LightingResults: New page: Lighting Build
[2015.10.23-00.30.52:874][  0]LogParticles: Destroying 0 GPU particle simulations for FXSystem 0x0000007C591D76A0
[2015.10.23-00.31.03:181][  0]LogAIModule: Creating AISystem for world ThirdPersonExampleMap
[2015.10.23-00.31.03:258][  0]LogEditorServer: Finished looking for orphan Actors (0.000 secs)
[2015.10.23-00.31.07:828][  0]Cmd: MAP CHECKDEP NOCLEARLOG
[2015.10.23-00.31.08:610][  0]MapCheck: Info Map check complete: 0 Error(s), 0 Warning(s), took 781.64ms to complete.
[2015.10.23-00.31.08:613][  0]LogFileHelpers: Loading map 'ThirdPersonExampleMap' took 15.968
[2015.10.23-00.31.09:064][  0]LogCollectionManager: Loaded 0 collections in 0.014751 seconds
[2015.10.23-00.31.09:167][  0]LogFileCache: Scanning file cache for directory 'C:/Users/Edosiho/Documents/GitHub/C.A.T.S/CATS/Saved/Collections/' took 0.02s
[2015.10.23-00.31.09:168][  0]LogFileCache: Scanning file cache for directory 'C:/Users/Edosiho/Documents/GitHub/C.A.T.S/CATS/Content/Developers/Edosiho/Collections/' took 0.01s
[2015.10.23-00.31.09:168][  0]LogFileCache: Scanning file cache for directory 'C:/Users/Edosiho/Documents/GitHub/C.A.T.S/CATS/Content/Collections/' took 0.02s
[2015.10.23-00.31.09:168][  0]LogContentBrowser: Native class hierarchy populated in 0.0520 seconds. Added 1882 classes and 339 folders.
[2015.10.23-00.31.09:197][  0]LogCollectionManager: Rebuilt the GUID cache for 0 collections in 0.000012 seconds
[2015.10.23-00.31.09:255][  0]LogContentBrowser: Native class hierarchy updated for 'WidgetCarousel' in 0.0021 seconds. Added 0 classes and 0 folders.
[2015.10.23-00.31.09:708][  0]LogContentBrowser: Native class hierarchy updated for 'AddContentDialog' in 0.0040 seconds. Added 0 classes and 0 folders.
[2015.10.23-00.31.09:762][  0]LogContentBrowser: Native class hierarchy updated for 'SceneOutliner' in 0.0017 seconds. Added 1 classes and 2 folders.
[2015.10.23-00.31.10:271][  0]LogCrashTracker: Crashtracker disabled due to settings.
[2015.10.23-00.31.10:334][  0]LogUObjectGlobals:Warning: Failed to find object 'Class None.'
[2015.10.23-00.31.10:397][  0]LogLoad: Full Startup: 66.91 seconds (BP compile: 2.88 seconds)
[2015.10.23-00.31.20:950][  0]LogContentStreaming: Texture pool size now 700 MB
[2015.10.23-00.31.32:461][  0]LogRenderer: Reallocating scene render targets to support 740x404 (Frame:2).
[2015.10.23-00.32.13:131][  3]LogD3D11RHI: Timed out while waiting for GPU to catch up. (500 ms)
[2015.10.23-00.32.13:611][  3]LogD3D11RHI: Timed out while waiting for GPU to catch up. (500 ms)
[2015.10.23-00.32.14:071][  3]LogD3D11RHI: Timed out while waiting for GPU to catch up. (500 ms)
[2015.10.23-00.32.36:272][ 17]LogAssetRegistry: Asset discovery search completed in 121.5407 seconds
[2015.10.23-00.32.36:272][ 17]LogCollectionManager: Rebuilt the object cache for 0 collections in 0.000002 seconds (found 0 objects)
[2015.10.23-00.32.36:272][ 17]LogCollectionManager: Fixed up redirectors for 0 collections in 0.000050 seconds (updated 0 objects)
[2015.10.23-00.34.48:171][170]LogMaterial: Missing cached shader map for material Hue, compiling. 
[2015.10.23-00.34.48:281][170]LogMaterial: Missing cached shader map for material Hue, compiling. 
[2015.10.23-00.34.48:288][170]LogMaterial: 0.000071 seconds spent updating 1 materials, 1 interfaces, 0 instances, 0 with static permutations.
[2015.10.23-00.35.00:757][421]LogMaterial: Missing cached shader map for material Hue, compiling. 
[2015.10.23-00.35.00:764][421]LogMaterial: 0.000061 seconds spent updating 1 materials, 1 interfaces, 0 instances, 0 with static permutations.
[2015.10.23-00.35.00:801][421]LogMaterial: Missing cached shader map for material FMatExpressionPreview MaterialExpressionTextureSample_0, compiling. 
[2015.10.23-00.35.00:833][421]LogMaterial: Missing cached shader map for material FMatExpressionPreview MaterialExpressionTextureSample_0, compiling. 
[2015.10.23-00.35.32:374][404]LogContentBrowser: Native class hierarchy updated for 'TextureEditor' in 0.0018 seconds. Added 1 classes and 2 folders.
[2015.10.23-00.35.47:461][302]LogMaterial: Missing cached shader map for material Hue, compiling. 
[2015.10.23-00.35.47:469][302]LogMaterial: 0.000061 seconds spent updating 1 materials, 1 interfaces, 0 instances, 0 with static permutations.
[2015.10.23-00.35.47:508][302]LogMaterial: Missing cached shader map for material FMatExpressionPreview MaterialExpressionTextureSample_0, compiling. 
[2015.10.23-00.35.54:418][557]LogMaterial: Missing cached shader map for material Hue, compiling. 
[2015.10.23-00.35.54:438][557]LogMaterial: 0.000142 seconds spent updating 1 materials, 1 interfaces, 0 instances, 0 with static permutations.
[2015.10.23-00.38.48:646][818]LogMaterial: Missing cached shader map for material Hue, compiling. 
[2015.10.23-00.38.48:653][818]LogMaterial: 0.000087 seconds spent updating 1 materials, 1 interfaces, 0 instances, 0 with static permutations.
[2015.10.23-00.38.48:673][818]LogMaterial: Missing cached shader map for material FMatExpressionPreview MaterialExpressionTextureSample_1, compiling. 
[2015.10.23-00.38.48:741][818]LogMaterial: Missing cached shader map for material FMatExpressionPreview MaterialExpressionTextureSample_0, compiling. 
[2015.10.23-00.38.48:764][818]LogMaterial: Missing cached shader map for material FMatExpressionPreview MaterialExpressionTextureSample_1, compiling. 
[2015.10.23-00.39.07:014][221]LogMaterial: Missing cached shader map for material Hue, compiling. 
[2015.10.23-00.39.07:022][221]LogMaterial: 0.000060 seconds spent updating 1 materials, 1 interfaces, 0 instances, 0 with static permutations.
[2015.10.23-00.39.07:023][221]LogMaterial: Missing cached shader map for material FMatExpressionPreview MaterialExpressionTextureSample_2, compiling. 
[2015.10.23-00.39.07:109][221]LogMaterial: Missing cached shader map for material FMatExpressionPreview MaterialExpressionTextureSample_0, compiling. 
[2015.10.23-00.39.07:130][221]LogMaterial: Missing cached shader map for material FMatExpressionPreview MaterialExpressionTextureSample_1, compiling. 
[2015.10.23-00.39.07:136][221]LogMaterial: Missing cached shader map for material FMatExpressionPreview MaterialExpressionTextureSample_2, compiling. 
[2015.10.23-00.39.13:103][397]LogMaterial: Missing cached shader map for material FMatExpressionPreview MaterialExpressionTextureSample_2, compiling. 
[2015.10.23-00.42.40:099][362]LogActorComponent: UnregisterComponent: (/Engine/Transient.CharMoveComp) Not registered. Aborting.
[2015.10.23-00.42.40:175][362]LogFileHelpers: Editor autosave (incl. sublevels) for '/Game/ThirdPersonBP/Maps/ThirdPersonExampleMap' took 0.077
[2015.10.23-00.42.40:213][362]OBJ SavePackage: Generating thumbnails for [1] asset(s) in package [/Game/Cats/Hue] ([1] browsable assets)...
[2015.10.23-00.42.40:302][362]OBJ SavePackage:     Rendered thumbnail for [Material /Game/Cats/Hue.Hue]
[2015.10.23-00.42.40:302][362]OBJ SavePackage: Finished generating thumbnails for package [/Game/Cats/Hue]
[2015.10.23-00.42.40:302][362]Cmd: OBJ SAVEPACKAGE PACKAGE="/Game/Cats/Hue" FILE="../../../../../../Users/Edosiho/Documents/GitHub/C.A.T.S/CATS/Saved/Autosaves/Game/Cats/Hue_Auto1.uasset" SILENT=false AUTOSAVING=true
[2015.10.23-00.42.40:485][362]LogSavePackage: Save=133.080917ms
[2015.10.23-00.42.40:485][362]LogSavePackage: Moving '../../../../../../Users/Edosiho/Documents/GitHub/C.A.T.S/CATS/Saved/Hue_Auto1D48439BC4502F2C2B1F720AD5AD1206E.tmp' to '../../../../../../Users/Edosiho/Documents/GitHub/C.A.T.S/CATS/Saved/Autosaves/Game/Cats/Hue_Auto1.uasset'
[2015.10.23-00.42.40:520][362]LogSavePackage: Total save time: 189.555302ms
[2015.10.23-00.42.40:520][362]LogSavePackage:Warning: Finished SavePackage ../../../../../../Users/Edosiho/Documents/GitHub/C.A.T.S/CATS/Saved/Autosaves/Game/Cats/Hue_Auto1.uasset
[2015.10.23-00.42.40:520][362]LogFileHelpers: Auto-saving content packages took 0.343
[2015.10.23-00.42.40:619][363]MaterialEditorStats: Info Base pass shader with only dynamic lighting: 32 instructions
[2015.10.23-00.42.40:619][363]MaterialEditorStats: Info Vertex shader: 33 instructions
[2015.10.23-00.42.40:619][363]MaterialEditorStats: Info Texture samplers: 1/16
[2015.10.23-00.43.18:465][679]LogMaterial: Missing cached shader map for material Hue, compiling. 
[2015.10.23-00.43.18:473][679]LogMaterial: 0.000099 seconds spent updating 1 materials, 1 interfaces, 0 instances, 0 with static permutations.
[2015.10.23-00.43.18:542][679]LogMaterial: Missing cached shader map for material FMatExpressionPreview MaterialExpressionTextureSample_2, compiling. 
[2015.10.23-00.43.18:548][679]LogMaterial: Missing cached shader map for material FMatExpressionPreview MaterialExpressionTextureSample_3, compiling. 
[2015.10.23-00.43.18:578][679]LogMaterial: Missing cached shader map for material FMatExpressionPreview MaterialExpressionTextureSample_0, compiling. 
[2015.10.23-00.43.18:611][679]LogMaterial: Missing cached shader map for material FMatExpressionPreview MaterialExpressionTextureSample_1, compiling. 
[2015.10.23-00.43.18:643][679]LogMaterial: Missing cached shader map for material FMatExpressionPreview MaterialExpressionTextureSample_2, compiling. 
[2015.10.23-00.43.18:685][679]LogMaterial: Missing cached shader map for material FMatExpressionPreview MaterialExpressionTextureSample_3, compiling. 
[2015.10.23-00.43.24:707][921]LogMaterial: Missing cached shader map for material Hue, compiling. 
[2015.10.23-00.43.24:715][921]LogMaterial: 0.000085 seconds spent updating 1 materials, 1 interfaces, 0 instances, 0 with static permutations.
[2015.10.23-00.43.24:767][921]LogMaterial: Missing cached shader map for material FMatExpressionPreview MaterialExpressionTextureSample_2, compiling. 
[2015.10.23-00.43.24:773][921]LogMaterial: Missing cached shader map for material FMatExpressionPreview MaterialExpressionTextureSample_3, compiling. 
[2015.10.23-01.31.25:888][875]LogHttp:Warning: Timeout processing Http request. 0000007C7C247100
[2015.10.23-01.31.39:375][904]MaterialEditorStats: Info Base pass shader with only dynamic lighting: 47 instructions
[2015.10.23-01.31.39:375][904]MaterialEditorStats: Info Vertex shader: 33 instructions
[2015.10.23-01.31.39:375][904]MaterialEditorStats: Info Texture samplers: 2/16
[2015.10.23-01.43.16:344][501]LogEditorViewport: Clicking on Actor (context menu): BP_Sky_Sphere_C (SkySphereBlueprint)
[2015.10.23-01.43.16:799][501]LogEditorViewport: Clicking on Component (context menu): StaticMeshComponent (Sky Sphere mesh)
[2015.10.23-01.50.47:003][808]LogParticles: Destroying 0 GPU particle simulations for FXSystem 0x0000007C53B0E160
[2015.10.23-01.50.49:229][808]LogWindowsTextInputMethodSystem:Display: IME system now deactivated.
[2015.10.23-01.50.49:746][809]Cmd: QUIT_EDITOR
[2015.10.23-01.50.50:239][809]LogExit: Preparing to exit.
[2015.10.23-01.50.51:338][809]LogExit: Editor shut down
[2015.10.23-01.50.51:338][809]LogExit: Transaction tracking system shut down
[2015.10.23-01.50.51:351][809]LogParticles: Destroying 0 GPU particle simulations for FXSystem 0x0000007C59A4F560
[2015.10.23-01.50.51:354][809]LogParticles: Destroying 0 GPU particle simulations for FXSystem 0x0000007C72AEB560
[2015.10.23-01.50.51:355][809]LogParticles: Destroying 0 GPU particle simulations for FXSystem 0x0000007C73AF9440
[2015.10.23-01.50.51:355][809]LogParticles: Destroying 0 GPU particle simulations for FXSystem 0x0000007C74D04720
[2015.10.23-01.50.51:360][809]LogParticles: Destroying 0 GPU particle simulations for FXSystem 0x0000007C74BE8360
[2015.10.23-01.50.53:278][809]LogExit: Object subsystem successfully closed.
[2015.10.23-01.50.53:297][809]LogD3D11RHI: Shutdown
[2015.10.23-01.50.53:297][809]LogD3D11RHI: CleanupD3DDevice
[2015.10.23-01.50.56:024][809]LogD3D11RHI: ~FD3D11DynamicRHI
[2015.10.23-01.50.56:142][809]LogModuleManager: Shutting down and abandoning module TextureEditor (201)
[2015.10.23-01.50.56:142][809]LogModuleManager: Shutting down and abandoning module MaterialEditor (200)
[2015.10.23-01.50.56:142][809]LogModuleManager: Shutting down and abandoning module CrashTracker (199)
[2015.10.23-01.50.56:142][809]LogModuleManager: Shutting down and abandoning module SceneOutliner (198)
[2015.10.23-01.50.56:143][809]LogModuleManager: Shutting down and abandoning module SuperSearch (197)
[2015.10.23-01.50.56:143][809]LogModuleManager: Shutting down and abandoning module WidgetCarousel (196)
[2015.10.23-01.50.56:143][809]LogModuleManager: Shutting down and abandoning module AddContentDialog (195)
[2015.10.23-01.50.56:157][809]LogModuleManager: Shutting down and abandoning module EditorWidgets (194)
[2015.10.23-01.50.56:157][809]LogModuleManager: Shutting down and abandoning module CollectionManager (193)
[2015.10.23-01.50.56:158][809]LogModuleManager: Shutting down and abandoning module StatsViewer (192)
[2015.10.23-01.50.56:158][809]LogModuleManager: Shutting down and abandoning module FoliageEdit (191)
[2015.10.23-01.50.56:158][809]LogModuleManager: Shutting down and abandoning module LandscapeEditor (190)
[2015.10.23-01.50.56:159][809]LogModuleManager: Shutting down and abandoning module ActorPickerMode (189)
[2015.10.23-01.50.56:159][809]LogModuleManager: Shutting down and abandoning module GeometryMode (188)
[2015.10.23-01.50.56:159][809]LogModuleManager: Shutting down and abandoning module TextureAlignMode (187)
[2015.10.23-01.50.56:159][809]LogModuleManager: Shutting down and abandoning module BspMode (186)
[2015.10.23-01.50.56:159][809]LogModuleManager: Shutting down and abandoning module PlacementMode (185)
[2015.10.23-01.50.56:159][809]LogModuleManager: Shutting down and abandoning module AutomationWorker (184)
[2015.10.23-01.50.56:159][809]LogModuleManager: Shutting down and abandoning module CharacterAI (183)
[2015.10.23-01.50.56:159][809]LogModuleManager: Shutting down and abandoning module SmartSnapping (182)
[2015.10.23-01.50.56:159][809]LogModuleManager: Shutting down and abandoning module ViewportSnapping (181)
[2015.10.23-01.50.56:159][809]LogModuleManager: Shutting down and abandoning module LogVisualizer (180)
[2015.10.23-01.50.56:160][809]LogModuleManager: Shutting down and abandoning module GameProjectGeneration (179)
[2015.10.23-01.50.56:160][809]LogModuleManager: Shutting down and abandoning module IntroTutorials (178)
[2015.10.23-01.50.56:160][809]LogModuleManager: Shutting down and abandoning module EditorLiveStreaming (177)
[2015.10.23-01.50.56:160][809]LogModuleManager: Shutting down and abandoning module IOSPlatformEditor (176)
[2015.10.23-01.50.56:160][809]LogModuleManager: Shutting down and abandoning module HTML5PlatformEditor (175)
[2015.10.23-01.50.56:160][809]LogModuleManager: Shutting down and abandoning module AndroidDeviceDetection (174)
[2015.10.23-01.50.56:910][809]LogModuleManager: Shutting down and abandoning module AndroidPlatformEditor (173)
[2015.10.23-01.50.56:910][809]LogModuleManager: Shutting down and abandoning module IOSRuntimeSettings (172)
[2015.10.23-01.50.56:910][809]LogModuleManager: Shutting down and abandoning module AndroidRuntimeSettings (171)
[2015.10.23-01.50.56:911][809]LogModuleManager: Shutting down and abandoning module MergeActors (170)
[2015.10.23-01.50.56:911][809]LogModuleManager: Shutting down and abandoning module SizeMap (169)
[2015.10.23-01.50.56:911][809]LogModuleManager: Shutting down and abandoning module TreeMap (168)
[2015.10.23-01.50.56:911][809]LogModuleManager: Shutting down and abandoning module ReferenceViewer (167)
[2015.10.23-01.50.56:911][809]LogModuleManager: Shutting down and abandoning module LocalizationService (166)
[2015.10.23-01.50.56:911][809]LogModuleManager: Shutting down and abandoning module LocalizationDashboard (165)
[2015.10.23-01.50.56:911][809]LogModuleManager: Shutting down and abandoning module HardwareTargeting (164)
[2015.10.23-01.50.56:911][809]LogModuleManager: Shutting down and abandoning module DeviceProfileEditor (163)
[2015.10.23-01.50.56:911][809]LogModuleManager: Shutting down and abandoning module UndoHistory (162)
[2015.10.23-01.50.56:911][809]LogModuleManager: Shutting down and abandoning module GameplayTagsEditor (161)
[2015.10.23-01.50.56:911][809]LogModuleManager: Shutting down and abandoning module UserFeedback (160)
[2015.10.23-01.50.56:911][809]LogModuleManager: Shutting down and abandoning module XmlParser (159)
[2015.10.23-01.50.56:911][809]LogModuleManager: Shutting down and abandoning module Blutility (158)
[2015.10.23-01.50.56:911][809]LogModuleManager: Shutting down and abandoning module ProjectTargetPlatformEditor (157)
[2015.10.23-01.50.56:912][809]LogModuleManager: Shutting down and abandoning module ProjectSettingsViewer (156)
[2015.10.23-01.50.56:912][809]LogModuleManager: Shutting down and abandoning module InputBindingEditor (155)
[2015.10.23-01.50.56:912][809]LogModuleManager: Shutting down and abandoning module EditorSettingsViewer (154)
[2015.10.23-01.50.56:912][809]LogModuleManager: Shutting down and abandoning module SettingsEditor (153)
[2015.10.23-01.50.56:913][809]LogModuleManager: Shutting down and abandoning module ProjectLauncher (152)
[2015.10.23-01.50.56:913][809]LogModuleManager: Shutting down and abandoning module SessionFrontend (151)
[2015.10.23-01.50.56:913][809]LogModuleManager: Shutting down and abandoning module ProfilerClient (150)
[2015.10.23-01.50.56:913][809]LogModuleManager: Shutting down and abandoning module TargetDeviceServices (149)
[2015.10.23-01.50.56:913][809]LogModuleManager: Shutting down and abandoning module DeviceManager (148)
[2015.10.23-01.50.56:913][809]LogModuleManager: Shutting down and abandoning module AutomationController (147)
[2015.10.23-01.50.56:913][809]LogModuleManager: Shutting down and abandoning module AutomationWindow (146)
[2015.10.23-01.50.56:913][809]LogModuleManager: Shutting down and abandoning module Layers (145)
[2015.10.23-01.50.56:914][809]LogModuleManager: Shutting down and abandoning module ComponentVisualizers (144)
[2015.10.23-01.50.56:914][809]LogModuleManager: Shutting down and abandoning module DetailCustomizations (143)
[2015.10.23-01.50.56:914][809]LogModuleManager: Shutting down and abandoning module PackagesDialog (142)
[2015.10.23-01.50.56:914][809]LogModuleManager: Shutting down and abandoning module Persona (141)
[2015.10.23-01.50.56:915][809]LogModuleManager: Shutting down and abandoning module Kismet (140)
[2015.10.23-01.50.56:915][809]LogModuleManager: Shutting down and abandoning module GraphEditor (139)
[2015.10.23-01.50.56:915][809]LogModuleManager: Shutting down and abandoning module ClassViewer (138)
[2015.10.23-01.50.56:915][809]LogModuleManager: Shutting down and abandoning module Toolbox (137)
[2015.10.23-01.50.56:915][809]LogModuleManager: Shutting down and abandoning module ModuleUI (136)
[2015.10.23-01.50.56:915][809]LogModuleManager: Shutting down and abandoning module MovieSceneTools (135)
[2015.10.23-01.50.56:915][809]LogModuleManager: Shutting down and abandoning module OutputLog (134)
[2015.10.23-01.50.56:915][809]LogModuleManager: Shutting down and abandoning module GammaUI (133)
[2015.10.23-01.50.56:915][809]LogModuleManager: Shutting down and abandoning module Documentation (132)
[2015.10.23-01.50.56:915][809]LogModuleManager: Shutting down and abandoning module GameLiveStreaming (131)
[2015.10.23-01.50.56:916][809]LogModuleManager: Shutting down and abandoning module StreamingPauseRendering (130)
[2015.10.23-01.50.56:916][809]LogModuleManager: Shutting down and abandoning module AnalyticsET (129)
[2015.10.23-01.50.56:916][809]LogModuleManager: Shutting down and abandoning module Analytics (128)
[2015.10.23-01.50.56:916][809]LogModuleManager: Shutting down and abandoning module AITestSuite (127)
[2015.10.23-01.50.56:916][809]LogModuleManager: Shutting down and abandoning module GameplayDebugger (126)
[2015.10.23-01.50.56:916][809]LogModuleManager: Shutting down and abandoning module AIModule (125)
[2015.10.23-01.50.56:916][809]LogModuleManager: Shutting down and abandoning module ProfilerService (124)
[2015.10.23-01.50.57:147][809]LogModuleManager: Shutting down and abandoning module TaskGraph (123)
[2015.10.23-01.50.57:147][809]LogModuleManager: Shutting down and abandoning module SubstanceEditor (122)
[2015.10.23-01.50.57:148][809]LogModuleManager: Shutting down and abandoning module SlateRemote (121)
[2015.10.23-01.50.57:148][809]LogModuleManager: Shutting down and abandoning module SteamVRController (120)
[2015.10.23-01.50.57:148][809]LogModuleManager: Shutting down and abandoning module SteamVR (119)
[2015.10.23-01.50.57:148][809]LogModuleManager: Shutting down and abandoning module ProceduralMeshComponent (118)
[2015.10.23-01.50.57:148][809]LogModuleManager: Shutting down and abandoning module OculusRift (117)
[2015.10.23-01.50.57:148][809]LogModuleManager: Shutting down and abandoning module OculusLibrary (116)
[2015.10.23-01.50.57:148][809]LogModuleManager: Shutting down and abandoning module LeapMotionController (115)
[2015.10.23-01.50.57:190][809]LogModuleManager: Shutting down and abandoning module CustomMeshComponent (114)
[2015.10.23-01.50.57:190][809]LogModuleManager: Shutting down and abandoning module CableComponent (113)
[2015.10.23-01.50.57:190][809]LogModuleManager: Shutting down and abandoning module ArchVisCharacter (112)
[2015.10.23-01.50.57:191][809]LogModuleManager: Shutting down and abandoning module MessagingDebugger (111)
[2015.10.23-01.50.57:191][809]LogModuleManager: Shutting down and abandoning module MediaPlayerEditor (110)
[2015.10.23-01.50.57:191][809]LogModuleManager: Shutting down and abandoning module HTML5Networking (109)
[2015.10.23-01.50.57:191][809]LogModuleManager: Shutting down and abandoning module SpeedTreeImporter (108)
[2015.10.23-01.50.57:191][809]LogModuleManager: Shutting down and abandoning module PluginBrowser (107)
[2015.10.23-01.50.57:191][809]LogModuleManager: Shutting down and abandoning module EpicSurvey (106)
[2015.10.23-01.50.57:191][809]LogModuleManager: Shutting down and abandoning module DesktopPlatform (105)
[2015.10.23-01.50.57:191][809]LogModuleManager: Shutting down and abandoning module VisualStudioSourceCodeAccess (104)
[2015.10.23-01.50.57:191][809]LogModuleManager: Shutting down and abandoning module UObjectPlugin (103)
[2015.10.23-01.50.57:191][809]LogModuleManager: Shutting down and abandoning module SubversionSourceControl (102)
[2015.10.23-01.50.57:191][809]LogModuleManager: Shutting down and abandoning module PerforceSourceControl (101)
[2015.10.23-01.50.57:192][809]LogModuleManager: Shutting down and abandoning module SourceControl (100)
[2015.10.23-01.50.57:192][809]LogModuleManager: Shutting down and abandoning module GitSourceControl (99)
[2015.10.23-01.50.57:192][809]LogModuleManager: Shutting down and abandoning module LightPropagationVolumeEditor (98)
[2015.10.23-01.50.57:192][809]LogModuleManager: Shutting down and abandoning module PaperTiledImporter (97)
[2015.10.23-01.50.57:192][809]LogModuleManager: Shutting down and abandoning module PaperSpriteSheetImporter (96)
[2015.10.23-01.50.57:192][809]LogModuleManager: Shutting down and abandoning module MeshPaint (95)
[2015.10.23-01.50.57:192][809]LogModuleManager: Shutting down and abandoning module SlateReflector (94)
[2015.10.23-01.50.57:192][809]LogModuleManager: Shutting down and abandoning module HotReload (93)
[2015.10.23-01.50.57:193][809]LogModuleManager: Shutting down and abandoning module MainFrame (92)
[2015.10.23-01.50.57:193][809]LogModuleManager: Shutting down and abandoning module LevelEditor (91)
[2015.10.23-01.50.57:197][809]LogModuleManager: Shutting down and abandoning module ContentBrowser (90)
[2015.10.23-01.50.57:200][809]LogModuleManager: Shutting down and abandoning module Paper2DEditor (89)
[2015.10.23-01.50.57:200][809]LogModuleManager: Shutting down and abandoning module UdpMessaging (88)
[2015.10.23-01.50.57:301][809]LogModuleManager: Shutting down and abandoning module DirectoryWatcher (87)
[2015.10.23-01.50.57:313][809]LogModuleManager: Shutting down and abandoning module AssetRegistry (86)
[2015.10.23-01.50.57:523][809]LogModuleManager: Shutting down and abandoning module SubstanceCore (85)
[2015.10.23-01.50.57:523][809]LogModuleManager: Shutting down and abandoning module LightPropagationVolumeRuntime (84)
[2015.10.23-01.50.57:523][809]LogModuleManager: Shutting down and abandoning module Paper2D (83)
[2015.10.23-01.50.57:524][809]LogModuleManager: Shutting down and abandoning module WindowsMoviePlayer (82)
[2015.10.23-01.50.57:524][809]LogModuleManager: Shutting down and abandoning module Media (81)
[2015.10.23-01.50.57:524][809]LogModuleManager: Shutting down and abandoning module WmfMedia (80)
[2015.10.23-01.50.57:524][809]LogModuleManager: Shutting down and abandoning module OnlineBlueprintSupport (79)
[2015.10.23-01.50.57:524][809]LogModuleManager: Shutting down and abandoning module GameplayTasksEditor (78)
[2015.10.23-01.50.57:524][809]LogModuleManager: Shutting down and abandoning module PropertyEditor (77)
[2015.10.23-01.50.57:525][809]LogModuleManager: Shutting down and abandoning module BehaviorTreeEditor (76)
[2015.10.23-01.50.57:525][809]LogModuleManager: Shutting down and abandoning module FunctionalTesting (75)
[2015.10.23-01.50.57:525][809]LogModuleManager: Shutting down and abandoning module CollisionAnalyzer (74)
[2015.10.23-01.50.57:525][809]LogModuleManager: Shutting down and abandoning module WorkspaceMenuStructure (73)
[2015.10.23-01.50.57:525][809]LogModuleManager: Shutting down and abandoning module MessageLog (72)
[2015.10.23-01.50.57:525][809]LogModuleManager: Shutting down and abandoning module Sequencer (71)
[2015.10.23-01.50.57:526][809]LogModuleManager: Shutting down and abandoning module AssetTools (70)
[2015.10.23-01.50.57:526][809]LogModuleManager: Shutting down and abandoning module UMGEditor (69)
[2015.10.23-01.50.57:526][809]LogModuleManager: Shutting down and abandoning module UMG (68)
[2015.10.23-01.50.57:526][809]LogModuleManager: Shutting down and abandoning module Slate (67)
[2015.10.23-01.50.57:526][809]LogModuleManager: Shutting down and abandoning module EditorStyle (66)
[2015.10.23-01.50.57:536][809]LogModuleManager: Shutting down and abandoning module SessionServices (65)
[2015.10.23-01.50.57:536][809]LogModuleManager: Shutting down and abandoning module SourceCodeAccess (64)
[2015.10.23-01.50.57:536][809]LogModuleManager: Shutting down and abandoning module HeadMountedDisplay (63)
[2015.10.23-01.50.57:536][809]LogModuleManager: Shutting down and abandoning module XAudio2 (62)
[2015.10.23-01.50.57:537][809]LogModuleManager: Shutting down and abandoning module Networking (60)
[2015.10.23-01.50.57:537][809]LogModuleManager: Shutting down and abandoning module Core (59)
[2015.10.23-01.50.57:537][809]LogModuleManager: Shutting down and abandoning module KismetCompiler (58)
[2015.10.23-01.50.57:537][809]LogModuleManager: Shutting down and abandoning module PhysXFormats (57)
[2015.10.23-01.50.57:537][809]LogModuleManager: Shutting down and abandoning module MeshUtilities (56)
[2015.10.23-01.50.57:537][809]LogModuleManager: Shutting down and abandoning module CookingStats (55)
[2015.10.23-01.50.57:541][809]LogModuleManager: Shutting down and abandoning module DerivedDataCache (54)
[2015.10.23-01.50.57:619][809]LogDerivedDataCache: Shutdown
[2015.10.23-01.50.57:619][809]LogModuleManager: Shutting down and abandoning module ShaderFormatOpenGL (53)
[2015.10.23-01.50.57:619][809]LogModuleManager: Shutting down and abandoning module ShaderFormatD3D (52)
[2015.10.23-01.50.57:620][809]LogModuleManager: Shutting down and abandoning module MetalShaderFormat (51)
[2015.10.23-01.50.57:620][809]LogModuleManager: Shutting down and abandoning module TextureFormatUncompressed (50)
[2015.10.23-01.50.57:620][809]LogModuleManager: Shutting down and abandoning module TextureFormatPVR (49)
[2015.10.23-01.50.57:620][809]LogModuleManager: Shutting down and abandoning module TextureFormatIntelISPCTexComp (48)
[2015.10.23-01.50.57:620][809]LogModuleManager: Shutting down and abandoning module TextureFormatDXT (47)
[2015.10.23-01.50.57:620][809]LogModuleManager: Shutting down and abandoning module ImageWrapper (46)
[2015.10.23-01.50.57:620][809]LogModuleManager: Shutting down and abandoning module TextureFormatASTC (45)
[2015.10.23-01.50.57:620][809]LogModuleManager: Shutting down and abandoning module TextureFormatAndroid (44)
[2015.10.23-01.50.57:620][809]LogModuleManager: Shutting down and abandoning module AudioFormatOpus (43)
[2015.10.23-01.50.57:620][809]LogModuleManager: Shutting down and abandoning module AudioFormatOgg (42)
[2015.10.23-01.50.57:620][809]LogModuleManager: Shutting down and abandoning module AudioFormatADPCM (41)
[2015.10.23-01.50.57:620][809]LogModuleManager: Shutting down and abandoning module LinuxTargetPlatform (40)
[2015.10.23-01.50.57:620][809]LogModuleManager: Shutting down and abandoning module LinuxServerTargetPlatform (39)
[2015.10.23-01.50.57:620][809]LogModuleManager: Shutting down and abandoning module LinuxNoEditorTargetPlatform (38)
[2015.10.23-01.50.57:620][809]LogModuleManager: Shutting down and abandoning module Messaging (37)
[2015.10.23-01.50.57:620][809]LogModuleManager: Shutting down and abandoning module IOSTargetPlatform (36)
[2015.10.23-01.50.57:620][809]LogModuleManager: Shutting down and abandoning module HTML5TargetPlatform (35)
[2015.10.23-01.50.57:621][809]LogModuleManager: Shutting down and abandoning module Android_PVRTCTargetPlatform (34)
[2015.10.23-01.50.57:621][809]LogModuleManager: Shutting down and abandoning module Android_ETC2TargetPlatform (33)
[2015.10.23-01.50.57:621][809]LogModuleManager: Shutting down and abandoning module Android_ETC1TargetPlatform (32)
[2015.10.23-01.50.57:621][809]LogModuleManager: Shutting down and abandoning module Android_DXTTargetPlatform (31)
[2015.10.23-01.50.57:621][809]LogModuleManager: Shutting down and abandoning module Android_ATCTargetPlatform (30)
[2015.10.23-01.50.57:621][809]LogModuleManager: Shutting down and abandoning module Android_ASTCTargetPlatform (29)
[2015.10.23-01.50.57:621][809]LogModuleManager: Shutting down and abandoning module AndroidTargetPlatform (28)
[2015.10.23-01.50.57:621][809]LogModuleManager: Shutting down and abandoning module WindowsTargetPlatform (27)
[2015.10.23-01.50.57:621][809]LogModuleManager: Shutting down and abandoning module WindowsServerTargetPlatform (26)
[2015.10.23-01.50.57:621][809]LogModuleManager: Shutting down and abandoning module WindowsNoEditorTargetPlatform (25)
[2015.10.23-01.50.57:621][809]LogModuleManager: Shutting down and abandoning module WindowsClientTargetPlatform (24)
[2015.10.23-01.50.57:621][809]LogModuleManager: Shutting down and abandoning module AllDesktopTargetPlatform (23)
[2015.10.23-01.50.57:621][809]LogModuleManager: Shutting down and abandoning module TargetPlatform (22)
[2015.10.23-01.50.57:621][809]LogModuleManager: Shutting down and abandoning module InputCore (21)
[2015.10.23-01.50.57:621][809]LogModuleManager: Shutting down and abandoning module Settings (20)
[2015.10.23-01.50.57:622][809]LogModuleManager: Shutting down and abandoning module OnlineSubsystem (18)
[2015.10.23-01.50.57:622][809]LogModuleManager: Shutting down and abandoning module HTTP (17)
[2015.10.23-01.51.00:627][809]LogModuleManager: Shutting down and abandoning module XMPP (16)
[2015.10.23-01.51.00:627][809]LogModuleManager: Shutting down and abandoning module ExampleDeviceProfileSelector (15)
[2015.10.23-01.51.00:627][809]LogModuleManager: Shutting down and abandoning module TextureCompressor (14)
[2015.10.23-01.51.00:628][809]LogModuleManager: Shutting down and abandoning module ShaderCore (13)
[2015.10.23-01.51.00:628][809]LogModuleManager: Shutting down and abandoning module Landscape (12)
[2015.10.23-01.51.00:628][809]LogModuleManager: Shutting down and abandoning module SlateRHIRenderer (11)
[2015.10.23-01.51.00:640][809]LogModuleManager: Shutting down and abandoning module OpenGLDrv (10)
[2015.10.23-01.51.00:640][809]LogModuleManager: Shutting down and abandoning module D3D11RHI (9)
[2015.10.23-01.51.00:640][809]LogModuleManager: Shutting down and abandoning module AnimGraphRuntime (8)
[2015.10.23-01.51.00:640][809]LogModuleManager: Shutting down and abandoning module Renderer (7)
[2015.10.23-01.51.00:640][809]LogModuleManager: Shutting down and abandoning module Engine (6)
[2015.10.23-01.51.00:641][809]LogModuleManager: Shutting down and abandoning module CoreUObject (5)
[2015.10.23-01.51.00:641][809]LogModuleManager: Shutting down and abandoning module NetworkFile (4)
[2015.10.23-01.51.00:641][809]LogModuleManager: Shutting down and abandoning module StreamingFile (3)
[2015.10.23-01.51.00:641][809]LogModuleManager: Shutting down and abandoning module SandboxFile (2)
[2015.10.23-01.51.00:641][809]LogModuleManager: Shutting down and abandoning module PakFile (1)
[2015.10.23-01.51.00:643][809]LogExit: Exiting.
[2015.10.23-01.51.00:746][809]Log file closed, 10/22/15 20:51:00
