[2015.11.25-18.06.32:587][  0]Log file open, 11/25/15 12:06:32
[2015.11.25-18.06.32:587][  0]LogInit:Display: Running engine for game: CATS
[2015.11.25-18.06.32:587][  0]LogInit:Display: RandInit(-1428665698) SRandInit(-1428665694).
[2015.11.25-18.06.32:587][  0]LogTaskGraph: Started task graph with 4 named threads and 5 total threads.
[2015.11.25-18.06.32:587][  0]LogStats: Stats thread started at 0.416815
[2015.11.25-18.06.32:587][  0]LogInit: Version: 4.9.1-2689999+++depot+UE4-Releases+4.9
[2015.11.25-18.06.32:587][  0]LogInit: API Version: 2672455
[2015.11.25-18.06.32:587][  0]LogInit: Compiled (64-bit): Sep 14 2015 04:12:03
[2015.11.25-18.06.32:587][  0]LogInit: Compiled with Visual C++: 18.00.21005.01
[2015.11.25-18.06.32:587][  0]LogInit: Build Configuration: Development
[2015.11.25-18.06.32:587][  0]LogInit: Branch Name: ++depot+UE4-Releases+4.9
[2015.11.25-18.06.32:587][  0]LogInit: Command line:  
[2015.11.25-18.06.32:587][  0]LogInit: Base directory: C:/Program Files/Epic Games/4.9/Engine/Binaries/Win64/
[2015.11.25-18.06.32:587][  0]LogInit: Rocket: 1
[2015.11.25-18.06.32:634][  0]LogInit: Using libcurl 7.41.0
[2015.11.25-18.06.32:634][  0]LogInit:  - built for x86_64-pc-win32
[2015.11.25-18.06.32:634][  0]LogInit:  - supports SSL with WinSSL
[2015.11.25-18.06.32:634][  0]LogInit:  - other features:
[2015.11.25-18.06.32:634][  0]LogInit:      CURL_VERSION_SSL
[2015.11.25-18.06.32:634][  0]LogInit:      CURL_VERSION_IPV6
[2015.11.25-18.06.32:634][  0]LogInit:      CURL_VERSION_ASYNCHDNS
[2015.11.25-18.06.32:634][  0]LogInit:      CURL_VERSION_LARGEFILE
[2015.11.25-18.06.32:634][  0]LogInit:      CURL_VERSION_IDN
[2015.11.25-18.06.32:634][  0]LogInit:  CurlRequestOptions (configurable via config and command line):
[2015.11.25-18.06.32:634][  0]LogInit:  - bVerifyPeer = true  - Libcurl will verify peer certificate
[2015.11.25-18.06.32:634][  0]LogInit:  - bUseHttpProxy = false  - Libcurl will NOT use HTTP proxy
[2015.11.25-18.06.32:634][  0]LogInit:  - bDontReuseConnections = false  - Libcurl will reuse connections
[2015.11.25-18.06.32:634][  0]LogInit:  - CertBundlePath = nullptr  - Libcurl will use whatever was configured at build time.
[2015.11.25-18.06.32:815][  0]LogInit: Presizing for 0 objects not considered by GC, pre-allocating 0 bytes.
[2015.11.25-18.06.32:848][  0]LogInit: Object subsystem initialized
[2015.11.25-18.06.32:852][  0]LogInit: Selected Device Profile: [Windows]
[2015.11.25-18.06.32:852][  0]LogInit: Applying CVar settings loaded from the selected device profile: [Windows]
[2015.11.25-18.06.32:880][  0]LogInit: Computer: AGISE
[2015.11.25-18.06.32:880][  0]LogInit: User: Edosiho
[2015.11.25-18.06.32:880][  0]LogInit: CPU Page size=4096, Cores=2
[2015.11.25-18.06.32:880][  0]LogInit: High frequency timer resolution =2.208003 MHz
[2015.11.25-18.06.32:880][  0]LogMemory: Memory total: Physical=6.0GB (6GB approx)
[2015.11.25-18.06.32:880][  0]LogMemory: Platform Memory Stats for Windows
[2015.11.25-18.06.32:880][  0]LogMemory: Process Physical Memory: 56.12 MB used, 56.12 MB peak
[2015.11.25-18.06.32:880][  0]LogMemory: Process Virtual Memory: 57.00 MB used, 57.00 MB peak
[2015.11.25-18.06.32:880][  0]LogMemory: Physical Memory: 1722.50 MB used, 6131.91 MB total
[2015.11.25-18.06.32:880][  0]LogMemory: Virtual Memory: 354.71 MB used, 134217728.00 MB total
[2015.11.25-18.06.34:976][  0]LogD3D11RHI: Found D3D11 adapter 0: NVIDIA Quadro FX 770M (Feature Level 10_0)
[2015.11.25-18.06.34:976][  0]LogD3D11RHI: Adapter has 483MB of dedicated video memory, 0MB of dedicated system memory, and 3065MB of shared system memory, 1 output[s]
[2015.11.25-18.06.34:981][  0]LogD3D11RHI: Found D3D11 adapter 1: Microsoft Basic Render Driver (Feature Level 11_0)
[2015.11.25-18.06.34:981][  0]LogD3D11RHI: Adapter has 0MB of dedicated video memory, 0MB of dedicated system memory, and 256MB of shared system memory, 0 output[s]
[2015.11.25-18.06.34:981][  0]LogD3D11RHI: Chosen D3D11 Adapter Id = 0
[2015.11.25-18.06.34:988][  0]LogD3D11RHI: !Direct3DDevice
[2015.11.25-18.06.34:988][  0]LogRHI: Texture pool is 338 MB (70% of 483 MB)
[2015.11.25-18.06.35:017][  0]LogD3D11RHI: Async texture creation enabled
[2015.11.25-18.06.35:042][  0]LogShaderCompilers: Guid format shader working directory is 15 characters bigger than the processId version (../../../../../../Users/Edosiho/Documents/GitHub/C.A.T.S/CATS/Intermediate/Shaders/WorkingDirectory/5932/).
[2015.11.25-18.06.35:042][  0]LogShaderCompilers: Cleaned the shader compiler working directory '../../../../../../Users/Edosiho/Documents/GitHub/C.A.T.S/CATS/Intermediate/Shaders/tmp/60A559A244F3FE5F880666BA590A8834/'.
[2015.11.25-18.06.35:042][  0]LogShaderCompilers:Display: Using Local Shader Compiler.
[2015.11.25-18.06.39:074][  0]LogTemp:Display: Loaded TP AllDesktopTargetPlatform
[2015.11.25-18.06.39:172][  0]LogTemp:Display: Loaded TP WindowsClientTargetPlatform
[2015.11.25-18.06.39:228][  0]LogTemp:Display: Loaded TP WindowsNoEditorTargetPlatform
[2015.11.25-18.06.39:272][  0]LogTemp:Display: Loaded TP WindowsServerTargetPlatform
[2015.11.25-18.06.39:403][  0]LogTemp:Display: Loaded TP WindowsTargetPlatform
[2015.11.25-18.06.39:463][  0]LogTemp:Display: Loaded TP AndroidTargetPlatform
[2015.11.25-18.06.39:486][  0]LogTemp:Display: Loaded TP Android_ASTCTargetPlatform
[2015.11.25-18.06.39:542][  0]LogTemp:Display: Loaded TP Android_ATCTargetPlatform
[2015.11.25-18.06.39:570][  0]LogTemp:Display: Loaded TP Android_DXTTargetPlatform
[2015.11.25-18.06.39:589][  0]LogTemp:Display: Loaded TP Android_ETC1TargetPlatform
[2015.11.25-18.06.39:611][  0]LogTemp:Display: Loaded TP Android_ETC2TargetPlatform
[2015.11.25-18.06.39:632][  0]LogTemp:Display: Loaded TP Android_PVRTCTargetPlatform
[2015.11.25-18.06.39:647][  0]LogTemp:Display: Loaded TP HTML5TargetPlatform
[2015.11.25-18.06.39:735][  0]LogTemp:Display: Loaded TP IOSTargetPlatform
[2015.11.25-18.06.39:757][  0]LogTemp:Display: Loaded TP LinuxNoEditorTargetPlatform
[2015.11.25-18.06.39:777][  0]LogTemp:Display: Loaded TP LinuxServerTargetPlatform
[2015.11.25-18.06.39:798][  0]LogTemp:Display: Loaded TP LinuxTargetPlatform
[2015.11.25-18.06.39:798][  0]LogTargetPlatformManager:Display: Building Assets For Windows
[2015.11.25-18.06.40:424][  0]LogDerivedDataCache:Display: Max Cache Size: 512 MB
[2015.11.25-18.06.42:532][  0]LogDerivedDataCache: Loaded boot cache 2.11s 36MB C:/Users/Edosiho/AppData/Local/UnrealEngine/4.9/DerivedDataCache/Boot.ddc.
[2015.11.25-18.06.42:532][  0]LogDerivedDataCache:Display: Loaded Boot cache: C:/Users/Edosiho/AppData/Local/UnrealEngine/4.9/DerivedDataCache/Boot.ddc
[2015.11.25-18.06.42:561][  0]LogDerivedDataCache: FDerivedDataBackendGraph:  Pak pak cache file ../../../../../../Users/Edosiho/Documents/GitHub/C.A.T.S/CATS/DerivedDataCache/DDC.ddp not found, will not use a pak cache.
[2015.11.25-18.06.42:561][  0]LogDerivedDataCache: Unable to find inner node Pak for hierarchical cache Hierarchy.
[2015.11.25-18.06.42:561][  0]LogDerivedDataCache: FDerivedDataBackendGraph:  CompressedPak pak cache file ../../../../../../Users/Edosiho/Documents/GitHub/C.A.T.S/CATS/DerivedDataCache/Compressed.ddp not found, will not use a pak cache.
[2015.11.25-18.06.42:561][  0]LogDerivedDataCache: Unable to find inner node CompressedPak for hierarchical cache Hierarchy.
[2015.11.25-18.06.43:176][  0]LogDerivedDataCache:Display: Pak cache opened for reading ../../../Engine/DerivedDataCache/Compressed.ddp.
[2015.11.25-18.06.43:192][  0]LogDerivedDataCache: Using Local data cache path C:/Users/Edosiho/AppData/Local/UnrealEngine/Common/DerivedDataCache: Writable
[2015.11.25-18.06.46:971][  0]LogInit: Selected Device Profile: [Windows]
[2015.11.25-18.06.46:981][  0]LogContentStreaming: Texture pool size is 0.000000MB
[2015.11.25-18.06.47:560][  0]LogMeshUtilities: No automatic mesh reduction module available
[2015.11.25-18.06.47:560][  0]LogMeshUtilities: No automatic mesh merging module available
[2015.11.25-18.06.48:525][  0]LogInit: WinSock: version 1.1 (2.2), MaxSocks=32767, MaxUdp=65467
[2015.11.25-18.07.09:633][  0]LogAssetRegistry: FAssetRegistry took 0.0117 seconds to start up
[2015.11.25-18.07.09:880][  0]UdpMessaging: Initializing bridge on interface 0.0.0.0:0 to multicast group 230.0.0.1:6666.
[2015.11.25-18.07.11:794][  0]SourceControl: Info Source control is disabled
[2015.11.25-18.07.11:800][  0]SourceControl: Info Source control is disabled
[2015.11.25-18.07.11:987][  0]SourceControl: Info Source control is disabled
[2015.11.25-18.07.12:040][  0]SourceControl: Info Source control is disabled
[2015.11.25-18.07.13:238][  0]LogLinker:Warning: Asset '../../../Engine/Plugins/Runtime/LeapMotionController/Content/LM_PassthroughMaterial.uasset' has been saved with empty engine version. The asset will be loaded but may be incompatible.
[2015.11.25-18.07.13:811][  0]LogObj: 28528 objects as part of root set at end of initial load.
[2015.11.25-18.07.13:811][  0]LogUObjectAllocator: 6068464 out of 0 bytes used by permanent object pool.
[2015.11.25-18.07.14:019][  0]LogEngine: Initializing Engine...
[2015.11.25-18.07.14:024][  0]LogHMD: Can't find Oculus library dev build: is proper Runtime installed? Version: 0.7.0.0
[2015.11.25-18.07.14:562][  0]LogHMD: SteamVR failed to initialize.  Err: 110
[2015.11.25-18.07.14:945][  0]LogAIModule: Creating AISystem for world NewWorld
[2015.11.25-18.07.15:011][  0]LogInit: XAudio2 using 'Speakers (High Definition Audio Device)' : 2 channels at 44.1 kHz using 16 bits per sample (channel mask 0x3)
[2015.11.25-18.07.15:030][  0]LogInit: FAudioDevice initialized.
[2015.11.25-18.07.15:092][  0]LogDerivedDataCache: Saved boot cache 0.06s 36MB C:/Users/Edosiho/AppData/Local/UnrealEngine/4.9/DerivedDataCache/Boot.ddc.
[2015.11.25-18.07.15:136][  0]LogInit: Texture streaming: Enabled
[2015.11.25-18.07.15:223][  0]LogAnalytics: Creating configured Analytics provider AnalyticsET
[2015.11.25-18.07.15:223][  0]LogAnalytics: [UEEditor.Rocket.Release] APIServer = http://et2.epicgames.com/ET2/. AppVersion = 4.9.1-2689999+++depot+UE4-Releases+4.9
[2015.11.25-18.07.15:223][  0]LogAnalytics: [UEEditor.Rocket.Release] SetUserId a3ecda3c4d50cd275ecf7497f12b4d14|e806c5a3e75b4a14b122359eb3b7e1a6|4fbddb0b-eeea-41a9-880e-03c25a996dc0
[2015.11.25-18.07.15:223][  0]LogAnalytics: [UEEditor.Rocket.Release] AnalyticsET::StartSession
[2015.11.25-18.07.15:846][  0]LogInit: Transaction tracking system initialized
[2015.11.25-18.07.16:194][  0]BlueprintLog: New page: Editor Load
[2015.11.25-18.07.19:807][  0]LocalizationService: Info Localization service is disabled
[2015.11.25-18.07.20:489][  0]LogConsoleResponse:Display: 
[2015.11.25-18.07.26:599][  0]LogCook:Display: Done creating registry. It took  0.00s.
[2015.11.25-18.07.27:308][  0]LogFileCache: Scanning file cache for directory 'C:/Users/Edosiho/Documents/GitHub/C.A.T.S/CATS/Content/' took 0.03s
[2015.11.25-18.07.27:308][  0]SourceControl: Info Source control is disabled
[2015.11.25-18.07.27:308][  0]Cmd: MAP LOAD FILE="../../../../../../Users/Edosiho/Documents/GitHub/C.A.T.S/CATS/Content/ThirdPersonBP/Maps/ThirdPersonExampleMap.umap" TEMPLATE=0 SHOWPROGRESS=1 FEATURELEVEL=2
[2015.11.25-18.07.27:309][  0]LightingResults: New page: Lighting Build
[2015.11.25-18.07.27:317][  0]MapCheck: New page: Map Check
[2015.11.25-18.07.27:317][  0]LightingResults: New page: Lighting Build
[2015.11.25-18.07.27:351][  0]LogParticles: Destroying 0 GPU particle simulations for FXSystem 0x0000008FB5D12160
[2015.11.25-18.17.41:374][  0]LogAIModule: Creating AISystem for world ThirdPersonExampleMap
[2015.11.25-18.17.41:406][  0]LogEditorServer: Finished looking for orphan Actors (0.000 secs)
[2015.11.25-18.17.41:407][  0]Cmd: MAP CHECKDEP NOCLEARLOG
[2015.11.25-18.17.41:756][  0]MapCheck: Info Map check complete: 0 Error(s), 0 Warning(s), took 347.829ms to complete.
[2015.11.25-18.17.41:771][  0]LogFileHelpers: Loading map 'ThirdPersonExampleMap' took 614.514
[2015.11.25-18.17.42:301][  0]LogCollectionManager: Loaded 0 collections in 0.006329 seconds
[2015.11.25-18.17.42:335][  0]LogFileCache: Scanning file cache for directory 'C:/Users/Edosiho/Documents/GitHub/C.A.T.S/CATS/Saved/Collections/' took 0.02s
[2015.11.25-18.17.42:335][  0]LogFileCache: Scanning file cache for directory 'C:/Users/Edosiho/Documents/GitHub/C.A.T.S/CATS/Content/Developers/Edosiho/Collections/' took 0.00s
[2015.11.25-18.17.42:335][  0]LogFileCache: Scanning file cache for directory 'C:/Users/Edosiho/Documents/GitHub/C.A.T.S/CATS/Content/Collections/' took 0.00s
[2015.11.25-18.17.42:335][  0]LogContentBrowser: Native class hierarchy populated in 0.0156 seconds. Added 1882 classes and 339 folders.
[2015.11.25-18.17.42:353][  0]LogCollectionManager: Rebuilt the GUID cache for 0 collections in 0.000006 seconds
[2015.11.25-18.17.42:374][  0]LogContentBrowser: Native class hierarchy updated for 'WidgetCarousel' in 0.0009 seconds. Added 0 classes and 0 folders.
[2015.11.25-18.17.44:959][  0]LogContentBrowser: Native class hierarchy updated for 'AddContentDialog' in 0.0008 seconds. Added 0 classes and 0 folders.
[2015.11.25-18.17.44:992][  0]LogContentBrowser: Native class hierarchy updated for 'SceneOutliner' in 0.0007 seconds. Added 1 classes and 2 folders.
[2015.11.25-18.17.45:266][  0]LogCrashTracker: Crashtracker disabled due to settings.
[2015.11.25-18.17.45:279][  0]LogUObjectGlobals:Warning: Failed to find object 'Class None.'
[2015.11.25-18.17.45:303][  0]LogLoad: Full Startup: 674.61 seconds (BP compile: 0.46 seconds)
[2015.11.25-18.17.47:217][  0]LogContentStreaming: Texture pool size now 700 MB
[2015.11.25-18.17.47:514][  0]LogRenderer: Reallocating scene render targets to support 796x404 (Frame:2).
[2015.11.25-18.17.52:109][  9]LogAssetRegistry: Asset discovery search completed in 642.5065 seconds
[2015.11.25-18.17.52:109][  9]LogCollectionManager: Rebuilt the object cache for 0 collections in 0.000002 seconds (found 0 objects)
[2015.11.25-18.17.52:342][  9]LogCollectionManager: Fixed up redirectors for 0 collections in 0.232600 seconds (updated 0 objects)
[2015.11.25-18.17.54:101][ 14]LogLinker:Warning: Asset '../../../Engine/Content/ArtTools/RenderToTexture/Macros/RenderToTextureMacros.uasset' has been saved with empty engine version. The asset will be loaded but may be incompatible.
[2015.11.25-18.17.55:693][ 14]LogContentBrowser: Native class hierarchy updated for 'BlueprintGraph' in 0.0178 seconds. Added 107 classes and 0 folders.
[2015.11.25-18.17.56:985][ 14]LogLinker:Warning: Can't resolve asset name
[2015.11.25-18.17.56:988][ 14]LogPhysics:Warning: Initialising Body : Scale3D is (nearly) zero: Component: Gateeto_C_0.CharacterMesh0 SK_Mannequin Bone: spine_01 
[2015.11.25-18.17.56:988][ 14]LogPhysics:Warning: Initialising Body : Scale3D is (nearly) zero: Component: Gateeto_C_0.CharacterMesh0 SK_Mannequin Bone: spine_02 
[2015.11.25-18.17.56:988][ 14]LogPhysics:Warning: Initialising Body : Scale3D is (nearly) zero: Component: Gateeto_C_0.CharacterMesh0 SK_Mannequin Bone: pelvis 
[2015.11.25-18.17.56:988][ 14]LogPhysics:Warning: Initialising Body : Scale3D is (nearly) zero: Component: Gateeto_C_0.CharacterMesh0 SK_Mannequin Bone: thigh_l 
[2015.11.25-18.17.56:988][ 14]LogPhysics:Warning: Initialising Body : Scale3D is (nearly) zero: Component: Gateeto_C_0.CharacterMesh0 SK_Mannequin Bone: calf_l 
[2015.11.25-18.17.56:988][ 14]LogPhysics:Warning: Initialising Body : Scale3D is (nearly) zero: Component: Gateeto_C_0.CharacterMesh0 SK_Mannequin Bone: foot_l 
[2015.11.25-18.17.56:988][ 14]LogPhysics:Warning: Initialising Body : Scale3D is (nearly) zero: Component: Gateeto_C_0.CharacterMesh0 SK_Mannequin Bone: thigh_r 
[2015.11.25-18.17.56:988][ 14]LogPhysics:Warning: Initialising Body : Scale3D is (nearly) zero: Component: Gateeto_C_0.CharacterMesh0 SK_Mannequin Bone: calf_r 
[2015.11.25-18.17.56:988][ 14]LogPhysics:Warning: Initialising Body : Scale3D is (nearly) zero: Component: Gateeto_C_0.CharacterMesh0 SK_Mannequin Bone: foot_r 
[2015.11.25-18.17.56:988][ 14]LogPhysics:Warning: Initialising Body : Scale3D is (nearly) zero: Component: Gateeto_C_0.CharacterMesh0 SK_Mannequin Bone: upperarm_r 
[2015.11.25-18.17.56:988][ 14]LogPhysics:Warning: Initialising Body : Scale3D is (nearly) zero: Component: Gateeto_C_0.CharacterMesh0 SK_Mannequin Bone: lowerarm_r 
[2015.11.25-18.17.56:989][ 14]LogPhysics:Warning: Initialising Body : Scale3D is (nearly) zero: Component: Gateeto_C_0.CharacterMesh0 SK_Mannequin Bone: hand_r 
[2015.11.25-18.17.56:989][ 14]LogPhysics:Warning: Initialising Body : Scale3D is (nearly) zero: Component: Gateeto_C_0.CharacterMesh0 SK_Mannequin Bone: upperarm_l 
[2015.11.25-18.17.56:989][ 14]LogPhysics:Warning: Initialising Body : Scale3D is (nearly) zero: Component: Gateeto_C_0.CharacterMesh0 SK_Mannequin Bone: lowerarm_l 
[2015.11.25-18.17.56:989][ 14]LogPhysics:Warning: Initialising Body : Scale3D is (nearly) zero: Component: Gateeto_C_0.CharacterMesh0 SK_Mannequin Bone: hand_l 
[2015.11.25-18.17.56:989][ 14]LogPhysics:Warning: Initialising Body : Scale3D is (nearly) zero: Component: Gateeto_C_0.CharacterMesh0 SK_Mannequin Bone: neck_01 
[2015.11.25-18.17.56:989][ 14]LogPhysics:Warning: Initialising Body : Scale3D is (nearly) zero: Component: Gateeto_C_0.CharacterMesh0 SK_Mannequin Bone: head 
[2015.11.25-18.17.56:989][ 14]LogPhysics:Warning: Initialising Body : Scale3D is (nearly) zero: Component: Gateeto_C_0.CharacterMesh0 SK_Mannequin Bone: ball_r 
[2015.11.25-18.17.56:989][ 14]LogPhysics:Warning: Initialising Body : Scale3D is (nearly) zero: Component: Gateeto_C_0.CharacterMesh0 SK_Mannequin Bone: ball_l 
[2015.11.25-18.27.54:774][790]LogActorComponent: UnregisterComponent: (/Engine/Transient.CharMoveComp) Not registered. Aborting.
[2015.11.25-18.27.55:510][790]LogWindowsTextInputMethodSystem:Display: IME system now deactivated.
[2015.11.25-18.27.56:338][791]Cmd: QUIT_EDITOR
[2015.11.25-18.27.57:086][791]LogExit: Preparing to exit.
[2015.11.25-18.27.58:458][791]LogExit: Editor shut down
[2015.11.25-18.27.58:458][791]LogExit: Transaction tracking system shut down
[2015.11.25-18.27.58:532][791]LogParticles: Destroying 0 GPU particle simulations for FXSystem 0x0000008FB60FCD60
[2015.11.25-18.27.58:539][791]LogParticles: Destroying 0 GPU particle simulations for FXSystem 0x0000008FBE51F880
[2015.11.25-18.27.58:539][791]LogParticles: Destroying 0 GPU particle simulations for FXSystem 0x0000008FBE449B20
[2015.11.25-18.27.58:539][791]LogParticles: Destroying 0 GPU particle simulations for FXSystem 0x0000008FACB96B60
[2015.11.25-18.27.58:539][791]LogParticles: Destroying 0 GPU particle simulations for FXSystem 0x0000008FB9B5E0C0
[2015.11.25-18.27.59:831][791]LogExit: Object subsystem successfully closed.
[2015.11.25-18.28.00:113][791]LogD3D11RHI: Shutdown
[2015.11.25-18.28.00:113][791]LogD3D11RHI: CleanupD3DDevice
[2015.11.25-18.28.00:353][791]LogD3D11RHI: ~FD3D11DynamicRHI
[2015.11.25-18.28.00:963][791]LogModuleManager: Shutting down and abandoning module BlueprintGraph (200)
[2015.11.25-18.28.00:963][791]LogModuleManager: Shutting down and abandoning module CrashTracker (199)
[2015.11.25-18.28.00:964][791]LogModuleManager: Shutting down and abandoning module SceneOutliner (198)
[2015.11.25-18.28.00:964][791]LogModuleManager: Shutting down and abandoning module SuperSearch (197)
[2015.11.25-18.28.00:964][791]LogModuleManager: Shutting down and abandoning module WidgetCarousel (196)
[2015.11.25-18.28.00:964][791]LogModuleManager: Shutting down and abandoning module AddContentDialog (195)
[2015.11.25-18.28.00:995][791]LogModuleManager: Shutting down and abandoning module EditorWidgets (194)
[2015.11.25-18.28.00:995][791]LogModuleManager: Shutting down and abandoning module CollectionManager (193)
[2015.11.25-18.28.00:996][791]LogModuleManager: Shutting down and abandoning module StatsViewer (192)
[2015.11.25-18.28.01:007][791]LogModuleManager: Shutting down and abandoning module FoliageEdit (191)
[2015.11.25-18.28.01:007][791]LogModuleManager: Shutting down and abandoning module LandscapeEditor (190)
[2015.11.25-18.28.01:042][791]LogModuleManager: Shutting down and abandoning module ActorPickerMode (189)
[2015.11.25-18.28.01:043][791]LogModuleManager: Shutting down and abandoning module GeometryMode (188)
[2015.11.25-18.28.01:043][791]LogModuleManager: Shutting down and abandoning module TextureAlignMode (187)
[2015.11.25-18.28.01:043][791]LogModuleManager: Shutting down and abandoning module BspMode (186)
[2015.11.25-18.28.01:043][791]LogModuleManager: Shutting down and abandoning module PlacementMode (185)
[2015.11.25-18.28.01:043][791]LogModuleManager: Shutting down and abandoning module AutomationWorker (184)
[2015.11.25-18.28.01:043][791]LogModuleManager: Shutting down and abandoning module CharacterAI (183)
[2015.11.25-18.28.01:043][791]LogModuleManager: Shutting down and abandoning module SmartSnapping (182)
[2015.11.25-18.28.01:043][791]LogModuleManager: Shutting down and abandoning module ViewportSnapping (181)
[2015.11.25-18.28.01:043][791]LogModuleManager: Shutting down and abandoning module LogVisualizer (180)
[2015.11.25-18.28.01:045][791]LogModuleManager: Shutting down and abandoning module GameProjectGeneration (179)
[2015.11.25-18.28.01:045][791]LogModuleManager: Shutting down and abandoning module IntroTutorials (178)
[2015.11.25-18.28.01:094][791]LogModuleManager: Shutting down and abandoning module EditorLiveStreaming (177)
[2015.11.25-18.28.01:094][791]LogModuleManager: Shutting down and abandoning module IOSPlatformEditor (176)
[2015.11.25-18.28.01:101][791]LogModuleManager: Shutting down and abandoning module HTML5PlatformEditor (175)
[2015.11.25-18.28.01:101][791]LogModuleManager: Shutting down and abandoning module AndroidDeviceDetection (174)
[2015.11.25-18.28.01:816][791]LogModuleManager: Shutting down and abandoning module AndroidPlatformEditor (173)
[2015.11.25-18.28.01:816][791]LogModuleManager: Shutting down and abandoning module IOSRuntimeSettings (172)
[2015.11.25-18.28.01:816][791]LogModuleManager: Shutting down and abandoning module AndroidRuntimeSettings (171)
[2015.11.25-18.28.01:816][791]LogModuleManager: Shutting down and abandoning module MergeActors (170)
[2015.11.25-18.28.01:843][791]LogModuleManager: Shutting down and abandoning module SizeMap (169)
[2015.11.25-18.28.01:843][791]LogModuleManager: Shutting down and abandoning module TreeMap (168)
[2015.11.25-18.28.01:843][791]LogModuleManager: Shutting down and abandoning module ReferenceViewer (167)
[2015.11.25-18.28.01:843][791]LogModuleManager: Shutting down and abandoning module LocalizationService (166)
[2015.11.25-18.28.01:843][791]LogModuleManager: Shutting down and abandoning module LocalizationDashboard (165)
[2015.11.25-18.28.01:852][791]LogModuleManager: Shutting down and abandoning module HardwareTargeting (164)
[2015.11.25-18.28.01:852][791]LogModuleManager: Shutting down and abandoning module DeviceProfileEditor (163)
[2015.11.25-18.28.01:852][791]LogModuleManager: Shutting down and abandoning module UndoHistory (162)
[2015.11.25-18.28.01:859][791]LogModuleManager: Shutting down and abandoning module GameplayTagsEditor (161)
[2015.11.25-18.28.01:859][791]LogModuleManager: Shutting down and abandoning module UserFeedback (160)
[2015.11.25-18.28.01:859][791]LogModuleManager: Shutting down and abandoning module XmlParser (159)
[2015.11.25-18.28.01:859][791]LogModuleManager: Shutting down and abandoning module Blutility (158)
[2015.11.25-18.28.01:860][791]LogModuleManager: Shutting down and abandoning module ProjectTargetPlatformEditor (157)
[2015.11.25-18.28.01:860][791]LogModuleManager: Shutting down and abandoning module ProjectSettingsViewer (156)
[2015.11.25-18.28.01:860][791]LogModuleManager: Shutting down and abandoning module InputBindingEditor (155)
[2015.11.25-18.28.01:885][791]LogModuleManager: Shutting down and abandoning module EditorSettingsViewer (154)
[2015.11.25-18.28.01:885][791]LogModuleManager: Shutting down and abandoning module SettingsEditor (153)
[2015.11.25-18.28.01:921][791]LogModuleManager: Shutting down and abandoning module ProjectLauncher (152)
[2015.11.25-18.28.01:939][791]LogModuleManager: Shutting down and abandoning module SessionFrontend (151)
[2015.11.25-18.28.01:950][791]LogModuleManager: Shutting down and abandoning module ProfilerClient (150)
[2015.11.25-18.28.01:950][791]LogModuleManager: Shutting down and abandoning module TargetDeviceServices (149)
[2015.11.25-18.28.01:950][791]LogModuleManager: Shutting down and abandoning module DeviceManager (148)
[2015.11.25-18.28.01:962][791]LogModuleManager: Shutting down and abandoning module AutomationController (147)
[2015.11.25-18.28.01:976][791]LogModuleManager: Shutting down and abandoning module AutomationWindow (146)
[2015.11.25-18.28.01:990][791]LogModuleManager: Shutting down and abandoning module Layers (145)
[2015.11.25-18.28.02:021][791]LogModuleManager: Shutting down and abandoning module ComponentVisualizers (144)
[2015.11.25-18.28.02:021][791]LogModuleManager: Shutting down and abandoning module DetailCustomizations (143)
[2015.11.25-18.28.02:036][791]LogModuleManager: Shutting down and abandoning module PackagesDialog (142)
[2015.11.25-18.28.02:037][791]LogModuleManager: Shutting down and abandoning module Persona (141)
[2015.11.25-18.28.02:095][791]LogModuleManager: Shutting down and abandoning module Kismet (140)
[2015.11.25-18.28.02:095][791]LogModuleManager: Shutting down and abandoning module GraphEditor (139)
[2015.11.25-18.28.02:095][791]LogModuleManager: Shutting down and abandoning module ClassViewer (138)
[2015.11.25-18.28.02:106][791]LogModuleManager: Shutting down and abandoning module Toolbox (137)
[2015.11.25-18.28.02:106][791]LogModuleManager: Shutting down and abandoning module ModuleUI (136)
[2015.11.25-18.28.02:106][791]LogModuleManager: Shutting down and abandoning module MovieSceneTools (135)
[2015.11.25-18.28.02:122][791]LogModuleManager: Shutting down and abandoning module OutputLog (134)
[2015.11.25-18.28.02:122][791]LogModuleManager: Shutting down and abandoning module GammaUI (133)
[2015.11.25-18.28.02:122][791]LogModuleManager: Shutting down and abandoning module Documentation (132)
[2015.11.25-18.28.02:123][791]LogModuleManager: Shutting down and abandoning module GameLiveStreaming (131)
[2015.11.25-18.28.02:123][791]LogModuleManager: Shutting down and abandoning module StreamingPauseRendering (130)
[2015.11.25-18.28.02:123][791]LogModuleManager: Shutting down and abandoning module AnalyticsET (129)
[2015.11.25-18.28.02:123][791]LogModuleManager: Shutting down and abandoning module Analytics (128)
[2015.11.25-18.28.02:123][791]LogModuleManager: Shutting down and abandoning module AITestSuite (127)
[2015.11.25-18.28.02:134][791]LogModuleManager: Shutting down and abandoning module GameplayDebugger (126)
[2015.11.25-18.28.02:134][791]LogModuleManager: Shutting down and abandoning module AIModule (125)
[2015.11.25-18.28.02:134][791]LogModuleManager: Shutting down and abandoning module ProfilerService (124)
[2015.11.25-18.28.02:254][791]LogModuleManager: Shutting down and abandoning module TaskGraph (123)
[2015.11.25-18.28.02:272][791]LogModuleManager: Shutting down and abandoning module SubstanceEditor (122)
[2015.11.25-18.28.02:283][791]LogModuleManager: Shutting down and abandoning module SlateRemote (121)
[2015.11.25-18.28.02:284][791]LogModuleManager: Shutting down and abandoning module SteamVRController (120)
[2015.11.25-18.28.02:284][791]LogModuleManager: Shutting down and abandoning module SteamVR (119)
[2015.11.25-18.28.02:284][791]LogModuleManager: Shutting down and abandoning module ProceduralMeshComponent (118)
[2015.11.25-18.28.02:284][791]LogModuleManager: Shutting down and abandoning module OculusRift (117)
[2015.11.25-18.28.02:284][791]LogModuleManager: Shutting down and abandoning module OculusLibrary (116)
[2015.11.25-18.28.02:284][791]LogModuleManager: Shutting down and abandoning module LeapMotionController (115)
[2015.11.25-18.28.02:330][791]LogModuleManager: Shutting down and abandoning module CustomMeshComponent (114)
[2015.11.25-18.28.02:330][791]LogModuleManager: Shutting down and abandoning module CableComponent (113)
[2015.11.25-18.28.02:331][791]LogModuleManager: Shutting down and abandoning module ArchVisCharacter (112)
[2015.11.25-18.28.02:331][791]LogModuleManager: Shutting down and abandoning module MessagingDebugger (111)
[2015.11.25-18.28.02:356][791]LogModuleManager: Shutting down and abandoning module MediaPlayerEditor (110)
[2015.11.25-18.28.02:373][791]LogModuleManager: Shutting down and abandoning module HTML5Networking (109)
[2015.11.25-18.28.02:373][791]LogModuleManager: Shutting down and abandoning module SpeedTreeImporter (108)
[2015.11.25-18.28.02:373][791]LogModuleManager: Shutting down and abandoning module PluginBrowser (107)
[2015.11.25-18.28.02:390][791]LogModuleManager: Shutting down and abandoning module EpicSurvey (106)
[2015.11.25-18.28.02:390][791]LogModuleManager: Shutting down and abandoning module DesktopPlatform (105)
[2015.11.25-18.28.02:390][791]LogModuleManager: Shutting down and abandoning module VisualStudioSourceCodeAccess (104)
[2015.11.25-18.28.02:390][791]LogModuleManager: Shutting down and abandoning module UObjectPlugin (103)
[2015.11.25-18.28.02:390][791]LogModuleManager: Shutting down and abandoning module SubversionSourceControl (102)
[2015.11.25-18.28.02:396][791]LogModuleManager: Shutting down and abandoning module PerforceSourceControl (101)
[2015.11.25-18.28.02:412][791]LogModuleManager: Shutting down and abandoning module SourceControl (100)
[2015.11.25-18.28.02:420][791]LogModuleManager: Shutting down and abandoning module GitSourceControl (99)
[2015.11.25-18.28.02:420][791]LogModuleManager: Shutting down and abandoning module LightPropagationVolumeEditor (98)
[2015.11.25-18.28.02:420][791]LogModuleManager: Shutting down and abandoning module PaperTiledImporter (97)
[2015.11.25-18.28.02:420][791]LogModuleManager: Shutting down and abandoning module PaperSpriteSheetImporter (96)
[2015.11.25-18.28.02:420][791]LogModuleManager: Shutting down and abandoning module MeshPaint (95)
[2015.11.25-18.28.02:433][791]LogModuleManager: Shutting down and abandoning module SlateReflector (94)
[2015.11.25-18.28.02:448][791]LogModuleManager: Shutting down and abandoning module HotReload (93)
[2015.11.25-18.28.02:448][791]LogModuleManager: Shutting down and abandoning module MainFrame (92)
[2015.11.25-18.28.02:448][791]LogModuleManager: Shutting down and abandoning module LevelEditor (91)
[2015.11.25-18.28.02:469][791]LogModuleManager: Shutting down and abandoning module ContentBrowser (90)
[2015.11.25-18.28.02:471][791]LogModuleManager: Shutting down and abandoning module Paper2DEditor (89)
[2015.11.25-18.28.02:486][791]LogModuleManager: Shutting down and abandoning module UdpMessaging (88)
[2015.11.25-18.28.02:586][791]LogModuleManager: Shutting down and abandoning module DirectoryWatcher (87)
[2015.11.25-18.28.02:589][791]LogModuleManager: Shutting down and abandoning module AssetRegistry (86)
[2015.11.25-18.28.02:714][791]LogModuleManager: Shutting down and abandoning module SubstanceCore (85)
[2015.11.25-18.28.02:736][791]LogModuleManager: Shutting down and abandoning module LightPropagationVolumeRuntime (84)
[2015.11.25-18.28.02:736][791]LogModuleManager: Shutting down and abandoning module Paper2D (83)
[2015.11.25-18.28.02:741][791]LogModuleManager: Shutting down and abandoning module WindowsMoviePlayer (82)
[2015.11.25-18.28.02:745][791]LogModuleManager: Shutting down and abandoning module Media (81)
[2015.11.25-18.28.02:745][791]LogModuleManager: Shutting down and abandoning module WmfMedia (80)
[2015.11.25-18.28.02:746][791]LogModuleManager: Shutting down and abandoning module OnlineBlueprintSupport (79)
[2015.11.25-18.28.02:746][791]LogModuleManager: Shutting down and abandoning module GameplayTasksEditor (78)
[2015.11.25-18.28.02:746][791]LogModuleManager: Shutting down and abandoning module PropertyEditor (77)
[2015.11.25-18.28.02:746][791]LogModuleManager: Shutting down and abandoning module BehaviorTreeEditor (76)
[2015.11.25-18.28.02:779][791]LogModuleManager: Shutting down and abandoning module FunctionalTesting (75)
[2015.11.25-18.28.02:779][791]LogModuleManager: Shutting down and abandoning module CollisionAnalyzer (74)
[2015.11.25-18.28.02:797][791]LogModuleManager: Shutting down and abandoning module WorkspaceMenuStructure (73)
[2015.11.25-18.28.02:797][791]LogModuleManager: Shutting down and abandoning module MessageLog (72)
[2015.11.25-18.28.02:797][791]LogModuleManager: Shutting down and abandoning module Sequencer (71)
[2015.11.25-18.28.02:813][791]LogModuleManager: Shutting down and abandoning module AssetTools (70)
[2015.11.25-18.28.02:828][791]LogModuleManager: Shutting down and abandoning module UMGEditor (69)
[2015.11.25-18.28.02:845][791]LogModuleManager: Shutting down and abandoning module UMG (68)
[2015.11.25-18.28.02:845][791]LogModuleManager: Shutting down and abandoning module Slate (67)
[2015.11.25-18.28.02:845][791]LogModuleManager: Shutting down and abandoning module EditorStyle (66)
[2015.11.25-18.28.02:856][791]LogModuleManager: Shutting down and abandoning module SessionServices (65)
[2015.11.25-18.28.02:856][791]LogModuleManager: Shutting down and abandoning module SourceCodeAccess (64)
[2015.11.25-18.28.02:857][791]LogModuleManager: Shutting down and abandoning module HeadMountedDisplay (63)
[2015.11.25-18.28.02:857][791]LogModuleManager: Shutting down and abandoning module XAudio2 (62)
[2015.11.25-18.28.02:857][791]LogModuleManager: Shutting down and abandoning module Networking (60)
[2015.11.25-18.28.02:857][791]LogModuleManager: Shutting down and abandoning module Core (59)
[2015.11.25-18.28.02:857][791]LogModuleManager: Shutting down and abandoning module KismetCompiler (58)
[2015.11.25-18.28.02:857][791]LogModuleManager: Shutting down and abandoning module PhysXFormats (57)
[2015.11.25-18.28.02:857][791]LogModuleManager: Shutting down and abandoning module MeshUtilities (56)
[2015.11.25-18.28.02:871][791]LogModuleManager: Shutting down and abandoning module CookingStats (55)
[2015.11.25-18.28.02:876][791]LogModuleManager: Shutting down and abandoning module DerivedDataCache (54)
[2015.11.25-18.28.02:905][791]LogDerivedDataCache: Shutdown
[2015.11.25-18.28.02:905][791]LogModuleManager: Shutting down and abandoning module ShaderFormatOpenGL (53)
[2015.11.25-18.28.02:905][791]LogModuleManager: Shutting down and abandoning module ShaderFormatD3D (52)
[2015.11.25-18.28.02:905][791]LogModuleManager: Shutting down and abandoning module MetalShaderFormat (51)
[2015.11.25-18.28.02:905][791]LogModuleManager: Shutting down and abandoning module TextureFormatUncompressed (50)
[2015.11.25-18.28.02:905][791]LogModuleManager: Shutting down and abandoning module TextureFormatPVR (49)
[2015.11.25-18.28.02:906][791]LogModuleManager: Shutting down and abandoning module TextureFormatIntelISPCTexComp (48)
[2015.11.25-18.28.02:906][791]LogModuleManager: Shutting down and abandoning module TextureFormatDXT (47)
[2015.11.25-18.28.02:906][791]LogModuleManager: Shutting down and abandoning module ImageWrapper (46)
[2015.11.25-18.28.02:906][791]LogModuleManager: Shutting down and abandoning module TextureFormatASTC (45)
[2015.11.25-18.28.02:906][791]LogModuleManager: Shutting down and abandoning module TextureFormatAndroid (44)
[2015.11.25-18.28.02:906][791]LogModuleManager: Shutting down and abandoning module AudioFormatOpus (43)
[2015.11.25-18.28.02:906][791]LogModuleManager: Shutting down and abandoning module AudioFormatOgg (42)
[2015.11.25-18.28.02:906][791]LogModuleManager: Shutting down and abandoning module AudioFormatADPCM (41)
[2015.11.25-18.28.02:906][791]LogModuleManager: Shutting down and abandoning module LinuxTargetPlatform (40)
[2015.11.25-18.28.02:906][791]LogModuleManager: Shutting down and abandoning module LinuxServerTargetPlatform (39)
[2015.11.25-18.28.02:906][791]LogModuleManager: Shutting down and abandoning module LinuxNoEditorTargetPlatform (38)
[2015.11.25-18.28.02:906][791]LogModuleManager: Shutting down and abandoning module Messaging (37)
[2015.11.25-18.28.02:906][791]LogModuleManager: Shutting down and abandoning module IOSTargetPlatform (36)
[2015.11.25-18.28.02:906][791]LogModuleManager: Shutting down and abandoning module HTML5TargetPlatform (35)
[2015.11.25-18.28.02:906][791]LogModuleManager: Shutting down and abandoning module Android_PVRTCTargetPlatform (34)
[2015.11.25-18.28.02:907][791]LogModuleManager: Shutting down and abandoning module Android_ETC2TargetPlatform (33)
[2015.11.25-18.28.02:907][791]LogModuleManager: Shutting down and abandoning module Android_ETC1TargetPlatform (32)
[2015.11.25-18.28.02:907][791]LogModuleManager: Shutting down and abandoning module Android_DXTTargetPlatform (31)
[2015.11.25-18.28.02:907][791]LogModuleManager: Shutting down and abandoning module Android_ATCTargetPlatform (30)
[2015.11.25-18.28.02:907][791]LogModuleManager: Shutting down and abandoning module Android_ASTCTargetPlatform (29)
[2015.11.25-18.28.02:907][791]LogModuleManager: Shutting down and abandoning module AndroidTargetPlatform (28)
[2015.11.25-18.28.02:907][791]LogModuleManager: Shutting down and abandoning module WindowsTargetPlatform (27)
[2015.11.25-18.28.02:907][791]LogModuleManager: Shutting down and abandoning module WindowsServerTargetPlatform (26)
[2015.11.25-18.28.02:907][791]LogModuleManager: Shutting down and abandoning module WindowsNoEditorTargetPlatform (25)
[2015.11.25-18.28.02:907][791]LogModuleManager: Shutting down and abandoning module WindowsClientTargetPlatform (24)
[2015.11.25-18.28.02:908][791]LogModuleManager: Shutting down and abandoning module AllDesktopTargetPlatform (23)
[2015.11.25-18.28.02:908][791]LogModuleManager: Shutting down and abandoning module TargetPlatform (22)
[2015.11.25-18.28.02:908][791]LogModuleManager: Shutting down and abandoning module InputCore (21)
[2015.11.25-18.28.02:908][791]LogModuleManager: Shutting down and abandoning module Settings (20)
[2015.11.25-18.28.02:908][791]LogModuleManager: Shutting down and abandoning module OnlineSubsystem (18)
[2015.11.25-18.28.02:908][791]LogModuleManager: Shutting down and abandoning module HTTP (17)
[2015.11.25-18.28.06:930][791]LogModuleManager: Shutting down and abandoning module XMPP (16)
[2015.11.25-18.28.06:955][791]LogModuleManager: Shutting down and abandoning module ExampleDeviceProfileSelector (15)
[2015.11.25-18.28.06:955][791]LogModuleManager: Shutting down and abandoning module TextureCompressor (14)
[2015.11.25-18.28.06:955][791]LogModuleManager: Shutting down and abandoning module ShaderCore (13)
[2015.11.25-18.28.06:955][791]LogModuleManager: Shutting down and abandoning module Landscape (12)
[2015.11.25-18.28.06:955][791]LogModuleManager: Shutting down and abandoning module SlateRHIRenderer (11)
[2015.11.25-18.28.06:981][791]LogModuleManager: Shutting down and abandoning module OpenGLDrv (10)
[2015.11.25-18.28.06:993][791]LogModuleManager: Shutting down and abandoning module D3D11RHI (9)
[2015.11.25-18.28.06:993][791]LogModuleManager: Shutting down and abandoning module AnimGraphRuntime (8)
[2015.11.25-18.28.06:993][791]LogModuleManager: Shutting down and abandoning module Renderer (7)
[2015.11.25-18.28.06:993][791]LogModuleManager: Shutting down and abandoning module Engine (6)
[2015.11.25-18.28.06:993][791]LogModuleManager: Shutting down and abandoning module CoreUObject (5)
[2015.11.25-18.28.06:993][791]LogModuleManager: Shutting down and abandoning module NetworkFile (4)
[2015.11.25-18.28.06:993][791]LogModuleManager: Shutting down and abandoning module StreamingFile (3)
[2015.11.25-18.28.06:993][791]LogModuleManager: Shutting down and abandoning module SandboxFile (2)
[2015.11.25-18.28.06:993][791]LogModuleManager: Shutting down and abandoning module PakFile (1)
[2015.11.25-18.28.07:021][791]LogExit: Exiting.
[2015.11.25-18.28.07:032][791]Log file closed, 11/25/15 12:28:07
