[2015.11.26-02.04.02:912][  0]Log file open, 11/25/15 20:04:02
[2015.11.26-02.04.02:912][  0]LogInit:Display: Running engine for game: CATS
[2015.11.26-02.04.02:912][  0]LogInit:Display: RandInit(604388372) SRandInit(604388375).
[2015.11.26-02.04.02:912][  0]LogTaskGraph: Started task graph with 4 named threads and 5 total threads.
[2015.11.26-02.04.02:912][  0]LogStats: Stats thread started at 0.349365
[2015.11.26-02.04.02:912][  0]LogInit: Version: 4.9.1-2689999+++depot+UE4-Releases+4.9
[2015.11.26-02.04.02:912][  0]LogInit: API Version: 2672455
[2015.11.26-02.04.02:912][  0]LogInit: Compiled (64-bit): Sep 14 2015 04:12:03
[2015.11.26-02.04.02:912][  0]LogInit: Compiled with Visual C++: 18.00.21005.01
[2015.11.26-02.04.02:912][  0]LogInit: Build Configuration: Development
[2015.11.26-02.04.02:912][  0]LogInit: Branch Name: ++depot+UE4-Releases+4.9
[2015.11.26-02.04.02:912][  0]LogInit: Command line:  
[2015.11.26-02.04.02:912][  0]LogInit: Base directory: C:/Program Files/Epic Games/4.9/Engine/Binaries/Win64/
[2015.11.26-02.04.02:912][  0]LogInit: Rocket: 1
[2015.11.26-02.04.02:936][  0]LogInit: Using libcurl 7.41.0
[2015.11.26-02.04.02:936][  0]LogInit:  - built for x86_64-pc-win32
[2015.11.26-02.04.02:936][  0]LogInit:  - supports SSL with WinSSL
[2015.11.26-02.04.02:936][  0]LogInit:  - other features:
[2015.11.26-02.04.02:936][  0]LogInit:      CURL_VERSION_SSL
[2015.11.26-02.04.02:936][  0]LogInit:      CURL_VERSION_IPV6
[2015.11.26-02.04.02:936][  0]LogInit:      CURL_VERSION_ASYNCHDNS
[2015.11.26-02.04.02:936][  0]LogInit:      CURL_VERSION_LARGEFILE
[2015.11.26-02.04.02:936][  0]LogInit:      CURL_VERSION_IDN
[2015.11.26-02.04.02:936][  0]LogInit:  CurlRequestOptions (configurable via config and command line):
[2015.11.26-02.04.02:936][  0]LogInit:  - bVerifyPeer = true  - Libcurl will verify peer certificate
[2015.11.26-02.04.02:936][  0]LogInit:  - bUseHttpProxy = false  - Libcurl will NOT use HTTP proxy
[2015.11.26-02.04.02:936][  0]LogInit:  - bDontReuseConnections = false  - Libcurl will reuse connections
[2015.11.26-02.04.02:936][  0]LogInit:  - CertBundlePath = nullptr  - Libcurl will use whatever was configured at build time.
[2015.11.26-02.04.02:954][  0]LogInit: Presizing for 0 objects not considered by GC, pre-allocating 0 bytes.
[2015.11.26-02.04.02:968][  0]LogInit: Object subsystem initialized
[2015.11.26-02.04.02:971][  0]LogInit: Selected Device Profile: [Windows]
[2015.11.26-02.04.02:971][  0]LogInit: Applying CVar settings loaded from the selected device profile: [Windows]
[2015.11.26-02.04.02:987][  0]LogInit: Computer: AGISE
[2015.11.26-02.04.02:987][  0]LogInit: User: Edosiho
[2015.11.26-02.04.02:987][  0]LogInit: CPU Page size=4096, Cores=2
[2015.11.26-02.04.02:987][  0]LogInit: High frequency timer resolution =2.208009 MHz
[2015.11.26-02.04.02:988][  0]LogMemory: Memory total: Physical=6.0GB (6GB approx)
[2015.11.26-02.04.02:988][  0]LogMemory: Platform Memory Stats for Windows
[2015.11.26-02.04.02:988][  0]LogMemory: Process Physical Memory: 56.13 MB used, 56.13 MB peak
[2015.11.26-02.04.02:988][  0]LogMemory: Process Virtual Memory: 56.95 MB used, 56.95 MB peak
[2015.11.26-02.04.02:988][  0]LogMemory: Physical Memory: 1667.91 MB used, 6131.91 MB total
[2015.11.26-02.04.02:988][  0]LogMemory: Virtual Memory: 354.71 MB used, 134217728.00 MB total
[2015.11.26-02.04.05:428][  0]LogD3D11RHI: Found D3D11 adapter 0: NVIDIA Quadro FX 770M (Feature Level 10_0)
[2015.11.26-02.04.05:428][  0]LogD3D11RHI: Adapter has 483MB of dedicated video memory, 0MB of dedicated system memory, and 3065MB of shared system memory, 1 output[s]
[2015.11.26-02.04.05:443][  0]LogD3D11RHI: Found D3D11 adapter 1: Microsoft Basic Render Driver (Feature Level 11_0)
[2015.11.26-02.04.05:443][  0]LogD3D11RHI: Adapter has 0MB of dedicated video memory, 0MB of dedicated system memory, and 256MB of shared system memory, 0 output[s]
[2015.11.26-02.04.05:444][  0]LogD3D11RHI: Chosen D3D11 Adapter Id = 0
[2015.11.26-02.04.05:466][  0]LogD3D11RHI: !Direct3DDevice
[2015.11.26-02.04.05:466][  0]LogRHI: Texture pool is 338 MB (70% of 483 MB)
[2015.11.26-02.04.05:559][  0]LogD3D11RHI: Async texture creation enabled
[2015.11.26-02.04.05:622][  0]LogShaderCompilers: Guid format shader working directory is 16 characters bigger than the processId version (../../../../../../Users/Edosiho/Documents/GitHub/C.A.T.S/CATS/Intermediate/Shaders/WorkingDirectory/828/).
[2015.11.26-02.04.05:623][  0]LogShaderCompilers: Cleaned the shader compiler working directory '../../../../../../Users/Edosiho/Documents/GitHub/C.A.T.S/CATS/Intermediate/Shaders/tmp/0247BAF54C78F752E4AE529775A33D84/'.
[2015.11.26-02.04.05:623][  0]LogShaderCompilers:Display: Using Local Shader Compiler.
[2015.11.26-02.04.13:967][  0]LogTemp:Display: Loaded TP AllDesktopTargetPlatform
[2015.11.26-02.04.14:010][  0]LogTemp:Display: Loaded TP WindowsClientTargetPlatform
[2015.11.26-02.04.14:048][  0]LogTemp:Display: Loaded TP WindowsNoEditorTargetPlatform
[2015.11.26-02.04.14:089][  0]LogTemp:Display: Loaded TP WindowsServerTargetPlatform
[2015.11.26-02.04.14:124][  0]LogTemp:Display: Loaded TP WindowsTargetPlatform
[2015.11.26-02.04.14:151][  0]LogTemp:Display: Loaded TP AndroidTargetPlatform
[2015.11.26-02.04.14:178][  0]LogTemp:Display: Loaded TP Android_ASTCTargetPlatform
[2015.11.26-02.04.14:206][  0]LogTemp:Display: Loaded TP Android_ATCTargetPlatform
[2015.11.26-02.04.14:233][  0]LogTemp:Display: Loaded TP Android_DXTTargetPlatform
[2015.11.26-02.04.14:258][  0]LogTemp:Display: Loaded TP Android_ETC1TargetPlatform
[2015.11.26-02.04.14:283][  0]LogTemp:Display: Loaded TP Android_ETC2TargetPlatform
[2015.11.26-02.04.14:310][  0]LogTemp:Display: Loaded TP Android_PVRTCTargetPlatform
[2015.11.26-02.04.14:319][  0]LogTemp:Display: Loaded TP HTML5TargetPlatform
[2015.11.26-02.04.14:378][  0]LogTemp:Display: Loaded TP IOSTargetPlatform
[2015.11.26-02.04.14:403][  0]LogTemp:Display: Loaded TP LinuxNoEditorTargetPlatform
[2015.11.26-02.04.14:428][  0]LogTemp:Display: Loaded TP LinuxServerTargetPlatform
[2015.11.26-02.04.14:455][  0]LogTemp:Display: Loaded TP LinuxTargetPlatform
[2015.11.26-02.04.14:455][  0]LogTargetPlatformManager:Display: Building Assets For Windows
[2015.11.26-02.04.15:070][  0]LogDerivedDataCache:Display: Max Cache Size: 512 MB
[2015.11.26-02.04.15:182][  0]LogDerivedDataCache: Loaded boot cache 0.11s 36MB C:/Users/Edosiho/AppData/Local/UnrealEngine/4.9/DerivedDataCache/Boot.ddc.
[2015.11.26-02.04.15:182][  0]LogDerivedDataCache:Display: Loaded Boot cache: C:/Users/Edosiho/AppData/Local/UnrealEngine/4.9/DerivedDataCache/Boot.ddc
[2015.11.26-02.04.15:182][  0]LogDerivedDataCache: FDerivedDataBackendGraph:  Pak pak cache file ../../../../../../Users/Edosiho/Documents/GitHub/C.A.T.S/CATS/DerivedDataCache/DDC.ddp not found, will not use a pak cache.
[2015.11.26-02.04.15:182][  0]LogDerivedDataCache: Unable to find inner node Pak for hierarchical cache Hierarchy.
[2015.11.26-02.04.15:182][  0]LogDerivedDataCache: FDerivedDataBackendGraph:  CompressedPak pak cache file ../../../../../../Users/Edosiho/Documents/GitHub/C.A.T.S/CATS/DerivedDataCache/Compressed.ddp not found, will not use a pak cache.
[2015.11.26-02.04.15:182][  0]LogDerivedDataCache: Unable to find inner node CompressedPak for hierarchical cache Hierarchy.
[2015.11.26-02.04.15:415][  0]LogDerivedDataCache:Display: Pak cache opened for reading ../../../Engine/DerivedDataCache/Compressed.ddp.
[2015.11.26-02.04.15:429][  0]LogDerivedDataCache: Using Local data cache path C:/Users/Edosiho/AppData/Local/UnrealEngine/Common/DerivedDataCache: Writable
[2015.11.26-02.04.15:795][  0]LogInit: Selected Device Profile: [Windows]
[2015.11.26-02.04.15:799][  0]LogContentStreaming: Texture pool size is 0.000000MB
[2015.11.26-02.04.16:034][  0]LogMeshUtilities: No automatic mesh reduction module available
[2015.11.26-02.04.16:034][  0]LogMeshUtilities: No automatic mesh merging module available
[2015.11.26-02.04.16:648][  0]LogInit: WinSock: version 1.1 (2.2), MaxSocks=32767, MaxUdp=65467
[2015.11.26-02.04.18:178][  0]LogAssetRegistry: FAssetRegistry took 0.0116 seconds to start up
[2015.11.26-02.04.18:218][  0]UdpMessaging: Initializing bridge on interface 0.0.0.0:0 to multicast group 230.0.0.1:6666.
[2015.11.26-02.04.18:690][  0]SourceControl: Info Source control is disabled
[2015.11.26-02.04.18:692][  0]SourceControl: Info Source control is disabled
[2015.11.26-02.04.18:722][  0]SourceControl: Info Source control is disabled
[2015.11.26-02.04.18:750][  0]SourceControl: Info Source control is disabled
[2015.11.26-02.04.19:145][  0]LogLinker:Warning: Asset '../../../Engine/Plugins/Runtime/LeapMotionController/Content/LM_PassthroughMaterial.uasset' has been saved with empty engine version. The asset will be loaded but may be incompatible.
[2015.11.26-02.04.19:383][  0]LogObj: 28528 objects as part of root set at end of initial load.
[2015.11.26-02.04.19:383][  0]LogUObjectAllocator: 6068464 out of 0 bytes used by permanent object pool.
[2015.11.26-02.04.19:488][  0]LogEngine: Initializing Engine...
[2015.11.26-02.04.19:493][  0]LogHMD: Can't find Oculus library dev build: is proper Runtime installed? Version: 0.7.0.0
[2015.11.26-02.04.19:496][  0]LogHMD: SteamVR failed to initialize.  Err: 110
[2015.11.26-02.04.19:715][  0]LogAIModule: Creating AISystem for world NewWorld
[2015.11.26-02.04.19:729][  0]LogInit: XAudio2 using 'Speakers (High Definition Audio Device)' : 2 channels at 44.1 kHz using 16 bits per sample (channel mask 0x3)
[2015.11.26-02.04.19:888][  0]LogInit: FAudioDevice initialized.
[2015.11.26-02.04.19:940][  0]LogDerivedDataCache: Saved boot cache 0.05s 36MB C:/Users/Edosiho/AppData/Local/UnrealEngine/4.9/DerivedDataCache/Boot.ddc.
[2015.11.26-02.04.19:959][  0]LogInit: Texture streaming: Enabled
[2015.11.26-02.04.19:975][  0]LogAnalytics: Creating configured Analytics provider AnalyticsET
[2015.11.26-02.04.19:975][  0]LogAnalytics: [UEEditor.Rocket.Release] APIServer = http://et2.epicgames.com/ET2/. AppVersion = 4.9.1-2689999+++depot+UE4-Releases+4.9
[2015.11.26-02.04.19:975][  0]LogAnalytics: [UEEditor.Rocket.Release] SetUserId a3ecda3c4d50cd275ecf7497f12b4d14|e806c5a3e75b4a14b122359eb3b7e1a6|4fbddb0b-eeea-41a9-880e-03c25a996dc0
[2015.11.26-02.04.19:975][  0]LogAnalytics: [UEEditor.Rocket.Release] AnalyticsET::StartSession
[2015.11.26-02.04.20:031][  0]LogInit: Transaction tracking system initialized
[2015.11.26-02.04.20:106][  0]BlueprintLog: New page: Editor Load
[2015.11.26-02.04.20:387][  0]LocalizationService: Info Localization service is disabled
[2015.11.26-02.04.20:594][  0]LogConsoleResponse:Display: 
[2015.11.26-02.04.20:906][  0]LogCook:Display: Done creating registry. It took  0.00s.
[2015.11.26-02.04.21:180][  0]LogFileCache: Scanning file cache for directory 'C:/Users/Edosiho/Documents/GitHub/C.A.T.S/CATS/Content/' took 0.04s
[2015.11.26-02.04.21:180][  0]SourceControl: Info Source control is disabled
[2015.11.26-02.04.21:180][  0]Cmd: MAP LOAD FILE="../../../../../../Users/Edosiho/Documents/GitHub/C.A.T.S/CATS/Content/ThirdPersonBP/Maps/ThirdPersonExampleMap.umap" TEMPLATE=0 SHOWPROGRESS=1 FEATURELEVEL=2
[2015.11.26-02.04.21:181][  0]LightingResults: New page: Lighting Build
[2015.11.26-02.04.21:191][  0]MapCheck: New page: Map Check
[2015.11.26-02.04.21:191][  0]LightingResults: New page: Lighting Build
[2015.11.26-02.04.21:228][  0]LogParticles: Destroying 0 GPU particle simulations for FXSystem 0x0000005EC3612160
[2015.11.26-02.04.24:408][  0]LogAIModule: Creating AISystem for world ThirdPersonExampleMap
[2015.11.26-02.04.24:460][  0]LogEditorServer: Finished looking for orphan Actors (0.000 secs)
[2015.11.26-02.04.24:461][  0]Cmd: MAP CHECKDEP NOCLEARLOG
[2015.11.26-02.04.24:740][  0]MapCheck: Info Map check complete: 0 Error(s), 0 Warning(s), took 278.664ms to complete.
[2015.11.26-02.04.24:740][  0]LogFileHelpers: Loading map 'ThirdPersonExampleMap' took 3.560
[2015.11.26-02.04.24:936][  0]LogCollectionManager: Loaded 0 collections in 0.004846 seconds
[2015.11.26-02.04.24:967][  0]LogContentBrowser: Native class hierarchy populated in 0.0155 seconds. Added 1882 classes and 339 folders.
[2015.11.26-02.04.25:011][  0]LogFileCache: Scanning file cache for directory 'C:/Users/Edosiho/Documents/GitHub/C.A.T.S/CATS/Saved/Collections/' took 0.04s
[2015.11.26-02.04.25:011][  0]LogFileCache: Scanning file cache for directory 'C:/Users/Edosiho/Documents/GitHub/C.A.T.S/CATS/Content/Developers/Edosiho/Collections/' took 0.02s
[2015.11.26-02.04.25:011][  0]LogFileCache: Scanning file cache for directory 'C:/Users/Edosiho/Documents/GitHub/C.A.T.S/CATS/Content/Collections/' took 0.02s
[2015.11.26-02.04.25:011][  0]LogCollectionManager: Rebuilt the GUID cache for 0 collections in 0.000006 seconds
[2015.11.26-02.04.25:055][  0]LogContentBrowser: Native class hierarchy updated for 'WidgetCarousel' in 0.0007 seconds. Added 0 classes and 0 folders.
[2015.11.26-02.04.25:175][  0]LogContentBrowser: Native class hierarchy updated for 'AddContentDialog' in 0.0006 seconds. Added 0 classes and 0 folders.
[2015.11.26-02.04.25:188][  0]LogContentBrowser: Native class hierarchy updated for 'SceneOutliner' in 0.0008 seconds. Added 1 classes and 2 folders.
[2015.11.26-02.04.25:317][  0]LogCrashTracker: Crashtracker disabled due to settings.
[2015.11.26-02.04.25:334][  0]LogUObjectGlobals:Warning: Failed to find object 'Class None.'
[2015.11.26-02.04.25:363][  0]LogLoad: Full Startup: 23.70 seconds (BP compile: 0.46 seconds)
[2015.11.26-02.04.26:462][  0]LogContentStreaming: Texture pool size now 700 MB
[2015.11.26-02.04.27:054][  0]LogRenderer: Reallocating scene render targets to support 828x368 (Frame:2).
[2015.11.26-02.04.32:280][ 13]LogAssetRegistry: Asset discovery search completed in 14.1140 seconds
[2015.11.26-02.04.32:280][ 13]LogCollectionManager: Rebuilt the object cache for 0 collections in 0.000003 seconds (found 0 objects)
[2015.11.26-02.04.32:280][ 13]LogCollectionManager: Fixed up redirectors for 0 collections in 0.000082 seconds (updated 0 objects)
[2015.11.26-02.08.52:286][200]LogBlueprint:Warning: [catsmejorado] CreatePinForVariable: 'BolaAtras' variable not found. Base class was probably changed.
[2015.11.26-02.08.52:290][200]LogBlueprint:Warning: [compiler catsmejorado] Warning Could not find a variable named "BolaAtras" in 'Gateeto_C'.
Make sure 'Gateeto_C' has been compiled for  Get BolaAtras 
[2015.11.26-02.08.52:291][200]LogBlueprint:Warning: [compiler catsmejorado] Warning [0290.62] Compile of catsmejorado successful, but with 1 Warning(s) [in 4 ms]
[2015.11.26-02.08.52:291][200]LogBlueprint:Warning: [compiler catsmejorado] Warning [0290.63] Compile of catsmejorado successful, but with 2 Warning(s) [in 0 ms]
[2015.11.26-02.08.52:291][200]LogBlueprint:Warning: [compiler catsmejorado] Warning [0290.63] Compile of catsmejorado successful, but with 3 Warning(s) [in 0 ms]
[2015.11.26-02.08.52:292][200]LogBlueprint:Warning: [catsmejorado] CreatePinForVariable: 'BolaAtras' variable not found. Base class was probably changed.
[2015.11.26-02.08.52:296][200]LogBlueprint:Warning: [compiler catsmejorado] Warning Could not find a variable named "BolaAtras" in 'Gateeto_C'.
Make sure 'Gateeto_C' has been compiled for  Get BolaAtras 
[2015.11.26-02.08.52:297][200]LogBlueprint:Warning: [compiler catsmejorado] Warning [0290.63] Compile of catsmejorado successful, but with 1 Warning(s) [in 3 ms]
[2015.11.26-02.08.52:297][200]LogBlueprint:Warning: [compiler catsmejorado] Warning [0290.63] Compile of catsmejorado successful, but with 2 Warning(s) [in 0 ms]
[2015.11.26-02.08.52:297][200]LogBlueprint:Warning: [compiler catsmejorado] Warning [0290.63] Compile of catsmejorado successful, but with 3 Warning(s) [in 0 ms]
[2015.11.26-02.08.53:434][200]LogAIModule: Creating AISystem for world catsmejorado
[2015.11.26-02.08.53:482][200]LogActorComponent: UnregisterComponent: (/Engine/Transient.CharMoveComp) Not registered. Aborting.
[2015.11.26-02.08.53:597][200]Cmd: MAP LOAD FILE="../../../../../../Users/Edosiho/Documents/GitHub/C.A.T.S/CATS/Content/Cats/catsmejorado.umap" TEMPLATE=0 SHOWPROGRESS=1 FEATURELEVEL=2
[2015.11.26-02.08.53:597][200]LightingResults: New page: Lighting Build
[2015.11.26-02.08.53:649][200]LoadErrors: New page: Loading map: catsmejorado.umap
[2015.11.26-02.08.53:652][200]MapCheck: New page: Map Check
[2015.11.26-02.08.53:652][200]LightingResults: New page: Lighting Build
[2015.11.26-02.08.53:705][200]LogParticles: Destroying 0 GPU particle simulations for FXSystem 0x0000005ECDD03060
[2015.11.26-02.08.53:900][200]LogEditorServer: Finished looking for orphan Actors (0.000 secs)
[2015.11.26-02.08.54:025][200]Cmd: MAP CHECKDEP NOCLEARLOG
[2015.11.26-02.08.54:382][200]MapCheck: Info Map check complete: 0 Error(s), 0 Warning(s), took 356.447ms to complete.
[2015.11.26-02.08.54:384][200]LogFileHelpers: Loading map 'catsmejorado' took 0.790
[2015.11.26-02.09.06:852][388]LogLinker:Warning: Asset '../../../Engine/Content/ArtTools/RenderToTexture/Macros/RenderToTextureMacros.uasset' has been saved with empty engine version. The asset will be loaded but may be incompatible.
[2015.11.26-02.09.07:892][388]LogContentBrowser: Native class hierarchy updated for 'BlueprintGraph' in 0.0014 seconds. Added 107 classes and 0 folders.
[2015.11.26-02.09.08:782][388]LogPhysics:Warning: Initialising Body : Scale3D is (nearly) zero: Component: Gateeto_C_0.CharacterMesh0 SK_Mannequin Bone: spine_01 
[2015.11.26-02.09.08:782][388]LogPhysics:Warning: Initialising Body : Scale3D is (nearly) zero: Component: Gateeto_C_0.CharacterMesh0 SK_Mannequin Bone: spine_02 
[2015.11.26-02.09.08:782][388]LogPhysics:Warning: Initialising Body : Scale3D is (nearly) zero: Component: Gateeto_C_0.CharacterMesh0 SK_Mannequin Bone: pelvis 
[2015.11.26-02.09.08:782][388]LogPhysics:Warning: Initialising Body : Scale3D is (nearly) zero: Component: Gateeto_C_0.CharacterMesh0 SK_Mannequin Bone: thigh_l 
[2015.11.26-02.09.08:782][388]LogPhysics:Warning: Initialising Body : Scale3D is (nearly) zero: Component: Gateeto_C_0.CharacterMesh0 SK_Mannequin Bone: calf_l 
[2015.11.26-02.09.08:782][388]LogPhysics:Warning: Initialising Body : Scale3D is (nearly) zero: Component: Gateeto_C_0.CharacterMesh0 SK_Mannequin Bone: foot_l 
[2015.11.26-02.09.08:782][388]LogPhysics:Warning: Initialising Body : Scale3D is (nearly) zero: Component: Gateeto_C_0.CharacterMesh0 SK_Mannequin Bone: thigh_r 
[2015.11.26-02.09.08:782][388]LogPhysics:Warning: Initialising Body : Scale3D is (nearly) zero: Component: Gateeto_C_0.CharacterMesh0 SK_Mannequin Bone: calf_r 
[2015.11.26-02.09.08:782][388]LogPhysics:Warning: Initialising Body : Scale3D is (nearly) zero: Component: Gateeto_C_0.CharacterMesh0 SK_Mannequin Bone: foot_r 
[2015.11.26-02.09.08:782][388]LogPhysics:Warning: Initialising Body : Scale3D is (nearly) zero: Component: Gateeto_C_0.CharacterMesh0 SK_Mannequin Bone: upperarm_r 
[2015.11.26-02.09.08:782][388]LogPhysics:Warning: Initialising Body : Scale3D is (nearly) zero: Component: Gateeto_C_0.CharacterMesh0 SK_Mannequin Bone: lowerarm_r 
[2015.11.26-02.09.08:782][388]LogPhysics:Warning: Initialising Body : Scale3D is (nearly) zero: Component: Gateeto_C_0.CharacterMesh0 SK_Mannequin Bone: hand_r 
[2015.11.26-02.09.08:783][388]LogPhysics:Warning: Initialising Body : Scale3D is (nearly) zero: Component: Gateeto_C_0.CharacterMesh0 SK_Mannequin Bone: upperarm_l 
[2015.11.26-02.09.08:783][388]LogPhysics:Warning: Initialising Body : Scale3D is (nearly) zero: Component: Gateeto_C_0.CharacterMesh0 SK_Mannequin Bone: lowerarm_l 
[2015.11.26-02.09.08:783][388]LogPhysics:Warning: Initialising Body : Scale3D is (nearly) zero: Component: Gateeto_C_0.CharacterMesh0 SK_Mannequin Bone: hand_l 
[2015.11.26-02.09.08:783][388]LogPhysics:Warning: Initialising Body : Scale3D is (nearly) zero: Component: Gateeto_C_0.CharacterMesh0 SK_Mannequin Bone: neck_01 
[2015.11.26-02.09.08:783][388]LogPhysics:Warning: Initialising Body : Scale3D is (nearly) zero: Component: Gateeto_C_0.CharacterMesh0 SK_Mannequin Bone: head 
[2015.11.26-02.09.08:783][388]LogPhysics:Warning: Initialising Body : Scale3D is (nearly) zero: Component: Gateeto_C_0.CharacterMesh0 SK_Mannequin Bone: ball_r 
[2015.11.26-02.09.08:783][388]LogPhysics:Warning: Initialising Body : Scale3D is (nearly) zero: Component: Gateeto_C_0.CharacterMesh0 SK_Mannequin Bone: ball_l 
[2015.11.26-02.14.15:574][640]LogBlueprintUserMessages: Early PlayInEditor Detection: Level '/Game/Cats/catsmejorado.catsmejorado:PersistentLevel' has LevelScriptBlueprint '/Game/Cats/catsmejorado.catsmejorado:PersistentLevel.catsmejorado' with GeneratedClass '/Game/Cats/catsmejorado.catsmejorado_C' with ClassGeneratedBy '/Game/Cats/catsmejorado.catsmejorado:PersistentLevel.catsmejorado'
[2015.11.26-02.14.15:574][640]LogPlayLevel: PlayLevel: No blueprints needed recompiling
[2015.11.26-02.14.15:575][640]PIE: New page: PIE session: catsmejorado (Nov 25, 2015, 2:14:15 PM)
[2015.11.26-02.14.15:575][640]LogPlayLevel: Creating play world package: /Game/Cats/UEDPIE_0_catsmejorado
[2015.11.26-02.14.15:698][640]LogPlayLevel: PIE: StaticDuplicateObject took: (0.122881s)
[2015.11.26-02.14.15:702][640]LogAIModule: Creating AISystem for world catsmejorado
[2015.11.26-02.14.15:702][640]LogPlayLevel: PIE: World Init took: (0.004157s)
[2015.11.26-02.14.15:702][640]LogPlayLevel: PIE: Created PIE world by copying editor world from /Game/Cats/catsmejorado.catsmejorado to /Game/Cats/UEDPIE_0_catsmejorado.catsmejorado (0.127413s)
[2015.11.26-02.14.15:702][640]LogActorComponent: UnregisterComponent: (/Engine/Transient.CharMoveComp) Not registered. Aborting.
[2015.11.26-02.14.15:794][640]LogInit: XAudio2 using 'Speakers (High Definition Audio Device)' : 2 channels at 44.1 kHz using 16 bits per sample (channel mask 0x3)
[2015.11.26-02.14.15:807][640]LogInit: FAudioDevice initialized.
[2015.11.26-02.14.15:907][640]LogWorld: Game class is 'ThirdPersonGameMode_C'
[2015.11.26-02.14.16:122][640]LogWorld: Bringing World /Game/Cats/UEDPIE_0_catsmejorado.catsmejorado up for play (max tick rate 0) at 2015.11.25-20.14.16
[2015.11.26-02.14.16:122][640]LogActor:Warning: GameSession /Game/Cats/UEDPIE_0_catsmejorado.catsmejorado:PersistentLevel.GameSession_0 has natively added scene component(s), but none of them were set as the actor's RootComponent - picking one arbitrarily
[2015.11.26-02.14.16:123][640]LogActor:Warning: GameNetworkManager /Game/Cats/UEDPIE_0_catsmejorado.catsmejorado:PersistentLevel.GameNetworkManager_0 has natively added scene component(s), but none of them were set as the actor's RootComponent - picking one arbitrarily
[2015.11.26-02.14.16:124][640]LogWorld: Bringing up level for play took: 0.215426
[2015.11.26-02.14.16:140][640]LogPhysics:Warning: Initialising Body : Scale3D is (nearly) zero: Component: Gateeto_C_1.CharacterMesh0 SK_Mannequin Bone: spine_01 
[2015.11.26-02.14.16:141][640]LogPhysics:Warning: Initialising Body : Scale3D is (nearly) zero: Component: Gateeto_C_1.CharacterMesh0 SK_Mannequin Bone: spine_02 
[2015.11.26-02.14.16:141][640]LogPhysics:Warning: Initialising Body : Scale3D is (nearly) zero: Component: Gateeto_C_1.CharacterMesh0 SK_Mannequin Bone: pelvis 
[2015.11.26-02.14.16:141][640]LogPhysics:Warning: Initialising Body : Scale3D is (nearly) zero: Component: Gateeto_C_1.CharacterMesh0 SK_Mannequin Bone: thigh_l 
[2015.11.26-02.14.16:141][640]LogPhysics:Warning: Initialising Body : Scale3D is (nearly) zero: Component: Gateeto_C_1.CharacterMesh0 SK_Mannequin Bone: calf_l 
[2015.11.26-02.14.16:141][640]LogPhysics:Warning: Initialising Body : Scale3D is (nearly) zero: Component: Gateeto_C_1.CharacterMesh0 SK_Mannequin Bone: foot_l 
[2015.11.26-02.14.16:141][640]LogPhysics:Warning: Initialising Body : Scale3D is (nearly) zero: Component: Gateeto_C_1.CharacterMesh0 SK_Mannequin Bone: thigh_r 
[2015.11.26-02.14.16:141][640]LogPhysics:Warning: Initialising Body : Scale3D is (nearly) zero: Component: Gateeto_C_1.CharacterMesh0 SK_Mannequin Bone: calf_r 
[2015.11.26-02.14.16:141][640]LogPhysics:Warning: Initialising Body : Scale3D is (nearly) zero: Component: Gateeto_C_1.CharacterMesh0 SK_Mannequin Bone: foot_r 
[2015.11.26-02.14.16:141][640]LogPhysics:Warning: Initialising Body : Scale3D is (nearly) zero: Component: Gateeto_C_1.CharacterMesh0 SK_Mannequin Bone: upperarm_r 
[2015.11.26-02.14.16:141][640]LogPhysics:Warning: Initialising Body : Scale3D is (nearly) zero: Component: Gateeto_C_1.CharacterMesh0 SK_Mannequin Bone: lowerarm_r 
[2015.11.26-02.14.16:141][640]LogPhysics:Warning: Initialising Body : Scale3D is (nearly) zero: Component: Gateeto_C_1.CharacterMesh0 SK_Mannequin Bone: hand_r 
[2015.11.26-02.14.16:141][640]LogPhysics:Warning: Initialising Body : Scale3D is (nearly) zero: Component: Gateeto_C_1.CharacterMesh0 SK_Mannequin Bone: upperarm_l 
[2015.11.26-02.14.16:141][640]LogPhysics:Warning: Initialising Body : Scale3D is (nearly) zero: Component: Gateeto_C_1.CharacterMesh0 SK_Mannequin Bone: lowerarm_l 
[2015.11.26-02.14.16:141][640]LogPhysics:Warning: Initialising Body : Scale3D is (nearly) zero: Component: Gateeto_C_1.CharacterMesh0 SK_Mannequin Bone: hand_l 
[2015.11.26-02.14.16:141][640]LogPhysics:Warning: Initialising Body : Scale3D is (nearly) zero: Component: Gateeto_C_1.CharacterMesh0 SK_Mannequin Bone: neck_01 
[2015.11.26-02.14.16:141][640]LogPhysics:Warning: Initialising Body : Scale3D is (nearly) zero: Component: Gateeto_C_1.CharacterMesh0 SK_Mannequin Bone: head 
[2015.11.26-02.14.16:141][640]LogPhysics:Warning: Initialising Body : Scale3D is (nearly) zero: Component: Gateeto_C_1.CharacterMesh0 SK_Mannequin Bone: ball_r 
[2015.11.26-02.14.16:141][640]LogPhysics:Warning: Initialising Body : Scale3D is (nearly) zero: Component: Gateeto_C_1.CharacterMesh0 SK_Mannequin Bone: ball_l 
[2015.11.26-02.14.16:144][640]PIE: Info Play in editor start time for /Game/Cats/UEDPIE_0_catsmejorado 0.229
[2015.11.26-02.14.16:145][640]LogBlueprintUserMessages: Late PlayInEditor Detection: Level '/Game/Cats/catsmejorado.catsmejorado:PersistentLevel' has LevelScriptBlueprint '/Game/Cats/catsmejorado.catsmejorado:PersistentLevel.catsmejorado' with GeneratedClass '/Game/Cats/catsmejorado.catsmejorado_C' with ClassGeneratedBy '/Game/Cats/catsmejorado.catsmejorado:PersistentLevel.catsmejorado'
[2015.11.26-02.15.43:143][924]LogScript:Warning: Accessed None 'K2Node_DynamicCast_AsBawl'
	Gateeto_C /Game/Cats/UEDPIE_0_catsmejorado.catsmejorado:PersistentLevel.Gateeto_C_1
	Function /Game/Cats/Gateeto.Gateeto_C:ExecuteUbergraph_Gateeto:0501
[2015.11.26-02.15.43:175][924]PIE:Error: Error Accessed None 'K2Node_DynamicCast_AsBawl' from node DetachActorFromActor in graph 'EventGraph' in blueprint Gateeto
[2015.11.26-02.15.43:175][924]LogScript:Warning: Accessed None 'K2Node_DynamicCast_AsBawl'
	Gateeto_C /Game/Cats/UEDPIE_0_catsmejorado.catsmejorado:PersistentLevel.Gateeto_C_1
	Function /Game/Cats/Gateeto.Gateeto_C:ExecuteUbergraph_Gateeto:0532
[2015.11.26-02.15.43:176][924]PIE:Error: Error Accessed None 'K2Node_DynamicCast_AsBawl' from node Set Simulate Physics in graph 'EventGraph' in blueprint Gateeto
[2015.11.26-02.15.43:176][924]LogScript:Warning: Accessed None
	Gateeto_C /Game/Cats/UEDPIE_0_catsmejorado.catsmejorado:PersistentLevel.Gateeto_C_1
	Function /Game/Cats/Gateeto.Gateeto_C:ExecuteUbergraph_Gateeto:0547
[2015.11.26-02.15.43:176][924]PIE:Error: Error Accessed None from node Set Simulate Physics in graph 'EventGraph' in blueprint Gateeto
[2015.11.26-02.15.57:106][236]LogBlueprintUserMessages: Early EndPlayMap Detection: Level '/Game/Cats/catsmejorado.catsmejorado:PersistentLevel' has LevelScriptBlueprint '/Game/Cats/catsmejorado.catsmejorado:PersistentLevel.catsmejorado' with GeneratedClass '/Game/Cats/catsmejorado.catsmejorado_C' with ClassGeneratedBy '/Game/Cats/catsmejorado.catsmejorado:PersistentLevel.catsmejorado'
[2015.11.26-02.15.57:178][236]LogBlueprintUserMessages: Late EndPlayMap Detection: Level '/Game/Cats/catsmejorado.catsmejorado:PersistentLevel' has LevelScriptBlueprint '/Game/Cats/catsmejorado.catsmejorado:PersistentLevel.catsmejorado' with GeneratedClass '/Game/Cats/catsmejorado.catsmejorado_C' with ClassGeneratedBy '/Game/Cats/catsmejorado.catsmejorado:PersistentLevel.catsmejorado'
[2015.11.26-02.15.57:254][236]LogParticles: Destroying 0 GPU particle simulations for FXSystem 0x0000005ECD49A660
[2015.11.26-02.17.50:223][502]LogBlueprintUserMessages: Early PlayInEditor Detection: Level '/Game/Cats/catsmejorado.catsmejorado:PersistentLevel' has LevelScriptBlueprint '/Game/Cats/catsmejorado.catsmejorado:PersistentLevel.catsmejorado' with GeneratedClass '/Game/Cats/catsmejorado.catsmejorado_C' with ClassGeneratedBy '/Game/Cats/catsmejorado.catsmejorado:PersistentLevel.catsmejorado'
[2015.11.26-02.17.50:223][502]LogPlayLevel: PlayLevel: No blueprints needed recompiling
[2015.11.26-02.17.50:223][502]PIE: New page: PIE session: catsmejorado (Nov 25, 2015, 2:17:50 PM)
[2015.11.26-02.17.50:224][502]LogPlayLevel: Creating play world package: /Game/Cats/UEDPIE_0_catsmejorado
[2015.11.26-02.17.50:339][502]LogPlayLevel: PIE: StaticDuplicateObject took: (0.115778s)
[2015.11.26-02.17.50:341][502]LogAIModule: Creating AISystem for world catsmejorado
[2015.11.26-02.17.50:341][502]LogPlayLevel: PIE: World Init took: (0.001817s)
[2015.11.26-02.17.50:341][502]LogPlayLevel: PIE: Created PIE world by copying editor world from /Game/Cats/catsmejorado.catsmejorado to /Game/Cats/UEDPIE_0_catsmejorado.catsmejorado (0.117932s)
[2015.11.26-02.17.50:342][502]LogActorComponent: UnregisterComponent: (/Engine/Transient.CharMoveComp) Not registered. Aborting.
[2015.11.26-02.17.50:430][502]LogInit: XAudio2 using 'Speakers (High Definition Audio Device)' : 2 channels at 44.1 kHz using 16 bits per sample (channel mask 0x3)
[2015.11.26-02.17.50:441][502]LogInit: FAudioDevice initialized.
[2015.11.26-02.17.50:496][502]LogWorld: Game class is 'ThirdPersonGameMode_C'
[2015.11.26-02.17.50:521][502]LogWorld: Bringing World /Game/Cats/UEDPIE_0_catsmejorado.catsmejorado up for play (max tick rate 0) at 2015.11.25-20.17.50
[2015.11.26-02.17.50:521][502]LogActor:Warning: GameSession /Game/Cats/UEDPIE_0_catsmejorado.catsmejorado:PersistentLevel.GameSession_1 has natively added scene component(s), but none of them were set as the actor's RootComponent - picking one arbitrarily
[2015.11.26-02.17.50:522][502]LogActor:Warning: GameNetworkManager /Game/Cats/UEDPIE_0_catsmejorado.catsmejorado:PersistentLevel.GameNetworkManager_1 has natively added scene component(s), but none of them were set as the actor's RootComponent - picking one arbitrarily
[2015.11.26-02.17.50:523][502]LogWorld: Bringing up level for play took: 0.025975
[2015.11.26-02.17.50:527][502]LogPhysics:Warning: Initialising Body : Scale3D is (nearly) zero: Component: Gateeto_C_2.CharacterMesh0 SK_Mannequin Bone: spine_01 
[2015.11.26-02.17.50:527][502]LogPhysics:Warning: Initialising Body : Scale3D is (nearly) zero: Component: Gateeto_C_2.CharacterMesh0 SK_Mannequin Bone: spine_02 
[2015.11.26-02.17.50:527][502]LogPhysics:Warning: Initialising Body : Scale3D is (nearly) zero: Component: Gateeto_C_2.CharacterMesh0 SK_Mannequin Bone: pelvis 
[2015.11.26-02.17.50:528][502]LogPhysics:Warning: Initialising Body : Scale3D is (nearly) zero: Component: Gateeto_C_2.CharacterMesh0 SK_Mannequin Bone: thigh_l 
[2015.11.26-02.17.50:528][502]LogPhysics:Warning: Initialising Body : Scale3D is (nearly) zero: Component: Gateeto_C_2.CharacterMesh0 SK_Mannequin Bone: calf_l 
[2015.11.26-02.17.50:528][502]LogPhysics:Warning: Initialising Body : Scale3D is (nearly) zero: Component: Gateeto_C_2.CharacterMesh0 SK_Mannequin Bone: foot_l 
[2015.11.26-02.17.50:528][502]LogPhysics:Warning: Initialising Body : Scale3D is (nearly) zero: Component: Gateeto_C_2.CharacterMesh0 SK_Mannequin Bone: thigh_r 
[2015.11.26-02.17.50:528][502]LogPhysics:Warning: Initialising Body : Scale3D is (nearly) zero: Component: Gateeto_C_2.CharacterMesh0 SK_Mannequin Bone: calf_r 
[2015.11.26-02.17.50:528][502]LogPhysics:Warning: Initialising Body : Scale3D is (nearly) zero: Component: Gateeto_C_2.CharacterMesh0 SK_Mannequin Bone: foot_r 
[2015.11.26-02.17.50:528][502]LogPhysics:Warning: Initialising Body : Scale3D is (nearly) zero: Component: Gateeto_C_2.CharacterMesh0 SK_Mannequin Bone: upperarm_r 
[2015.11.26-02.17.50:528][502]LogPhysics:Warning: Initialising Body : Scale3D is (nearly) zero: Component: Gateeto_C_2.CharacterMesh0 SK_Mannequin Bone: lowerarm_r 
[2015.11.26-02.17.50:528][502]LogPhysics:Warning: Initialising Body : Scale3D is (nearly) zero: Component: Gateeto_C_2.CharacterMesh0 SK_Mannequin Bone: hand_r 
[2015.11.26-02.17.50:528][502]LogPhysics:Warning: Initialising Body : Scale3D is (nearly) zero: Component: Gateeto_C_2.CharacterMesh0 SK_Mannequin Bone: upperarm_l 
[2015.11.26-02.17.50:528][502]LogPhysics:Warning: Initialising Body : Scale3D is (nearly) zero: Component: Gateeto_C_2.CharacterMesh0 SK_Mannequin Bone: lowerarm_l 
[2015.11.26-02.17.50:528][502]LogPhysics:Warning: Initialising Body : Scale3D is (nearly) zero: Component: Gateeto_C_2.CharacterMesh0 SK_Mannequin Bone: hand_l 
[2015.11.26-02.17.50:528][502]LogPhysics:Warning: Initialising Body : Scale3D is (nearly) zero: Component: Gateeto_C_2.CharacterMesh0 SK_Mannequin Bone: neck_01 
[2015.11.26-02.17.50:528][502]LogPhysics:Warning: Initialising Body : Scale3D is (nearly) zero: Component: Gateeto_C_2.CharacterMesh0 SK_Mannequin Bone: head 
[2015.11.26-02.17.50:528][502]LogPhysics:Warning: Initialising Body : Scale3D is (nearly) zero: Component: Gateeto_C_2.CharacterMesh0 SK_Mannequin Bone: ball_r 
[2015.11.26-02.17.50:528][502]LogPhysics:Warning: Initialising Body : Scale3D is (nearly) zero: Component: Gateeto_C_2.CharacterMesh0 SK_Mannequin Bone: ball_l 
[2015.11.26-02.17.50:531][502]PIE: Info Play in editor start time for /Game/Cats/UEDPIE_0_catsmejorado 0.616
[2015.11.26-02.17.50:531][502]LogBlueprintUserMessages: Late PlayInEditor Detection: Level '/Game/Cats/catsmejorado.catsmejorado:PersistentLevel' has LevelScriptBlueprint '/Game/Cats/catsmejorado.catsmejorado:PersistentLevel.catsmejorado' with GeneratedClass '/Game/Cats/catsmejorado.catsmejorado_C' with ClassGeneratedBy '/Game/Cats/catsmejorado.catsmejorado:PersistentLevel.catsmejorado'
[2015.11.26-02.19.01:415][345]LogBlueprintUserMessages: Early EndPlayMap Detection: Level '/Game/Cats/catsmejorado.catsmejorado:PersistentLevel' has LevelScriptBlueprint '/Game/Cats/catsmejorado.catsmejorado:PersistentLevel.catsmejorado' with GeneratedClass '/Game/Cats/catsmejorado.catsmejorado_C' with ClassGeneratedBy '/Game/Cats/catsmejorado.catsmejorado:PersistentLevel.catsmejorado'
[2015.11.26-02.19.01:458][345]LogBlueprintUserMessages: Late EndPlayMap Detection: Level '/Game/Cats/catsmejorado.catsmejorado:PersistentLevel' has LevelScriptBlueprint '/Game/Cats/catsmejorado.catsmejorado:PersistentLevel.catsmejorado' with GeneratedClass '/Game/Cats/catsmejorado.catsmejorado_C' with ClassGeneratedBy '/Game/Cats/catsmejorado.catsmejorado:PersistentLevel.catsmejorado'
[2015.11.26-02.19.01:544][345]LogParticles: Destroying 0 GPU particle simulations for FXSystem 0x0000005EC7886480
[2015.11.26-02.19.26:487][475]LogEditorViewport: Clicking on Actor (LMB): Brush (Caja Pincel14)
[2015.11.26-02.19.28:794][618]LogEditorViewport: Clicking on Actor (LMB): Brush (Caja Pincel14)
[2015.11.26-02.19.29:342][654]LogEditorViewport: Clicking on Actor (LMB): Brush (Caja Pincel14)
[2015.11.26-02.19.45:492][258]LogEditorViewport: Clicking on Actor (LMB): InteractiveFoliageActor (playground_gatito)
[2015.11.26-02.19.46:151][265]LogEditorViewport: Clicking on Actor (context menu): InteractiveFoliageActor (playground_gatito)
[2015.11.26-02.19.46:412][272]Cmd: CAMERA ALIGN ACTIVEVIEWPORTONLY
[2015.11.26-02.19.58:291][547]LogEditorViewport: Clicking on Actor (LMB): StaticMeshActor (tachuela2)
[2015.11.26-02.20.58:253][668]LogEditorViewport: Clicking on Actor (LMB): StaticMeshActor (tachuela2)
[2015.11.26-02.21.08:871][331]LogBlueprintUserMessages: Early PlayInEditor Detection: Level '/Game/Cats/catsmejorado.catsmejorado:PersistentLevel' has LevelScriptBlueprint '/Game/Cats/catsmejorado.catsmejorado:PersistentLevel.catsmejorado' with GeneratedClass '/Game/Cats/catsmejorado.catsmejorado_C' with ClassGeneratedBy '/Game/Cats/catsmejorado.catsmejorado:PersistentLevel.catsmejorado'
[2015.11.26-02.21.08:872][331]LogPlayLevel: PlayLevel: No blueprints needed recompiling
[2015.11.26-02.21.08:872][331]PIE: New page: PIE session: catsmejorado (Nov 25, 2015, 2:21:08 PM)
[2015.11.26-02.21.08:872][331]LogPlayLevel: Creating play world package: /Game/Cats/UEDPIE_0_catsmejorado
[2015.11.26-02.21.08:978][331]LogPlayLevel: PIE: StaticDuplicateObject took: (0.105980s)
[2015.11.26-02.21.08:980][331]LogAIModule: Creating AISystem for world catsmejorado
[2015.11.26-02.21.08:980][331]LogPlayLevel: PIE: World Init took: (0.001854s)
[2015.11.26-02.21.08:980][331]LogPlayLevel: PIE: Created PIE world by copying editor world from /Game/Cats/catsmejorado.catsmejorado to /Game/Cats/UEDPIE_0_catsmejorado.catsmejorado (0.108299s)
[2015.11.26-02.21.09:072][331]LogInit: XAudio2 using 'Speakers (High Definition Audio Device)' : 2 channels at 44.1 kHz using 16 bits per sample (channel mask 0x3)
[2015.11.26-02.21.09:084][331]LogInit: FAudioDevice initialized.
[2015.11.26-02.21.09:138][331]LogWorld: Game class is 'ThirdPersonGameMode_C'
[2015.11.26-02.21.09:162][331]LogWorld: Bringing World /Game/Cats/UEDPIE_0_catsmejorado.catsmejorado up for play (max tick rate 0) at 2015.11.25-20.21.09
[2015.11.26-02.21.09:163][331]LogActor:Warning: GameSession /Game/Cats/UEDPIE_0_catsmejorado.catsmejorado:PersistentLevel.GameSession_2 has natively added scene component(s), but none of them were set as the actor's RootComponent - picking one arbitrarily
[2015.11.26-02.21.09:163][331]LogActor:Warning: GameNetworkManager /Game/Cats/UEDPIE_0_catsmejorado.catsmejorado:PersistentLevel.GameNetworkManager_2 has natively added scene component(s), but none of them were set as the actor's RootComponent - picking one arbitrarily
[2015.11.26-02.21.09:164][331]LogWorld: Bringing up level for play took: 0.024412
[2015.11.26-02.21.09:168][331]LogPhysics:Warning: Initialising Body : Scale3D is (nearly) zero: Component: Gateeto_C_3.CharacterMesh0 SK_Mannequin Bone: spine_01 
[2015.11.26-02.21.09:168][331]LogPhysics:Warning: Initialising Body : Scale3D is (nearly) zero: Component: Gateeto_C_3.CharacterMesh0 SK_Mannequin Bone: spine_02 
[2015.11.26-02.21.09:168][331]LogPhysics:Warning: Initialising Body : Scale3D is (nearly) zero: Component: Gateeto_C_3.CharacterMesh0 SK_Mannequin Bone: pelvis 
[2015.11.26-02.21.09:168][331]LogPhysics:Warning: Initialising Body : Scale3D is (nearly) zero: Component: Gateeto_C_3.CharacterMesh0 SK_Mannequin Bone: thigh_l 
[2015.11.26-02.21.09:168][331]LogPhysics:Warning: Initialising Body : Scale3D is (nearly) zero: Component: Gateeto_C_3.CharacterMesh0 SK_Mannequin Bone: calf_l 
[2015.11.26-02.21.09:168][331]LogPhysics:Warning: Initialising Body : Scale3D is (nearly) zero: Component: Gateeto_C_3.CharacterMesh0 SK_Mannequin Bone: foot_l 
[2015.11.26-02.21.09:168][331]LogPhysics:Warning: Initialising Body : Scale3D is (nearly) zero: Component: Gateeto_C_3.CharacterMesh0 SK_Mannequin Bone: thigh_r 
[2015.11.26-02.21.09:168][331]LogPhysics:Warning: Initialising Body : Scale3D is (nearly) zero: Component: Gateeto_C_3.CharacterMesh0 SK_Mannequin Bone: calf_r 
[2015.11.26-02.21.09:168][331]LogPhysics:Warning: Initialising Body : Scale3D is (nearly) zero: Component: Gateeto_C_3.CharacterMesh0 SK_Mannequin Bone: foot_r 
[2015.11.26-02.21.09:168][331]LogPhysics:Warning: Initialising Body : Scale3D is (nearly) zero: Component: Gateeto_C_3.CharacterMesh0 SK_Mannequin Bone: upperarm_r 
[2015.11.26-02.21.09:168][331]LogPhysics:Warning: Initialising Body : Scale3D is (nearly) zero: Component: Gateeto_C_3.CharacterMesh0 SK_Mannequin Bone: lowerarm_r 
[2015.11.26-02.21.09:168][331]LogPhysics:Warning: Initialising Body : Scale3D is (nearly) zero: Component: Gateeto_C_3.CharacterMesh0 SK_Mannequin Bone: hand_r 
[2015.11.26-02.21.09:168][331]LogPhysics:Warning: Initialising Body : Scale3D is (nearly) zero: Component: Gateeto_C_3.CharacterMesh0 SK_Mannequin Bone: upperarm_l 
[2015.11.26-02.21.09:169][331]LogPhysics:Warning: Initialising Body : Scale3D is (nearly) zero: Component: Gateeto_C_3.CharacterMesh0 SK_Mannequin Bone: lowerarm_l 
[2015.11.26-02.21.09:169][331]LogPhysics:Warning: Initialising Body : Scale3D is (nearly) zero: Component: Gateeto_C_3.CharacterMesh0 SK_Mannequin Bone: hand_l 
[2015.11.26-02.21.09:169][331]LogPhysics:Warning: Initialising Body : Scale3D is (nearly) zero: Component: Gateeto_C_3.CharacterMesh0 SK_Mannequin Bone: neck_01 
[2015.11.26-02.21.09:169][331]LogPhysics:Warning: Initialising Body : Scale3D is (nearly) zero: Component: Gateeto_C_3.CharacterMesh0 SK_Mannequin Bone: head 
[2015.11.26-02.21.09:169][331]LogPhysics:Warning: Initialising Body : Scale3D is (nearly) zero: Component: Gateeto_C_3.CharacterMesh0 SK_Mannequin Bone: ball_r 
[2015.11.26-02.21.09:169][331]LogPhysics:Warning: Initialising Body : Scale3D is (nearly) zero: Component: Gateeto_C_3.CharacterMesh0 SK_Mannequin Bone: ball_l 
[2015.11.26-02.21.09:171][331]PIE: Info Play in editor start time for /Game/Cats/UEDPIE_0_catsmejorado 1.257
[2015.11.26-02.21.09:171][331]LogBlueprintUserMessages: Late PlayInEditor Detection: Level '/Game/Cats/catsmejorado.catsmejorado:PersistentLevel' has LevelScriptBlueprint '/Game/Cats/catsmejorado.catsmejorado:PersistentLevel.catsmejorado' with GeneratedClass '/Game/Cats/catsmejorado.catsmejorado_C' with ClassGeneratedBy '/Game/Cats/catsmejorado.catsmejorado:PersistentLevel.catsmejorado'
[2015.11.26-02.22.59:092][277]LogScript:Warning: Accessed None 'K2Node_DynamicCast_AsBawl'
	Gateeto_C /Game/Cats/UEDPIE_0_catsmejorado.catsmejorado:PersistentLevel.Gateeto_C_3
	Function /Game/Cats/Gateeto.Gateeto_C:ExecuteUbergraph_Gateeto:0501
[2015.11.26-02.22.59:092][277]PIE:Error: Error Accessed None 'K2Node_DynamicCast_AsBawl' from node DetachActorFromActor in graph 'EventGraph' in blueprint Gateeto
[2015.11.26-02.22.59:092][277]LogScript:Warning: Accessed None 'K2Node_DynamicCast_AsBawl'
	Gateeto_C /Game/Cats/UEDPIE_0_catsmejorado.catsmejorado:PersistentLevel.Gateeto_C_3
	Function /Game/Cats/Gateeto.Gateeto_C:ExecuteUbergraph_Gateeto:0532
[2015.11.26-02.22.59:093][277]PIE:Error: Error Accessed None 'K2Node_DynamicCast_AsBawl' from node Set Simulate Physics in graph 'EventGraph' in blueprint Gateeto
[2015.11.26-02.22.59:093][277]LogScript:Warning: Accessed None
	Gateeto_C /Game/Cats/UEDPIE_0_catsmejorado.catsmejorado:PersistentLevel.Gateeto_C_3
	Function /Game/Cats/Gateeto.Gateeto_C:ExecuteUbergraph_Gateeto:0547
[2015.11.26-02.22.59:093][277]PIE:Error: Error Accessed None from node Set Simulate Physics in graph 'EventGraph' in blueprint Gateeto
[2015.11.26-02.23.07:619][477]LogBlueprintUserMessages: Early EndPlayMap Detection: Level '/Game/Cats/catsmejorado.catsmejorado:PersistentLevel' has LevelScriptBlueprint '/Game/Cats/catsmejorado.catsmejorado:PersistentLevel.catsmejorado' with GeneratedClass '/Game/Cats/catsmejorado.catsmejorado_C' with ClassGeneratedBy '/Game/Cats/catsmejorado.catsmejorado:PersistentLevel.catsmejorado'
[2015.11.26-02.23.07:706][477]LogBlueprintUserMessages: Late EndPlayMap Detection: Level '/Game/Cats/catsmejorado.catsmejorado:PersistentLevel' has LevelScriptBlueprint '/Game/Cats/catsmejorado.catsmejorado:PersistentLevel.catsmejorado' with GeneratedClass '/Game/Cats/catsmejorado.catsmejorado_C' with ClassGeneratedBy '/Game/Cats/catsmejorado.catsmejorado:PersistentLevel.catsmejorado'
[2015.11.26-02.23.07:784][477]LogParticles: Destroying 0 GPU particle simulations for FXSystem 0x0000005EB50A0AE0
[2015.11.26-02.23.09:141][498]LogBlueprintUserMessages: Early PlayInEditor Detection: Level '/Game/Cats/catsmejorado.catsmejorado:PersistentLevel' has LevelScriptBlueprint '/Game/Cats/catsmejorado.catsmejorado:PersistentLevel.catsmejorado' with GeneratedClass '/Game/Cats/catsmejorado.catsmejorado_C' with ClassGeneratedBy '/Game/Cats/catsmejorado.catsmejorado:PersistentLevel.catsmejorado'
[2015.11.26-02.23.09:142][498]LogPlayLevel: PlayLevel: No blueprints needed recompiling
[2015.11.26-02.23.09:142][498]PIE: New page: PIE session: catsmejorado (Nov 25, 2015, 2:23:09 PM)
[2015.11.26-02.23.09:142][498]LogPlayLevel: Creating play world package: /Game/Cats/UEDPIE_0_catsmejorado
[2015.11.26-02.23.09:505][498]LogPlayLevel: PIE: StaticDuplicateObject took: (0.362329s)
[2015.11.26-02.23.09:509][498]LogAIModule: Creating AISystem for world catsmejorado
[2015.11.26-02.23.09:509][498]LogPlayLevel: PIE: World Init took: (0.004335s)
[2015.11.26-02.23.09:509][498]LogPlayLevel: PIE: Created PIE world by copying editor world from /Game/Cats/catsmejorado.catsmejorado to /Game/Cats/UEDPIE_0_catsmejorado.catsmejorado (0.366987s)
[2015.11.26-02.23.09:603][498]LogInit: XAudio2 using 'Speakers (High Definition Audio Device)' : 2 channels at 44.1 kHz using 16 bits per sample (channel mask 0x3)
[2015.11.26-02.23.09:615][498]LogInit: FAudioDevice initialized.
[2015.11.26-02.23.09:660][498]LogWorld: Game class is 'ThirdPersonGameMode_C'
[2015.11.26-02.23.09:685][498]LogWorld: Bringing World /Game/Cats/UEDPIE_0_catsmejorado.catsmejorado up for play (max tick rate 0) at 2015.11.25-20.23.09
[2015.11.26-02.23.09:685][498]LogActor:Warning: GameSession /Game/Cats/UEDPIE_0_catsmejorado.catsmejorado:PersistentLevel.GameSession_3 has natively added scene component(s), but none of them were set as the actor's RootComponent - picking one arbitrarily
[2015.11.26-02.23.09:685][498]LogActor:Warning: GameNetworkManager /Game/Cats/UEDPIE_0_catsmejorado.catsmejorado:PersistentLevel.GameNetworkManager_3 has natively added scene component(s), but none of them were set as the actor's RootComponent - picking one arbitrarily
[2015.11.26-02.23.09:686][498]LogWorld: Bringing up level for play took: 0.024775
[2015.11.26-02.23.09:690][498]LogPhysics:Warning: Initialising Body : Scale3D is (nearly) zero: Component: Gateeto_C_4.CharacterMesh0 SK_Mannequin Bone: spine_01 
[2015.11.26-02.23.09:691][498]LogPhysics:Warning: Initialising Body : Scale3D is (nearly) zero: Component: Gateeto_C_4.CharacterMesh0 SK_Mannequin Bone: spine_02 
[2015.11.26-02.23.09:691][498]LogPhysics:Warning: Initialising Body : Scale3D is (nearly) zero: Component: Gateeto_C_4.CharacterMesh0 SK_Mannequin Bone: pelvis 
[2015.11.26-02.23.09:691][498]LogPhysics:Warning: Initialising Body : Scale3D is (nearly) zero: Component: Gateeto_C_4.CharacterMesh0 SK_Mannequin Bone: thigh_l 
[2015.11.26-02.23.09:691][498]LogPhysics:Warning: Initialising Body : Scale3D is (nearly) zero: Component: Gateeto_C_4.CharacterMesh0 SK_Mannequin Bone: calf_l 
[2015.11.26-02.23.09:691][498]LogPhysics:Warning: Initialising Body : Scale3D is (nearly) zero: Component: Gateeto_C_4.CharacterMesh0 SK_Mannequin Bone: foot_l 
[2015.11.26-02.23.09:691][498]LogPhysics:Warning: Initialising Body : Scale3D is (nearly) zero: Component: Gateeto_C_4.CharacterMesh0 SK_Mannequin Bone: thigh_r 
[2015.11.26-02.23.09:691][498]LogPhysics:Warning: Initialising Body : Scale3D is (nearly) zero: Component: Gateeto_C_4.CharacterMesh0 SK_Mannequin Bone: calf_r 
[2015.11.26-02.23.09:691][498]LogPhysics:Warning: Initialising Body : Scale3D is (nearly) zero: Component: Gateeto_C_4.CharacterMesh0 SK_Mannequin Bone: foot_r 
[2015.11.26-02.23.09:691][498]LogPhysics:Warning: Initialising Body : Scale3D is (nearly) zero: Component: Gateeto_C_4.CharacterMesh0 SK_Mannequin Bone: upperarm_r 
[2015.11.26-02.23.09:691][498]LogPhysics:Warning: Initialising Body : Scale3D is (nearly) zero: Component: Gateeto_C_4.CharacterMesh0 SK_Mannequin Bone: lowerarm_r 
[2015.11.26-02.23.09:691][498]LogPhysics:Warning: Initialising Body : Scale3D is (nearly) zero: Component: Gateeto_C_4.CharacterMesh0 SK_Mannequin Bone: hand_r 
[2015.11.26-02.23.09:691][498]LogPhysics:Warning: Initialising Body : Scale3D is (nearly) zero: Component: Gateeto_C_4.CharacterMesh0 SK_Mannequin Bone: upperarm_l 
[2015.11.26-02.23.09:691][498]LogPhysics:Warning: Initialising Body : Scale3D is (nearly) zero: Component: Gateeto_C_4.CharacterMesh0 SK_Mannequin Bone: lowerarm_l 
[2015.11.26-02.23.09:691][498]LogPhysics:Warning: Initialising Body : Scale3D is (nearly) zero: Component: Gateeto_C_4.CharacterMesh0 SK_Mannequin Bone: hand_l 
[2015.11.26-02.23.09:691][498]LogPhysics:Warning: Initialising Body : Scale3D is (nearly) zero: Component: Gateeto_C_4.CharacterMesh0 SK_Mannequin Bone: neck_01 
[2015.11.26-02.23.09:691][498]LogPhysics:Warning: Initialising Body : Scale3D is (nearly) zero: Component: Gateeto_C_4.CharacterMesh0 SK_Mannequin Bone: head 
[2015.11.26-02.23.09:691][498]LogPhysics:Warning: Initialising Body : Scale3D is (nearly) zero: Component: Gateeto_C_4.CharacterMesh0 SK_Mannequin Bone: ball_r 
[2015.11.26-02.23.09:691][498]LogPhysics:Warning: Initialising Body : Scale3D is (nearly) zero: Component: Gateeto_C_4.CharacterMesh0 SK_Mannequin Bone: ball_l 
[2015.11.26-02.23.09:693][498]PIE: Info Play in editor start time for /Game/Cats/UEDPIE_0_catsmejorado -0.221
[2015.11.26-02.23.09:694][498]LogBlueprintUserMessages: Late PlayInEditor Detection: Level '/Game/Cats/catsmejorado.catsmejorado:PersistentLevel' has LevelScriptBlueprint '/Game/Cats/catsmejorado.catsmejorado:PersistentLevel.catsmejorado' with GeneratedClass '/Game/Cats/catsmejorado.catsmejorado_C' with ClassGeneratedBy '/Game/Cats/catsmejorado.catsmejorado:PersistentLevel.catsmejorado'
[2015.11.26-02.24.13:626][140]LogScript:Warning: Accessed None 'K2Node_DynamicCast_AsBawl'
	Gateeto_C /Game/Cats/UEDPIE_0_catsmejorado.catsmejorado:PersistentLevel.Gateeto_C_4
	Function /Game/Cats/Gateeto.Gateeto_C:ExecuteUbergraph_Gateeto:0501
[2015.11.26-02.24.13:626][140]PIE:Error: Error Accessed None 'K2Node_DynamicCast_AsBawl' from node DetachActorFromActor in graph 'EventGraph' in blueprint Gateeto
[2015.11.26-02.24.13:626][140]LogScript:Warning: Accessed None 'K2Node_DynamicCast_AsBawl'
	Gateeto_C /Game/Cats/UEDPIE_0_catsmejorado.catsmejorado:PersistentLevel.Gateeto_C_4
	Function /Game/Cats/Gateeto.Gateeto_C:ExecuteUbergraph_Gateeto:0532
[2015.11.26-02.24.13:626][140]PIE:Error: Error Accessed None 'K2Node_DynamicCast_AsBawl' from node Set Simulate Physics in graph 'EventGraph' in blueprint Gateeto
[2015.11.26-02.24.13:626][140]LogScript:Warning: Accessed None
	Gateeto_C /Game/Cats/UEDPIE_0_catsmejorado.catsmejorado:PersistentLevel.Gateeto_C_4
	Function /Game/Cats/Gateeto.Gateeto_C:ExecuteUbergraph_Gateeto:0547
[2015.11.26-02.24.13:627][140]PIE:Error: Error Accessed None from node Set Simulate Physics in graph 'EventGraph' in blueprint Gateeto
[2015.11.26-02.24.18:280][257]LogBlueprintUserMessages: Early EndPlayMap Detection: Level '/Game/Cats/catsmejorado.catsmejorado:PersistentLevel' has LevelScriptBlueprint '/Game/Cats/catsmejorado.catsmejorado:PersistentLevel.catsmejorado' with GeneratedClass '/Game/Cats/catsmejorado.catsmejorado_C' with ClassGeneratedBy '/Game/Cats/catsmejorado.catsmejorado:PersistentLevel.catsmejorado'
[2015.11.26-02.24.18:370][257]LogBlueprintUserMessages: Late EndPlayMap Detection: Level '/Game/Cats/catsmejorado.catsmejorado:PersistentLevel' has LevelScriptBlueprint '/Game/Cats/catsmejorado.catsmejorado:PersistentLevel.catsmejorado' with GeneratedClass '/Game/Cats/catsmejorado.catsmejorado_C' with ClassGeneratedBy '/Game/Cats/catsmejorado.catsmejorado:PersistentLevel.catsmejorado'
[2015.11.26-02.24.18:467][257]LogParticles: Destroying 0 GPU particle simulations for FXSystem 0x0000005ED0E99800
[2015.11.26-02.25.28:728][389]LogEditorViewport: Clicking on Actor (LMB): Bawl_C (Bawl)
[2015.11.26-02.25.34:613][674]LogRenderer: Reallocating scene render targets to support 868x488 (Frame:11161).
[2015.11.26-02.25.56:605][345]LogActorComponent: UnregisterComponent: (/Engine/Transient.CharMoveComp) Not registered. Aborting.
[2015.11.26-02.26.29:667][488]BlueprintLog: New page: Compile Bawl
[2015.11.26-02.26.29:789][488]LogPhysics:Warning: Initialising Body : Scale3D is (nearly) zero: Component: Gateeto_C_0.CharacterMesh0 SK_Mannequin Bone: spine_01 
[2015.11.26-02.26.29:789][488]LogPhysics:Warning: Initialising Body : Scale3D is (nearly) zero: Component: Gateeto_C_0.CharacterMesh0 SK_Mannequin Bone: spine_02 
[2015.11.26-02.26.29:789][488]LogPhysics:Warning: Initialising Body : Scale3D is (nearly) zero: Component: Gateeto_C_0.CharacterMesh0 SK_Mannequin Bone: pelvis 
[2015.11.26-02.26.29:789][488]LogPhysics:Warning: Initialising Body : Scale3D is (nearly) zero: Component: Gateeto_C_0.CharacterMesh0 SK_Mannequin Bone: thigh_l 
[2015.11.26-02.26.29:789][488]LogPhysics:Warning: Initialising Body : Scale3D is (nearly) zero: Component: Gateeto_C_0.CharacterMesh0 SK_Mannequin Bone: calf_l 
[2015.11.26-02.26.29:789][488]LogPhysics:Warning: Initialising Body : Scale3D is (nearly) zero: Component: Gateeto_C_0.CharacterMesh0 SK_Mannequin Bone: foot_l 
[2015.11.26-02.26.29:789][488]LogPhysics:Warning: Initialising Body : Scale3D is (nearly) zero: Component: Gateeto_C_0.CharacterMesh0 SK_Mannequin Bone: thigh_r 
[2015.11.26-02.26.29:789][488]LogPhysics:Warning: Initialising Body : Scale3D is (nearly) zero: Component: Gateeto_C_0.CharacterMesh0 SK_Mannequin Bone: calf_r 
[2015.11.26-02.26.29:789][488]LogPhysics:Warning: Initialising Body : Scale3D is (nearly) zero: Component: Gateeto_C_0.CharacterMesh0 SK_Mannequin Bone: foot_r 
[2015.11.26-02.26.29:790][488]LogPhysics:Warning: Initialising Body : Scale3D is (nearly) zero: Component: Gateeto_C_0.CharacterMesh0 SK_Mannequin Bone: upperarm_r 
[2015.11.26-02.26.29:790][488]LogPhysics:Warning: Initialising Body : Scale3D is (nearly) zero: Component: Gateeto_C_0.CharacterMesh0 SK_Mannequin Bone: lowerarm_r 
[2015.11.26-02.26.29:790][488]LogPhysics:Warning: Initialising Body : Scale3D is (nearly) zero: Component: Gateeto_C_0.CharacterMesh0 SK_Mannequin Bone: hand_r 
[2015.11.26-02.26.29:790][488]LogPhysics:Warning: Initialising Body : Scale3D is (nearly) zero: Component: Gateeto_C_0.CharacterMesh0 SK_Mannequin Bone: upperarm_l 
[2015.11.26-02.26.29:790][488]LogPhysics:Warning: Initialising Body : Scale3D is (nearly) zero: Component: Gateeto_C_0.CharacterMesh0 SK_Mannequin Bone: lowerarm_l 
[2015.11.26-02.26.29:790][488]LogPhysics:Warning: Initialising Body : Scale3D is (nearly) zero: Component: Gateeto_C_0.CharacterMesh0 SK_Mannequin Bone: hand_l 
[2015.11.26-02.26.29:790][488]LogPhysics:Warning: Initialising Body : Scale3D is (nearly) zero: Component: Gateeto_C_0.CharacterMesh0 SK_Mannequin Bone: neck_01 
[2015.11.26-02.26.29:790][488]LogPhysics:Warning: Initialising Body : Scale3D is (nearly) zero: Component: Gateeto_C_0.CharacterMesh0 SK_Mannequin Bone: head 
[2015.11.26-02.26.29:790][488]LogPhysics:Warning: Initialising Body : Scale3D is (nearly) zero: Component: Gateeto_C_0.CharacterMesh0 SK_Mannequin Bone: ball_r 
[2015.11.26-02.26.29:790][488]LogPhysics:Warning: Initialising Body : Scale3D is (nearly) zero: Component: Gateeto_C_0.CharacterMesh0 SK_Mannequin Bone: ball_l 
[2015.11.26-02.26.29:895][488]BlueprintEditorCompileResults: Info [1348.23] Compile of Bawl successful! [in 227 ms]
[2015.11.26-02.26.44:410][954]BlueprintLog: New page: Compile Bawl
[2015.11.26-02.26.44:508][954]LogPhysics:Warning: Initialising Body : Scale3D is (nearly) zero: Component: Gateeto_C_0.CharacterMesh0 SK_Mannequin Bone: spine_01 
[2015.11.26-02.26.44:508][954]LogPhysics:Warning: Initialising Body : Scale3D is (nearly) zero: Component: Gateeto_C_0.CharacterMesh0 SK_Mannequin Bone: spine_02 
[2015.11.26-02.26.44:508][954]LogPhysics:Warning: Initialising Body : Scale3D is (nearly) zero: Component: Gateeto_C_0.CharacterMesh0 SK_Mannequin Bone: pelvis 
[2015.11.26-02.26.44:508][954]LogPhysics:Warning: Initialising Body : Scale3D is (nearly) zero: Component: Gateeto_C_0.CharacterMesh0 SK_Mannequin Bone: thigh_l 
[2015.11.26-02.26.44:508][954]LogPhysics:Warning: Initialising Body : Scale3D is (nearly) zero: Component: Gateeto_C_0.CharacterMesh0 SK_Mannequin Bone: calf_l 
[2015.11.26-02.26.44:508][954]LogPhysics:Warning: Initialising Body : Scale3D is (nearly) zero: Component: Gateeto_C_0.CharacterMesh0 SK_Mannequin Bone: foot_l 
[2015.11.26-02.26.44:508][954]LogPhysics:Warning: Initialising Body : Scale3D is (nearly) zero: Component: Gateeto_C_0.CharacterMesh0 SK_Mannequin Bone: thigh_r 
[2015.11.26-02.26.44:508][954]LogPhysics:Warning: Initialising Body : Scale3D is (nearly) zero: Component: Gateeto_C_0.CharacterMesh0 SK_Mannequin Bone: calf_r 
[2015.11.26-02.26.44:508][954]LogPhysics:Warning: Initialising Body : Scale3D is (nearly) zero: Component: Gateeto_C_0.CharacterMesh0 SK_Mannequin Bone: foot_r 
[2015.11.26-02.26.44:508][954]LogPhysics:Warning: Initialising Body : Scale3D is (nearly) zero: Component: Gateeto_C_0.CharacterMesh0 SK_Mannequin Bone: upperarm_r 
[2015.11.26-02.26.44:508][954]LogPhysics:Warning: Initialising Body : Scale3D is (nearly) zero: Component: Gateeto_C_0.CharacterMesh0 SK_Mannequin Bone: lowerarm_r 
[2015.11.26-02.26.44:509][954]LogPhysics:Warning: Initialising Body : Scale3D is (nearly) zero: Component: Gateeto_C_0.CharacterMesh0 SK_Mannequin Bone: hand_r 
[2015.11.26-02.26.44:509][954]LogPhysics:Warning: Initialising Body : Scale3D is (nearly) zero: Component: Gateeto_C_0.CharacterMesh0 SK_Mannequin Bone: upperarm_l 
[2015.11.26-02.26.44:509][954]LogPhysics:Warning: Initialising Body : Scale3D is (nearly) zero: Component: Gateeto_C_0.CharacterMesh0 SK_Mannequin Bone: lowerarm_l 
[2015.11.26-02.26.44:509][954]LogPhysics:Warning: Initialising Body : Scale3D is (nearly) zero: Component: Gateeto_C_0.CharacterMesh0 SK_Mannequin Bone: hand_l 
[2015.11.26-02.26.44:509][954]LogPhysics:Warning: Initialising Body : Scale3D is (nearly) zero: Component: Gateeto_C_0.CharacterMesh0 SK_Mannequin Bone: neck_01 
[2015.11.26-02.26.44:509][954]LogPhysics:Warning: Initialising Body : Scale3D is (nearly) zero: Component: Gateeto_C_0.CharacterMesh0 SK_Mannequin Bone: head 
[2015.11.26-02.26.44:509][954]LogPhysics:Warning: Initialising Body : Scale3D is (nearly) zero: Component: Gateeto_C_0.CharacterMesh0 SK_Mannequin Bone: ball_r 
[2015.11.26-02.26.44:509][954]LogPhysics:Warning: Initialising Body : Scale3D is (nearly) zero: Component: Gateeto_C_0.CharacterMesh0 SK_Mannequin Bone: ball_l 
[2015.11.26-02.26.44:511][954]LogActorComponent: UnregisterComponent: (/Engine/Transient.CharMoveComp) Not registered. Aborting.
[2015.11.26-02.26.44:604][954]BlueprintEditorCompileResults: Info [1362.94] Compile of Bawl successful! [in 193 ms]
[2015.11.26-02.26.48:753][171]LogBlueprintUserMessages: Early PlayInEditor Detection: Level '/Game/Cats/catsmejorado.catsmejorado:PersistentLevel' has LevelScriptBlueprint '/Game/Cats/catsmejorado.catsmejorado:PersistentLevel.catsmejorado' with GeneratedClass '/Game/Cats/catsmejorado.catsmejorado_C' with ClassGeneratedBy '/Game/Cats/catsmejorado.catsmejorado:PersistentLevel.catsmejorado'
[2015.11.26-02.26.48:753][171]LogPlayLevel: PlayLevel: No blueprints needed recompiling
[2015.11.26-02.26.48:753][171]PIE: New page: PIE session: catsmejorado (Nov 25, 2015, 2:26:48 PM)
[2015.11.26-02.26.48:753][171]LogPlayLevel: Creating play world package: /Game/Cats/UEDPIE_0_catsmejorado
[2015.11.26-02.26.48:859][171]LogPlayLevel: PIE: StaticDuplicateObject took: (0.105938s)
[2015.11.26-02.26.48:864][171]LogAIModule: Creating AISystem for world catsmejorado
[2015.11.26-02.26.48:864][171]LogPlayLevel: PIE: World Init took: (0.005107s)
[2015.11.26-02.26.48:864][171]LogPlayLevel: PIE: Created PIE world by copying editor world from /Game/Cats/catsmejorado.catsmejorado to /Game/Cats/UEDPIE_0_catsmejorado.catsmejorado (0.111374s)
[2015.11.26-02.26.48:864][171]LogActorComponent: UnregisterComponent: (/Engine/Transient.CharMoveComp) Not registered. Aborting.
[2015.11.26-02.26.48:955][171]LogInit: XAudio2 using 'Speakers (High Definition Audio Device)' : 2 channels at 44.1 kHz using 16 bits per sample (channel mask 0x3)
[2015.11.26-02.26.48:965][171]LogInit: FAudioDevice initialized.
[2015.11.26-02.26.49:014][171]LogWorld: Game class is 'ThirdPersonGameMode_C'
[2015.11.26-02.26.49:037][171]LogWorld: Bringing World /Game/Cats/UEDPIE_0_catsmejorado.catsmejorado up for play (max tick rate 0) at 2015.11.25-20.26.49
[2015.11.26-02.26.49:037][171]LogActor:Warning: GameSession /Game/Cats/UEDPIE_0_catsmejorado.catsmejorado:PersistentLevel.GameSession_4 has natively added scene component(s), but none of them were set as the actor's RootComponent - picking one arbitrarily
[2015.11.26-02.26.49:037][171]LogActor:Warning: GameNetworkManager /Game/Cats/UEDPIE_0_catsmejorado.catsmejorado:PersistentLevel.GameNetworkManager_4 has natively added scene component(s), but none of them were set as the actor's RootComponent - picking one arbitrarily
[2015.11.26-02.26.49:038][171]LogWorld: Bringing up level for play took: 0.023670
[2015.11.26-02.26.49:042][171]LogPhysics:Warning: Initialising Body : Scale3D is (nearly) zero: Component: Gateeto_C_15.CharacterMesh0 SK_Mannequin Bone: spine_01 
[2015.11.26-02.26.49:042][171]LogPhysics:Warning: Initialising Body : Scale3D is (nearly) zero: Component: Gateeto_C_15.CharacterMesh0 SK_Mannequin Bone: spine_02 
[2015.11.26-02.26.49:042][171]LogPhysics:Warning: Initialising Body : Scale3D is (nearly) zero: Component: Gateeto_C_15.CharacterMesh0 SK_Mannequin Bone: pelvis 
[2015.11.26-02.26.49:042][171]LogPhysics:Warning: Initialising Body : Scale3D is (nearly) zero: Component: Gateeto_C_15.CharacterMesh0 SK_Mannequin Bone: thigh_l 
[2015.11.26-02.26.49:042][171]LogPhysics:Warning: Initialising Body : Scale3D is (nearly) zero: Component: Gateeto_C_15.CharacterMesh0 SK_Mannequin Bone: calf_l 
[2015.11.26-02.26.49:042][171]LogPhysics:Warning: Initialising Body : Scale3D is (nearly) zero: Component: Gateeto_C_15.CharacterMesh0 SK_Mannequin Bone: foot_l 
[2015.11.26-02.26.49:042][171]LogPhysics:Warning: Initialising Body : Scale3D is (nearly) zero: Component: Gateeto_C_15.CharacterMesh0 SK_Mannequin Bone: thigh_r 
[2015.11.26-02.26.49:042][171]LogPhysics:Warning: Initialising Body : Scale3D is (nearly) zero: Component: Gateeto_C_15.CharacterMesh0 SK_Mannequin Bone: calf_r 
[2015.11.26-02.26.49:042][171]LogPhysics:Warning: Initialising Body : Scale3D is (nearly) zero: Component: Gateeto_C_15.CharacterMesh0 SK_Mannequin Bone: foot_r 
[2015.11.26-02.26.49:042][171]LogPhysics:Warning: Initialising Body : Scale3D is (nearly) zero: Component: Gateeto_C_15.CharacterMesh0 SK_Mannequin Bone: upperarm_r 
[2015.11.26-02.26.49:042][171]LogPhysics:Warning: Initialising Body : Scale3D is (nearly) zero: Component: Gateeto_C_15.CharacterMesh0 SK_Mannequin Bone: lowerarm_r 
[2015.11.26-02.26.49:043][171]LogPhysics:Warning: Initialising Body : Scale3D is (nearly) zero: Component: Gateeto_C_15.CharacterMesh0 SK_Mannequin Bone: hand_r 
[2015.11.26-02.26.49:043][171]LogPhysics:Warning: Initialising Body : Scale3D is (nearly) zero: Component: Gateeto_C_15.CharacterMesh0 SK_Mannequin Bone: upperarm_l 
[2015.11.26-02.26.49:043][171]LogPhysics:Warning: Initialising Body : Scale3D is (nearly) zero: Component: Gateeto_C_15.CharacterMesh0 SK_Mannequin Bone: lowerarm_l 
[2015.11.26-02.26.49:043][171]LogPhysics:Warning: Initialising Body : Scale3D is (nearly) zero: Component: Gateeto_C_15.CharacterMesh0 SK_Mannequin Bone: hand_l 
[2015.11.26-02.26.49:043][171]LogPhysics:Warning: Initialising Body : Scale3D is (nearly) zero: Component: Gateeto_C_15.CharacterMesh0 SK_Mannequin Bone: neck_01 
[2015.11.26-02.26.49:043][171]LogPhysics:Warning: Initialising Body : Scale3D is (nearly) zero: Component: Gateeto_C_15.CharacterMesh0 SK_Mannequin Bone: head 
[2015.11.26-02.26.49:043][171]LogPhysics:Warning: Initialising Body : Scale3D is (nearly) zero: Component: Gateeto_C_15.CharacterMesh0 SK_Mannequin Bone: ball_r 
[2015.11.26-02.26.49:043][171]LogPhysics:Warning: Initialising Body : Scale3D is (nearly) zero: Component: Gateeto_C_15.CharacterMesh0 SK_Mannequin Bone: ball_l 
[2015.11.26-02.26.49:045][171]PIE: Info Play in editor start time for /Game/Cats/UEDPIE_0_catsmejorado 1.131
[2015.11.26-02.26.49:046][171]LogBlueprintUserMessages: Late PlayInEditor Detection: Level '/Game/Cats/catsmejorado.catsmejorado:PersistentLevel' has LevelScriptBlueprint '/Game/Cats/catsmejorado.catsmejorado:PersistentLevel.catsmejorado' with GeneratedClass '/Game/Cats/catsmejorado.catsmejorado_C' with ClassGeneratedBy '/Game/Cats/catsmejorado.catsmejorado:PersistentLevel.catsmejorado'
[2015.11.26-02.27.13:605][761]LogScript:Warning: Accessed None 'K2Node_DynamicCast_AsBawl'
	Gateeto_C /Game/Cats/UEDPIE_0_catsmejorado.catsmejorado:PersistentLevel.Gateeto_C_15
	Function /Game/Cats/Gateeto.Gateeto_C:ExecuteUbergraph_Gateeto:0501
[2015.11.26-02.27.13:606][761]PIE:Error: Error Accessed None 'K2Node_DynamicCast_AsBawl' from node DetachActorFromActor in graph 'EventGraph' in blueprint Gateeto
[2015.11.26-02.27.13:606][761]LogScript:Warning: Accessed None 'K2Node_DynamicCast_AsBawl'
	Gateeto_C /Game/Cats/UEDPIE_0_catsmejorado.catsmejorado:PersistentLevel.Gateeto_C_15
	Function /Game/Cats/Gateeto.Gateeto_C:ExecuteUbergraph_Gateeto:0532
[2015.11.26-02.27.13:606][761]PIE:Error: Error Accessed None 'K2Node_DynamicCast_AsBawl' from node Set Simulate Physics in graph 'EventGraph' in blueprint Gateeto
[2015.11.26-02.27.13:606][761]LogScript:Warning: Accessed None
	Gateeto_C /Game/Cats/UEDPIE_0_catsmejorado.catsmejorado:PersistentLevel.Gateeto_C_15
	Function /Game/Cats/Gateeto.Gateeto_C:ExecuteUbergraph_Gateeto:0547
[2015.11.26-02.27.13:606][761]PIE:Error: Error Accessed None from node Set Simulate Physics in graph 'EventGraph' in blueprint Gateeto
[2015.11.26-02.27.17:818][858]LogBlueprintUserMessages: Early EndPlayMap Detection: Level '/Game/Cats/catsmejorado.catsmejorado:PersistentLevel' has LevelScriptBlueprint '/Game/Cats/catsmejorado.catsmejorado:PersistentLevel.catsmejorado' with GeneratedClass '/Game/Cats/catsmejorado.catsmejorado_C' with ClassGeneratedBy '/Game/Cats/catsmejorado.catsmejorado:PersistentLevel.catsmejorado'
[2015.11.26-02.27.17:878][858]LogBlueprintUserMessages: Late EndPlayMap Detection: Level '/Game/Cats/catsmejorado.catsmejorado:PersistentLevel' has LevelScriptBlueprint '/Game/Cats/catsmejorado.catsmejorado:PersistentLevel.catsmejorado' with GeneratedClass '/Game/Cats/catsmejorado.catsmejorado_C' with ClassGeneratedBy '/Game/Cats/catsmejorado.catsmejorado:PersistentLevel.catsmejorado'
[2015.11.26-02.27.17:958][858]LogParticles: Destroying 0 GPU particle simulations for FXSystem 0x0000005ED4FF0860
[2015.11.26-02.27.34:663][906]LogBlueprint:Warning: [compiler catsmejorado] Warning Could not find a variable named "BolaAtras" in 'Gateeto_C'.
Make sure 'Gateeto_C' has been compiled for  Get BolaAtras 
[2015.11.26-02.27.34:664][906]LogBlueprint:Warning: [compiler catsmejorado] Warning [1413.00] Compile of catsmejorado successful, but with 1 Warning(s) [in 69 ms]
[2015.11.26-02.27.34:665][906]LogBlueprint:Warning: [compiler catsmejorado] Warning [1413.00] Compile of catsmejorado successful, but with 2 Warning(s) [in 0 ms]
[2015.11.26-02.27.34:665][906]LogBlueprint:Warning: [compiler catsmejorado] Warning [1413.00] Compile of catsmejorado successful, but with 3 Warning(s) [in 0 ms]
[2015.11.26-02.27.34:742][906]LogBlueprint:Warning: [compiler catsmejorado] Warning [1413.08] Compile of catsmejorado successful, but with 4 Warning(s) [in 77 ms]
[2015.11.26-02.27.34:744][906]LogBlueprint:Warning: [compiler catsmejorado] Warning [1413.08] Compile of catsmejorado successful, but with 5 Warning(s) [in 1 ms]
[2015.11.26-02.27.34:744][906]LogBlueprint:Warning: [compiler catsmejorado] Warning [1413.08] Compile of catsmejorado successful, but with 6 Warning(s) [in 0 ms]
[2015.11.26-02.27.35:562][906]LogSavePackage: Save=971.703491ms
[2015.11.26-02.27.35:562][906]LogSavePackage: Moving '../../../../../../Users/Edosiho/Documents/GitHub/C.A.T.S/CATS/Saved/catsmejorado_Auto19A09B9F94E4FB7D335E74FA1E7AEF3E1.tmp' to '../../../../../../Users/Edosiho/Documents/GitHub/C.A.T.S/CATS/Saved/Autosaves/Game/Cats/catsmejorado_Auto1.umap'
[2015.11.26-02.27.35:572][906]LogSavePackage: Total save time: 1042.450458ms
[2015.11.26-02.27.35:572][906]LogSavePackage:Warning: Finished SavePackage ../../../../../../Users/Edosiho/Documents/GitHub/C.A.T.S/CATS/Saved/Autosaves/Game/Cats/catsmejorado_Auto1.umap
[2015.11.26-02.27.35:580][906]LogFileHelpers: Editor autosave (incl. sublevels) for '/Game/Cats/catsmejorado' took 1.151
[2015.11.26-02.27.35:580][906]LogFileHelpers: Editor autosave (incl. sublevels) for all levels took 1.151
[2015.11.26-02.27.35:614][906]OBJ SavePackage: Generating thumbnails for [1] asset(s) in package [/Game/Cats/Gateeto] ([1] browsable assets)...
[2015.11.26-02.27.35:765][906]OBJ SavePackage:     Rendered thumbnail for [Blueprint /Game/Cats/Gateeto.Gateeto]
[2015.11.26-02.27.35:765][906]OBJ SavePackage: Finished generating thumbnails for package [/Game/Cats/Gateeto]
[2015.11.26-02.27.35:765][906]Cmd: OBJ SAVEPACKAGE PACKAGE="/Game/Cats/Gateeto" FILE="../../../../../../Users/Edosiho/Documents/GitHub/C.A.T.S/CATS/Saved/Autosaves/Game/Cats/Gateeto_Auto1.uasset" SILENT=false AUTOSAVING=true
[2015.11.26-02.27.36:329][906]LogSavePackage: Save=522.794983ms
[2015.11.26-02.27.36:329][906]LogSavePackage: Moving '../../../../../../Users/Edosiho/Documents/GitHub/C.A.T.S/CATS/Saved/Gateeto_Auto112645FD0469309FD9F0ED3B7EDA4FAF5.tmp' to '../../../../../../Users/Edosiho/Documents/GitHub/C.A.T.S/CATS/Saved/Autosaves/Game/Cats/Gateeto_Auto1.uasset'
[2015.11.26-02.27.36:368][906]LogSavePackage: Total save time: 599.731248ms
[2015.11.26-02.27.36:368][906]LogSavePackage:Warning: Finished SavePackage ../../../../../../Users/Edosiho/Documents/GitHub/C.A.T.S/CATS/Saved/Autosaves/Game/Cats/Gateeto_Auto1.uasset
[2015.11.26-02.27.36:376][906]OBJ SavePackage: Generating thumbnails for [0] asset(s) in package [/Game/Cats/Bawl] ([1] browsable assets)...
[2015.11.26-02.27.36:377][906]OBJ SavePackage: Finished generating thumbnails for package [/Game/Cats/Bawl]
[2015.11.26-02.27.36:377][906]Cmd: OBJ SAVEPACKAGE PACKAGE="/Game/Cats/Bawl" FILE="../../../../../../Users/Edosiho/Documents/GitHub/C.A.T.S/CATS/Saved/Autosaves/Game/Cats/Bawl_Auto1.uasset" SILENT=false AUTOSAVING=true
[2015.11.26-02.27.36:546][906]LogSavePackage: Save=78.410912ms
[2015.11.26-02.27.36:546][906]LogSavePackage: Moving '../../../../../../Users/Edosiho/Documents/GitHub/C.A.T.S/CATS/Saved/Bawl_Auto1E9735A6440350CEC9991FEAA24F8F6A9.tmp' to '../../../../../../Users/Edosiho/Documents/GitHub/C.A.T.S/CATS/Saved/Autosaves/Game/Cats/Bawl_Auto1.uasset'
[2015.11.26-02.27.36:554][906]LogSavePackage: Total save time: 170.723490ms
[2015.11.26-02.27.36:554][906]LogSavePackage:Warning: Finished SavePackage ../../../../../../Users/Edosiho/Documents/GitHub/C.A.T.S/CATS/Saved/Autosaves/Game/Cats/Bawl_Auto1.uasset
[2015.11.26-02.27.36:554][906]LogFileHelpers: Auto-saving content packages took 0.956
[2015.11.26-02.28.16:422][162]LogActorComponent: UnregisterComponent: (/Engine/Transient.CharMoveComp) Not registered. Aborting.
[2015.11.26-02.28.16:807][162]Cmd: OBJ SAVEPACKAGE PACKAGE="/Game/Cats/catsmejorado" FILE="../../../../../../Users/Edosiho/Documents/GitHub/C.A.T.S/CATS/Content/Cats/catsmejorado.umap" SILENT=true AUTOSAVING=false KEEPDIRTY=false
[2015.11.26-02.28.16:923][162]LogBlueprint:Warning: [compiler catsmejorado] Warning Could not find a variable named "BolaAtras" in 'Gateeto_C'.
Make sure 'Gateeto_C' has been compiled for  Get BolaAtras 
[2015.11.26-02.28.16:924][162]LogBlueprint:Warning: [compiler catsmejorado] Warning [1455.26] Compile of catsmejorado successful, but with 1 Warning(s) [in 7 ms]
[2015.11.26-02.28.16:925][162]LogBlueprint:Warning: [compiler catsmejorado] Warning [1455.26] Compile of catsmejorado successful, but with 2 Warning(s) [in 0 ms]
[2015.11.26-02.28.16:925][162]LogBlueprint:Warning: [compiler catsmejorado] Warning [1455.26] Compile of catsmejorado successful, but with 3 Warning(s) [in 0 ms]
[2015.11.26-02.28.17:010][162]LogBlueprint:Warning: [compiler catsmejorado] Warning [1455.34] Compile of catsmejorado successful, but with 4 Warning(s) [in 85 ms]
[2015.11.26-02.28.17:011][162]LogBlueprint:Warning: [compiler catsmejorado] Warning [1455.34] Compile of catsmejorado successful, but with 5 Warning(s) [in 0 ms]
[2015.11.26-02.28.17:011][162]LogBlueprint:Warning: [compiler catsmejorado] Warning [1455.34] Compile of catsmejorado successful, but with 6 Warning(s) [in 0 ms]
[2015.11.26-02.28.17:520][162]LogSavePackage: Save=606.420532ms
[2015.11.26-02.28.17:520][162]LogSavePackage: Moving '../../../../../../Users/Edosiho/Documents/GitHub/C.A.T.S/CATS/Saved/catsmejorado7FBB38CE4F28B16F9D1C7BB4DA935F77.tmp' to '../../../../../../Users/Edosiho/Documents/GitHub/C.A.T.S/CATS/Content/Cats/catsmejorado.umap'
[2015.11.26-02.28.17:529][162]LogSavePackage: Total save time: 634.825766ms
[2015.11.26-02.28.17:529][162]LogSavePackage:Warning: Finished SavePackage ../../../../../../Users/Edosiho/Documents/GitHub/C.A.T.S/CATS/Content/Cats/catsmejorado.umap
[2015.11.26-02.28.17:618][162]LogFileHelpers: Saving map 'catsmejorado' took 1.073
[2015.11.26-02.28.17:632][162]Cmd: OBJ SAVEPACKAGE PACKAGE="/Game/Cats/Gateeto" FILE="../../../../../../Users/Edosiho/Documents/GitHub/C.A.T.S/CATS/Content/Cats/Gateeto.uasset" SILENT=true
[2015.11.26-02.28.19:028][162]LogSavePackage: Save=442.272186ms
[2015.11.26-02.28.19:028][162]LogSavePackage: Moving '../../../../../../Users/Edosiho/Documents/GitHub/C.A.T.S/CATS/Saved/Gateeto90398E3D498890088348B7BBE31769FA.tmp' to '../../../../../../Users/Edosiho/Documents/GitHub/C.A.T.S/CATS/Content/Cats/Gateeto.uasset'
[2015.11.26-02.28.19:038][162]LogSavePackage: Total save time: 1402.284142ms
[2015.11.26-02.28.19:038][162]LogSavePackage:Warning: Finished SavePackage ../../../../../../Users/Edosiho/Documents/GitHub/C.A.T.S/CATS/Content/Cats/Gateeto.uasset
[2015.11.26-02.28.19:052][162]Cmd: OBJ SAVEPACKAGE PACKAGE="/Game/Cats/Bawl" FILE="../../../../../../Users/Edosiho/Documents/GitHub/C.A.T.S/CATS/Content/Cats/Bawl.uasset" SILENT=true
[2015.11.26-02.28.19:105][162]LogSavePackage: Save=29.887560ms
[2015.11.26-02.28.19:105][162]LogSavePackage: Moving '../../../../../../Users/Edosiho/Documents/GitHub/C.A.T.S/CATS/Saved/BawlE0660DA94884430DDB75569CFA15FC1F.tmp' to '../../../../../../Users/Edosiho/Documents/GitHub/C.A.T.S/CATS/Content/Cats/Bawl.uasset'
[2015.11.26-02.28.19:119][162]LogSavePackage: Total save time: 64.338051ms
[2015.11.26-02.28.19:119][162]LogSavePackage:Warning: Finished SavePackage ../../../../../../Users/Edosiho/Documents/GitHub/C.A.T.S/CATS/Content/Cats/Bawl.uasset
[2015.11.26-02.32.29:660][ 75]LogActorComponent: UnregisterComponent: (/Engine/Transient.EditorFloorComp) Not registered. Aborting.
[2015.11.26-02.32.29:731][ 75]LogWindowsTextInputMethodSystem:Display: IME system now deactivated.
[2015.11.26-02.32.30:177][ 76]Cmd: QUIT_EDITOR
[2015.11.26-02.32.31:583][ 76]LogExit: Preparing to exit.
[2015.11.26-02.32.32:554][ 76]LogExit: Editor shut down
[2015.11.26-02.32.32:555][ 76]LogExit: Transaction tracking system shut down
[2015.11.26-02.32.32:634][ 76]LogParticles: Destroying 0 GPU particle simulations for FXSystem 0x0000005EC783D620
[2015.11.26-02.32.32:634][ 76]LogParticles: Destroying 0 GPU particle simulations for FXSystem 0x0000005EC772D760
[2015.11.26-02.32.32:635][ 76]LogParticles: Destroying 0 GPU particle simulations for FXSystem 0x0000005EC771E980
[2015.11.26-02.32.32:636][ 76]LogParticles: Destroying 0 GPU particle simulations for FXSystem 0x0000005EBBF84A40
[2015.11.26-02.32.32:636][ 76]LogParticles: Destroying 0 GPU particle simulations for FXSystem 0x0000005EBBE5CEA0
[2015.11.26-02.32.32:637][ 76]LogParticles: Destroying 0 GPU particle simulations for FXSystem 0x0000005ED72658A0
[2015.11.26-02.32.32:642][ 76]LogParticles: Destroying 0 GPU particle simulations for FXSystem 0x0000005ED0F9CC20
[2015.11.26-02.32.32:657][ 76]LogParticles: Destroying 0 GPU particle simulations for FXSystem 0x0000005ED1B7EF20
[2015.11.26-02.32.33:207][ 76]LogExit: Object subsystem successfully closed.
[2015.11.26-02.32.33:227][ 76]LogD3D11RHI: Shutdown
[2015.11.26-02.32.33:227][ 76]LogD3D11RHI: CleanupD3DDevice
[2015.11.26-02.32.33:503][ 76]LogD3D11RHI: ~FD3D11DynamicRHI
[2015.11.26-02.32.33:551][ 76]LogModuleManager: Shutting down and abandoning module BlueprintGraph (200)
[2015.11.26-02.32.33:551][ 76]LogModuleManager: Shutting down and abandoning module CrashTracker (199)
[2015.11.26-02.32.33:551][ 76]LogModuleManager: Shutting down and abandoning module SceneOutliner (198)
[2015.11.26-02.32.33:551][ 76]LogModuleManager: Shutting down and abandoning module SuperSearch (197)
[2015.11.26-02.32.33:551][ 76]LogModuleManager: Shutting down and abandoning module WidgetCarousel (196)
[2015.11.26-02.32.33:551][ 76]LogModuleManager: Shutting down and abandoning module AddContentDialog (195)
[2015.11.26-02.32.33:560][ 76]LogModuleManager: Shutting down and abandoning module EditorWidgets (194)
[2015.11.26-02.32.33:560][ 76]LogModuleManager: Shutting down and abandoning module CollectionManager (193)
[2015.11.26-02.32.33:561][ 76]LogModuleManager: Shutting down and abandoning module StatsViewer (192)
[2015.11.26-02.32.33:561][ 76]LogModuleManager: Shutting down and abandoning module FoliageEdit (191)
[2015.11.26-02.32.33:561][ 76]LogModuleManager: Shutting down and abandoning module LandscapeEditor (190)
[2015.11.26-02.32.33:561][ 76]LogModuleManager: Shutting down and abandoning module ActorPickerMode (189)
[2015.11.26-02.32.33:561][ 76]LogModuleManager: Shutting down and abandoning module GeometryMode (188)
[2015.11.26-02.32.33:561][ 76]LogModuleManager: Shutting down and abandoning module TextureAlignMode (187)
[2015.11.26-02.32.33:561][ 76]LogModuleManager: Shutting down and abandoning module BspMode (186)
[2015.11.26-02.32.33:561][ 76]LogModuleManager: Shutting down and abandoning module PlacementMode (185)
[2015.11.26-02.32.33:561][ 76]LogModuleManager: Shutting down and abandoning module AutomationWorker (184)
[2015.11.26-02.32.33:561][ 76]LogModuleManager: Shutting down and abandoning module CharacterAI (183)
[2015.11.26-02.32.33:561][ 76]LogModuleManager: Shutting down and abandoning module SmartSnapping (182)
[2015.11.26-02.32.33:561][ 76]LogModuleManager: Shutting down and abandoning module ViewportSnapping (181)
[2015.11.26-02.32.33:561][ 76]LogModuleManager: Shutting down and abandoning module LogVisualizer (180)
[2015.11.26-02.32.33:562][ 76]LogModuleManager: Shutting down and abandoning module GameProjectGeneration (179)
[2015.11.26-02.32.33:562][ 76]LogModuleManager: Shutting down and abandoning module IntroTutorials (178)
[2015.11.26-02.32.33:562][ 76]LogModuleManager: Shutting down and abandoning module EditorLiveStreaming (177)
[2015.11.26-02.32.33:562][ 76]LogModuleManager: Shutting down and abandoning module IOSPlatformEditor (176)
[2015.11.26-02.32.33:562][ 76]LogModuleManager: Shutting down and abandoning module HTML5PlatformEditor (175)
[2015.11.26-02.32.33:562][ 76]LogModuleManager: Shutting down and abandoning module AndroidDeviceDetection (174)
[2015.11.26-02.32.33:832][ 76]LogModuleManager: Shutting down and abandoning module AndroidPlatformEditor (173)
[2015.11.26-02.32.33:832][ 76]LogModuleManager: Shutting down and abandoning module IOSRuntimeSettings (172)
[2015.11.26-02.32.33:832][ 76]LogModuleManager: Shutting down and abandoning module AndroidRuntimeSettings (171)
[2015.11.26-02.32.33:832][ 76]LogModuleManager: Shutting down and abandoning module MergeActors (170)
[2015.11.26-02.32.33:832][ 76]LogModuleManager: Shutting down and abandoning module SizeMap (169)
[2015.11.26-02.32.33:832][ 76]LogModuleManager: Shutting down and abandoning module TreeMap (168)
[2015.11.26-02.32.33:832][ 76]LogModuleManager: Shutting down and abandoning module ReferenceViewer (167)
[2015.11.26-02.32.33:832][ 76]LogModuleManager: Shutting down and abandoning module LocalizationService (166)
[2015.11.26-02.32.33:832][ 76]LogModuleManager: Shutting down and abandoning module LocalizationDashboard (165)
[2015.11.26-02.32.33:832][ 76]LogModuleManager: Shutting down and abandoning module HardwareTargeting (164)
[2015.11.26-02.32.33:833][ 76]LogModuleManager: Shutting down and abandoning module DeviceProfileEditor (163)
[2015.11.26-02.32.33:833][ 76]LogModuleManager: Shutting down and abandoning module UndoHistory (162)
[2015.11.26-02.32.33:833][ 76]LogModuleManager: Shutting down and abandoning module GameplayTagsEditor (161)
[2015.11.26-02.32.33:833][ 76]LogModuleManager: Shutting down and abandoning module UserFeedback (160)
[2015.11.26-02.32.33:833][ 76]LogModuleManager: Shutting down and abandoning module XmlParser (159)
[2015.11.26-02.32.33:833][ 76]LogModuleManager: Shutting down and abandoning module Blutility (158)
[2015.11.26-02.32.33:833][ 76]LogModuleManager: Shutting down and abandoning module ProjectTargetPlatformEditor (157)
[2015.11.26-02.32.33:833][ 76]LogModuleManager: Shutting down and abandoning module ProjectSettingsViewer (156)
[2015.11.26-02.32.33:833][ 76]LogModuleManager: Shutting down and abandoning module InputBindingEditor (155)
[2015.11.26-02.32.33:834][ 76]LogModuleManager: Shutting down and abandoning module EditorSettingsViewer (154)
[2015.11.26-02.32.33:834][ 76]LogModuleManager: Shutting down and abandoning module SettingsEditor (153)
[2015.11.26-02.32.33:834][ 76]LogModuleManager: Shutting down and abandoning module ProjectLauncher (152)
[2015.11.26-02.32.33:834][ 76]LogModuleManager: Shutting down and abandoning module SessionFrontend (151)
[2015.11.26-02.32.33:834][ 76]LogModuleManager: Shutting down and abandoning module ProfilerClient (150)
[2015.11.26-02.32.33:834][ 76]LogModuleManager: Shutting down and abandoning module TargetDeviceServices (149)
[2015.11.26-02.32.33:835][ 76]LogModuleManager: Shutting down and abandoning module DeviceManager (148)
[2015.11.26-02.32.33:835][ 76]LogModuleManager: Shutting down and abandoning module AutomationController (147)
[2015.11.26-02.32.33:835][ 76]LogModuleManager: Shutting down and abandoning module AutomationWindow (146)
[2015.11.26-02.32.33:835][ 76]LogModuleManager: Shutting down and abandoning module Layers (145)
[2015.11.26-02.32.33:836][ 76]LogModuleManager: Shutting down and abandoning module ComponentVisualizers (144)
[2015.11.26-02.32.33:836][ 76]LogModuleManager: Shutting down and abandoning module DetailCustomizations (143)
[2015.11.26-02.32.33:836][ 76]LogModuleManager: Shutting down and abandoning module PackagesDialog (142)
[2015.11.26-02.32.33:836][ 76]LogModuleManager: Shutting down and abandoning module Persona (141)
[2015.11.26-02.32.33:838][ 76]LogModuleManager: Shutting down and abandoning module Kismet (140)
[2015.11.26-02.32.33:838][ 76]LogModuleManager: Shutting down and abandoning module GraphEditor (139)
[2015.11.26-02.32.33:838][ 76]LogModuleManager: Shutting down and abandoning module ClassViewer (138)
[2015.11.26-02.32.33:838][ 76]LogModuleManager: Shutting down and abandoning module Toolbox (137)
[2015.11.26-02.32.33:838][ 76]LogModuleManager: Shutting down and abandoning module ModuleUI (136)
[2015.11.26-02.32.33:838][ 76]LogModuleManager: Shutting down and abandoning module MovieSceneTools (135)
[2015.11.26-02.32.33:838][ 76]LogModuleManager: Shutting down and abandoning module OutputLog (134)
[2015.11.26-02.32.33:838][ 76]LogModuleManager: Shutting down and abandoning module GammaUI (133)
[2015.11.26-02.32.33:838][ 76]LogModuleManager: Shutting down and abandoning module Documentation (132)
[2015.11.26-02.32.33:838][ 76]LogModuleManager: Shutting down and abandoning module GameLiveStreaming (131)
[2015.11.26-02.32.33:839][ 76]LogModuleManager: Shutting down and abandoning module StreamingPauseRendering (130)
[2015.11.26-02.32.33:839][ 76]LogModuleManager: Shutting down and abandoning module AnalyticsET (129)
[2015.11.26-02.32.33:839][ 76]LogModuleManager: Shutting down and abandoning module Analytics (128)
[2015.11.26-02.32.33:839][ 76]LogModuleManager: Shutting down and abandoning module AITestSuite (127)
[2015.11.26-02.32.33:839][ 76]LogModuleManager: Shutting down and abandoning module GameplayDebugger (126)
[2015.11.26-02.32.33:839][ 76]LogModuleManager: Shutting down and abandoning module AIModule (125)
[2015.11.26-02.32.33:839][ 76]LogModuleManager: Shutting down and abandoning module ProfilerService (124)
[2015.11.26-02.32.33:946][ 76]LogModuleManager: Shutting down and abandoning module TaskGraph (123)
[2015.11.26-02.32.33:947][ 76]LogModuleManager: Shutting down and abandoning module SubstanceEditor (122)
[2015.11.26-02.32.33:947][ 76]LogModuleManager: Shutting down and abandoning module SlateRemote (121)
[2015.11.26-02.32.33:947][ 76]LogModuleManager: Shutting down and abandoning module SteamVRController (120)
[2015.11.26-02.32.33:947][ 76]LogModuleManager: Shutting down and abandoning module SteamVR (119)
[2015.11.26-02.32.33:947][ 76]LogModuleManager: Shutting down and abandoning module ProceduralMeshComponent (118)
[2015.11.26-02.32.33:947][ 76]LogModuleManager: Shutting down and abandoning module OculusRift (117)
[2015.11.26-02.32.33:947][ 76]LogModuleManager: Shutting down and abandoning module OculusLibrary (116)
[2015.11.26-02.32.33:947][ 76]LogModuleManager: Shutting down and abandoning module LeapMotionController (115)
[2015.11.26-02.32.33:973][ 76]LogModuleManager: Shutting down and abandoning module CustomMeshComponent (114)
[2015.11.26-02.32.33:973][ 76]LogModuleManager: Shutting down and abandoning module CableComponent (113)
[2015.11.26-02.32.33:973][ 76]LogModuleManager: Shutting down and abandoning module ArchVisCharacter (112)
[2015.11.26-02.32.33:973][ 76]LogModuleManager: Shutting down and abandoning module MessagingDebugger (111)
[2015.11.26-02.32.33:974][ 76]LogModuleManager: Shutting down and abandoning module MediaPlayerEditor (110)
[2015.11.26-02.32.33:974][ 76]LogModuleManager: Shutting down and abandoning module HTML5Networking (109)
[2015.11.26-02.32.33:974][ 76]LogModuleManager: Shutting down and abandoning module SpeedTreeImporter (108)
[2015.11.26-02.32.33:974][ 76]LogModuleManager: Shutting down and abandoning module PluginBrowser (107)
[2015.11.26-02.32.33:974][ 76]LogModuleManager: Shutting down and abandoning module EpicSurvey (106)
[2015.11.26-02.32.33:974][ 76]LogModuleManager: Shutting down and abandoning module DesktopPlatform (105)
[2015.11.26-02.32.33:974][ 76]LogModuleManager: Shutting down and abandoning module VisualStudioSourceCodeAccess (104)
[2015.11.26-02.32.33:974][ 76]LogModuleManager: Shutting down and abandoning module UObjectPlugin (103)
[2015.11.26-02.32.33:974][ 76]LogModuleManager: Shutting down and abandoning module SubversionSourceControl (102)
[2015.11.26-02.32.33:974][ 76]LogModuleManager: Shutting down and abandoning module PerforceSourceControl (101)
[2015.11.26-02.32.33:974][ 76]LogModuleManager: Shutting down and abandoning module SourceControl (100)
[2015.11.26-02.32.33:974][ 76]LogModuleManager: Shutting down and abandoning module GitSourceControl (99)
[2015.11.26-02.32.33:974][ 76]LogModuleManager: Shutting down and abandoning module LightPropagationVolumeEditor (98)
[2015.11.26-02.32.33:974][ 76]LogModuleManager: Shutting down and abandoning module PaperTiledImporter (97)
[2015.11.26-02.32.33:974][ 76]LogModuleManager: Shutting down and abandoning module PaperSpriteSheetImporter (96)
[2015.11.26-02.32.33:974][ 76]LogModuleManager: Shutting down and abandoning module MeshPaint (95)
[2015.11.26-02.32.33:974][ 76]LogModuleManager: Shutting down and abandoning module SlateReflector (94)
[2015.11.26-02.32.33:974][ 76]LogModuleManager: Shutting down and abandoning module HotReload (93)
[2015.11.26-02.32.33:975][ 76]LogModuleManager: Shutting down and abandoning module MainFrame (92)
[2015.11.26-02.32.33:975][ 76]LogModuleManager: Shutting down and abandoning module LevelEditor (91)
[2015.11.26-02.32.33:977][ 76]LogModuleManager: Shutting down and abandoning module ContentBrowser (90)
[2015.11.26-02.32.33:979][ 76]LogModuleManager: Shutting down and abandoning module Paper2DEditor (89)
[2015.11.26-02.32.33:979][ 76]LogModuleManager: Shutting down and abandoning module UdpMessaging (88)
[2015.11.26-02.32.34:079][ 76]LogModuleManager: Shutting down and abandoning module DirectoryWatcher (87)
[2015.11.26-02.32.34:087][ 76]LogModuleManager: Shutting down and abandoning module AssetRegistry (86)
[2015.11.26-02.32.34:257][ 76]LogModuleManager: Shutting down and abandoning module SubstanceCore (85)
[2015.11.26-02.32.34:258][ 76]LogModuleManager: Shutting down and abandoning module LightPropagationVolumeRuntime (84)
[2015.11.26-02.32.34:258][ 76]LogModuleManager: Shutting down and abandoning module Paper2D (83)
[2015.11.26-02.32.34:258][ 76]LogModuleManager: Shutting down and abandoning module WindowsMoviePlayer (82)
[2015.11.26-02.32.34:264][ 76]LogModuleManager: Shutting down and abandoning module Media (81)
[2015.11.26-02.32.34:264][ 76]LogModuleManager: Shutting down and abandoning module WmfMedia (80)
[2015.11.26-02.32.34:265][ 76]LogModuleManager: Shutting down and abandoning module OnlineBlueprintSupport (79)
[2015.11.26-02.32.34:269][ 76]LogModuleManager: Shutting down and abandoning module GameplayTasksEditor (78)
[2015.11.26-02.32.34:269][ 76]LogModuleManager: Shutting down and abandoning module PropertyEditor (77)
[2015.11.26-02.32.34:269][ 76]LogModuleManager: Shutting down and abandoning module BehaviorTreeEditor (76)
[2015.11.26-02.32.34:269][ 76]LogModuleManager: Shutting down and abandoning module FunctionalTesting (75)
[2015.11.26-02.32.34:269][ 76]LogModuleManager: Shutting down and abandoning module CollisionAnalyzer (74)
[2015.11.26-02.32.34:269][ 76]LogModuleManager: Shutting down and abandoning module WorkspaceMenuStructure (73)
[2015.11.26-02.32.34:270][ 76]LogModuleManager: Shutting down and abandoning module MessageLog (72)
[2015.11.26-02.32.34:270][ 76]LogModuleManager: Shutting down and abandoning module Sequencer (71)
[2015.11.26-02.32.34:270][ 76]LogModuleManager: Shutting down and abandoning module AssetTools (70)
[2015.11.26-02.32.34:270][ 76]LogModuleManager: Shutting down and abandoning module UMGEditor (69)
[2015.11.26-02.32.34:270][ 76]LogModuleManager: Shutting down and abandoning module UMG (68)
[2015.11.26-02.32.34:270][ 76]LogModuleManager: Shutting down and abandoning module Slate (67)
[2015.11.26-02.32.34:270][ 76]LogModuleManager: Shutting down and abandoning module EditorStyle (66)
[2015.11.26-02.32.34:274][ 76]LogModuleManager: Shutting down and abandoning module SessionServices (65)
[2015.11.26-02.32.34:274][ 76]LogModuleManager: Shutting down and abandoning module SourceCodeAccess (64)
[2015.11.26-02.32.34:274][ 76]LogModuleManager: Shutting down and abandoning module HeadMountedDisplay (63)
[2015.11.26-02.32.34:274][ 76]LogModuleManager: Shutting down and abandoning module XAudio2 (62)
[2015.11.26-02.32.34:274][ 76]LogModuleManager: Shutting down and abandoning module Networking (60)
[2015.11.26-02.32.34:274][ 76]LogModuleManager: Shutting down and abandoning module Core (59)
[2015.11.26-02.32.34:274][ 76]LogModuleManager: Shutting down and abandoning module KismetCompiler (58)
[2015.11.26-02.32.34:274][ 76]LogModuleManager: Shutting down and abandoning module PhysXFormats (57)
[2015.11.26-02.32.34:274][ 76]LogModuleManager: Shutting down and abandoning module MeshUtilities (56)
[2015.11.26-02.32.34:274][ 76]LogModuleManager: Shutting down and abandoning module CookingStats (55)
[2015.11.26-02.32.34:280][ 76]LogModuleManager: Shutting down and abandoning module DerivedDataCache (54)
[2015.11.26-02.32.34:308][ 76]LogDerivedDataCache: Shutdown
[2015.11.26-02.32.34:308][ 76]LogModuleManager: Shutting down and abandoning module ShaderFormatOpenGL (53)
[2015.11.26-02.32.34:308][ 76]LogModuleManager: Shutting down and abandoning module ShaderFormatD3D (52)
[2015.11.26-02.32.34:308][ 76]LogModuleManager: Shutting down and abandoning module MetalShaderFormat (51)
[2015.11.26-02.32.34:308][ 76]LogModuleManager: Shutting down and abandoning module TextureFormatUncompressed (50)
[2015.11.26-02.32.34:308][ 76]LogModuleManager: Shutting down and abandoning module TextureFormatPVR (49)
[2015.11.26-02.32.34:308][ 76]LogModuleManager: Shutting down and abandoning module TextureFormatIntelISPCTexComp (48)
[2015.11.26-02.32.34:308][ 76]LogModuleManager: Shutting down and abandoning module TextureFormatDXT (47)
[2015.11.26-02.32.34:308][ 76]LogModuleManager: Shutting down and abandoning module ImageWrapper (46)
[2015.11.26-02.32.34:308][ 76]LogModuleManager: Shutting down and abandoning module TextureFormatASTC (45)
[2015.11.26-02.32.34:308][ 76]LogModuleManager: Shutting down and abandoning module TextureFormatAndroid (44)
[2015.11.26-02.32.34:308][ 76]LogModuleManager: Shutting down and abandoning module AudioFormatOpus (43)
[2015.11.26-02.32.34:308][ 76]LogModuleManager: Shutting down and abandoning module AudioFormatOgg (42)
[2015.11.26-02.32.34:308][ 76]LogModuleManager: Shutting down and abandoning module AudioFormatADPCM (41)
[2015.11.26-02.32.34:308][ 76]LogModuleManager: Shutting down and abandoning module LinuxTargetPlatform (40)
[2015.11.26-02.32.34:308][ 76]LogModuleManager: Shutting down and abandoning module LinuxServerTargetPlatform (39)
[2015.11.26-02.32.34:308][ 76]LogModuleManager: Shutting down and abandoning module LinuxNoEditorTargetPlatform (38)
[2015.11.26-02.32.34:308][ 76]LogModuleManager: Shutting down and abandoning module Messaging (37)
[2015.11.26-02.32.34:308][ 76]LogModuleManager: Shutting down and abandoning module IOSTargetPlatform (36)
[2015.11.26-02.32.34:308][ 76]LogModuleManager: Shutting down and abandoning module HTML5TargetPlatform (35)
[2015.11.26-02.32.34:308][ 76]LogModuleManager: Shutting down and abandoning module Android_PVRTCTargetPlatform (34)
[2015.11.26-02.32.34:308][ 76]LogModuleManager: Shutting down and abandoning module Android_ETC2TargetPlatform (33)
[2015.11.26-02.32.34:308][ 76]LogModuleManager: Shutting down and abandoning module Android_ETC1TargetPlatform (32)
[2015.11.26-02.32.34:308][ 76]LogModuleManager: Shutting down and abandoning module Android_DXTTargetPlatform (31)
[2015.11.26-02.32.34:308][ 76]LogModuleManager: Shutting down and abandoning module Android_ATCTargetPlatform (30)
[2015.11.26-02.32.34:309][ 76]LogModuleManager: Shutting down and abandoning module Android_ASTCTargetPlatform (29)
[2015.11.26-02.32.34:309][ 76]LogModuleManager: Shutting down and abandoning module AndroidTargetPlatform (28)
[2015.11.26-02.32.34:309][ 76]LogModuleManager: Shutting down and abandoning module WindowsTargetPlatform (27)
[2015.11.26-02.32.34:309][ 76]LogModuleManager: Shutting down and abandoning module WindowsServerTargetPlatform (26)
[2015.11.26-02.32.34:309][ 76]LogModuleManager: Shutting down and abandoning module WindowsNoEditorTargetPlatform (25)
[2015.11.26-02.32.34:309][ 76]LogModuleManager: Shutting down and abandoning module WindowsClientTargetPlatform (24)
[2015.11.26-02.32.34:309][ 76]LogModuleManager: Shutting down and abandoning module AllDesktopTargetPlatform (23)
[2015.11.26-02.32.34:309][ 76]LogModuleManager: Shutting down and abandoning module TargetPlatform (22)
[2015.11.26-02.32.34:309][ 76]LogModuleManager: Shutting down and abandoning module InputCore (21)
[2015.11.26-02.32.34:309][ 76]LogModuleManager: Shutting down and abandoning module Settings (20)
[2015.11.26-02.32.34:309][ 76]LogModuleManager: Shutting down and abandoning module OnlineSubsystem (18)
[2015.11.26-02.32.34:309][ 76]LogModuleManager: Shutting down and abandoning module HTTP (17)
[2015.11.26-02.32.37:313][ 76]LogModuleManager: Shutting down and abandoning module XMPP (16)
[2015.11.26-02.32.37:314][ 76]LogModuleManager: Shutting down and abandoning module ExampleDeviceProfileSelector (15)
[2015.11.26-02.32.37:314][ 76]LogModuleManager: Shutting down and abandoning module TextureCompressor (14)
[2015.11.26-02.32.37:314][ 76]LogModuleManager: Shutting down and abandoning module ShaderCore (13)
[2015.11.26-02.32.37:314][ 76]LogModuleManager: Shutting down and abandoning module Landscape (12)
[2015.11.26-02.32.37:314][ 76]LogModuleManager: Shutting down and abandoning module SlateRHIRenderer (11)
[2015.11.26-02.32.37:330][ 76]LogModuleManager: Shutting down and abandoning module OpenGLDrv (10)
[2015.11.26-02.32.37:330][ 76]LogModuleManager: Shutting down and abandoning module D3D11RHI (9)
[2015.11.26-02.32.37:330][ 76]LogModuleManager: Shutting down and abandoning module AnimGraphRuntime (8)
[2015.11.26-02.32.37:330][ 76]LogModuleManager: Shutting down and abandoning module Renderer (7)
[2015.11.26-02.32.37:330][ 76]LogModuleManager: Shutting down and abandoning module Engine (6)
[2015.11.26-02.32.37:330][ 76]LogModuleManager: Shutting down and abandoning module CoreUObject (5)
[2015.11.26-02.32.37:330][ 76]LogModuleManager: Shutting down and abandoning module NetworkFile (4)
[2015.11.26-02.32.37:330][ 76]LogModuleManager: Shutting down and abandoning module StreamingFile (3)
[2015.11.26-02.32.37:330][ 76]LogModuleManager: Shutting down and abandoning module SandboxFile (2)
[2015.11.26-02.32.37:330][ 76]LogModuleManager: Shutting down and abandoning module PakFile (1)
[2015.11.26-02.32.37:331][ 76]LogExit: Exiting.
[2015.11.26-02.32.37:334][ 76]Log file closed, 11/25/15 20:32:37
