[2015.11.26-05.40.59:935][  0]Log file open, 11/25/15 23:40:59
[2015.11.26-05.40.59:935][  0]LogInit:Display: Running engine for game: CATS
[2015.11.26-05.40.59:935][  0]LogInit:Display: RandInit(1114184831) SRandInit(1114184835).
[2015.11.26-05.40.59:935][  0]LogTaskGraph: Started task graph with 4 named threads and 5 total threads.
[2015.11.26-05.40.59:935][  0]LogStats: Stats thread started at 0.282981
[2015.11.26-05.40.59:935][  0]LogInit: Version: 4.9.1-2689999+++depot+UE4-Releases+4.9
[2015.11.26-05.40.59:935][  0]LogInit: API Version: 2672455
[2015.11.26-05.40.59:935][  0]LogInit: Compiled (64-bit): Sep 14 2015 04:12:03
[2015.11.26-05.40.59:935][  0]LogInit: Compiled with Visual C++: 18.00.21005.01
[2015.11.26-05.40.59:935][  0]LogInit: Build Configuration: Development
[2015.11.26-05.40.59:935][  0]LogInit: Branch Name: ++depot+UE4-Releases+4.9
[2015.11.26-05.40.59:935][  0]LogInit: Command line:  
[2015.11.26-05.40.59:935][  0]LogInit: Base directory: C:/Program Files/Epic Games/4.9/Engine/Binaries/Win64/
[2015.11.26-05.40.59:935][  0]LogInit: Rocket: 1
[2015.11.26-05.40.59:963][  0]LogInit: Using libcurl 7.41.0
[2015.11.26-05.40.59:963][  0]LogInit:  - built for x86_64-pc-win32
[2015.11.26-05.40.59:963][  0]LogInit:  - supports SSL with WinSSL
[2015.11.26-05.40.59:963][  0]LogInit:  - other features:
[2015.11.26-05.40.59:963][  0]LogInit:      CURL_VERSION_SSL
[2015.11.26-05.40.59:963][  0]LogInit:      CURL_VERSION_IPV6
[2015.11.26-05.40.59:963][  0]LogInit:      CURL_VERSION_ASYNCHDNS
[2015.11.26-05.40.59:963][  0]LogInit:      CURL_VERSION_LARGEFILE
[2015.11.26-05.40.59:963][  0]LogInit:      CURL_VERSION_IDN
[2015.11.26-05.40.59:964][  0]LogInit:  CurlRequestOptions (configurable via config and command line):
[2015.11.26-05.40.59:964][  0]LogInit:  - bVerifyPeer = true  - Libcurl will verify peer certificate
[2015.11.26-05.40.59:964][  0]LogInit:  - bUseHttpProxy = false  - Libcurl will NOT use HTTP proxy
[2015.11.26-05.40.59:964][  0]LogInit:  - bDontReuseConnections = false  - Libcurl will reuse connections
[2015.11.26-05.40.59:964][  0]LogInit:  - CertBundlePath = nullptr  - Libcurl will use whatever was configured at build time.
[2015.11.26-05.40.59:983][  0]LogInit: Presizing for 0 objects not considered by GC, pre-allocating 0 bytes.
[2015.11.26-05.40.59:997][  0]LogInit: Object subsystem initialized
[2015.11.26-05.41.00:003][  0]LogInit: Selected Device Profile: [Windows]
[2015.11.26-05.41.00:003][  0]LogInit: Applying CVar settings loaded from the selected device profile: [Windows]
[2015.11.26-05.41.00:036][  0]LogInit: Computer: AGISE
[2015.11.26-05.41.00:036][  0]LogInit: User: Edosiho
[2015.11.26-05.41.00:036][  0]LogInit: CPU Page size=4096, Cores=2
[2015.11.26-05.41.00:036][  0]LogInit: High frequency timer resolution =2.208009 MHz
[2015.11.26-05.41.00:036][  0]LogMemory: Memory total: Physical=6.0GB (6GB approx)
[2015.11.26-05.41.00:036][  0]LogMemory: Platform Memory Stats for Windows
[2015.11.26-05.41.00:036][  0]LogMemory: Process Physical Memory: 56.24 MB used, 56.24 MB peak
[2015.11.26-05.41.00:036][  0]LogMemory: Process Virtual Memory: 57.08 MB used, 57.08 MB peak
[2015.11.26-05.41.00:036][  0]LogMemory: Physical Memory: 1816.74 MB used, 6131.91 MB total
[2015.11.26-05.41.00:036][  0]LogMemory: Virtual Memory: 354.71 MB used, 134217728.00 MB total
[2015.11.26-05.41.01:614][  0]LogD3D11RHI: Found D3D11 adapter 0: NVIDIA Quadro FX 770M (Feature Level 10_0)
[2015.11.26-05.41.01:614][  0]LogD3D11RHI: Adapter has 483MB of dedicated video memory, 0MB of dedicated system memory, and 3065MB of shared system memory, 1 output[s]
[2015.11.26-05.41.01:620][  0]LogD3D11RHI: Found D3D11 adapter 1: Microsoft Basic Render Driver (Feature Level 11_0)
[2015.11.26-05.41.01:620][  0]LogD3D11RHI: Adapter has 0MB of dedicated video memory, 0MB of dedicated system memory, and 256MB of shared system memory, 0 output[s]
[2015.11.26-05.41.01:620][  0]LogD3D11RHI: Chosen D3D11 Adapter Id = 0
[2015.11.26-05.41.01:632][  0]LogD3D11RHI: !Direct3DDevice
[2015.11.26-05.41.01:632][  0]LogRHI: Texture pool is 338 MB (70% of 483 MB)
[2015.11.26-05.41.01:662][  0]LogD3D11RHI: Async texture creation enabled
[2015.11.26-05.41.01:686][  0]LogShaderCompilers: Guid format shader working directory is 15 characters bigger than the processId version (../../../../../../Users/Edosiho/Desktop/CATS/Intermediate/Shaders/WorkingDirectory/3048/).
[2015.11.26-05.41.01:687][  0]LogShaderCompilers: Cleaned the shader compiler working directory '../../../../../../Users/Edosiho/Desktop/CATS/Intermediate/Shaders/tmp/DEF30C9E44C07534A4831F8C6203F9BF/'.
[2015.11.26-05.41.01:687][  0]LogShaderCompilers:Display: Using Local Shader Compiler.
[2015.11.26-05.41.05:920][  0]LogTemp:Display: Loaded TP AllDesktopTargetPlatform
[2015.11.26-05.41.05:935][  0]LogTemp:Display: Loaded TP WindowsClientTargetPlatform
[2015.11.26-05.41.05:950][  0]LogTemp:Display: Loaded TP WindowsNoEditorTargetPlatform
[2015.11.26-05.41.05:964][  0]LogTemp:Display: Loaded TP WindowsServerTargetPlatform
[2015.11.26-05.41.05:979][  0]LogTemp:Display: Loaded TP WindowsTargetPlatform
[2015.11.26-05.41.06:006][  0]LogTemp:Display: Loaded TP AndroidTargetPlatform
[2015.11.26-05.41.06:016][  0]LogTemp:Display: Loaded TP Android_ASTCTargetPlatform
[2015.11.26-05.41.06:031][  0]LogTemp:Display: Loaded TP Android_ATCTargetPlatform
[2015.11.26-05.41.06:041][  0]LogTemp:Display: Loaded TP Android_DXTTargetPlatform
[2015.11.26-05.41.06:058][  0]LogTemp:Display: Loaded TP Android_ETC1TargetPlatform
[2015.11.26-05.41.06:069][  0]LogTemp:Display: Loaded TP Android_ETC2TargetPlatform
[2015.11.26-05.41.06:085][  0]LogTemp:Display: Loaded TP Android_PVRTCTargetPlatform
[2015.11.26-05.41.06:090][  0]LogTemp:Display: Loaded TP HTML5TargetPlatform
[2015.11.26-05.41.06:140][  0]LogTemp:Display: Loaded TP IOSTargetPlatform
[2015.11.26-05.41.06:150][  0]LogTemp:Display: Loaded TP LinuxNoEditorTargetPlatform
[2015.11.26-05.41.06:160][  0]LogTemp:Display: Loaded TP LinuxServerTargetPlatform
[2015.11.26-05.41.06:179][  0]LogTemp:Display: Loaded TP LinuxTargetPlatform
[2015.11.26-05.41.06:179][  0]LogTargetPlatformManager:Display: Building Assets For Windows
[2015.11.26-05.41.06:777][  0]LogDerivedDataCache:Display: Max Cache Size: 512 MB
[2015.11.26-05.41.07:573][  0]LogDerivedDataCache: Loaded boot cache 0.80s 36MB C:/Users/Edosiho/AppData/Local/UnrealEngine/4.9/DerivedDataCache/Boot.ddc.
[2015.11.26-05.41.07:573][  0]LogDerivedDataCache:Display: Loaded Boot cache: C:/Users/Edosiho/AppData/Local/UnrealEngine/4.9/DerivedDataCache/Boot.ddc
[2015.11.26-05.41.07:573][  0]LogDerivedDataCache: FDerivedDataBackendGraph:  Pak pak cache file ../../../../../../Users/Edosiho/Desktop/CATS/DerivedDataCache/DDC.ddp not found, will not use a pak cache.
[2015.11.26-05.41.07:574][  0]LogDerivedDataCache: Unable to find inner node Pak for hierarchical cache Hierarchy.
[2015.11.26-05.41.07:574][  0]LogDerivedDataCache: FDerivedDataBackendGraph:  CompressedPak pak cache file ../../../../../../Users/Edosiho/Desktop/CATS/DerivedDataCache/Compressed.ddp not found, will not use a pak cache.
[2015.11.26-05.41.07:574][  0]LogDerivedDataCache: Unable to find inner node CompressedPak for hierarchical cache Hierarchy.
[2015.11.26-05.41.07:871][  0]LogDerivedDataCache:Display: Pak cache opened for reading ../../../Engine/DerivedDataCache/Compressed.ddp.
[2015.11.26-05.41.07:884][  0]LogDerivedDataCache: Using Local data cache path C:/Users/Edosiho/AppData/Local/UnrealEngine/Common/DerivedDataCache: Writable
[2015.11.26-05.41.10:785][  0]LogInit: Selected Device Profile: [Windows]
[2015.11.26-05.41.10:795][  0]LogContentStreaming: Texture pool size is 0.000000MB
[2015.11.26-05.41.11:048][  0]LogMeshUtilities: No automatic mesh reduction module available
[2015.11.26-05.41.11:048][  0]LogMeshUtilities: No automatic mesh merging module available
[2015.11.26-05.41.12:312][  0]LogInit: WinSock: version 1.1 (2.2), MaxSocks=32767, MaxUdp=65467
[2015.11.26-05.42.24:589][  0]LogAssetRegistry: FAssetRegistry took 0.0122 seconds to start up
[2015.11.26-05.42.24:984][  0]UdpMessaging: Initializing bridge on interface 0.0.0.0:0 to multicast group 230.0.0.1:6666.
[2015.11.26-05.42.34:508][  0]SourceControl: Info Source control is disabled
[2015.11.26-05.42.34:511][  0]SourceControl: Info Source control is disabled
[2015.11.26-05.42.34:614][  0]SourceControl: Info Source control is disabled
[2015.11.26-05.42.34:684][  0]SourceControl: Info Source control is disabled
[2015.11.26-05.42.37:977][  0]LogLinker:Warning: Asset '../../../Engine/Plugins/Runtime/LeapMotionController/Content/LM_PassthroughMaterial.uasset' has been saved with empty engine version. The asset will be loaded but may be incompatible.
[2015.11.26-05.42.38:957][  0]LogObj: 28528 objects as part of root set at end of initial load.
[2015.11.26-05.42.38:957][  0]LogUObjectAllocator: 6068456 out of 0 bytes used by permanent object pool.
[2015.11.26-05.42.39:364][  0]LogEngine: Initializing Engine...
[2015.11.26-05.42.39:482][  0]LogHMD: Can't find Oculus library dev build: is proper Runtime installed? Version: 0.7.0.0
[2015.11.26-05.42.39:669][  0]LogHMD: SteamVR failed to initialize.  Err: 110
[2015.11.26-05.42.40:092][  0]LogAIModule: Creating AISystem for world NewWorld
[2015.11.26-05.42.40:132][  0]LogInit: XAudio2 using 'Speakers (High Definition Audio Device)' : 2 channels at 44.1 kHz using 16 bits per sample (channel mask 0x3)
[2015.11.26-05.42.40:201][  0]LogInit: FAudioDevice initialized.
[2015.11.26-05.42.40:278][  0]LogDerivedDataCache: Saved boot cache 0.08s 36MB C:/Users/Edosiho/AppData/Local/UnrealEngine/4.9/DerivedDataCache/Boot.ddc.
[2015.11.26-05.42.40:306][  0]LogInit: Texture streaming: Enabled
[2015.11.26-05.42.40:327][  0]LogAnalytics: Creating configured Analytics provider AnalyticsET
[2015.11.26-05.42.40:327][  0]LogAnalytics: [UEEditor.Rocket.Release] APIServer = http://et2.epicgames.com/ET2/. AppVersion = 4.9.1-2689999+++depot+UE4-Releases+4.9
[2015.11.26-05.42.40:327][  0]LogAnalytics: [UEEditor.Rocket.Release] SetUserId a3ecda3c4d50cd275ecf7497f12b4d14|e806c5a3e75b4a14b122359eb3b7e1a6|4fbddb0b-eeea-41a9-880e-03c25a996dc0
[2015.11.26-05.42.40:327][  0]LogAnalytics: [UEEditor.Rocket.Release] AnalyticsET::StartSession
[2015.11.26-05.42.41:578][  0]LogInit: Transaction tracking system initialized
[2015.11.26-05.42.42:287][  0]BlueprintLog: New page: Editor Load
[2015.11.26-05.42.49:687][  0]LocalizationService: Info Localization service is disabled
[2015.11.26-05.42.51:297][  0]LogConsoleResponse:Display: 
[2015.11.26-05.42.52:894][  0]LogCook:Display: Done creating registry. It took  0.00s.
[2015.11.26-05.42.53:110][  0]LogFileCache: Scanning file cache for directory 'C:/Users/Edosiho/Desktop/CATS/Content/' took 0.16s
[2015.11.26-05.42.57:778][  0]SourceControl: Info Source control is disabled
[2015.11.26-05.42.57:787][  0]Cmd: MAP LOAD FILE="../../../../../../Users/Edosiho/Desktop/CATS/Content/ThirdPersonBP/Maps/ThirdPersonExampleMap.umap" TEMPLATE=0 SHOWPROGRESS=1 FEATURELEVEL=2
[2015.11.26-05.42.58:103][  0]LightingResults: New page: Lighting Build
[2015.11.26-05.42.58:188][  0]MapCheck: New page: Map Check
[2015.11.26-05.42.58:188][  0]LightingResults: New page: Lighting Build
[2015.11.26-05.42.58:487][  0]LogParticles: Destroying 0 GPU particle simulations for FXSystem 0x0000005C723C2AC0
[2015.11.26-05.43.18:882][  0]LogAIModule: Creating AISystem for world ThirdPersonExampleMap
[2015.11.26-05.43.18:916][  0]LogEditorServer: Finished looking for orphan Actors (0.000 secs)
[2015.11.26-05.43.18:916][  0]Cmd: MAP CHECKDEP NOCLEARLOG
[2015.11.26-05.43.19:481][  0]MapCheck: Info Map check complete: 0 Error(s), 0 Warning(s), took 564.693ms to complete.
[2015.11.26-05.43.19:482][  0]LogFileHelpers: Loading map 'ThirdPersonExampleMap' took 21.695
[2015.11.26-05.43.21:482][  0]LogCollectionManager: Loaded 0 collections in 0.033791 seconds
[2015.11.26-05.43.21:652][  0]LogContentBrowser: Native class hierarchy populated in 0.0155 seconds. Added 1882 classes and 339 folders.
[2015.11.26-05.43.21:731][  0]LogFileCache: Scanning file cache for directory 'C:/Users/Edosiho/Desktop/CATS/Saved/Collections/' took 0.11s
[2015.11.26-05.43.21:731][  0]LogFileCache: Scanning file cache for directory 'C:/Users/Edosiho/Desktop/CATS/Content/Developers/Edosiho/Collections/' took 0.02s
[2015.11.26-05.43.21:731][  0]LogFileCache: Scanning file cache for directory 'C:/Users/Edosiho/Desktop/CATS/Content/Collections/' took 0.02s
[2015.11.26-05.43.21:731][  0]LogCollectionManager: Rebuilt the GUID cache for 0 collections in 0.000005 seconds
[2015.11.26-05.43.22:053][  0]LogContentBrowser: Native class hierarchy updated for 'WidgetCarousel' in 0.0007 seconds. Added 0 classes and 0 folders.
[2015.11.26-05.43.36:791][  0]LogContentBrowser: Native class hierarchy updated for 'AddContentDialog' in 0.0011 seconds. Added 0 classes and 0 folders.
[2015.11.26-05.43.36:814][  0]LogContentBrowser: Native class hierarchy updated for 'SceneOutliner' in 0.0007 seconds. Added 1 classes and 2 folders.
[2015.11.26-05.43.37:697][  0]LogCrashTracker: Crashtracker disabled due to settings.
[2015.11.26-05.43.37:741][  0]LogUObjectGlobals:Warning: Failed to find object 'Class None.'
[2015.11.26-05.43.37:779][  0]LogLoad: Full Startup: 159.45 seconds (BP compile: 0.77 seconds)
[2015.11.26-05.43.39:814][  0]LogContentStreaming: Texture pool size now 700 MB
[2015.11.26-05.43.40:675][  0]LogRenderer: Reallocating scene render targets to support 828x368 (Frame:2).
[2015.11.26-05.44.07:271][  3]LogD3D11RHI: Timed out while waiting for GPU to catch up. (500 ms)
[2015.11.26-05.44.07:271][  3]LogD3D11RHI: Timed out while waiting for GPU to catch up. (500 ms)
[2015.11.26-05.44.07:271][  3]LogD3D11RHI: Timed out while waiting for GPU to catch up. (500 ms)
[2015.11.26-05.44.25:327][ 10]LogAssetRegistry: Asset discovery search completed in 120.7497 seconds
[2015.11.26-05.44.25:327][ 10]LogCollectionManager: Rebuilt the object cache for 0 collections in 0.000003 seconds (found 0 objects)
[2015.11.26-05.44.25:327][ 10]LogCollectionManager: Fixed up redirectors for 0 collections in 0.000049 seconds (updated 0 objects)
[2015.11.26-05.49.00:503][961]LogFactory: FactoryCreateBinary: Texture with ReimportTextureFactory (0 0 C:\Users\Edosiho\Desktop\otrosSpritesbuenos\bossderecha.png)
[2015.11.26-05.49.00:773][961]LogTexture:Display: Building textures: bossderecha (BGRA8)
[2015.11.26-05.49.20:938][432]LogFactory: FactoryCreateBinary: Texture with ReimportTextureFactory (0 0 C:\Users\Edosiho\Desktop\otrosSpritesbuenos\bossizquierda.png)
[2015.11.26-05.49.21:100][432]LogTexture:Display: Building textures: bossizquierda (BGRA8)
[2015.11.26-05.49.37:519][578]LogFactory: FactoryCreateBinary: Texture with ReimportTextureFactory (0 0 C:\Users\Edosiho\Desktop\otrosSpritesbuenos\jaula.png)
[2015.11.26-05.49.38:753][578]LogTexture:Display: Building textures: jaula (AutoDXT)
[2015.11.26-05.49.49:197][578]LogFactory: FactoryCreateBinary: Texture with ReimportTextureFactory (0 0 C:\Users\Edosiho\Desktop\otrosSpritesbuenos\estrellasboss.png)
[2015.11.26-05.49.49:429][578]LogTexture:Display: Building textures: estrellasboss (BGRA8)
[2015.11.26-05.50.42:619][373]LogRenderer: Reallocating scene render targets to support 1016x508 (Frame:156).
[2015.11.26-05.52.53:956][ 38]LogActorComponent: UnregisterComponent: (/Engine/Transient.CharMoveComp) Not registered. Aborting.
[2015.11.26-05.52.54:017][ 38]LogParticles: Destroying 0 GPU particle simulations for FXSystem 0x0000005C08DC0220
[2015.11.26-05.52.54:145][ 38]Cmd: OBJ SAVEPACKAGE PACKAGE="/Game/Cats/Sprites/BossDerecha/bossderecha" FILE="../../../../../../Users/Edosiho/Desktop/CATS/Content/Cats/Sprites/BossDerecha/bossderecha.uasset" SILENT=true
[2015.11.26-05.52.54:423][ 38]LogSavePackage: Save=215.116882ms
[2015.11.26-05.52.54:423][ 38]LogSavePackage: Moving '../../../../../../Users/Edosiho/Desktop/CATS/Saved/bossderecha8DB7584A48C87BF95A01658432CA993A.tmp' to '../../../../../../Users/Edosiho/Desktop/CATS/Content/Cats/Sprites/BossDerecha/bossderecha.uasset'
[2015.11.26-05.52.54:430][ 38]LogSavePackage: Total save time: 223.042116ms
[2015.11.26-05.52.54:430][ 38]LogSavePackage:Warning: Finished SavePackage ../../../../../../Users/Edosiho/Desktop/CATS/Content/Cats/Sprites/BossDerecha/bossderecha.uasset
[2015.11.26-05.52.54:456][ 38]Cmd: OBJ SAVEPACKAGE PACKAGE="/Game/Cats/Sprites/BossIzquierda/bossizquierda" FILE="../../../../../../Users/Edosiho/Desktop/CATS/Content/Cats/Sprites/BossIzquierda/bossizquierda.uasset" SILENT=true
[2015.11.26-05.52.54:652][ 38]LogSavePackage: Save=192.756912ms
[2015.11.26-05.52.54:652][ 38]LogSavePackage: Moving '../../../../../../Users/Edosiho/Desktop/CATS/Saved/bossizquierdaFC0544444095D27F7A659AAC9CAD7ED2.tmp' to '../../../../../../Users/Edosiho/Desktop/CATS/Content/Cats/Sprites/BossIzquierda/bossizquierda.uasset'
[2015.11.26-05.52.54:657][ 38]LogSavePackage: Total save time: 198.479716ms
[2015.11.26-05.52.54:657][ 38]LogSavePackage:Warning: Finished SavePackage ../../../../../../Users/Edosiho/Desktop/CATS/Content/Cats/Sprites/BossIzquierda/bossizquierda.uasset
[2015.11.26-05.52.54:705][ 38]Cmd: OBJ SAVEPACKAGE PACKAGE="/Game/Cats/Sprites/jaula" FILE="../../../../../../Users/Edosiho/Desktop/CATS/Content/Cats/Sprites/jaula.uasset" SILENT=true
[2015.11.26-05.52.55:820][ 38]LogSavePackage: Save=1110.793945ms
[2015.11.26-05.52.55:820][ 38]LogSavePackage: Moving '../../../../../../Users/Edosiho/Desktop/CATS/Saved/jaulaF835832946C1ADC9B06853A394A90894.tmp' to '../../../../../../Users/Edosiho/Desktop/CATS/Content/Cats/Sprites/jaula.uasset'
[2015.11.26-05.52.55:826][ 38]LogSavePackage: Total save time: 1117.514465ms
[2015.11.26-05.52.55:826][ 38]LogSavePackage:Warning: Finished SavePackage ../../../../../../Users/Edosiho/Desktop/CATS/Content/Cats/Sprites/jaula.uasset
[2015.11.26-05.52.55:850][ 38]Cmd: OBJ SAVEPACKAGE PACKAGE="/Game/Cats/Sprites/estrellasboss" FILE="../../../../../../Users/Edosiho/Desktop/CATS/Content/Cats/Sprites/estrellasboss.uasset" SILENT=true
[2015.11.26-05.52.56:013][ 38]LogSavePackage: Save=158.231689ms
[2015.11.26-05.52.56:013][ 38]LogSavePackage: Moving '../../../../../../Users/Edosiho/Desktop/CATS/Saved/estrellasboss59B933ED42362A5CAC25D88D65A26653.tmp' to '../../../../../../Users/Edosiho/Desktop/CATS/Content/Cats/Sprites/estrellasboss.uasset'
[2015.11.26-05.52.56:020][ 38]LogSavePackage: Total save time: 165.845338ms
[2015.11.26-05.52.56:020][ 38]LogSavePackage:Warning: Finished SavePackage ../../../../../../Users/Edosiho/Desktop/CATS/Content/Cats/Sprites/estrellasboss.uasset
[2015.11.26-05.52.56:094][ 38]LogSavePackage: Save=14.793871ms
[2015.11.26-05.52.56:094][ 38]LogSavePackage: Moving '../../../../../../Users/Edosiho/Desktop/CATS/Saved/bossizquierda_Sprite_01462667A40E55E7C9239DD9FEA68A9FC.tmp' to '../../../../../../Users/Edosiho/Desktop/CATS/Content/Cats/Sprites/BossIzquierda/bossizquierda_Sprite_0.uasset'
[2015.11.26-05.52.56:101][ 38]LogSavePackage: Total save time: 22.737227ms
[2015.11.26-05.52.56:101][ 38]LogSavePackage:Warning: Finished SavePackage ../../../../../../Users/Edosiho/Desktop/CATS/Content/Cats/Sprites/BossIzquierda/bossizquierda_Sprite_0.uasset
[2015.11.26-05.52.56:187][ 38]LogSavePackage: Save=14.333728ms
[2015.11.26-05.52.56:188][ 38]LogSavePackage: Moving '../../../../../../Users/Edosiho/Desktop/CATS/Saved/bossizquierda_Sprite_1FCB927794D2E0FD24D310A97C6575B28.tmp' to '../../../../../../Users/Edosiho/Desktop/CATS/Content/Cats/Sprites/BossIzquierda/bossizquierda_Sprite_1.uasset'
[2015.11.26-05.52.56:193][ 38]LogSavePackage: Total save time: 19.825101ms
[2015.11.26-05.52.56:193][ 38]LogSavePackage:Warning: Finished SavePackage ../../../../../../Users/Edosiho/Desktop/CATS/Content/Cats/Sprites/BossIzquierda/bossizquierda_Sprite_1.uasset
[2015.11.26-05.52.56:256][ 38]LogSavePackage: Save=14.416608ms
[2015.11.26-05.52.56:256][ 38]LogSavePackage: Moving '../../../../../../Users/Edosiho/Desktop/CATS/Saved/bossizquierda_Sprite_29616C94C453BE349AB2C9B8760389957.tmp' to '../../../../../../Users/Edosiho/Desktop/CATS/Content/Cats/Sprites/BossIzquierda/bossizquierda_Sprite_2.uasset'
[2015.11.26-05.52.56:261][ 38]LogSavePackage: Total save time: 20.089138ms
[2015.11.26-05.52.56:261][ 38]LogSavePackage:Warning: Finished SavePackage ../../../../../../Users/Edosiho/Desktop/CATS/Content/Cats/Sprites/BossIzquierda/bossizquierda_Sprite_2.uasset
[2015.11.26-05.52.56:326][ 38]LogSavePackage: Save=15.309267ms
[2015.11.26-05.52.56:326][ 38]LogSavePackage: Moving '../../../../../../Users/Edosiho/Desktop/CATS/Saved/bossizquierda_Sprite_37D34F11B4708D7DA540B27B1DCF361D5.tmp' to '../../../../../../Users/Edosiho/Desktop/CATS/Content/Cats/Sprites/BossIzquierda/bossizquierda_Sprite_3.uasset'
[2015.11.26-05.52.56:335][ 38]LogSavePackage: Total save time: 24.903882ms
[2015.11.26-05.52.56:335][ 38]LogSavePackage:Warning: Finished SavePackage ../../../../../../Users/Edosiho/Desktop/CATS/Content/Cats/Sprites/BossIzquierda/bossizquierda_Sprite_3.uasset
[2015.11.26-05.52.56:405][ 38]LogSavePackage: Save=14.787077ms
[2015.11.26-05.52.56:406][ 38]LogSavePackage: Moving '../../../../../../Users/Edosiho/Desktop/CATS/Saved/bossizquierda_Sprite_49897A06B42FC21976194DE9FC0BFC9A2.tmp' to '../../../../../../Users/Edosiho/Desktop/CATS/Content/Cats/Sprites/BossIzquierda/bossizquierda_Sprite_4.uasset'
[2015.11.26-05.52.56:411][ 38]LogSavePackage: Total save time: 21.927897ms
[2015.11.26-05.52.56:411][ 38]LogSavePackage:Warning: Finished SavePackage ../../../../../../Users/Edosiho/Desktop/CATS/Content/Cats/Sprites/BossIzquierda/bossizquierda_Sprite_4.uasset
[2015.11.26-05.52.56:480][ 38]LogSavePackage: Save=14.016247ms
[2015.11.26-05.52.56:480][ 38]LogSavePackage: Moving '../../../../../../Users/Edosiho/Desktop/CATS/Saved/bossizquierda_Sprite_5789A393E49504A0B0492CA9C4A004340.tmp' to '../../../../../../Users/Edosiho/Desktop/CATS/Content/Cats/Sprites/BossIzquierda/bossizquierda_Sprite_5.uasset'
[2015.11.26-05.52.56:485][ 38]LogSavePackage: Total save time: 19.687418ms
[2015.11.26-05.52.56:485][ 38]LogSavePackage:Warning: Finished SavePackage ../../../../../../Users/Edosiho/Desktop/CATS/Content/Cats/Sprites/BossIzquierda/bossizquierda_Sprite_5.uasset
[2015.11.26-05.52.56:555][ 38]LogSavePackage: Save=13.694691ms
[2015.11.26-05.52.56:556][ 38]LogSavePackage: Moving '../../../../../../Users/Edosiho/Desktop/CATS/Saved/bossizquierda_Sprite_644F475F14430905DF1BFFBA9BB09DCBF.tmp' to '../../../../../../Users/Edosiho/Desktop/CATS/Content/Cats/Sprites/BossIzquierda/bossizquierda_Sprite_6.uasset'
[2015.11.26-05.52.56:562][ 38]LogSavePackage: Total save time: 20.604536ms
[2015.11.26-05.52.56:562][ 38]LogSavePackage:Warning: Finished SavePackage ../../../../../../Users/Edosiho/Desktop/CATS/Content/Cats/Sprites/BossIzquierda/bossizquierda_Sprite_6.uasset
[2015.11.26-05.52.56:623][ 38]LogSavePackage: Save=13.663441ms
[2015.11.26-05.52.56:623][ 38]LogSavePackage: Moving '../../../../../../Users/Edosiho/Desktop/CATS/Saved/bossizquierda_Sprite_7ABFAC70E40D4B895D34D1490E9A808D1.tmp' to '../../../../../../Users/Edosiho/Desktop/CATS/Content/Cats/Sprites/BossIzquierda/bossizquierda_Sprite_7.uasset'
[2015.11.26-05.52.56:628][ 38]LogSavePackage: Total save time: 19.643944ms
[2015.11.26-05.52.56:629][ 38]LogSavePackage:Warning: Finished SavePackage ../../../../../../Users/Edosiho/Desktop/CATS/Content/Cats/Sprites/BossIzquierda/bossizquierda_Sprite_7.uasset
[2015.11.26-05.52.56:690][ 38]LogSavePackage: Save=13.518514ms
[2015.11.26-05.52.56:690][ 38]LogSavePackage: Moving '../../../../../../Users/Edosiho/Desktop/CATS/Saved/bossizquierda_Sprite_805CCA2D94824809E51D969BC5E6250ED.tmp' to '../../../../../../Users/Edosiho/Desktop/CATS/Content/Cats/Sprites/BossIzquierda/bossizquierda_Sprite_8.uasset'
[2015.11.26-05.52.56:696][ 38]LogSavePackage: Total save time: 19.410249ms
[2015.11.26-05.52.56:696][ 38]LogSavePackage:Warning: Finished SavePackage ../../../../../../Users/Edosiho/Desktop/CATS/Content/Cats/Sprites/BossIzquierda/bossizquierda_Sprite_8.uasset
[2015.11.26-05.52.56:757][ 38]LogSavePackage: Save=13.710542ms
[2015.11.26-05.52.56:757][ 38]LogSavePackage: Moving '../../../../../../Users/Edosiho/Desktop/CATS/Saved/bossizquierda_Sprite_97921E4C74BBD08FBE1F19C9BB330C80C.tmp' to '../../../../../../Users/Edosiho/Desktop/CATS/Content/Cats/Sprites/BossIzquierda/bossizquierda_Sprite_9.uasset'
[2015.11.26-05.52.56:763][ 38]LogSavePackage: Total save time: 19.643940ms
[2015.11.26-05.52.56:763][ 38]LogSavePackage:Warning: Finished SavePackage ../../../../../../Users/Edosiho/Desktop/CATS/Content/Cats/Sprites/BossIzquierda/bossizquierda_Sprite_9.uasset
[2015.11.26-05.52.56:816][ 38]LogSavePackage: Save=13.832824ms
[2015.11.26-05.52.56:816][ 38]LogSavePackage: Moving '../../../../../../Users/Edosiho/Desktop/CATS/Saved/bossizquierda_Sprite_105BC5EAD446F097CB7FBBF6A51356B9A5.tmp' to '../../../../../../Users/Edosiho/Desktop/CATS/Content/Cats/Sprites/BossIzquierda/bossizquierda_Sprite_10.uasset'
[2015.11.26-05.52.56:821][ 38]LogSavePackage: Total save time: 19.802459ms
[2015.11.26-05.52.56:821][ 38]LogSavePackage:Warning: Finished SavePackage ../../../../../../Users/Edosiho/Desktop/CATS/Content/Cats/Sprites/BossIzquierda/bossizquierda_Sprite_10.uasset
[2015.11.26-05.52.56:879][ 38]LogSavePackage: Save=14.601390ms
[2015.11.26-05.52.56:879][ 38]LogSavePackage: Moving '../../../../../../Users/Edosiho/Desktop/CATS/Saved/bossizquierda_Sprite_11FDF8F3CE40362523D6111D8D11C288D9.tmp' to '../../../../../../Users/Edosiho/Desktop/CATS/Content/Cats/Sprites/BossIzquierda/bossizquierda_Sprite_11.uasset'
[2015.11.26-05.52.56:886][ 38]LogSavePackage: Total save time: 22.864487ms
[2015.11.26-05.52.56:886][ 38]LogSavePackage:Warning: Finished SavePackage ../../../../../../Users/Edosiho/Desktop/CATS/Content/Cats/Sprites/BossIzquierda/bossizquierda_Sprite_11.uasset
[2015.11.26-05.52.56:923][ 38]Cmd: OBJ SAVEPACKAGE PACKAGE="/Game/Cats/Sprites/BossIzquierda/BossLeft" FILE="../../../../../../Users/Edosiho/Desktop/CATS/Content/Cats/Sprites/BossIzquierda/BossLeft.uasset" SILENT=true
[2015.11.26-05.52.56:944][ 38]LogSavePackage: Save=13.553387ms
[2015.11.26-05.52.56:944][ 38]LogSavePackage: Moving '../../../../../../Users/Edosiho/Desktop/CATS/Saved/BossLeft67C59182430B605BC939D19E935E0855.tmp' to '../../../../../../Users/Edosiho/Desktop/CATS/Content/Cats/Sprites/BossIzquierda/BossLeft.uasset'
[2015.11.26-05.52.56:950][ 38]LogSavePackage: Total save time: 20.452816ms
[2015.11.26-05.52.56:950][ 38]LogSavePackage:Warning: Finished SavePackage ../../../../../../Users/Edosiho/Desktop/CATS/Content/Cats/Sprites/BossIzquierda/BossLeft.uasset
[2015.11.26-05.52.57:043][ 38]LogSavePackage: Save=31.801500ms
[2015.11.26-05.52.57:043][ 38]LogSavePackage: Moving '../../../../../../Users/Edosiho/Desktop/CATS/Saved/bossderecha_Sprite_0291F765C47183EFECB99E7AF77A3A22D.tmp' to '../../../../../../Users/Edosiho/Desktop/CATS/Content/Cats/Sprites/BossDerecha/bossderecha_Sprite_0.uasset'
[2015.11.26-05.52.57:050][ 38]LogSavePackage: Total save time: 39.080907ms
[2015.11.26-05.52.57:050][ 38]LogSavePackage:Warning: Finished SavePackage ../../../../../../Users/Edosiho/Desktop/CATS/Content/Cats/Sprites/BossDerecha/bossderecha_Sprite_0.uasset
[2015.11.26-05.52.57:116][ 38]LogSavePackage: Save=15.184268ms
[2015.11.26-05.52.57:116][ 38]LogSavePackage: Moving '../../../../../../Users/Edosiho/Desktop/CATS/Saved/bossderecha_Sprite_18C7947B6417D5CFE348BAA814A3A51A0.tmp' to '../../../../../../Users/Edosiho/Desktop/CATS/Content/Cats/Sprites/BossDerecha/bossderecha_Sprite_1.uasset'
[2015.11.26-05.52.57:122][ 38]LogSavePackage: Total save time: 21.451905ms
[2015.11.26-05.52.57:122][ 38]LogSavePackage:Warning: Finished SavePackage ../../../../../../Users/Edosiho/Desktop/CATS/Content/Cats/Sprites/BossDerecha/bossderecha_Sprite_1.uasset
[2015.11.26-05.52.57:186][ 38]LogSavePackage: Save=26.541559ms
[2015.11.26-05.52.57:186][ 38]LogSavePackage: Moving '../../../../../../Users/Edosiho/Desktop/CATS/Saved/bossderecha_Sprite_2155B10BE4A24D87315049AA896A6AADA.tmp' to '../../../../../../Users/Edosiho/Desktop/CATS/Content/Cats/Sprites/BossDerecha/bossderecha_Sprite_2.uasset'
[2015.11.26-05.52.57:219][ 38]LogSavePackage: Total save time: 60.002923ms
[2015.11.26-05.52.57:220][ 38]LogSavePackage:Warning: Finished SavePackage ../../../../../../Users/Edosiho/Desktop/CATS/Content/Cats/Sprites/BossDerecha/bossderecha_Sprite_2.uasset
[2015.11.26-05.52.57:288][ 38]LogSavePackage: Save=26.471813ms
[2015.11.26-05.52.57:288][ 38]LogSavePackage: Moving '../../../../../../Users/Edosiho/Desktop/CATS/Saved/bossderecha_Sprite_32AB2744D45A4EEC841E0A7ACDCA0337F.tmp' to '../../../../../../Users/Edosiho/Desktop/CATS/Content/Cats/Sprites/BossDerecha/bossderecha_Sprite_3.uasset'
[2015.11.26-05.52.57:297][ 38]LogSavePackage: Total save time: 35.996683ms
[2015.11.26-05.52.57:297][ 38]LogSavePackage:Warning: Finished SavePackage ../../../../../../Users/Edosiho/Desktop/CATS/Content/Cats/Sprites/BossDerecha/bossderecha_Sprite_3.uasset
[2015.11.26-05.52.57:373][ 38]LogSavePackage: Save=15.909808ms
[2015.11.26-05.52.57:373][ 38]LogSavePackage: Moving '../../../../../../Users/Edosiho/Desktop/CATS/Saved/bossderecha_Sprite_458044EA546C82881999907B1DAB64751.tmp' to '../../../../../../Users/Edosiho/Desktop/CATS/Content/Cats/Sprites/BossDerecha/bossderecha_Sprite_4.uasset'
[2015.11.26-05.52.57:379][ 38]LogSavePackage: Total save time: 22.504438ms
[2015.11.26-05.52.57:379][ 38]LogSavePackage:Warning: Finished SavePackage ../../../../../../Users/Edosiho/Desktop/CATS/Content/Cats/Sprites/BossDerecha/bossderecha_Sprite_4.uasset
[2015.11.26-05.52.57:439][ 38]LogSavePackage: Save=16.816507ms
[2015.11.26-05.52.57:439][ 38]LogSavePackage: Moving '../../../../../../Users/Edosiho/Desktop/CATS/Saved/bossderecha_Sprite_5C53D99384505E69DD0820FABF587EEA6.tmp' to '../../../../../../Users/Edosiho/Desktop/CATS/Content/Cats/Sprites/BossDerecha/bossderecha_Sprite_5.uasset'
[2015.11.26-05.52.57:454][ 38]LogSavePackage: Total save time: 32.868527ms
[2015.11.26-05.52.57:454][ 38]LogSavePackage:Warning: Finished SavePackage ../../../../../../Users/Edosiho/Desktop/CATS/Content/Cats/Sprites/BossDerecha/bossderecha_Sprite_5.uasset
[2015.11.26-05.52.57:518][ 38]LogSavePackage: Save=16.986797ms
[2015.11.26-05.52.57:518][ 38]LogSavePackage: Moving '../../../../../../Users/Edosiho/Desktop/CATS/Saved/bossderecha_Sprite_65B344B434201FA90EA6796AF5EDFA0FB.tmp' to '../../../../../../Users/Edosiho/Desktop/CATS/Content/Cats/Sprites/BossDerecha/bossderecha_Sprite_6.uasset'
[2015.11.26-05.52.57:525][ 38]LogSavePackage: Total save time: 24.729516ms
[2015.11.26-05.52.57:525][ 38]LogSavePackage:Warning: Finished SavePackage ../../../../../../Users/Edosiho/Desktop/CATS/Content/Cats/Sprites/BossDerecha/bossderecha_Sprite_6.uasset
[2015.11.26-05.52.57:608][ 38]LogSavePackage: Save=23.490847ms
[2015.11.26-05.52.57:608][ 38]LogSavePackage: Moving '../../../../../../Users/Edosiho/Desktop/CATS/Saved/bossderecha_Sprite_75C66DE0C41A3F149E96463A2992869C3.tmp' to '../../../../../../Users/Edosiho/Desktop/CATS/Content/Cats/Sprites/BossDerecha/bossderecha_Sprite_7.uasset'
[2015.11.26-05.52.57:616][ 38]LogSavePackage: Total save time: 34.903843ms
[2015.11.26-05.52.57:616][ 38]LogSavePackage:Warning: Finished SavePackage ../../../../../../Users/Edosiho/Desktop/CATS/Content/Cats/Sprites/BossDerecha/bossderecha_Sprite_7.uasset
[2015.11.26-05.52.57:688][ 38]LogSavePackage: Save=26.036125ms
[2015.11.26-05.52.57:689][ 38]LogSavePackage: Moving '../../../../../../Users/Edosiho/Desktop/CATS/Saved/bossderecha_Sprite_808FD758C45BE50721D7B2D86842D4127.tmp' to '../../../../../../Users/Edosiho/Desktop/CATS/Content/Cats/Sprites/BossDerecha/bossderecha_Sprite_8.uasset'
[2015.11.26-05.52.57:695][ 38]LogSavePackage: Total save time: 33.249862ms
[2015.11.26-05.52.57:695][ 38]LogSavePackage:Warning: Finished SavePackage ../../../../../../Users/Edosiho/Desktop/CATS/Content/Cats/Sprites/BossDerecha/bossderecha_Sprite_8.uasset
[2015.11.26-05.52.57:756][ 38]LogSavePackage: Save=14.728201ms
[2015.11.26-05.52.57:756][ 38]LogSavePackage: Moving '../../../../../../Users/Edosiho/Desktop/CATS/Saved/bossderecha_Sprite_9608612864BA95DA655D1F4B4A8BF7CB1.tmp' to '../../../../../../Users/Edosiho/Desktop/CATS/Content/Cats/Sprites/BossDerecha/bossderecha_Sprite_9.uasset'
[2015.11.26-05.52.57:774][ 38]LogSavePackage: Total save time: 34.006651ms
[2015.11.26-05.52.57:774][ 38]LogSavePackage:Warning: Finished SavePackage ../../../../../../Users/Edosiho/Desktop/CATS/Content/Cats/Sprites/BossDerecha/bossderecha_Sprite_9.uasset
[2015.11.26-05.52.57:835][ 38]LogSavePackage: Save=16.038883ms
[2015.11.26-05.52.57:835][ 38]LogSavePackage: Moving '../../../../../../Users/Edosiho/Desktop/CATS/Saved/bossderecha_Sprite_1016E5C84E40378A7B8938C08F2894DBD6.tmp' to '../../../../../../Users/Edosiho/Desktop/CATS/Content/Cats/Sprites/BossDerecha/bossderecha_Sprite_10.uasset'
[2015.11.26-05.52.57:841][ 38]LogSavePackage: Total save time: 23.998998ms
[2015.11.26-05.52.57:842][ 38]LogSavePackage:Warning: Finished SavePackage ../../../../../../Users/Edosiho/Desktop/CATS/Content/Cats/Sprites/BossDerecha/bossderecha_Sprite_10.uasset
[2015.11.26-05.52.57:920][ 38]LogSavePackage: Save=28.733578ms
[2015.11.26-05.52.57:920][ 38]LogSavePackage: Moving '../../../../../../Users/Edosiho/Desktop/CATS/Saved/bossderecha_Sprite_118B59777049EB916317256E9FB6F5E1A8.tmp' to '../../../../../../Users/Edosiho/Desktop/CATS/Content/Cats/Sprites/BossDerecha/bossderecha_Sprite_11.uasset'
[2015.11.26-05.52.57:927][ 38]LogSavePackage: Total save time: 36.115345ms
[2015.11.26-05.52.57:927][ 38]LogSavePackage:Warning: Finished SavePackage ../../../../../../Users/Edosiho/Desktop/CATS/Content/Cats/Sprites/BossDerecha/bossderecha_Sprite_11.uasset
[2015.11.26-05.52.57:980][ 38]Cmd: OBJ SAVEPACKAGE PACKAGE="/Game/Cats/Sprites/BossDerecha/BossRight" FILE="../../../../../../Users/Edosiho/Desktop/CATS/Content/Cats/Sprites/BossDerecha/BossRight.uasset" SILENT=true
[2015.11.26-05.52.58:001][ 38]LogSavePackage: Save=14.911171ms
[2015.11.26-05.52.58:001][ 38]LogSavePackage: Moving '../../../../../../Users/Edosiho/Desktop/CATS/Saved/BossRight0DD61CB1408F8592DD52E49BA1FAAA2B.tmp' to '../../../../../../Users/Edosiho/Desktop/CATS/Content/Cats/Sprites/BossDerecha/BossRight.uasset'
[2015.11.26-05.52.58:008][ 38]LogSavePackage: Total save time: 21.986324ms
[2015.11.26-05.52.58:008][ 38]LogSavePackage:Warning: Finished SavePackage ../../../../../../Users/Edosiho/Desktop/CATS/Content/Cats/Sprites/BossDerecha/BossRight.uasset
[2015.11.26-05.53.00:635][130]LogWindowsTextInputMethodSystem:Display: IME system now deactivated.
[2015.11.26-05.53.01:829][131]Cmd: QUIT_EDITOR
[2015.11.26-05.53.05:184][131]LogExit: Preparing to exit.
[2015.11.26-05.53.09:785][131]LogExit: Editor shut down
[2015.11.26-05.53.09:787][131]LogExit: Transaction tracking system shut down
[2015.11.26-05.53.10:078][131]LogParticles: Destroying 0 GPU particle simulations for FXSystem 0x0000005C79332FC0
[2015.11.26-05.53.10:084][131]LogParticles: Destroying 0 GPU particle simulations for FXSystem 0x0000005C07F7B880
[2015.11.26-05.53.10:084][131]LogParticles: Destroying 0 GPU particle simulations for FXSystem 0x0000005C0834BE20
[2015.11.26-05.53.10:084][131]LogParticles: Destroying 0 GPU particle simulations for FXSystem 0x0000005C08BE7420
[2015.11.26-05.53.10:112][131]LogParticles: Destroying 0 GPU particle simulations for FXSystem 0x0000005C0E42D6C0
[2015.11.26-05.53.11:645][131]LogExit: Object subsystem successfully closed.
[2015.11.26-05.53.12:024][131]LogD3D11RHI: Shutdown
[2015.11.26-05.53.12:024][131]LogD3D11RHI: CleanupD3DDevice
[2015.11.26-05.53.12:906][131]LogD3D11RHI: ~FD3D11DynamicRHI
[2015.11.26-05.53.13:195][131]LogModuleManager: Shutting down and abandoning module CrashTracker (199)
[2015.11.26-05.53.13:195][131]LogModuleManager: Shutting down and abandoning module SceneOutliner (198)
[2015.11.26-05.53.13:195][131]LogModuleManager: Shutting down and abandoning module SuperSearch (197)
[2015.11.26-05.53.13:195][131]LogModuleManager: Shutting down and abandoning module WidgetCarousel (196)
[2015.11.26-05.53.13:195][131]LogModuleManager: Shutting down and abandoning module AddContentDialog (195)
[2015.11.26-05.53.13:492][131]LogModuleManager: Shutting down and abandoning module EditorWidgets (194)
[2015.11.26-05.53.13:492][131]LogModuleManager: Shutting down and abandoning module CollectionManager (193)
[2015.11.26-05.53.13:492][131]LogModuleManager: Shutting down and abandoning module StatsViewer (192)
[2015.11.26-05.53.13:492][131]LogModuleManager: Shutting down and abandoning module FoliageEdit (191)
[2015.11.26-05.53.13:492][131]LogModuleManager: Shutting down and abandoning module LandscapeEditor (190)
[2015.11.26-05.53.13:650][131]LogModuleManager: Shutting down and abandoning module ActorPickerMode (189)
[2015.11.26-05.53.13:650][131]LogModuleManager: Shutting down and abandoning module GeometryMode (188)
[2015.11.26-05.53.13:650][131]LogModuleManager: Shutting down and abandoning module TextureAlignMode (187)
[2015.11.26-05.53.13:650][131]LogModuleManager: Shutting down and abandoning module BspMode (186)
[2015.11.26-05.53.13:650][131]LogModuleManager: Shutting down and abandoning module PlacementMode (185)
[2015.11.26-05.53.13:650][131]LogModuleManager: Shutting down and abandoning module AutomationWorker (184)
[2015.11.26-05.53.13:650][131]LogModuleManager: Shutting down and abandoning module CharacterAI (183)
[2015.11.26-05.53.13:650][131]LogModuleManager: Shutting down and abandoning module SmartSnapping (182)
[2015.11.26-05.53.13:650][131]LogModuleManager: Shutting down and abandoning module ViewportSnapping (181)
[2015.11.26-05.53.13:650][131]LogModuleManager: Shutting down and abandoning module LogVisualizer (180)
[2015.11.26-05.53.13:651][131]LogModuleManager: Shutting down and abandoning module GameProjectGeneration (179)
[2015.11.26-05.53.13:655][131]LogModuleManager: Shutting down and abandoning module IntroTutorials (178)
[2015.11.26-05.53.13:656][131]LogModuleManager: Shutting down and abandoning module EditorLiveStreaming (177)
[2015.11.26-05.53.13:656][131]LogModuleManager: Shutting down and abandoning module IOSPlatformEditor (176)
[2015.11.26-05.53.13:964][131]LogModuleManager: Shutting down and abandoning module HTML5PlatformEditor (175)
[2015.11.26-05.53.13:967][131]LogModuleManager: Shutting down and abandoning module AndroidDeviceDetection (174)
[2015.11.26-05.53.14:060][131]LogModuleManager: Shutting down and abandoning module AndroidPlatformEditor (173)
[2015.11.26-05.53.14:060][131]LogModuleManager: Shutting down and abandoning module IOSRuntimeSettings (172)
[2015.11.26-05.53.14:060][131]LogModuleManager: Shutting down and abandoning module AndroidRuntimeSettings (171)
[2015.11.26-05.53.14:060][131]LogModuleManager: Shutting down and abandoning module MergeActors (170)
[2015.11.26-05.53.14:060][131]LogModuleManager: Shutting down and abandoning module SizeMap (169)
[2015.11.26-05.53.14:060][131]LogModuleManager: Shutting down and abandoning module TreeMap (168)
[2015.11.26-05.53.14:060][131]LogModuleManager: Shutting down and abandoning module ReferenceViewer (167)
[2015.11.26-05.53.14:060][131]LogModuleManager: Shutting down and abandoning module LocalizationService (166)
[2015.11.26-05.53.14:060][131]LogModuleManager: Shutting down and abandoning module LocalizationDashboard (165)
[2015.11.26-05.53.14:194][131]LogModuleManager: Shutting down and abandoning module HardwareTargeting (164)
[2015.11.26-05.53.14:194][131]LogModuleManager: Shutting down and abandoning module DeviceProfileEditor (163)
[2015.11.26-05.53.14:194][131]LogModuleManager: Shutting down and abandoning module UndoHistory (162)
[2015.11.26-05.53.14:194][131]LogModuleManager: Shutting down and abandoning module GameplayTagsEditor (161)
[2015.11.26-05.53.14:194][131]LogModuleManager: Shutting down and abandoning module UserFeedback (160)
[2015.11.26-05.53.14:194][131]LogModuleManager: Shutting down and abandoning module XmlParser (159)
[2015.11.26-05.53.14:194][131]LogModuleManager: Shutting down and abandoning module Blutility (158)
[2015.11.26-05.53.14:194][131]LogModuleManager: Shutting down and abandoning module ProjectTargetPlatformEditor (157)
[2015.11.26-05.53.14:259][131]LogModuleManager: Shutting down and abandoning module ProjectSettingsViewer (156)
[2015.11.26-05.53.14:259][131]LogModuleManager: Shutting down and abandoning module InputBindingEditor (155)
[2015.11.26-05.53.14:259][131]LogModuleManager: Shutting down and abandoning module EditorSettingsViewer (154)
[2015.11.26-05.53.14:259][131]LogModuleManager: Shutting down and abandoning module SettingsEditor (153)
[2015.11.26-05.53.14:259][131]LogModuleManager: Shutting down and abandoning module ProjectLauncher (152)
[2015.11.26-05.53.14:668][131]LogModuleManager: Shutting down and abandoning module SessionFrontend (151)
[2015.11.26-05.53.14:705][131]LogModuleManager: Shutting down and abandoning module ProfilerClient (150)
[2015.11.26-05.53.14:712][131]LogModuleManager: Shutting down and abandoning module TargetDeviceServices (149)
[2015.11.26-05.53.14:712][131]LogModuleManager: Shutting down and abandoning module DeviceManager (148)
[2015.11.26-05.53.14:712][131]LogModuleManager: Shutting down and abandoning module AutomationController (147)
[2015.11.26-05.53.14:712][131]LogModuleManager: Shutting down and abandoning module AutomationWindow (146)
[2015.11.26-05.53.14:725][131]LogModuleManager: Shutting down and abandoning module Layers (145)
[2015.11.26-05.53.14:725][131]LogModuleManager: Shutting down and abandoning module ComponentVisualizers (144)
[2015.11.26-05.53.14:725][131]LogModuleManager: Shutting down and abandoning module DetailCustomizations (143)
[2015.11.26-05.53.14:725][131]LogModuleManager: Shutting down and abandoning module PackagesDialog (142)
[2015.11.26-05.53.14:725][131]LogModuleManager: Shutting down and abandoning module Persona (141)
[2015.11.26-05.53.14:725][131]LogModuleManager: Shutting down and abandoning module Kismet (140)
[2015.11.26-05.53.14:725][131]LogModuleManager: Shutting down and abandoning module GraphEditor (139)
[2015.11.26-05.53.14:726][131]LogModuleManager: Shutting down and abandoning module ClassViewer (138)
[2015.11.26-05.53.14:726][131]LogModuleManager: Shutting down and abandoning module Toolbox (137)
[2015.11.26-05.53.14:726][131]LogModuleManager: Shutting down and abandoning module ModuleUI (136)
[2015.11.26-05.53.14:726][131]LogModuleManager: Shutting down and abandoning module MovieSceneTools (135)
[2015.11.26-05.53.14:726][131]LogModuleManager: Shutting down and abandoning module OutputLog (134)
[2015.11.26-05.53.14:726][131]LogModuleManager: Shutting down and abandoning module GammaUI (133)
[2015.11.26-05.53.14:726][131]LogModuleManager: Shutting down and abandoning module Documentation (132)
[2015.11.26-05.53.14:726][131]LogModuleManager: Shutting down and abandoning module GameLiveStreaming (131)
[2015.11.26-05.53.14:729][131]LogModuleManager: Shutting down and abandoning module StreamingPauseRendering (130)
[2015.11.26-05.53.14:729][131]LogModuleManager: Shutting down and abandoning module AnalyticsET (129)
[2015.11.26-05.53.14:729][131]LogModuleManager: Shutting down and abandoning module Analytics (128)
[2015.11.26-05.53.14:729][131]LogModuleManager: Shutting down and abandoning module AITestSuite (127)
[2015.11.26-05.53.14:729][131]LogModuleManager: Shutting down and abandoning module GameplayDebugger (126)
[2015.11.26-05.53.14:729][131]LogModuleManager: Shutting down and abandoning module AIModule (125)
[2015.11.26-05.53.14:729][131]LogModuleManager: Shutting down and abandoning module ProfilerService (124)
[2015.11.26-05.53.14:892][131]LogModuleManager: Shutting down and abandoning module TaskGraph (123)
[2015.11.26-05.53.14:892][131]LogModuleManager: Shutting down and abandoning module SubstanceEditor (122)
[2015.11.26-05.53.15:043][131]LogModuleManager: Shutting down and abandoning module SlateRemote (121)
[2015.11.26-05.53.15:043][131]LogModuleManager: Shutting down and abandoning module SteamVRController (120)
[2015.11.26-05.53.15:043][131]LogModuleManager: Shutting down and abandoning module SteamVR (119)
[2015.11.26-05.53.15:043][131]LogModuleManager: Shutting down and abandoning module ProceduralMeshComponent (118)
[2015.11.26-05.53.15:043][131]LogModuleManager: Shutting down and abandoning module OculusRift (117)
[2015.11.26-05.53.15:043][131]LogModuleManager: Shutting down and abandoning module OculusLibrary (116)
[2015.11.26-05.53.15:043][131]LogModuleManager: Shutting down and abandoning module LeapMotionController (115)
[2015.11.26-05.53.15:111][131]LogModuleManager: Shutting down and abandoning module CustomMeshComponent (114)
[2015.11.26-05.53.15:111][131]LogModuleManager: Shutting down and abandoning module CableComponent (113)
[2015.11.26-05.53.15:111][131]LogModuleManager: Shutting down and abandoning module ArchVisCharacter (112)
[2015.11.26-05.53.15:111][131]LogModuleManager: Shutting down and abandoning module MessagingDebugger (111)
[2015.11.26-05.53.15:137][131]LogModuleManager: Shutting down and abandoning module MediaPlayerEditor (110)
[2015.11.26-05.53.15:145][131]LogModuleManager: Shutting down and abandoning module HTML5Networking (109)
[2015.11.26-05.53.15:145][131]LogModuleManager: Shutting down and abandoning module SpeedTreeImporter (108)
[2015.11.26-05.53.15:145][131]LogModuleManager: Shutting down and abandoning module PluginBrowser (107)
[2015.11.26-05.53.15:149][131]LogModuleManager: Shutting down and abandoning module EpicSurvey (106)
[2015.11.26-05.53.15:149][131]LogModuleManager: Shutting down and abandoning module DesktopPlatform (105)
[2015.11.26-05.53.15:149][131]LogModuleManager: Shutting down and abandoning module VisualStudioSourceCodeAccess (104)
[2015.11.26-05.53.15:149][131]LogModuleManager: Shutting down and abandoning module UObjectPlugin (103)
[2015.11.26-05.53.15:149][131]LogModuleManager: Shutting down and abandoning module SubversionSourceControl (102)
[2015.11.26-05.53.15:149][131]LogModuleManager: Shutting down and abandoning module PerforceSourceControl (101)
[2015.11.26-05.53.15:150][131]LogModuleManager: Shutting down and abandoning module SourceControl (100)
[2015.11.26-05.53.15:150][131]LogModuleManager: Shutting down and abandoning module GitSourceControl (99)
[2015.11.26-05.53.15:163][131]LogModuleManager: Shutting down and abandoning module LightPropagationVolumeEditor (98)
[2015.11.26-05.53.15:163][131]LogModuleManager: Shutting down and abandoning module PaperTiledImporter (97)
[2015.11.26-05.53.15:163][131]LogModuleManager: Shutting down and abandoning module PaperSpriteSheetImporter (96)
[2015.11.26-05.53.15:163][131]LogModuleManager: Shutting down and abandoning module MeshPaint (95)
[2015.11.26-05.53.15:163][131]LogModuleManager: Shutting down and abandoning module SlateReflector (94)
[2015.11.26-05.53.15:172][131]LogModuleManager: Shutting down and abandoning module HotReload (93)
[2015.11.26-05.53.15:173][131]LogModuleManager: Shutting down and abandoning module MainFrame (92)
[2015.11.26-05.53.15:173][131]LogModuleManager: Shutting down and abandoning module LevelEditor (91)
[2015.11.26-05.53.15:174][131]LogModuleManager: Shutting down and abandoning module ContentBrowser (90)
[2015.11.26-05.53.15:175][131]LogModuleManager: Shutting down and abandoning module Paper2DEditor (89)
[2015.11.26-05.53.15:175][131]LogModuleManager: Shutting down and abandoning module UdpMessaging (88)
[2015.11.26-05.53.15:277][131]LogModuleManager: Shutting down and abandoning module DirectoryWatcher (87)
[2015.11.26-05.53.15:279][131]LogModuleManager: Shutting down and abandoning module AssetRegistry (86)
[2015.11.26-05.53.15:629][131]LogModuleManager: Shutting down and abandoning module SubstanceCore (85)
[2015.11.26-05.53.15:667][131]LogModuleManager: Shutting down and abandoning module LightPropagationVolumeRuntime (84)
[2015.11.26-05.53.15:667][131]LogModuleManager: Shutting down and abandoning module Paper2D (83)
[2015.11.26-05.53.15:701][131]LogModuleManager: Shutting down and abandoning module WindowsMoviePlayer (82)
[2015.11.26-05.53.15:741][131]LogModuleManager: Shutting down and abandoning module Media (81)
[2015.11.26-05.53.15:741][131]LogModuleManager: Shutting down and abandoning module WmfMedia (80)
[2015.11.26-05.53.15:750][131]LogModuleManager: Shutting down and abandoning module OnlineBlueprintSupport (79)
[2015.11.26-05.53.15:750][131]LogModuleManager: Shutting down and abandoning module GameplayTasksEditor (78)
[2015.11.26-05.53.15:750][131]LogModuleManager: Shutting down and abandoning module PropertyEditor (77)
[2015.11.26-05.53.15:750][131]LogModuleManager: Shutting down and abandoning module BehaviorTreeEditor (76)
[2015.11.26-05.53.15:758][131]LogModuleManager: Shutting down and abandoning module FunctionalTesting (75)
[2015.11.26-05.53.15:758][131]LogModuleManager: Shutting down and abandoning module CollisionAnalyzer (74)
[2015.11.26-05.53.15:758][131]LogModuleManager: Shutting down and abandoning module WorkspaceMenuStructure (73)
[2015.11.26-05.53.15:758][131]LogModuleManager: Shutting down and abandoning module MessageLog (72)
[2015.11.26-05.53.15:758][131]LogModuleManager: Shutting down and abandoning module Sequencer (71)
[2015.11.26-05.53.15:758][131]LogModuleManager: Shutting down and abandoning module AssetTools (70)
[2015.11.26-05.53.15:758][131]LogModuleManager: Shutting down and abandoning module UMGEditor (69)
[2015.11.26-05.53.15:758][131]LogModuleManager: Shutting down and abandoning module UMG (68)
[2015.11.26-05.53.15:758][131]LogModuleManager: Shutting down and abandoning module Slate (67)
[2015.11.26-05.53.15:758][131]LogModuleManager: Shutting down and abandoning module EditorStyle (66)
[2015.11.26-05.53.15:762][131]LogModuleManager: Shutting down and abandoning module SessionServices (65)
[2015.11.26-05.53.15:762][131]LogModuleManager: Shutting down and abandoning module SourceCodeAccess (64)
[2015.11.26-05.53.15:762][131]LogModuleManager: Shutting down and abandoning module HeadMountedDisplay (63)
[2015.11.26-05.53.15:762][131]LogModuleManager: Shutting down and abandoning module XAudio2 (62)
[2015.11.26-05.53.15:762][131]LogModuleManager: Shutting down and abandoning module Networking (60)
[2015.11.26-05.53.15:762][131]LogModuleManager: Shutting down and abandoning module Core (59)
[2015.11.26-05.53.15:762][131]LogModuleManager: Shutting down and abandoning module KismetCompiler (58)
[2015.11.26-05.53.15:763][131]LogModuleManager: Shutting down and abandoning module PhysXFormats (57)
[2015.11.26-05.53.15:763][131]LogModuleManager: Shutting down and abandoning module MeshUtilities (56)
[2015.11.26-05.53.15:763][131]LogModuleManager: Shutting down and abandoning module CookingStats (55)
[2015.11.26-05.53.15:765][131]LogModuleManager: Shutting down and abandoning module DerivedDataCache (54)
[2015.11.26-05.53.15:842][131]LogDerivedDataCache: Shutdown
[2015.11.26-05.53.15:842][131]LogModuleManager: Shutting down and abandoning module ShaderFormatOpenGL (53)
[2015.11.26-05.53.15:867][131]LogModuleManager: Shutting down and abandoning module ShaderFormatD3D (52)
[2015.11.26-05.53.15:867][131]LogModuleManager: Shutting down and abandoning module MetalShaderFormat (51)
[2015.11.26-05.53.15:897][131]LogModuleManager: Shutting down and abandoning module TextureFormatUncompressed (50)
[2015.11.26-05.53.15:897][131]LogModuleManager: Shutting down and abandoning module TextureFormatPVR (49)
[2015.11.26-05.53.15:897][131]LogModuleManager: Shutting down and abandoning module TextureFormatIntelISPCTexComp (48)
[2015.11.26-05.53.15:897][131]LogModuleManager: Shutting down and abandoning module TextureFormatDXT (47)
[2015.11.26-05.53.15:897][131]LogModuleManager: Shutting down and abandoning module ImageWrapper (46)
[2015.11.26-05.53.15:897][131]LogModuleManager: Shutting down and abandoning module TextureFormatASTC (45)
[2015.11.26-05.53.15:897][131]LogModuleManager: Shutting down and abandoning module TextureFormatAndroid (44)
[2015.11.26-05.53.15:897][131]LogModuleManager: Shutting down and abandoning module AudioFormatOpus (43)
[2015.11.26-05.53.15:897][131]LogModuleManager: Shutting down and abandoning module AudioFormatOgg (42)
[2015.11.26-05.53.15:897][131]LogModuleManager: Shutting down and abandoning module AudioFormatADPCM (41)
[2015.11.26-05.53.15:897][131]LogModuleManager: Shutting down and abandoning module LinuxTargetPlatform (40)
[2015.11.26-05.53.15:897][131]LogModuleManager: Shutting down and abandoning module LinuxServerTargetPlatform (39)
[2015.11.26-05.53.15:897][131]LogModuleManager: Shutting down and abandoning module LinuxNoEditorTargetPlatform (38)
[2015.11.26-05.53.15:897][131]LogModuleManager: Shutting down and abandoning module Messaging (37)
[2015.11.26-05.53.15:900][131]LogModuleManager: Shutting down and abandoning module IOSTargetPlatform (36)
[2015.11.26-05.53.15:900][131]LogModuleManager: Shutting down and abandoning module HTML5TargetPlatform (35)
[2015.11.26-05.53.15:900][131]LogModuleManager: Shutting down and abandoning module Android_PVRTCTargetPlatform (34)
[2015.11.26-05.53.15:995][131]LogModuleManager: Shutting down and abandoning module Android_ETC2TargetPlatform (33)
[2015.11.26-05.53.16:023][131]LogModuleManager: Shutting down and abandoning module Android_ETC1TargetPlatform (32)
[2015.11.26-05.53.16:120][131]LogModuleManager: Shutting down and abandoning module Android_DXTTargetPlatform (31)
[2015.11.26-05.53.16:204][131]LogModuleManager: Shutting down and abandoning module Android_ATCTargetPlatform (30)
[2015.11.26-05.53.16:325][131]LogModuleManager: Shutting down and abandoning module Android_ASTCTargetPlatform (29)
[2015.11.26-05.53.16:325][131]LogModuleManager: Shutting down and abandoning module AndroidTargetPlatform (28)
[2015.11.26-05.53.16:332][131]LogModuleManager: Shutting down and abandoning module WindowsTargetPlatform (27)
[2015.11.26-05.53.16:332][131]LogModuleManager: Shutting down and abandoning module WindowsServerTargetPlatform (26)
[2015.11.26-05.53.16:332][131]LogModuleManager: Shutting down and abandoning module WindowsNoEditorTargetPlatform (25)
[2015.11.26-05.53.16:332][131]LogModuleManager: Shutting down and abandoning module WindowsClientTargetPlatform (24)
[2015.11.26-05.53.16:332][131]LogModuleManager: Shutting down and abandoning module AllDesktopTargetPlatform (23)
[2015.11.26-05.53.16:332][131]LogModuleManager: Shutting down and abandoning module TargetPlatform (22)
[2015.11.26-05.53.16:332][131]LogModuleManager: Shutting down and abandoning module InputCore (21)
[2015.11.26-05.53.16:332][131]LogModuleManager: Shutting down and abandoning module Settings (20)
[2015.11.26-05.53.16:332][131]LogModuleManager: Shutting down and abandoning module OnlineSubsystem (18)
[2015.11.26-05.53.16:333][131]LogModuleManager: Shutting down and abandoning module HTTP (17)
[2015.11.26-05.53.18:991][131]LogModuleManager: Shutting down and abandoning module XMPP (16)
[2015.11.26-05.53.18:993][131]LogModuleManager: Shutting down and abandoning module ExampleDeviceProfileSelector (15)
[2015.11.26-05.53.18:993][131]LogModuleManager: Shutting down and abandoning module TextureCompressor (14)
[2015.11.26-05.53.18:993][131]LogModuleManager: Shutting down and abandoning module ShaderCore (13)
[2015.11.26-05.53.18:993][131]LogModuleManager: Shutting down and abandoning module Landscape (12)
[2015.11.26-05.53.18:993][131]LogModuleManager: Shutting down and abandoning module SlateRHIRenderer (11)
[2015.11.26-05.53.18:997][131]LogModuleManager: Shutting down and abandoning module OpenGLDrv (10)
[2015.11.26-05.53.18:998][131]LogModuleManager: Shutting down and abandoning module D3D11RHI (9)
[2015.11.26-05.53.18:998][131]LogModuleManager: Shutting down and abandoning module AnimGraphRuntime (8)
[2015.11.26-05.53.18:998][131]LogModuleManager: Shutting down and abandoning module Renderer (7)
[2015.11.26-05.53.18:998][131]LogModuleManager: Shutting down and abandoning module Engine (6)
[2015.11.26-05.53.18:998][131]LogModuleManager: Shutting down and abandoning module CoreUObject (5)
[2015.11.26-05.53.18:998][131]LogModuleManager: Shutting down and abandoning module NetworkFile (4)
[2015.11.26-05.53.18:998][131]LogModuleManager: Shutting down and abandoning module StreamingFile (3)
[2015.11.26-05.53.18:998][131]LogModuleManager: Shutting down and abandoning module SandboxFile (2)
[2015.11.26-05.53.18:998][131]LogModuleManager: Shutting down and abandoning module PakFile (1)
[2015.11.26-05.53.18:999][131]LogExit: Exiting.
[2015.11.26-05.53.19:002][131]Log file closed, 11/25/15 23:53:19
