[2015.11.25-00.47.16:863][  0]Log file open, 11/24/15 18:47:16
[2015.11.25-00.47.16:863][  0]LogInit:Display: Running engine for game: CATS
[2015.11.25-00.47.16:863][  0]LogInit:Display: RandInit(-1021460568) SRandInit(-1021460565).
[2015.11.25-00.47.16:863][  0]LogTaskGraph: Started task graph with 4 named threads and 5 total threads.
[2015.11.25-00.47.16:863][  0]LogStats: Stats thread started at 0.293924
[2015.11.25-00.47.16:863][  0]LogInit: Version: 4.9.1-2689999+++depot+UE4-Releases+4.9
[2015.11.25-00.47.16:863][  0]LogInit: API Version: 2672455
[2015.11.25-00.47.16:863][  0]LogInit: Compiled (64-bit): Sep 14 2015 04:12:03
[2015.11.25-00.47.16:863][  0]LogInit: Compiled with Visual C++: 18.00.21005.01
[2015.11.25-00.47.16:863][  0]LogInit: Build Configuration: Development
[2015.11.25-00.47.16:863][  0]LogInit: Branch Name: ++depot+UE4-Releases+4.9
[2015.11.25-00.47.16:863][  0]LogInit: Command line:  
[2015.11.25-00.47.16:863][  0]LogInit: Base directory: C:/Program Files/Epic Games/4.9/Engine/Binaries/Win64/
[2015.11.25-00.47.16:863][  0]LogInit: Rocket: 1
[2015.11.25-00.47.16:887][  0]LogInit: Using libcurl 7.41.0
[2015.11.25-00.47.16:887][  0]LogInit:  - built for x86_64-pc-win32
[2015.11.25-00.47.16:887][  0]LogInit:  - supports SSL with WinSSL
[2015.11.25-00.47.16:887][  0]LogInit:  - other features:
[2015.11.25-00.47.16:887][  0]LogInit:      CURL_VERSION_SSL
[2015.11.25-00.47.16:887][  0]LogInit:      CURL_VERSION_IPV6
[2015.11.25-00.47.16:887][  0]LogInit:      CURL_VERSION_ASYNCHDNS
[2015.11.25-00.47.16:887][  0]LogInit:      CURL_VERSION_LARGEFILE
[2015.11.25-00.47.16:887][  0]LogInit:      CURL_VERSION_IDN
[2015.11.25-00.47.16:887][  0]LogInit:  CurlRequestOptions (configurable via config and command line):
[2015.11.25-00.47.16:887][  0]LogInit:  - bVerifyPeer = true  - Libcurl will verify peer certificate
[2015.11.25-00.47.16:887][  0]LogInit:  - bUseHttpProxy = false  - Libcurl will NOT use HTTP proxy
[2015.11.25-00.47.16:887][  0]LogInit:  - bDontReuseConnections = false  - Libcurl will reuse connections
[2015.11.25-00.47.16:887][  0]LogInit:  - CertBundlePath = nullptr  - Libcurl will use whatever was configured at build time.
[2015.11.25-00.47.16:909][  0]LogInit: Presizing for 0 objects not considered by GC, pre-allocating 0 bytes.
[2015.11.25-00.47.16:924][  0]LogInit: Object subsystem initialized
[2015.11.25-00.47.16:927][  0]LogInit: Selected Device Profile: [Windows]
[2015.11.25-00.47.16:927][  0]LogInit: Applying CVar settings loaded from the selected device profile: [Windows]
[2015.11.25-00.47.16:947][  0]LogInit: Computer: AGISE
[2015.11.25-00.47.16:947][  0]LogInit: User: Edosiho
[2015.11.25-00.47.16:947][  0]LogInit: CPU Page size=4096, Cores=2
[2015.11.25-00.47.16:947][  0]LogInit: High frequency timer resolution =2.208008 MHz
[2015.11.25-00.47.16:947][  0]LogMemory: Memory total: Physical=6.0GB (6GB approx)
[2015.11.25-00.47.16:947][  0]LogMemory: Platform Memory Stats for Windows
[2015.11.25-00.47.16:947][  0]LogMemory: Process Physical Memory: 55.95 MB used, 55.95 MB peak
[2015.11.25-00.47.16:947][  0]LogMemory: Process Virtual Memory: 57.01 MB used, 57.01 MB peak
[2015.11.25-00.47.16:947][  0]LogMemory: Physical Memory: 1829.80 MB used, 6131.91 MB total
[2015.11.25-00.47.16:947][  0]LogMemory: Virtual Memory: 349.87 MB used, 134217728.00 MB total
[2015.11.25-00.47.18:581][  0]LogD3D11RHI: Found D3D11 adapter 0: NVIDIA Quadro FX 770M (Feature Level 10_0)
[2015.11.25-00.47.18:581][  0]LogD3D11RHI: Adapter has 483MB of dedicated video memory, 0MB of dedicated system memory, and 3065MB of shared system memory, 1 output[s]
[2015.11.25-00.47.18:586][  0]LogD3D11RHI: Found D3D11 adapter 1: Microsoft Basic Render Driver (Feature Level 11_0)
[2015.11.25-00.47.18:586][  0]LogD3D11RHI: Adapter has 0MB of dedicated video memory, 0MB of dedicated system memory, and 256MB of shared system memory, 0 output[s]
[2015.11.25-00.47.18:586][  0]LogD3D11RHI: Chosen D3D11 Adapter Id = 0
[2015.11.25-00.47.18:593][  0]LogD3D11RHI: !Direct3DDevice
[2015.11.25-00.47.18:594][  0]LogRHI: Texture pool is 338 MB (70% of 483 MB)
[2015.11.25-00.47.18:621][  0]LogD3D11RHI: Async texture creation enabled
[2015.11.25-00.47.18:643][  0]LogShaderCompilers: Guid format shader working directory is 15 characters bigger than the processId version (../../../../../../Users/Edosiho/Documents/GitHub/C.A.T.S/CATS/Intermediate/Shaders/WorkingDirectory/3756/).
[2015.11.25-00.47.18:643][  0]LogShaderCompilers: Cleaned the shader compiler working directory '../../../../../../Users/Edosiho/Documents/GitHub/C.A.T.S/CATS/Intermediate/Shaders/tmp/E2CAA4824DA754966581FBA9BE25463C/'.
[2015.11.25-00.47.18:643][  0]LogShaderCompilers:Display: Using Local Shader Compiler.
[2015.11.25-00.47.21:732][  0]LogTemp:Display: Loaded TP AllDesktopTargetPlatform
[2015.11.25-00.47.21:748][  0]LogTemp:Display: Loaded TP WindowsClientTargetPlatform
[2015.11.25-00.47.21:763][  0]LogTemp:Display: Loaded TP WindowsNoEditorTargetPlatform
[2015.11.25-00.47.21:779][  0]LogTemp:Display: Loaded TP WindowsServerTargetPlatform
[2015.11.25-00.47.21:794][  0]LogTemp:Display: Loaded TP WindowsTargetPlatform
[2015.11.25-00.47.21:805][  0]LogTemp:Display: Loaded TP AndroidTargetPlatform
[2015.11.25-00.47.21:819][  0]LogTemp:Display: Loaded TP Android_ASTCTargetPlatform
[2015.11.25-00.47.21:831][  0]LogTemp:Display: Loaded TP Android_ATCTargetPlatform
[2015.11.25-00.47.21:841][  0]LogTemp:Display: Loaded TP Android_DXTTargetPlatform
[2015.11.25-00.47.21:851][  0]LogTemp:Display: Loaded TP Android_ETC1TargetPlatform
[2015.11.25-00.47.21:862][  0]LogTemp:Display: Loaded TP Android_ETC2TargetPlatform
[2015.11.25-00.47.21:873][  0]LogTemp:Display: Loaded TP Android_PVRTCTargetPlatform
[2015.11.25-00.47.21:877][  0]LogTemp:Display: Loaded TP HTML5TargetPlatform
[2015.11.25-00.47.21:908][  0]LogTemp:Display: Loaded TP IOSTargetPlatform
[2015.11.25-00.47.21:917][  0]LogTemp:Display: Loaded TP LinuxNoEditorTargetPlatform
[2015.11.25-00.47.21:928][  0]LogTemp:Display: Loaded TP LinuxServerTargetPlatform
[2015.11.25-00.47.21:938][  0]LogTemp:Display: Loaded TP LinuxTargetPlatform
[2015.11.25-00.47.21:939][  0]LogTargetPlatformManager:Display: Building Assets For Windows
[2015.11.25-00.47.22:202][  0]LogDerivedDataCache:Display: Max Cache Size: 512 MB
[2015.11.25-00.47.22:456][  0]LogDerivedDataCache: Loaded boot cache 0.25s 36MB C:/Users/Edosiho/AppData/Local/UnrealEngine/4.9/DerivedDataCache/Boot.ddc.
[2015.11.25-00.47.22:456][  0]LogDerivedDataCache:Display: Loaded Boot cache: C:/Users/Edosiho/AppData/Local/UnrealEngine/4.9/DerivedDataCache/Boot.ddc
[2015.11.25-00.47.22:456][  0]LogDerivedDataCache: FDerivedDataBackendGraph:  Pak pak cache file ../../../../../../Users/Edosiho/Documents/GitHub/C.A.T.S/CATS/DerivedDataCache/DDC.ddp not found, will not use a pak cache.
[2015.11.25-00.47.22:456][  0]LogDerivedDataCache: Unable to find inner node Pak for hierarchical cache Hierarchy.
[2015.11.25-00.47.22:456][  0]LogDerivedDataCache: FDerivedDataBackendGraph:  CompressedPak pak cache file ../../../../../../Users/Edosiho/Documents/GitHub/C.A.T.S/CATS/DerivedDataCache/Compressed.ddp not found, will not use a pak cache.
[2015.11.25-00.47.22:456][  0]LogDerivedDataCache: Unable to find inner node CompressedPak for hierarchical cache Hierarchy.
[2015.11.25-00.47.22:702][  0]LogDerivedDataCache:Display: Pak cache opened for reading ../../../Engine/DerivedDataCache/Compressed.ddp.
[2015.11.25-00.47.22:715][  0]LogDerivedDataCache: Using Local data cache path C:/Users/Edosiho/AppData/Local/UnrealEngine/Common/DerivedDataCache: Writable
[2015.11.25-00.47.23:134][  0]LogInit: Selected Device Profile: [Windows]
[2015.11.25-00.47.23:143][  0]LogContentStreaming: Texture pool size is 0.000000MB
[2015.11.25-00.47.23:404][  0]LogMeshUtilities: No automatic mesh reduction module available
[2015.11.25-00.47.23:404][  0]LogMeshUtilities: No automatic mesh merging module available
[2015.11.25-00.47.24:145][  0]LogInit: WinSock: version 1.1 (2.2), MaxSocks=32767, MaxUdp=65467
[2015.11.25-00.47.26:122][  0]LogAssetRegistry: FAssetRegistry took 0.0107 seconds to start up
[2015.11.25-00.47.26:164][  0]UdpMessaging: Initializing bridge on interface 0.0.0.0:0 to multicast group 230.0.0.1:6666.
[2015.11.25-00.47.26:674][  0]SourceControl: Info Source control is disabled
[2015.11.25-00.47.27:011][  0]SourceControl: Info Source control is disabled
[2015.11.25-00.47.27:043][  0]SourceControl: Info Source control is disabled
[2015.11.25-00.47.27:076][  0]SourceControl: Info Source control is disabled
[2015.11.25-00.47.27:521][  0]LogLinker:Warning: Asset '../../../Engine/Plugins/Runtime/LeapMotionController/Content/LM_PassthroughMaterial.uasset' has been saved with empty engine version. The asset will be loaded but may be incompatible.
[2015.11.25-00.47.27:796][  0]LogObj: 28528 objects as part of root set at end of initial load.
[2015.11.25-00.47.27:796][  0]LogUObjectAllocator: 6068464 out of 0 bytes used by permanent object pool.
[2015.11.25-00.47.27:930][  0]LogEngine: Initializing Engine...
[2015.11.25-00.47.27:935][  0]LogHMD: Can't find Oculus library dev build: is proper Runtime installed? Version: 0.7.0.0
[2015.11.25-00.47.27:939][  0]LogHMD: SteamVR failed to initialize.  Err: 110
[2015.11.25-00.47.28:191][  0]LogAIModule: Creating AISystem for world NewWorld
[2015.11.25-00.47.28:207][  0]LogInit: XAudio2 using 'Speakers (High Definition Audio Device)' : 2 channels at 44.1 kHz using 16 bits per sample (channel mask 0x3)
[2015.11.25-00.47.28:342][  0]LogInit: FAudioDevice initialized.
[2015.11.25-00.47.28:393][  0]LogDerivedDataCache: Saved boot cache 0.05s 36MB C:/Users/Edosiho/AppData/Local/UnrealEngine/4.9/DerivedDataCache/Boot.ddc.
[2015.11.25-00.47.28:649][  0]LogInit: Texture streaming: Enabled
[2015.11.25-00.47.28:677][  0]LogAnalytics: Creating configured Analytics provider AnalyticsET
[2015.11.25-00.47.28:677][  0]LogAnalytics: [UEEditor.Rocket.Release] APIServer = http://et2.epicgames.com/ET2/. AppVersion = 4.9.1-2689999+++depot+UE4-Releases+4.9
[2015.11.25-00.47.28:677][  0]LogAnalytics: [UEEditor.Rocket.Release] SetUserId a3ecda3c4d50cd275ecf7497f12b4d14|e806c5a3e75b4a14b122359eb3b7e1a6|4fbddb0b-eeea-41a9-880e-03c25a996dc0
[2015.11.25-00.47.28:677][  0]LogAnalytics: [UEEditor.Rocket.Release] AnalyticsET::StartSession
[2015.11.25-00.47.29:058][  0]LogInit: Transaction tracking system initialized
[2015.11.25-00.47.29:147][  0]BlueprintLog: New page: Editor Load
[2015.11.25-00.47.29:466][  0]LocalizationService: Info Localization service is disabled
[2015.11.25-00.47.29:683][  0]LogConsoleResponse:Display: 
[2015.11.25-00.47.30:027][  0]LogCook:Display: Done creating registry. It took  0.00s.
[2015.11.25-00.47.30:228][  0]LogFileCache: Scanning file cache for directory 'C:/Users/Edosiho/Documents/GitHub/C.A.T.S/CATS/Content/' took 0.06s
[2015.11.25-00.47.30:228][  0]SourceControl: Info Source control is disabled
[2015.11.25-00.47.30:229][  0]Cmd: MAP LOAD FILE="../../../../../../Users/Edosiho/Documents/GitHub/C.A.T.S/CATS/Content/ThirdPersonBP/Maps/ThirdPersonExampleMap.umap" TEMPLATE=0 SHOWPROGRESS=1 FEATURELEVEL=2
[2015.11.25-00.47.30:230][  0]LightingResults: New page: Lighting Build
[2015.11.25-00.47.30:256][  0]MapCheck: New page: Map Check
[2015.11.25-00.47.30:256][  0]LightingResults: New page: Lighting Build
[2015.11.25-00.47.30:297][  0]LogParticles: Destroying 0 GPU particle simulations for FXSystem 0x0000002DB40BE160
[2015.11.25-00.47.32:476][  0]LogAIModule: Creating AISystem for world ThirdPersonExampleMap
[2015.11.25-00.47.32:493][  0]LogEditorServer: Finished looking for orphan Actors (0.000 secs)
[2015.11.25-00.47.32:494][  0]Cmd: MAP CHECKDEP NOCLEARLOG
[2015.11.25-00.47.32:642][  0]MapCheck: Info Map check complete: 0 Error(s), 0 Warning(s), took 148.184ms to complete.
[2015.11.25-00.47.32:642][  0]LogFileHelpers: Loading map 'ThirdPersonExampleMap' took 2.413
[2015.11.25-00.47.32:798][  0]LogCollectionManager: Loaded 0 collections in 0.005176 seconds
[2015.11.25-00.47.32:850][  0]LogFileCache: Scanning file cache for directory 'C:/Users/Edosiho/Documents/GitHub/C.A.T.S/CATS/Saved/Collections/' took 0.01s
[2015.11.25-00.47.32:851][  0]LogFileCache: Scanning file cache for directory 'C:/Users/Edosiho/Documents/GitHub/C.A.T.S/CATS/Content/Developers/Edosiho/Collections/' took 0.01s
[2015.11.25-00.47.32:851][  0]LogFileCache: Scanning file cache for directory 'C:/Users/Edosiho/Documents/GitHub/C.A.T.S/CATS/Content/Collections/' took 0.01s
[2015.11.25-00.47.32:851][  0]LogContentBrowser: Native class hierarchy populated in 0.0157 seconds. Added 1882 classes and 339 folders.
[2015.11.25-00.47.32:859][  0]LogCollectionManager: Rebuilt the GUID cache for 0 collections in 0.000006 seconds
[2015.11.25-00.47.32:885][  0]LogContentBrowser: Native class hierarchy updated for 'WidgetCarousel' in 0.0006 seconds. Added 0 classes and 0 folders.
[2015.11.25-00.47.33:040][  0]LogContentBrowser: Native class hierarchy updated for 'AddContentDialog' in 0.0014 seconds. Added 0 classes and 0 folders.
[2015.11.25-00.47.33:059][  0]LogContentBrowser: Native class hierarchy updated for 'SceneOutliner' in 0.0009 seconds. Added 1 classes and 2 folders.
[2015.11.25-00.47.33:212][  0]LogCrashTracker: Crashtracker disabled due to settings.
[2015.11.25-00.47.33:223][  0]LogUObjectGlobals:Warning: Failed to find object 'Class None.'
[2015.11.25-00.47.33:253][  0]LogLoad: Full Startup: 17.81 seconds (BP compile: 0.57 seconds)
[2015.11.25-00.47.33:744][  0]LogContentStreaming: Texture pool size now 700 MB
[2015.11.25-00.47.34:553][  0]LogRenderer: Reallocating scene render targets to support 796x404 (Frame:2).
[2015.11.25-00.47.39:365][ 12]LogAssetRegistry: Asset discovery search completed in 13.2541 seconds
[2015.11.25-00.47.39:365][ 12]LogCollectionManager: Rebuilt the object cache for 0 collections in 0.000002 seconds (found 0 objects)
[2015.11.25-00.47.39:365][ 12]LogCollectionManager: Fixed up redirectors for 0 collections in 0.000056 seconds (updated 0 objects)
[2015.11.25-00.49.19:786][419]LogAIModule: Creating AISystem for world catsmejorado
[2015.11.25-00.49.19:818][419]LogActorComponent: UnregisterComponent: (/Engine/Transient.CharMoveComp) Not registered. Aborting.
[2015.11.25-00.49.19:899][419]Cmd: MAP LOAD FILE="../../../../../../Users/Edosiho/Documents/GitHub/C.A.T.S/CATS/Content/Cats/catsmejorado.umap" TEMPLATE=0 SHOWPROGRESS=1 FEATURELEVEL=2
[2015.11.25-00.49.19:899][419]LightingResults: New page: Lighting Build
[2015.11.25-00.49.19:941][419]LoadErrors: New page: Loading map: catsmejorado.umap
[2015.11.25-00.49.19:943][419]MapCheck: New page: Map Check
[2015.11.25-00.49.19:943][419]LightingResults: New page: Lighting Build
[2015.11.25-00.49.19:982][419]LogParticles: Destroying 0 GPU particle simulations for FXSystem 0x0000002DB7AC4E00
[2015.11.25-00.49.20:104][419]LogEditorServer: Finished looking for orphan Actors (0.000 secs)
[2015.11.25-00.49.20:311][419]Cmd: MAP CHECKDEP NOCLEARLOG
[2015.11.25-00.49.20:550][419]MapCheck: Info Map check complete: 0 Error(s), 0 Warning(s), took 238.84ms to complete.
[2015.11.25-00.49.20:552][419]LogFileHelpers: Loading map 'catsmejorado' took 0.655
[2015.11.25-00.49.28:167][551]LogBlueprintUserMessages: Early PlayInEditor Detection: Level '/Game/Cats/catsmejorado.catsmejorado:PersistentLevel' has LevelScriptBlueprint '/Game/Cats/catsmejorado.catsmejorado:PersistentLevel.catsmejorado' with GeneratedClass '/Game/Cats/catsmejorado.catsmejorado_C' with ClassGeneratedBy '/Game/Cats/catsmejorado.catsmejorado:PersistentLevel.catsmejorado'
[2015.11.25-00.49.28:167][551]LogPlayLevel: PlayLevel: No blueprints needed recompiling
[2015.11.25-00.49.28:167][551]PIE: New page: PIE session: catsmejorado (Nov 24, 2015, 12:49:28 PM)
[2015.11.25-00.49.28:167][551]LogPlayLevel: Creating play world package: /Game/Cats/UEDPIE_0_catsmejorado
[2015.11.25-00.49.28:303][551]LogPlayLevel: PIE: StaticDuplicateObject took: (0.135820s)
[2015.11.25-00.49.28:305][551]LogAIModule: Creating AISystem for world catsmejorado
[2015.11.25-00.49.28:305][551]LogPlayLevel: PIE: World Init took: (0.002101s)
[2015.11.25-00.49.28:306][551]LogPlayLevel: PIE: Created PIE world by copying editor world from /Game/Cats/catsmejorado.catsmejorado to /Game/Cats/UEDPIE_0_catsmejorado.catsmejorado (0.138331s)
[2015.11.25-00.49.28:306][551]LogActorComponent: UnregisterComponent: (/Engine/Transient.CharMoveComp) Not registered. Aborting.
[2015.11.25-00.49.28:358][551]LogInit: XAudio2 using 'Speakers (High Definition Audio Device)' : 2 channels at 44.1 kHz using 16 bits per sample (channel mask 0x3)
[2015.11.25-00.49.28:368][551]LogInit: FAudioDevice initialized.
[2015.11.25-00.49.28:429][551]LogWorld: Game class is 'ThirdPersonGameMode_C'
[2015.11.25-00.49.28:610][551]LogWorld: Bringing World /Game/Cats/UEDPIE_0_catsmejorado.catsmejorado up for play (max tick rate 60) at 2015.11.24-18.49.28
[2015.11.25-00.49.28:610][551]LogActor:Warning: GameSession /Game/Cats/UEDPIE_0_catsmejorado.catsmejorado:PersistentLevel.GameSession_0 has natively added scene component(s), but none of them were set as the actor's RootComponent - picking one arbitrarily
[2015.11.25-00.49.28:610][551]LogActor:Warning: GameNetworkManager /Game/Cats/UEDPIE_0_catsmejorado.catsmejorado:PersistentLevel.GameNetworkManager_0 has natively added scene component(s), but none of them were set as the actor's RootComponent - picking one arbitrarily
[2015.11.25-00.49.28:612][551]LogWorld: Bringing up level for play took: 0.181339
[2015.11.25-00.49.28:615][551]LogPhysics:Warning: Initialising Body : Scale3D is (nearly) zero: Component: Gateeto_C_0.CharacterMesh0 SK_Mannequin Bone: spine_01 
[2015.11.25-00.49.28:616][551]LogPhysics:Warning: Initialising Body : Scale3D is (nearly) zero: Component: Gateeto_C_0.CharacterMesh0 SK_Mannequin Bone: spine_02 
[2015.11.25-00.49.28:616][551]LogPhysics:Warning: Initialising Body : Scale3D is (nearly) zero: Component: Gateeto_C_0.CharacterMesh0 SK_Mannequin Bone: pelvis 
[2015.11.25-00.49.28:616][551]LogPhysics:Warning: Initialising Body : Scale3D is (nearly) zero: Component: Gateeto_C_0.CharacterMesh0 SK_Mannequin Bone: thigh_l 
[2015.11.25-00.49.28:616][551]LogPhysics:Warning: Initialising Body : Scale3D is (nearly) zero: Component: Gateeto_C_0.CharacterMesh0 SK_Mannequin Bone: calf_l 
[2015.11.25-00.49.28:616][551]LogPhysics:Warning: Initialising Body : Scale3D is (nearly) zero: Component: Gateeto_C_0.CharacterMesh0 SK_Mannequin Bone: foot_l 
[2015.11.25-00.49.28:616][551]LogPhysics:Warning: Initialising Body : Scale3D is (nearly) zero: Component: Gateeto_C_0.CharacterMesh0 SK_Mannequin Bone: thigh_r 
[2015.11.25-00.49.28:616][551]LogPhysics:Warning: Initialising Body : Scale3D is (nearly) zero: Component: Gateeto_C_0.CharacterMesh0 SK_Mannequin Bone: calf_r 
[2015.11.25-00.49.28:616][551]LogPhysics:Warning: Initialising Body : Scale3D is (nearly) zero: Component: Gateeto_C_0.CharacterMesh0 SK_Mannequin Bone: foot_r 
[2015.11.25-00.49.28:616][551]LogPhysics:Warning: Initialising Body : Scale3D is (nearly) zero: Component: Gateeto_C_0.CharacterMesh0 SK_Mannequin Bone: upperarm_r 
[2015.11.25-00.49.28:616][551]LogPhysics:Warning: Initialising Body : Scale3D is (nearly) zero: Component: Gateeto_C_0.CharacterMesh0 SK_Mannequin Bone: lowerarm_r 
[2015.11.25-00.49.28:616][551]LogPhysics:Warning: Initialising Body : Scale3D is (nearly) zero: Component: Gateeto_C_0.CharacterMesh0 SK_Mannequin Bone: hand_r 
[2015.11.25-00.49.28:616][551]LogPhysics:Warning: Initialising Body : Scale3D is (nearly) zero: Component: Gateeto_C_0.CharacterMesh0 SK_Mannequin Bone: upperarm_l 
[2015.11.25-00.49.28:616][551]LogPhysics:Warning: Initialising Body : Scale3D is (nearly) zero: Component: Gateeto_C_0.CharacterMesh0 SK_Mannequin Bone: lowerarm_l 
[2015.11.25-00.49.28:616][551]LogPhysics:Warning: Initialising Body : Scale3D is (nearly) zero: Component: Gateeto_C_0.CharacterMesh0 SK_Mannequin Bone: hand_l 
[2015.11.25-00.49.28:616][551]LogPhysics:Warning: Initialising Body : Scale3D is (nearly) zero: Component: Gateeto_C_0.CharacterMesh0 SK_Mannequin Bone: neck_01 
[2015.11.25-00.49.28:616][551]LogPhysics:Warning: Initialising Body : Scale3D is (nearly) zero: Component: Gateeto_C_0.CharacterMesh0 SK_Mannequin Bone: head 
[2015.11.25-00.49.28:616][551]LogPhysics:Warning: Initialising Body : Scale3D is (nearly) zero: Component: Gateeto_C_0.CharacterMesh0 SK_Mannequin Bone: ball_r 
[2015.11.25-00.49.28:616][551]LogPhysics:Warning: Initialising Body : Scale3D is (nearly) zero: Component: Gateeto_C_0.CharacterMesh0 SK_Mannequin Bone: ball_l 
[2015.11.25-00.49.28:620][551]PIE: Info Play in editor start time for /Game/Cats/UEDPIE_0_catsmejorado 0.64
[2015.11.25-00.49.28:620][551]LogBlueprintUserMessages: Late PlayInEditor Detection: Level '/Game/Cats/catsmejorado.catsmejorado:PersistentLevel' has LevelScriptBlueprint '/Game/Cats/catsmejorado.catsmejorado:PersistentLevel.catsmejorado' with GeneratedClass '/Game/Cats/catsmejorado.catsmejorado_C' with ClassGeneratedBy '/Game/Cats/catsmejorado.catsmejorado:PersistentLevel.catsmejorado'
[2015.11.25-00.49.44:514][926]LogScript:Warning: Accessed None 'K2Node_DynamicCast_AsBawl'
	Gateeto_C /Game/Cats/UEDPIE_0_catsmejorado.catsmejorado:PersistentLevel.Gateeto_C_0
	Function /Game/Cats/Gateeto.Gateeto_C:ExecuteUbergraph_Gateeto:0340
[2015.11.25-00.49.44:514][926]PIE:Error: Error Accessed None 'K2Node_DynamicCast_AsBawl' from node DetachActorFromActor in graph 'EventGraph' in blueprint Gateeto
[2015.11.25-00.49.44:515][926]LogScript:Warning: Accessed None 'K2Node_DynamicCast_AsBawl'
	Gateeto_C /Game/Cats/UEDPIE_0_catsmejorado.catsmejorado:PersistentLevel.Gateeto_C_0
	Function /Game/Cats/Gateeto.Gateeto_C:ExecuteUbergraph_Gateeto:0023
[2015.11.25-00.49.44:515][926]PIE:Error: Error Accessed None 'K2Node_DynamicCast_AsBawl' from node Set Simulate Physics in graph 'EventGraph' in blueprint Gateeto
[2015.11.25-00.49.44:515][926]LogScript:Warning: Accessed None
	Gateeto_C /Game/Cats/UEDPIE_0_catsmejorado.catsmejorado:PersistentLevel.Gateeto_C_0
	Function /Game/Cats/Gateeto.Gateeto_C:ExecuteUbergraph_Gateeto:0038
[2015.11.25-00.49.44:515][926]PIE:Error: Error Accessed None from node Set Simulate Physics in graph 'EventGraph' in blueprint Gateeto
[2015.11.25-00.49.45:051][939]LogScript:Warning: Accessed None 'K2Node_DynamicCast_AsBawl'
	Gateeto_C /Game/Cats/UEDPIE_0_catsmejorado.catsmejorado:PersistentLevel.Gateeto_C_0
	Function /Game/Cats/Gateeto.Gateeto_C:ExecuteUbergraph_Gateeto:0340
[2015.11.25-00.49.45:051][939]PIE:Error: Error Accessed None 'K2Node_DynamicCast_AsBawl' from node DetachActorFromActor in graph 'EventGraph' in blueprint Gateeto
[2015.11.25-00.49.45:051][939]LogScript:Warning: Accessed None 'K2Node_DynamicCast_AsBawl'
	Gateeto_C /Game/Cats/UEDPIE_0_catsmejorado.catsmejorado:PersistentLevel.Gateeto_C_0
	Function /Game/Cats/Gateeto.Gateeto_C:ExecuteUbergraph_Gateeto:0023
[2015.11.25-00.49.45:051][939]PIE:Error: Error Accessed None 'K2Node_DynamicCast_AsBawl' from node Set Simulate Physics in graph 'EventGraph' in blueprint Gateeto
[2015.11.25-00.49.45:052][939]LogScript:Warning: Accessed None
	Gateeto_C /Game/Cats/UEDPIE_0_catsmejorado.catsmejorado:PersistentLevel.Gateeto_C_0
	Function /Game/Cats/Gateeto.Gateeto_C:ExecuteUbergraph_Gateeto:0038
[2015.11.25-00.49.45:052][939]PIE:Error: Error Accessed None from node Set Simulate Physics in graph 'EventGraph' in blueprint Gateeto
[2015.11.25-00.49.45:425][948]LogScript:Warning: Accessed None 'K2Node_DynamicCast_AsBawl'
	Gateeto_C /Game/Cats/UEDPIE_0_catsmejorado.catsmejorado:PersistentLevel.Gateeto_C_0
	Function /Game/Cats/Gateeto.Gateeto_C:ExecuteUbergraph_Gateeto:0340
[2015.11.25-00.49.45:425][948]PIE:Error: Error Accessed None 'K2Node_DynamicCast_AsBawl' from node DetachActorFromActor in graph 'EventGraph' in blueprint Gateeto
[2015.11.25-00.49.45:425][948]LogScript:Warning: Accessed None 'K2Node_DynamicCast_AsBawl'
	Gateeto_C /Game/Cats/UEDPIE_0_catsmejorado.catsmejorado:PersistentLevel.Gateeto_C_0
	Function /Game/Cats/Gateeto.Gateeto_C:ExecuteUbergraph_Gateeto:0023
[2015.11.25-00.49.45:425][948]PIE:Error: Error Accessed None 'K2Node_DynamicCast_AsBawl' from node Set Simulate Physics in graph 'EventGraph' in blueprint Gateeto
[2015.11.25-00.49.45:425][948]LogScript:Warning: Accessed None
	Gateeto_C /Game/Cats/UEDPIE_0_catsmejorado.catsmejorado:PersistentLevel.Gateeto_C_0
	Function /Game/Cats/Gateeto.Gateeto_C:ExecuteUbergraph_Gateeto:0038
[2015.11.25-00.49.45:426][948]PIE:Error: Error Accessed None from node Set Simulate Physics in graph 'EventGraph' in blueprint Gateeto
[2015.11.25-00.49.45:716][955]LogScript:Warning: Accessed None 'K2Node_DynamicCast_AsBawl'
	Gateeto_C /Game/Cats/UEDPIE_0_catsmejorado.catsmejorado:PersistentLevel.Gateeto_C_0
	Function /Game/Cats/Gateeto.Gateeto_C:ExecuteUbergraph_Gateeto:0340
[2015.11.25-00.49.45:716][955]PIE:Error: Error Accessed None 'K2Node_DynamicCast_AsBawl' from node DetachActorFromActor in graph 'EventGraph' in blueprint Gateeto
[2015.11.25-00.49.45:716][955]LogScript:Warning: Accessed None 'K2Node_DynamicCast_AsBawl'
	Gateeto_C /Game/Cats/UEDPIE_0_catsmejorado.catsmejorado:PersistentLevel.Gateeto_C_0
	Function /Game/Cats/Gateeto.Gateeto_C:ExecuteUbergraph_Gateeto:0023
[2015.11.25-00.49.45:716][955]PIE:Error: Error Accessed None 'K2Node_DynamicCast_AsBawl' from node Set Simulate Physics in graph 'EventGraph' in blueprint Gateeto
[2015.11.25-00.49.45:716][955]LogScript:Warning: Accessed None
	Gateeto_C /Game/Cats/UEDPIE_0_catsmejorado.catsmejorado:PersistentLevel.Gateeto_C_0
	Function /Game/Cats/Gateeto.Gateeto_C:ExecuteUbergraph_Gateeto:0038
[2015.11.25-00.49.45:717][955]PIE:Error: Error Accessed None from node Set Simulate Physics in graph 'EventGraph' in blueprint Gateeto
[2015.11.25-00.50.01:457][319]LogBlueprintUserMessages: Early EndPlayMap Detection: Level '/Game/Cats/catsmejorado.catsmejorado:PersistentLevel' has LevelScriptBlueprint '/Game/Cats/catsmejorado.catsmejorado:PersistentLevel.catsmejorado' with GeneratedClass '/Game/Cats/catsmejorado.catsmejorado_C' with ClassGeneratedBy '/Game/Cats/catsmejorado.catsmejorado:PersistentLevel.catsmejorado'
[2015.11.25-00.50.01:506][319]LogBlueprintUserMessages: Late EndPlayMap Detection: Level '/Game/Cats/catsmejorado.catsmejorado:PersistentLevel' has LevelScriptBlueprint '/Game/Cats/catsmejorado.catsmejorado:PersistentLevel.catsmejorado' with GeneratedClass '/Game/Cats/catsmejorado.catsmejorado_C' with ClassGeneratedBy '/Game/Cats/catsmejorado.catsmejorado:PersistentLevel.catsmejorado'
[2015.11.25-00.50.01:552][319]LogParticles: Destroying 0 GPU particle simulations for FXSystem 0x0000002DB37371A0
[2015.11.25-00.50.53:629][185]LogHttp:Warning: Timeout processing Http request. 0000002DBBE19E00
[2015.11.25-00.57.02:260][542]LogLinker:Warning: Asset '../../../Engine/Content/ArtTools/RenderToTexture/Macros/RenderToTextureMacros.uasset' has been saved with empty engine version. The asset will be loaded but may be incompatible.
[2015.11.25-00.57.03:586][542]LogContentBrowser: Native class hierarchy updated for 'BlueprintGraph' in 0.0014 seconds. Added 107 classes and 0 folders.
[2015.11.25-00.58.02:403][942]LogEditorViewport: Clicking on Actor (LMB): Bawl_C (Bawl)
[2015.11.25-00.59.25:306][525]LogBlueprintUserMessages: CustomizeDetails for Blueprint 'catsmejorado', cached variable property's owner is '/Game/Cats/Gateeto.Gateeto_C'
[2015.11.25-01.00.12:293][813]BlueprintLog: New page: Compile catsmejorado
[2015.11.25-01.00.12:377][813]LogActorComponent: UnregisterComponent: (/Engine/Transient.CharMoveComp) Not registered. Aborting.
[2015.11.25-01.00.12:378][813]LogActorComponent: UnregisterComponent: (/Engine/Transient.CharacterMovementComponent_0) Not registered. Aborting.
[2015.11.25-01.00.12:463][813]BlueprintEditorCompileResults: Info [0777.02] Compile of catsmejorado successful! [in 169 ms]
[2015.11.25-01.00.13:151][844]LogBlueprintUserMessages: Early PlayInEditor Detection: Level '/Game/Cats/catsmejorado.catsmejorado:PersistentLevel' has LevelScriptBlueprint '/Game/Cats/catsmejorado.catsmejorado:PersistentLevel.catsmejorado' with GeneratedClass '/Game/Cats/catsmejorado.catsmejorado_C' with ClassGeneratedBy '/Game/Cats/catsmejorado.catsmejorado:PersistentLevel.catsmejorado'
[2015.11.25-01.00.13:151][844]LogPlayLevel: PlayLevel: No blueprints needed recompiling
[2015.11.25-01.00.13:151][844]PIE: New page: PIE session: catsmejorado (Nov 24, 2015, 1:00:13 PM)
[2015.11.25-01.00.13:151][844]LogPlayLevel: Creating play world package: /Game/Cats/UEDPIE_0_catsmejorado
[2015.11.25-01.00.13:298][844]LogPlayLevel: PIE: StaticDuplicateObject took: (0.146895s)
[2015.11.25-01.00.13:300][844]LogAIModule: Creating AISystem for world catsmejorado
[2015.11.25-01.00.13:300][844]LogPlayLevel: PIE: World Init took: (0.001700s)
[2015.11.25-01.00.13:300][844]LogPlayLevel: PIE: Created PIE world by copying editor world from /Game/Cats/catsmejorado.catsmejorado to /Game/Cats/UEDPIE_0_catsmejorado.catsmejorado (0.148936s)
[2015.11.25-01.00.13:393][844]LogInit: XAudio2 using 'Speakers (High Definition Audio Device)' : 2 channels at 44.1 kHz using 16 bits per sample (channel mask 0x3)
[2015.11.25-01.00.13:414][844]LogInit: FAudioDevice initialized.
[2015.11.25-01.00.13:474][844]LogWorld: Game class is 'ThirdPersonGameMode_C'
[2015.11.25-01.00.13:497][844]LogWorld: Bringing World /Game/Cats/UEDPIE_0_catsmejorado.catsmejorado up for play (max tick rate 60) at 2015.11.24-19.00.13
[2015.11.25-01.00.13:497][844]LogActor:Warning: GameSession /Game/Cats/UEDPIE_0_catsmejorado.catsmejorado:PersistentLevel.GameSession_1 has natively added scene component(s), but none of them were set as the actor's RootComponent - picking one arbitrarily
[2015.11.25-01.00.13:497][844]LogActor:Warning: GameNetworkManager /Game/Cats/UEDPIE_0_catsmejorado.catsmejorado:PersistentLevel.GameNetworkManager_1 has natively added scene component(s), but none of them were set as the actor's RootComponent - picking one arbitrarily
[2015.11.25-01.00.13:499][844]LogWorld: Bringing up level for play took: 0.022889
[2015.11.25-01.00.13:502][844]LogPhysics:Warning: Initialising Body : Scale3D is (nearly) zero: Component: Gateeto_C_1.CharacterMesh0 SK_Mannequin Bone: spine_01 
[2015.11.25-01.00.13:502][844]LogPhysics:Warning: Initialising Body : Scale3D is (nearly) zero: Component: Gateeto_C_1.CharacterMesh0 SK_Mannequin Bone: spine_02 
[2015.11.25-01.00.13:503][844]LogPhysics:Warning: Initialising Body : Scale3D is (nearly) zero: Component: Gateeto_C_1.CharacterMesh0 SK_Mannequin Bone: pelvis 
[2015.11.25-01.00.13:503][844]LogPhysics:Warning: Initialising Body : Scale3D is (nearly) zero: Component: Gateeto_C_1.CharacterMesh0 SK_Mannequin Bone: thigh_l 
[2015.11.25-01.00.13:503][844]LogPhysics:Warning: Initialising Body : Scale3D is (nearly) zero: Component: Gateeto_C_1.CharacterMesh0 SK_Mannequin Bone: calf_l 
[2015.11.25-01.00.13:503][844]LogPhysics:Warning: Initialising Body : Scale3D is (nearly) zero: Component: Gateeto_C_1.CharacterMesh0 SK_Mannequin Bone: foot_l 
[2015.11.25-01.00.13:503][844]LogPhysics:Warning: Initialising Body : Scale3D is (nearly) zero: Component: Gateeto_C_1.CharacterMesh0 SK_Mannequin Bone: thigh_r 
[2015.11.25-01.00.13:503][844]LogPhysics:Warning: Initialising Body : Scale3D is (nearly) zero: Component: Gateeto_C_1.CharacterMesh0 SK_Mannequin Bone: calf_r 
[2015.11.25-01.00.13:503][844]LogPhysics:Warning: Initialising Body : Scale3D is (nearly) zero: Component: Gateeto_C_1.CharacterMesh0 SK_Mannequin Bone: foot_r 
[2015.11.25-01.00.13:503][844]LogPhysics:Warning: Initialising Body : Scale3D is (nearly) zero: Component: Gateeto_C_1.CharacterMesh0 SK_Mannequin Bone: upperarm_r 
[2015.11.25-01.00.13:503][844]LogPhysics:Warning: Initialising Body : Scale3D is (nearly) zero: Component: Gateeto_C_1.CharacterMesh0 SK_Mannequin Bone: lowerarm_r 
[2015.11.25-01.00.13:503][844]LogPhysics:Warning: Initialising Body : Scale3D is (nearly) zero: Component: Gateeto_C_1.CharacterMesh0 SK_Mannequin Bone: hand_r 
[2015.11.25-01.00.13:503][844]LogPhysics:Warning: Initialising Body : Scale3D is (nearly) zero: Component: Gateeto_C_1.CharacterMesh0 SK_Mannequin Bone: upperarm_l 
[2015.11.25-01.00.13:503][844]LogPhysics:Warning: Initialising Body : Scale3D is (nearly) zero: Component: Gateeto_C_1.CharacterMesh0 SK_Mannequin Bone: lowerarm_l 
[2015.11.25-01.00.13:503][844]LogPhysics:Warning: Initialising Body : Scale3D is (nearly) zero: Component: Gateeto_C_1.CharacterMesh0 SK_Mannequin Bone: hand_l 
[2015.11.25-01.00.13:503][844]LogPhysics:Warning: Initialising Body : Scale3D is (nearly) zero: Component: Gateeto_C_1.CharacterMesh0 SK_Mannequin Bone: neck_01 
[2015.11.25-01.00.13:503][844]LogPhysics:Warning: Initialising Body : Scale3D is (nearly) zero: Component: Gateeto_C_1.CharacterMesh0 SK_Mannequin Bone: head 
[2015.11.25-01.00.13:503][844]LogPhysics:Warning: Initialising Body : Scale3D is (nearly) zero: Component: Gateeto_C_1.CharacterMesh0 SK_Mannequin Bone: ball_r 
[2015.11.25-01.00.13:503][844]LogPhysics:Warning: Initialising Body : Scale3D is (nearly) zero: Component: Gateeto_C_1.CharacterMesh0 SK_Mannequin Bone: ball_l 
[2015.11.25-01.00.13:506][844]PIE: Info Play in editor start time for /Game/Cats/UEDPIE_0_catsmejorado -0.473
[2015.11.25-01.00.13:506][844]LogBlueprintUserMessages: Late PlayInEditor Detection: Level '/Game/Cats/catsmejorado.catsmejorado:PersistentLevel' has LevelScriptBlueprint '/Game/Cats/catsmejorado.catsmejorado:PersistentLevel.catsmejorado' with GeneratedClass '/Game/Cats/catsmejorado.catsmejorado_C' with ClassGeneratedBy '/Game/Cats/catsmejorado.catsmejorado:PersistentLevel.catsmejorado'
[2015.11.25-01.01.03:669][  1]LogBlueprintUserMessages: Early EndPlayMap Detection: Level '/Game/Cats/catsmejorado.catsmejorado:PersistentLevel' has LevelScriptBlueprint '/Game/Cats/catsmejorado.catsmejorado:PersistentLevel.catsmejorado' with GeneratedClass '/Game/Cats/catsmejorado.catsmejorado_C' with ClassGeneratedBy '/Game/Cats/catsmejorado.catsmejorado:PersistentLevel.catsmejorado'
[2015.11.25-01.01.03:754][  1]LogBlueprintUserMessages: Late EndPlayMap Detection: Level '/Game/Cats/catsmejorado.catsmejorado:PersistentLevel' has LevelScriptBlueprint '/Game/Cats/catsmejorado.catsmejorado:PersistentLevel.catsmejorado' with GeneratedClass '/Game/Cats/catsmejorado.catsmejorado_C' with ClassGeneratedBy '/Game/Cats/catsmejorado.catsmejorado:PersistentLevel.catsmejorado'
[2015.11.25-01.01.03:903][  2]LogParticles: Destroying 0 GPU particle simulations for FXSystem 0x0000002DAA1782C0
[2015.11.25-01.01.16:289][367]Cmd: OBJ SAVEPACKAGE PACKAGE="/Game/Cats/catsmejorado" FILE="../../../../../../Users/Edosiho/Documents/GitHub/C.A.T.S/CATS/Content/Cats/catsmejorado.umap" SILENT=true AUTOSAVING=false KEEPDIRTY=false
[2015.11.25-01.01.17:275][367]LogSavePackage: Save=838.242004ms
[2015.11.25-01.01.17:275][367]LogSavePackage: Moving '../../../../../../Users/Edosiho/Documents/GitHub/C.A.T.S/CATS/Saved/catsmejorado6AE010F248B96603CE352E8E2C1BF3F4.tmp' to '../../../../../../Users/Edosiho/Documents/GitHub/C.A.T.S/CATS/Content/Cats/catsmejorado.umap'
[2015.11.25-01.01.17:284][367]LogSavePackage: Total save time: 913.764350ms
[2015.11.25-01.01.17:285][367]LogSavePackage:Warning: Finished SavePackage ../../../../../../Users/Edosiho/Documents/GitHub/C.A.T.S/CATS/Content/Cats/catsmejorado.umap
[2015.11.25-01.01.17:370][367]LogFileHelpers: Saving map 'catsmejorado' took 1.278
[2015.11.25-01.01.18:692][408]LogWindowsTextInputMethodSystem:Display: IME system now deactivated.
[2015.11.25-01.01.19:618][409]Cmd: QUIT_EDITOR
[2015.11.25-01.01.20:204][409]LogExit: Preparing to exit.
[2015.11.25-01.01.20:986][409]LogExit: Editor shut down
[2015.11.25-01.01.20:988][409]LogExit: Transaction tracking system shut down
[2015.11.25-01.01.21:020][409]LogParticles: Destroying 0 GPU particle simulations for FXSystem 0x0000002DA4C92700
[2015.11.25-01.01.21:021][409]LogParticles: Destroying 0 GPU particle simulations for FXSystem 0x0000002DA4C90CC0
[2015.11.25-01.01.21:023][409]LogParticles: Destroying 0 GPU particle simulations for FXSystem 0x0000002DAFDA8E00
[2015.11.25-01.01.21:024][409]LogParticles: Destroying 0 GPU particle simulations for FXSystem 0x0000002DAFC75B20
[2015.11.25-01.01.21:024][409]LogParticles: Destroying 0 GPU particle simulations for FXSystem 0x0000002DBC9B82C0
[2015.11.25-01.01.21:102][409]LogParticles: Destroying 0 GPU particle simulations for FXSystem 0x0000002DBB9E0360
[2015.11.25-01.01.21:104][409]LogParticles: Destroying 0 GPU particle simulations for FXSystem 0x0000002DA4A2EA20
[2015.11.25-01.01.21:741][409]LogExit: Object subsystem successfully closed.
[2015.11.25-01.01.21:766][409]LogD3D11RHI: Shutdown
[2015.11.25-01.01.21:766][409]LogD3D11RHI: CleanupD3DDevice
[2015.11.25-01.01.22:240][409]LogD3D11RHI: ~FD3D11DynamicRHI
[2015.11.25-01.01.22:291][409]LogModuleManager: Shutting down and abandoning module BlueprintGraph (200)
[2015.11.25-01.01.22:291][409]LogModuleManager: Shutting down and abandoning module CrashTracker (199)
[2015.11.25-01.01.22:291][409]LogModuleManager: Shutting down and abandoning module SceneOutliner (198)
[2015.11.25-01.01.22:291][409]LogModuleManager: Shutting down and abandoning module SuperSearch (197)
[2015.11.25-01.01.22:291][409]LogModuleManager: Shutting down and abandoning module WidgetCarousel (196)
[2015.11.25-01.01.22:291][409]LogModuleManager: Shutting down and abandoning module AddContentDialog (195)
[2015.11.25-01.01.22:294][409]LogModuleManager: Shutting down and abandoning module EditorWidgets (194)
[2015.11.25-01.01.22:294][409]LogModuleManager: Shutting down and abandoning module CollectionManager (193)
[2015.11.25-01.01.22:297][409]LogModuleManager: Shutting down and abandoning module StatsViewer (192)
[2015.11.25-01.01.22:297][409]LogModuleManager: Shutting down and abandoning module FoliageEdit (191)
[2015.11.25-01.01.22:297][409]LogModuleManager: Shutting down and abandoning module LandscapeEditor (190)
[2015.11.25-01.01.22:297][409]LogModuleManager: Shutting down and abandoning module ActorPickerMode (189)
[2015.11.25-01.01.22:297][409]LogModuleManager: Shutting down and abandoning module GeometryMode (188)
[2015.11.25-01.01.22:297][409]LogModuleManager: Shutting down and abandoning module TextureAlignMode (187)
[2015.11.25-01.01.22:297][409]LogModuleManager: Shutting down and abandoning module BspMode (186)
[2015.11.25-01.01.22:297][409]LogModuleManager: Shutting down and abandoning module PlacementMode (185)
[2015.11.25-01.01.22:297][409]LogModuleManager: Shutting down and abandoning module AutomationWorker (184)
[2015.11.25-01.01.22:297][409]LogModuleManager: Shutting down and abandoning module CharacterAI (183)
[2015.11.25-01.01.22:297][409]LogModuleManager: Shutting down and abandoning module SmartSnapping (182)
[2015.11.25-01.01.22:297][409]LogModuleManager: Shutting down and abandoning module ViewportSnapping (181)
[2015.11.25-01.01.22:297][409]LogModuleManager: Shutting down and abandoning module LogVisualizer (180)
[2015.11.25-01.01.22:298][409]LogModuleManager: Shutting down and abandoning module GameProjectGeneration (179)
[2015.11.25-01.01.22:298][409]LogModuleManager: Shutting down and abandoning module IntroTutorials (178)
[2015.11.25-01.01.22:298][409]LogModuleManager: Shutting down and abandoning module EditorLiveStreaming (177)
[2015.11.25-01.01.22:298][409]LogModuleManager: Shutting down and abandoning module IOSPlatformEditor (176)
[2015.11.25-01.01.22:298][409]LogModuleManager: Shutting down and abandoning module HTML5PlatformEditor (175)
[2015.11.25-01.01.22:298][409]LogModuleManager: Shutting down and abandoning module AndroidDeviceDetection (174)
[2015.11.25-01.01.22:576][409]LogModuleManager: Shutting down and abandoning module AndroidPlatformEditor (173)
[2015.11.25-01.01.22:576][409]LogModuleManager: Shutting down and abandoning module IOSRuntimeSettings (172)
[2015.11.25-01.01.22:576][409]LogModuleManager: Shutting down and abandoning module AndroidRuntimeSettings (171)
[2015.11.25-01.01.22:576][409]LogModuleManager: Shutting down and abandoning module MergeActors (170)
[2015.11.25-01.01.22:576][409]LogModuleManager: Shutting down and abandoning module SizeMap (169)
[2015.11.25-01.01.22:576][409]LogModuleManager: Shutting down and abandoning module TreeMap (168)
[2015.11.25-01.01.22:576][409]LogModuleManager: Shutting down and abandoning module ReferenceViewer (167)
[2015.11.25-01.01.22:576][409]LogModuleManager: Shutting down and abandoning module LocalizationService (166)
[2015.11.25-01.01.22:576][409]LogModuleManager: Shutting down and abandoning module LocalizationDashboard (165)
[2015.11.25-01.01.22:576][409]LogModuleManager: Shutting down and abandoning module HardwareTargeting (164)
[2015.11.25-01.01.22:576][409]LogModuleManager: Shutting down and abandoning module DeviceProfileEditor (163)
[2015.11.25-01.01.22:576][409]LogModuleManager: Shutting down and abandoning module UndoHistory (162)
[2015.11.25-01.01.22:576][409]LogModuleManager: Shutting down and abandoning module GameplayTagsEditor (161)
[2015.11.25-01.01.22:576][409]LogModuleManager: Shutting down and abandoning module UserFeedback (160)
[2015.11.25-01.01.22:576][409]LogModuleManager: Shutting down and abandoning module XmlParser (159)
[2015.11.25-01.01.22:576][409]LogModuleManager: Shutting down and abandoning module Blutility (158)
[2015.11.25-01.01.22:576][409]LogModuleManager: Shutting down and abandoning module ProjectTargetPlatformEditor (157)
[2015.11.25-01.01.22:576][409]LogModuleManager: Shutting down and abandoning module ProjectSettingsViewer (156)
[2015.11.25-01.01.22:576][409]LogModuleManager: Shutting down and abandoning module InputBindingEditor (155)
[2015.11.25-01.01.22:577][409]LogModuleManager: Shutting down and abandoning module EditorSettingsViewer (154)
[2015.11.25-01.01.22:577][409]LogModuleManager: Shutting down and abandoning module SettingsEditor (153)
[2015.11.25-01.01.22:577][409]LogModuleManager: Shutting down and abandoning module ProjectLauncher (152)
[2015.11.25-01.01.22:577][409]LogModuleManager: Shutting down and abandoning module SessionFrontend (151)
[2015.11.25-01.01.22:577][409]LogModuleManager: Shutting down and abandoning module ProfilerClient (150)
[2015.11.25-01.01.22:577][409]LogModuleManager: Shutting down and abandoning module TargetDeviceServices (149)
[2015.11.25-01.01.22:577][409]LogModuleManager: Shutting down and abandoning module DeviceManager (148)
[2015.11.25-01.01.22:577][409]LogModuleManager: Shutting down and abandoning module AutomationController (147)
[2015.11.25-01.01.22:577][409]LogModuleManager: Shutting down and abandoning module AutomationWindow (146)
[2015.11.25-01.01.22:577][409]LogModuleManager: Shutting down and abandoning module Layers (145)
[2015.11.25-01.01.22:577][409]LogModuleManager: Shutting down and abandoning module ComponentVisualizers (144)
[2015.11.25-01.01.22:577][409]LogModuleManager: Shutting down and abandoning module DetailCustomizations (143)
[2015.11.25-01.01.22:577][409]LogModuleManager: Shutting down and abandoning module PackagesDialog (142)
[2015.11.25-01.01.22:578][409]LogModuleManager: Shutting down and abandoning module Persona (141)
[2015.11.25-01.01.22:578][409]LogModuleManager: Shutting down and abandoning module Kismet (140)
[2015.11.25-01.01.22:578][409]LogModuleManager: Shutting down and abandoning module GraphEditor (139)
[2015.11.25-01.01.22:578][409]LogModuleManager: Shutting down and abandoning module ClassViewer (138)
[2015.11.25-01.01.22:578][409]LogModuleManager: Shutting down and abandoning module Toolbox (137)
[2015.11.25-01.01.22:578][409]LogModuleManager: Shutting down and abandoning module ModuleUI (136)
[2015.11.25-01.01.22:578][409]LogModuleManager: Shutting down and abandoning module MovieSceneTools (135)
[2015.11.25-01.01.22:578][409]LogModuleManager: Shutting down and abandoning module OutputLog (134)
[2015.11.25-01.01.22:578][409]LogModuleManager: Shutting down and abandoning module GammaUI (133)
[2015.11.25-01.01.22:578][409]LogModuleManager: Shutting down and abandoning module Documentation (132)
[2015.11.25-01.01.22:578][409]LogModuleManager: Shutting down and abandoning module GameLiveStreaming (131)
[2015.11.25-01.01.22:578][409]LogModuleManager: Shutting down and abandoning module StreamingPauseRendering (130)
[2015.11.25-01.01.22:578][409]LogModuleManager: Shutting down and abandoning module AnalyticsET (129)
[2015.11.25-01.01.22:578][409]LogModuleManager: Shutting down and abandoning module Analytics (128)
[2015.11.25-01.01.22:578][409]LogModuleManager: Shutting down and abandoning module AITestSuite (127)
[2015.11.25-01.01.22:578][409]LogModuleManager: Shutting down and abandoning module GameplayDebugger (126)
[2015.11.25-01.01.22:578][409]LogModuleManager: Shutting down and abandoning module AIModule (125)
[2015.11.25-01.01.22:578][409]LogModuleManager: Shutting down and abandoning module ProfilerService (124)
[2015.11.25-01.01.22:788][409]LogModuleManager: Shutting down and abandoning module TaskGraph (123)
[2015.11.25-01.01.22:788][409]LogModuleManager: Shutting down and abandoning module SubstanceEditor (122)
[2015.11.25-01.01.22:788][409]LogModuleManager: Shutting down and abandoning module SlateRemote (121)
[2015.11.25-01.01.22:789][409]LogModuleManager: Shutting down and abandoning module SteamVRController (120)
[2015.11.25-01.01.22:789][409]LogModuleManager: Shutting down and abandoning module SteamVR (119)
[2015.11.25-01.01.22:789][409]LogModuleManager: Shutting down and abandoning module ProceduralMeshComponent (118)
[2015.11.25-01.01.22:789][409]LogModuleManager: Shutting down and abandoning module OculusRift (117)
[2015.11.25-01.01.22:789][409]LogModuleManager: Shutting down and abandoning module OculusLibrary (116)
[2015.11.25-01.01.22:789][409]LogModuleManager: Shutting down and abandoning module LeapMotionController (115)
[2015.11.25-01.01.22:821][409]LogModuleManager: Shutting down and abandoning module CustomMeshComponent (114)
[2015.11.25-01.01.22:821][409]LogModuleManager: Shutting down and abandoning module CableComponent (113)
[2015.11.25-01.01.22:821][409]LogModuleManager: Shutting down and abandoning module ArchVisCharacter (112)
[2015.11.25-01.01.22:821][409]LogModuleManager: Shutting down and abandoning module MessagingDebugger (111)
[2015.11.25-01.01.22:821][409]LogModuleManager: Shutting down and abandoning module MediaPlayerEditor (110)
[2015.11.25-01.01.22:821][409]LogModuleManager: Shutting down and abandoning module HTML5Networking (109)
[2015.11.25-01.01.22:821][409]LogModuleManager: Shutting down and abandoning module SpeedTreeImporter (108)
[2015.11.25-01.01.22:821][409]LogModuleManager: Shutting down and abandoning module PluginBrowser (107)
[2015.11.25-01.01.22:821][409]LogModuleManager: Shutting down and abandoning module EpicSurvey (106)
[2015.11.25-01.01.22:822][409]LogModuleManager: Shutting down and abandoning module DesktopPlatform (105)
[2015.11.25-01.01.22:822][409]LogModuleManager: Shutting down and abandoning module VisualStudioSourceCodeAccess (104)
[2015.11.25-01.01.22:822][409]LogModuleManager: Shutting down and abandoning module UObjectPlugin (103)
[2015.11.25-01.01.22:822][409]LogModuleManager: Shutting down and abandoning module SubversionSourceControl (102)
[2015.11.25-01.01.22:822][409]LogModuleManager: Shutting down and abandoning module PerforceSourceControl (101)
[2015.11.25-01.01.22:822][409]LogModuleManager: Shutting down and abandoning module SourceControl (100)
[2015.11.25-01.01.22:822][409]LogModuleManager: Shutting down and abandoning module GitSourceControl (99)
[2015.11.25-01.01.22:822][409]LogModuleManager: Shutting down and abandoning module LightPropagationVolumeEditor (98)
[2015.11.25-01.01.22:822][409]LogModuleManager: Shutting down and abandoning module PaperTiledImporter (97)
[2015.11.25-01.01.22:822][409]LogModuleManager: Shutting down and abandoning module PaperSpriteSheetImporter (96)
[2015.11.25-01.01.22:822][409]LogModuleManager: Shutting down and abandoning module MeshPaint (95)
[2015.11.25-01.01.22:822][409]LogModuleManager: Shutting down and abandoning module SlateReflector (94)
[2015.11.25-01.01.22:823][409]LogModuleManager: Shutting down and abandoning module HotReload (93)
[2015.11.25-01.01.22:823][409]LogModuleManager: Shutting down and abandoning module MainFrame (92)
[2015.11.25-01.01.22:823][409]LogModuleManager: Shutting down and abandoning module LevelEditor (91)
[2015.11.25-01.01.22:827][409]LogModuleManager: Shutting down and abandoning module ContentBrowser (90)
[2015.11.25-01.01.22:830][409]LogModuleManager: Shutting down and abandoning module Paper2DEditor (89)
[2015.11.25-01.01.22:830][409]LogModuleManager: Shutting down and abandoning module UdpMessaging (88)
[2015.11.25-01.01.22:931][409]LogModuleManager: Shutting down and abandoning module DirectoryWatcher (87)
[2015.11.25-01.01.22:935][409]LogModuleManager: Shutting down and abandoning module AssetRegistry (86)
[2015.11.25-01.01.23:140][409]LogModuleManager: Shutting down and abandoning module SubstanceCore (85)
[2015.11.25-01.01.23:140][409]LogModuleManager: Shutting down and abandoning module LightPropagationVolumeRuntime (84)
[2015.11.25-01.01.23:140][409]LogModuleManager: Shutting down and abandoning module Paper2D (83)
[2015.11.25-01.01.23:140][409]LogModuleManager: Shutting down and abandoning module WindowsMoviePlayer (82)
[2015.11.25-01.01.23:145][409]LogModuleManager: Shutting down and abandoning module Media (81)
[2015.11.25-01.01.23:145][409]LogModuleManager: Shutting down and abandoning module WmfMedia (80)
[2015.11.25-01.01.23:146][409]LogModuleManager: Shutting down and abandoning module OnlineBlueprintSupport (79)
[2015.11.25-01.01.23:146][409]LogModuleManager: Shutting down and abandoning module GameplayTasksEditor (78)
[2015.11.25-01.01.23:146][409]LogModuleManager: Shutting down and abandoning module PropertyEditor (77)
[2015.11.25-01.01.23:146][409]LogModuleManager: Shutting down and abandoning module BehaviorTreeEditor (76)
[2015.11.25-01.01.23:146][409]LogModuleManager: Shutting down and abandoning module FunctionalTesting (75)
[2015.11.25-01.01.23:146][409]LogModuleManager: Shutting down and abandoning module CollisionAnalyzer (74)
[2015.11.25-01.01.23:146][409]LogModuleManager: Shutting down and abandoning module WorkspaceMenuStructure (73)
[2015.11.25-01.01.23:146][409]LogModuleManager: Shutting down and abandoning module MessageLog (72)
[2015.11.25-01.01.23:146][409]LogModuleManager: Shutting down and abandoning module Sequencer (71)
[2015.11.25-01.01.23:146][409]LogModuleManager: Shutting down and abandoning module AssetTools (70)
[2015.11.25-01.01.23:146][409]LogModuleManager: Shutting down and abandoning module UMGEditor (69)
[2015.11.25-01.01.23:146][409]LogModuleManager: Shutting down and abandoning module UMG (68)
[2015.11.25-01.01.23:146][409]LogModuleManager: Shutting down and abandoning module Slate (67)
[2015.11.25-01.01.23:146][409]LogModuleManager: Shutting down and abandoning module EditorStyle (66)
[2015.11.25-01.01.23:150][409]LogModuleManager: Shutting down and abandoning module SessionServices (65)
[2015.11.25-01.01.23:151][409]LogModuleManager: Shutting down and abandoning module SourceCodeAccess (64)
[2015.11.25-01.01.23:151][409]LogModuleManager: Shutting down and abandoning module HeadMountedDisplay (63)
[2015.11.25-01.01.23:151][409]LogModuleManager: Shutting down and abandoning module XAudio2 (62)
[2015.11.25-01.01.23:151][409]LogModuleManager: Shutting down and abandoning module Networking (60)
[2015.11.25-01.01.23:151][409]LogModuleManager: Shutting down and abandoning module Core (59)
[2015.11.25-01.01.23:151][409]LogModuleManager: Shutting down and abandoning module KismetCompiler (58)
[2015.11.25-01.01.23:151][409]LogModuleManager: Shutting down and abandoning module PhysXFormats (57)
[2015.11.25-01.01.23:151][409]LogModuleManager: Shutting down and abandoning module MeshUtilities (56)
[2015.11.25-01.01.23:151][409]LogModuleManager: Shutting down and abandoning module CookingStats (55)
[2015.11.25-01.01.23:154][409]LogModuleManager: Shutting down and abandoning module DerivedDataCache (54)
[2015.11.25-01.01.23:194][409]LogDerivedDataCache: Shutdown
[2015.11.25-01.01.23:194][409]LogModuleManager: Shutting down and abandoning module ShaderFormatOpenGL (53)
[2015.11.25-01.01.23:194][409]LogModuleManager: Shutting down and abandoning module ShaderFormatD3D (52)
[2015.11.25-01.01.23:194][409]LogModuleManager: Shutting down and abandoning module MetalShaderFormat (51)
[2015.11.25-01.01.23:194][409]LogModuleManager: Shutting down and abandoning module TextureFormatUncompressed (50)
[2015.11.25-01.01.23:194][409]LogModuleManager: Shutting down and abandoning module TextureFormatPVR (49)
[2015.11.25-01.01.23:194][409]LogModuleManager: Shutting down and abandoning module TextureFormatIntelISPCTexComp (48)
[2015.11.25-01.01.23:195][409]LogModuleManager: Shutting down and abandoning module TextureFormatDXT (47)
[2015.11.25-01.01.23:195][409]LogModuleManager: Shutting down and abandoning module ImageWrapper (46)
[2015.11.25-01.01.23:195][409]LogModuleManager: Shutting down and abandoning module TextureFormatASTC (45)
[2015.11.25-01.01.23:195][409]LogModuleManager: Shutting down and abandoning module TextureFormatAndroid (44)
[2015.11.25-01.01.23:195][409]LogModuleManager: Shutting down and abandoning module AudioFormatOpus (43)
[2015.11.25-01.01.23:195][409]LogModuleManager: Shutting down and abandoning module AudioFormatOgg (42)
[2015.11.25-01.01.23:195][409]LogModuleManager: Shutting down and abandoning module AudioFormatADPCM (41)
[2015.11.25-01.01.23:195][409]LogModuleManager: Shutting down and abandoning module LinuxTargetPlatform (40)
[2015.11.25-01.01.23:195][409]LogModuleManager: Shutting down and abandoning module LinuxServerTargetPlatform (39)
[2015.11.25-01.01.23:195][409]LogModuleManager: Shutting down and abandoning module LinuxNoEditorTargetPlatform (38)
[2015.11.25-01.01.23:195][409]LogModuleManager: Shutting down and abandoning module Messaging (37)
[2015.11.25-01.01.23:195][409]LogModuleManager: Shutting down and abandoning module IOSTargetPlatform (36)
[2015.11.25-01.01.23:195][409]LogModuleManager: Shutting down and abandoning module HTML5TargetPlatform (35)
[2015.11.25-01.01.23:195][409]LogModuleManager: Shutting down and abandoning module Android_PVRTCTargetPlatform (34)
[2015.11.25-01.01.23:195][409]LogModuleManager: Shutting down and abandoning module Android_ETC2TargetPlatform (33)
[2015.11.25-01.01.23:195][409]LogModuleManager: Shutting down and abandoning module Android_ETC1TargetPlatform (32)
[2015.11.25-01.01.23:195][409]LogModuleManager: Shutting down and abandoning module Android_DXTTargetPlatform (31)
[2015.11.25-01.01.23:195][409]LogModuleManager: Shutting down and abandoning module Android_ATCTargetPlatform (30)
[2015.11.25-01.01.23:196][409]LogModuleManager: Shutting down and abandoning module Android_ASTCTargetPlatform (29)
[2015.11.25-01.01.23:196][409]LogModuleManager: Shutting down and abandoning module AndroidTargetPlatform (28)
[2015.11.25-01.01.23:196][409]LogModuleManager: Shutting down and abandoning module WindowsTargetPlatform (27)
[2015.11.25-01.01.23:196][409]LogModuleManager: Shutting down and abandoning module WindowsServerTargetPlatform (26)
[2015.11.25-01.01.23:196][409]LogModuleManager: Shutting down and abandoning module WindowsNoEditorTargetPlatform (25)
[2015.11.25-01.01.23:196][409]LogModuleManager: Shutting down and abandoning module WindowsClientTargetPlatform (24)
[2015.11.25-01.01.23:196][409]LogModuleManager: Shutting down and abandoning module AllDesktopTargetPlatform (23)
[2015.11.25-01.01.23:197][409]LogModuleManager: Shutting down and abandoning module TargetPlatform (22)
[2015.11.25-01.01.23:197][409]LogModuleManager: Shutting down and abandoning module InputCore (21)
[2015.11.25-01.01.23:197][409]LogModuleManager: Shutting down and abandoning module Settings (20)
[2015.11.25-01.01.23:197][409]LogModuleManager: Shutting down and abandoning module OnlineSubsystem (18)
[2015.11.25-01.01.23:197][409]LogModuleManager: Shutting down and abandoning module HTTP (17)
[2015.11.25-01.01.27:204][409]LogModuleManager: Shutting down and abandoning module XMPP (16)
[2015.11.25-01.01.27:204][409]LogModuleManager: Shutting down and abandoning module ExampleDeviceProfileSelector (15)
[2015.11.25-01.01.27:204][409]LogModuleManager: Shutting down and abandoning module TextureCompressor (14)
[2015.11.25-01.01.27:204][409]LogModuleManager: Shutting down and abandoning module ShaderCore (13)
[2015.11.25-01.01.27:204][409]LogModuleManager: Shutting down and abandoning module Landscape (12)
[2015.11.25-01.01.27:204][409]LogModuleManager: Shutting down and abandoning module SlateRHIRenderer (11)
[2015.11.25-01.01.27:209][409]LogModuleManager: Shutting down and abandoning module OpenGLDrv (10)
[2015.11.25-01.01.27:210][409]LogModuleManager: Shutting down and abandoning module D3D11RHI (9)
[2015.11.25-01.01.27:210][409]LogModuleManager: Shutting down and abandoning module AnimGraphRuntime (8)
[2015.11.25-01.01.27:210][409]LogModuleManager: Shutting down and abandoning module Renderer (7)
[2015.11.25-01.01.27:210][409]LogModuleManager: Shutting down and abandoning module Engine (6)
[2015.11.25-01.01.27:210][409]LogModuleManager: Shutting down and abandoning module CoreUObject (5)
[2015.11.25-01.01.27:210][409]LogModuleManager: Shutting down and abandoning module NetworkFile (4)
[2015.11.25-01.01.27:210][409]LogModuleManager: Shutting down and abandoning module StreamingFile (3)
[2015.11.25-01.01.27:210][409]LogModuleManager: Shutting down and abandoning module SandboxFile (2)
[2015.11.25-01.01.27:210][409]LogModuleManager: Shutting down and abandoning module PakFile (1)
[2015.11.25-01.01.27:211][409]LogExit: Exiting.
[2015.11.25-01.01.27:213][409]Log file closed, 11/24/15 19:01:27
